===== Running MapReduce Job =====
Input : /wiki500mb
Output: /_500mb
Slowstart: 0.2
Date  : 2025年 11月 28日 星期五 20:09:56 CST
=================================
2025-11-28 20:09:59,104 INFO client.DefaultNoHARMFailoverProxyProvider: Connecting to ResourceManager at master-wxl/192.168.10.104:8032
2025-11-28 20:09:59,492 INFO mapreduce.JobResourceUploader: Disabling Erasure Coding for path: /tmp/hadoop-yarn/staging/hadoop/.staging/job_1764325814997_0022
2025-11-28 20:10:00,861 INFO input.FileInputFormat: Total input files to process : 500
2025-11-28 20:10:02,646 INFO mapreduce.JobSubmitter: number of splits:500
2025-11-28 20:10:03,433 INFO mapreduce.JobSubmitter: Submitting tokens for job: job_1764325814997_0022
2025-11-28 20:10:03,433 INFO mapreduce.JobSubmitter: Executing with tokens: []
2025-11-28 20:10:03,615 INFO conf.Configuration: resource-types.xml not found
2025-11-28 20:10:03,616 INFO resource.ResourceUtils: Unable to find 'resource-types.xml'.
2025-11-28 20:10:03,673 INFO impl.YarnClientImpl: Submitted application application_1764325814997_0022
2025-11-28 20:10:03,713 INFO mapreduce.Job: The url to track the job: http://master-wxl:8088/proxy/application_1764325814997_0022/
2025-11-28 20:10:03,714 INFO mapreduce.Job: Running job: job_1764325814997_0022
2025-11-28 20:10:16,066 INFO mapreduce.Job: Job job_1764325814997_0022 running in uber mode : false
2025-11-28 20:10:16,068 INFO mapreduce.Job:  map 0% reduce 0%
2025-11-28 20:10:29,944 INFO mapreduce.Job:  map 1% reduce 0%
2025-11-28 20:10:30,959 INFO mapreduce.Job:  map 2% reduce 0%
2025-11-28 20:10:45,431 INFO mapreduce.Job:  map 3% reduce 0%
2025-11-28 20:10:46,573 INFO mapreduce.Job:  map 4% reduce 0%
2025-11-28 20:10:55,409 INFO mapreduce.Job:  map 5% reduce 0%
2025-11-28 20:10:58,599 INFO mapreduce.Job:  map 6% reduce 0%
2025-11-28 20:11:05,279 INFO mapreduce.Job:  map 7% reduce 0%
2025-11-28 20:11:11,420 INFO mapreduce.Job:  map 8% reduce 0%
2025-11-28 20:11:12,457 INFO mapreduce.Job:  map 9% reduce 0%
2025-11-28 20:11:14,508 INFO mapreduce.Job:  map 10% reduce 0%
2025-11-28 20:11:23,878 INFO mapreduce.Job:  map 11% reduce 0%
2025-11-28 20:11:24,920 INFO mapreduce.Job:  map 12% reduce 0%
2025-11-28 20:11:27,008 INFO mapreduce.Job:  map 13% reduce 0%
2025-11-28 20:11:36,685 INFO mapreduce.Job:  map 14% reduce 0%
2025-11-28 20:11:38,956 INFO mapreduce.Job:  map 15% reduce 0%
2025-11-28 20:11:49,683 INFO mapreduce.Job:  map 16% reduce 0%
2025-11-28 20:11:50,710 INFO mapreduce.Job:  map 17% reduce 0%
2025-11-28 20:12:03,373 INFO mapreduce.Job:  map 19% reduce 0%
2025-11-28 20:12:14,902 INFO mapreduce.Job:  map 20% reduce 0%
2025-11-28 20:12:15,926 INFO mapreduce.Job:  map 21% reduce 0%
2025-11-28 20:12:21,119 INFO mapreduce.Job:  map 22% reduce 0%
2025-11-28 20:12:27,474 INFO mapreduce.Job:  map 23% reduce 0%
2025-11-28 20:12:29,518 INFO mapreduce.Job:  map 24% reduce 0%
2025-11-28 20:12:32,577 INFO mapreduce.Job:  map 25% reduce 0%
2025-11-28 20:12:38,850 INFO mapreduce.Job:  map 25% reduce 8%
2025-11-28 20:12:41,196 INFO mapreduce.Job:  map 26% reduce 8%
2025-11-28 20:12:44,294 INFO mapreduce.Job:  map 27% reduce 9%
2025-11-28 20:12:51,664 INFO mapreduce.Job:  map 28% reduce 9%
2025-11-28 20:12:55,762 INFO mapreduce.Job:  map 29% reduce 9%
2025-11-28 20:12:56,773 INFO mapreduce.Job:  map 29% reduce 10%
2025-11-28 20:13:03,127 INFO mapreduce.Job:  map 30% reduce 10%
2025-11-28 20:13:10,343 INFO mapreduce.Job:  map 31% reduce 10%
2025-11-28 20:13:14,561 INFO mapreduce.Job:  map 32% reduce 10%
2025-11-28 20:13:18,710 INFO mapreduce.Job:  map 33% reduce 10%
2025-11-28 20:13:20,779 INFO mapreduce.Job:  map 33% reduce 11%
2025-11-28 20:13:22,869 INFO mapreduce.Job:  map 34% reduce 11%
2025-11-28 20:13:25,962 INFO mapreduce.Job:  map 35% reduce 11%
2025-11-28 20:13:32,123 INFO mapreduce.Job:  map 36% reduce 11%
2025-11-28 20:13:33,154 INFO mapreduce.Job:  map 36% reduce 12%
2025-11-28 20:13:37,267 INFO mapreduce.Job:  map 37% reduce 12%
2025-11-28 20:13:40,364 INFO mapreduce.Job:  map 38% reduce 12%
2025-11-28 20:13:44,599 INFO mapreduce.Job:  map 38% reduce 13%
2025-11-28 20:13:47,755 INFO mapreduce.Job:  map 39% reduce 13%
2025-11-28 20:13:53,881 INFO mapreduce.Job:  map 40% reduce 13%
2025-11-28 20:14:00,140 INFO mapreduce.Job:  map 41% reduce 13%
2025-11-28 20:14:03,234 INFO mapreduce.Job:  map 41% reduce 14%
2025-11-28 20:14:05,322 INFO mapreduce.Job:  map 42% reduce 14%
2025-11-28 20:14:10,599 INFO mapreduce.Job:  map 43% reduce 14%
2025-11-28 20:14:17,419 INFO mapreduce.Job:  map 44% reduce 14%
2025-11-28 20:14:21,542 INFO mapreduce.Job:  map 45% reduce 15%
2025-11-28 20:14:27,895 INFO mapreduce.Job:  map 46% reduce 15%
2025-11-28 20:14:31,970 INFO mapreduce.Job:  map 47% reduce 15%
2025-11-28 20:14:35,044 INFO mapreduce.Job:  map 48% reduce 15%
2025-11-28 20:14:39,164 INFO mapreduce.Job:  map 49% reduce 16%
2025-11-28 20:14:44,377 INFO mapreduce.Job:  map 50% reduce 16%
2025-11-28 20:14:45,401 INFO mapreduce.Job:  map 50% reduce 17%
2025-11-28 20:14:50,525 INFO mapreduce.Job:  map 51% reduce 17%
2025-11-28 20:14:56,671 INFO mapreduce.Job:  map 52% reduce 17%
2025-11-28 20:14:59,729 INFO mapreduce.Job:  map 53% reduce 17%
2025-11-28 20:15:03,801 INFO mapreduce.Job:  map 53% reduce 18%
2025-11-28 20:15:08,923 INFO mapreduce.Job:  map 54% reduce 18%
2025-11-28 20:15:10,980 INFO mapreduce.Job:  map 55% reduce 18%
2025-11-28 20:15:19,520 INFO mapreduce.Job:  map 56% reduce 18%
2025-11-28 20:15:22,601 INFO mapreduce.Job:  map 57% reduce 19%
2025-11-28 20:15:30,155 INFO mapreduce.Job:  map 58% reduce 19%
2025-11-28 20:15:32,196 INFO mapreduce.Job:  map 59% reduce 19%
2025-11-28 20:15:38,406 INFO mapreduce.Job:  map 60% reduce 19%
2025-11-28 20:15:40,457 INFO mapreduce.Job:  map 60% reduce 20%
2025-11-28 20:15:42,496 INFO mapreduce.Job:  map 61% reduce 20%
2025-11-28 20:15:44,541 INFO mapreduce.Job:  map 62% reduce 20%
2025-11-28 20:15:52,880 INFO mapreduce.Job:  map 63% reduce 21%
2025-11-28 20:15:53,922 INFO mapreduce.Job:  map 64% reduce 21%
2025-11-28 20:16:04,562 INFO mapreduce.Job:  map 65% reduce 21%
2025-11-28 20:16:07,613 INFO mapreduce.Job:  map 66% reduce 21%
2025-11-28 20:16:10,718 INFO mapreduce.Job:  map 66% reduce 22%
2025-11-28 20:16:16,034 INFO mapreduce.Job:  map 67% reduce 22%
2025-11-28 20:16:20,133 INFO mapreduce.Job:  map 68% reduce 22%
2025-11-28 20:16:22,268 INFO mapreduce.Job:  map 68% reduce 23%
2025-11-28 20:16:26,414 INFO mapreduce.Job:  map 69% reduce 23%
2025-11-28 20:16:30,587 INFO mapreduce.Job:  map 70% reduce 23%
2025-11-28 20:16:36,799 INFO mapreduce.Job:  map 71% reduce 23%
2025-11-28 20:16:37,810 INFO mapreduce.Job:  map 72% reduce 23%
2025-11-28 20:16:40,851 INFO mapreduce.Job:  map 72% reduce 24%
2025-11-28 20:16:43,983 INFO mapreduce.Job:  map 73% reduce 24%
2025-11-28 20:16:48,083 INFO mapreduce.Job:  map 74% reduce 24%
2025-11-28 20:16:49,100 INFO mapreduce.Job:  map 75% reduce 24%
2025-11-28 20:16:53,246 INFO mapreduce.Job:  map 75% reduce 25%
2025-11-28 20:16:59,656 INFO mapreduce.Job:  map 76% reduce 25%
2025-11-28 20:17:03,788 INFO mapreduce.Job:  map 77% reduce 25%
2025-11-28 20:17:04,807 INFO mapreduce.Job:  map 77% reduce 26%
2025-11-28 20:17:10,992 INFO mapreduce.Job:  map 78% reduce 26%
2025-11-28 20:17:16,116 INFO mapreduce.Job:  map 79% reduce 26%
2025-11-28 20:17:22,427 INFO mapreduce.Job:  map 80% reduce 26%
2025-11-28 20:17:26,531 INFO mapreduce.Job:  map 81% reduce 26%
2025-11-28 20:17:28,609 INFO mapreduce.Job:  map 81% reduce 27%
2025-11-28 20:17:33,864 INFO mapreduce.Job:  map 82% reduce 27%
2025-11-28 20:17:36,967 INFO mapreduce.Job:  map 83% reduce 27%
2025-11-28 20:17:41,069 INFO mapreduce.Job:  map 84% reduce 28%
2025-11-28 20:17:45,145 INFO mapreduce.Job:  map 85% reduce 28%
2025-11-28 20:17:49,305 INFO mapreduce.Job:  map 86% reduce 28%
2025-11-28 20:17:53,371 INFO mapreduce.Job:  map 86% reduce 29%
2025-11-28 20:17:56,432 INFO mapreduce.Job:  map 87% reduce 29%
2025-11-28 20:17:58,505 INFO mapreduce.Job:  map 88% reduce 29%
2025-11-28 20:18:05,835 INFO mapreduce.Job:  map 89% reduce 29%
2025-11-28 20:18:11,093 INFO mapreduce.Job:  map 90% reduce 30%
2025-11-28 20:18:17,284 INFO mapreduce.Job:  map 91% reduce 30%
2025-11-28 20:18:21,393 INFO mapreduce.Job:  map 92% reduce 30%
2025-11-28 20:18:23,501 INFO mapreduce.Job:  map 92% reduce 31%
2025-11-28 20:18:27,608 INFO mapreduce.Job:  map 93% reduce 31%
2025-11-28 20:18:34,784 INFO mapreduce.Job:  map 94% reduce 31%
2025-11-28 20:18:38,959 INFO mapreduce.Job:  map 95% reduce 31%
2025-11-28 20:18:44,079 INFO mapreduce.Job:  map 96% reduce 31%
2025-11-28 20:18:47,213 INFO mapreduce.Job:  map 96% reduce 32%
2025-11-28 20:18:48,226 INFO mapreduce.Job:  map 97% reduce 32%
2025-11-28 20:18:53,351 INFO mapreduce.Job:  map 98% reduce 32%
2025-11-28 20:18:55,391 INFO mapreduce.Job:  map 99% reduce 32%
2025-11-28 20:18:57,426 INFO mapreduce.Job:  map 100% reduce 32%
2025-11-28 20:18:59,503 INFO mapreduce.Job:  map 100% reduce 33%
2025-11-28 20:19:18,150 INFO mapreduce.Job:  map 100% reduce 76%
2025-11-28 20:19:21,314 INFO mapreduce.Job:  map 100% reduce 100%
2025-11-28 20:19:22,362 INFO mapreduce.Job: Job job_1764325814997_0022 completed successfully
2025-11-28 20:19:22,465 INFO mapreduce.Job: Counters: 55
	File System Counters
		FILE: Number of bytes read=251889013
		FILE: Number of bytes written=642111458
		FILE: Number of read operations=0
		FILE: Number of large read operations=0
		FILE: Number of write operations=0
		HDFS: Number of bytes read=519258733
		HDFS: Number of bytes written=47092714
		HDFS: Number of read operations=1505
		HDFS: Number of large read operations=0
		HDFS: Number of write operations=2
		HDFS: Number of bytes read erasure-coded=0
	Job Counters 
		Killed map tasks=2
		Launched map tasks=502
		Launched reduce tasks=1
		Data-local map tasks=502
		Total time spent by all maps in occupied slots (ms)=16506760
		Total time spent by all reduces in occupied slots (ms)=844432
		Total time spent by all map tasks (ms)=8253380
		Total time spent by all reduce tasks (ms)=422216
		Total vcore-milliseconds taken by all map tasks=8253380
		Total vcore-milliseconds taken by all reduce tasks=422216
		Total megabyte-milliseconds taken by all map tasks=8451461120
		Total megabyte-milliseconds taken by all reduce tasks=432349184
	Map-Reduce Framework
		Map input records=2870091
		Map output records=80936717
		Map output bytes=842322768
		Map output materialized bytes=251892007
		Input split bytes=54000
		Combine input records=80936717
		Combine output records=16369856
		Reduce input groups=3027590
		Reduce shuffle bytes=251892007
		Reduce input records=16369856
		Reduce output records=3027590
		Spilled Records=32739712
		Shuffled Maps =500
		Failed Shuffles=0
		Merged Map outputs=500
		GC time elapsed (ms)=148129
		CPU time spent (ms)=616800
		Physical memory (bytes) snapshot=163763126272
		Virtual memory (bytes) snapshot=1296996356096
		Total committed heap usage (bytes)=153487409152
		Peak Map Physical memory (bytes)=498581504
		Peak Map Virtual memory (bytes)=2803773440
		Peak Reduce Physical memory (bytes)=672256000
		Peak Reduce Virtual memory (bytes)=2561622016
	Shuffle Errors
		BAD_ID=0
		CONNECTION=0
		IO_ERROR=0
		WRONG_LENGTH=0
		WRONG_MAP=0
		WRONG_REDUCE=0
	File Input Format Counters 
		Bytes Read=519204733
	File Output Format Counters 
		Bytes Written=47092714
[INFO] MapReduce job finished.
[INFO] Monitor stopped.
