===== Running MapReduce Job =====
Input : /wiki500mb
Output: /_500mb
Slowstart: 0.8
Date  : 2025年 11月 28日 星期五 21:07:52 CST
=================================
2025-11-28 21:07:56,082 INFO client.DefaultNoHARMFailoverProxyProvider: Connecting to ResourceManager at master-wxl/192.168.10.104:8032
2025-11-28 21:07:56,455 INFO mapreduce.JobResourceUploader: Disabling Erasure Coding for path: /tmp/hadoop-yarn/staging/hadoop/.staging/job_1764325814997_0028
2025-11-28 21:07:57,435 INFO input.FileInputFormat: Total input files to process : 500
2025-11-28 21:07:58,221 INFO mapreduce.JobSubmitter: number of splits:500
2025-11-28 21:07:58,461 INFO mapreduce.JobSubmitter: Submitting tokens for job: job_1764325814997_0028
2025-11-28 21:07:58,461 INFO mapreduce.JobSubmitter: Executing with tokens: []
2025-11-28 21:07:58,760 INFO conf.Configuration: resource-types.xml not found
2025-11-28 21:07:58,760 INFO resource.ResourceUtils: Unable to find 'resource-types.xml'.
2025-11-28 21:07:58,831 INFO impl.YarnClientImpl: Submitted application application_1764325814997_0028
2025-11-28 21:07:58,869 INFO mapreduce.Job: The url to track the job: http://master-wxl:8088/proxy/application_1764325814997_0028/
2025-11-28 21:07:58,870 INFO mapreduce.Job: Running job: job_1764325814997_0028
2025-11-28 21:08:02,938 INFO mapreduce.Job: Job job_1764325814997_0028 running in uber mode : false
2025-11-28 21:08:02,940 INFO mapreduce.Job:  map 0% reduce 0%
2025-11-28 21:08:14,119 INFO mapreduce.Job:  map 2% reduce 0%
2025-11-28 21:08:23,256 INFO mapreduce.Job:  map 3% reduce 0%
2025-11-28 21:08:31,382 INFO mapreduce.Job:  map 4% reduce 0%
2025-11-28 21:08:34,420 INFO mapreduce.Job:  map 5% reduce 0%
2025-11-28 21:08:44,542 INFO mapreduce.Job:  map 6% reduce 0%
2025-11-28 21:08:47,578 INFO mapreduce.Job:  map 7% reduce 0%
2025-11-28 21:08:54,659 INFO mapreduce.Job:  map 8% reduce 0%
2025-11-28 21:08:56,680 INFO mapreduce.Job:  map 9% reduce 0%
2025-11-28 21:09:00,729 INFO mapreduce.Job:  map 10% reduce 0%
2025-11-28 21:09:03,763 INFO mapreduce.Job:  map 11% reduce 0%
2025-11-28 21:09:06,800 INFO mapreduce.Job:  map 12% reduce 0%
2025-11-28 21:09:13,882 INFO mapreduce.Job:  map 13% reduce 0%
2025-11-28 21:09:14,894 INFO mapreduce.Job:  map 14% reduce 0%
2025-11-28 21:09:23,992 INFO mapreduce.Job:  map 15% reduce 0%
2025-11-28 21:09:31,068 INFO mapreduce.Job:  map 16% reduce 0%
2025-11-28 21:09:34,108 INFO mapreduce.Job:  map 17% reduce 0%
2025-11-28 21:09:44,222 INFO mapreduce.Job:  map 18% reduce 0%
2025-11-28 21:09:46,243 INFO mapreduce.Job:  map 19% reduce 0%
2025-11-28 21:09:55,348 INFO mapreduce.Job:  map 20% reduce 0%
2025-11-28 21:09:56,359 INFO mapreduce.Job:  map 21% reduce 0%
2025-11-28 21:10:02,428 INFO mapreduce.Job:  map 22% reduce 0%
2025-11-28 21:10:05,464 INFO mapreduce.Job:  map 23% reduce 0%
2025-11-28 21:10:10,521 INFO mapreduce.Job:  map 24% reduce 0%
2025-11-28 21:10:14,565 INFO mapreduce.Job:  map 25% reduce 0%
2025-11-28 21:10:16,587 INFO mapreduce.Job:  map 26% reduce 0%
2025-11-28 21:10:24,672 INFO mapreduce.Job:  map 27% reduce 0%
2025-11-28 21:10:28,716 INFO mapreduce.Job:  map 28% reduce 0%
2025-11-28 21:10:35,792 INFO mapreduce.Job:  map 29% reduce 0%
2025-11-28 21:10:42,874 INFO mapreduce.Job:  map 30% reduce 0%
2025-11-28 21:10:46,917 INFO mapreduce.Job:  map 31% reduce 0%
2025-11-28 21:10:53,991 INFO mapreduce.Job:  map 32% reduce 0%
2025-11-28 21:10:56,016 INFO mapreduce.Job:  map 33% reduce 0%
2025-11-28 21:11:02,078 INFO mapreduce.Job:  map 34% reduce 0%
2025-11-28 21:11:05,108 INFO mapreduce.Job:  map 35% reduce 0%
2025-11-28 21:11:11,181 INFO mapreduce.Job:  map 36% reduce 0%
2025-11-28 21:11:12,196 INFO mapreduce.Job:  map 37% reduce 0%
2025-11-28 21:11:14,218 INFO mapreduce.Job:  map 38% reduce 0%
2025-11-28 21:11:22,333 INFO mapreduce.Job:  map 39% reduce 0%
2025-11-28 21:11:28,400 INFO mapreduce.Job:  map 40% reduce 0%
2025-11-28 21:11:32,442 INFO mapreduce.Job:  map 41% reduce 0%
2025-11-28 21:11:39,515 INFO mapreduce.Job:  map 42% reduce 0%
2025-11-28 21:11:46,603 INFO mapreduce.Job:  map 43% reduce 0%
2025-11-28 21:11:50,646 INFO mapreduce.Job:  map 44% reduce 0%
2025-11-28 21:11:57,732 INFO mapreduce.Job:  map 45% reduce 0%
2025-11-28 21:11:59,755 INFO mapreduce.Job:  map 46% reduce 0%
2025-11-28 21:12:03,831 INFO mapreduce.Job:  map 47% reduce 0%
2025-11-28 21:12:09,887 INFO mapreduce.Job:  map 48% reduce 0%
2025-11-28 21:12:10,897 INFO mapreduce.Job:  map 49% reduce 0%
2025-11-28 21:12:15,956 INFO mapreduce.Job:  map 50% reduce 0%
2025-11-28 21:12:21,009 INFO mapreduce.Job:  map 51% reduce 0%
2025-11-28 21:12:26,069 INFO mapreduce.Job:  map 52% reduce 0%
2025-11-28 21:12:32,132 INFO mapreduce.Job:  map 53% reduce 0%
2025-11-28 21:12:40,223 INFO mapreduce.Job:  map 54% reduce 0%
2025-11-28 21:12:44,269 INFO mapreduce.Job:  map 55% reduce 0%
2025-11-28 21:12:50,336 INFO mapreduce.Job:  map 56% reduce 0%
2025-11-28 21:12:53,369 INFO mapreduce.Job:  map 57% reduce 0%
2025-11-28 21:12:59,430 INFO mapreduce.Job:  map 58% reduce 0%
2025-11-28 21:13:02,462 INFO mapreduce.Job:  map 59% reduce 0%
2025-11-28 21:13:09,536 INFO mapreduce.Job:  map 60% reduce 0%
2025-11-28 21:13:11,561 INFO mapreduce.Job:  map 61% reduce 0%
2025-11-28 21:13:15,603 INFO mapreduce.Job:  map 62% reduce 0%
2025-11-28 21:13:20,657 INFO mapreduce.Job:  map 63% reduce 0%
2025-11-28 21:13:28,743 INFO mapreduce.Job:  map 64% reduce 0%
2025-11-28 21:13:30,765 INFO mapreduce.Job:  map 65% reduce 0%
2025-11-28 21:13:39,860 INFO mapreduce.Job:  map 66% reduce 0%
2025-11-28 21:13:40,870 INFO mapreduce.Job:  map 67% reduce 0%
2025-11-28 21:13:49,963 INFO mapreduce.Job:  map 68% reduce 0%
2025-11-28 21:13:53,004 INFO mapreduce.Job:  map 69% reduce 0%
2025-11-28 21:13:59,067 INFO mapreduce.Job:  map 70% reduce 0%
2025-11-28 21:14:01,091 INFO mapreduce.Job:  map 71% reduce 0%
2025-11-28 21:14:09,171 INFO mapreduce.Job:  map 72% reduce 0%
2025-11-28 21:14:11,195 INFO mapreduce.Job:  map 73% reduce 0%
2025-11-28 21:14:15,234 INFO mapreduce.Job:  map 74% reduce 0%
2025-11-28 21:14:20,285 INFO mapreduce.Job:  map 75% reduce 0%
2025-11-28 21:14:26,347 INFO mapreduce.Job:  map 76% reduce 0%
2025-11-28 21:14:30,390 INFO mapreduce.Job:  map 77% reduce 0%
2025-11-28 21:14:39,501 INFO mapreduce.Job:  map 78% reduce 0%
2025-11-28 21:14:42,536 INFO mapreduce.Job:  map 79% reduce 0%
2025-11-28 21:14:49,607 INFO mapreduce.Job:  map 80% reduce 0%
2025-11-28 21:14:52,642 INFO mapreduce.Job:  map 81% reduce 0%
2025-11-28 21:14:58,703 INFO mapreduce.Job:  map 82% reduce 0%
2025-11-28 21:15:03,823 INFO mapreduce.Job:  map 83% reduce 0%
2025-11-28 21:15:07,907 INFO mapreduce.Job:  map 84% reduce 0%
2025-11-28 21:15:10,939 INFO mapreduce.Job:  map 84% reduce 28%
2025-11-28 21:15:13,977 INFO mapreduce.Job:  map 85% reduce 28%
2025-11-28 21:15:17,013 INFO mapreduce.Job:  map 86% reduce 28%
2025-11-28 21:15:21,056 INFO mapreduce.Job:  map 87% reduce 28%
2025-11-28 21:15:23,080 INFO mapreduce.Job:  map 87% reduce 29%
2025-11-28 21:15:25,108 INFO mapreduce.Job:  map 88% reduce 29%
2025-11-28 21:15:32,183 INFO mapreduce.Job:  map 89% reduce 29%
2025-11-28 21:15:35,216 INFO mapreduce.Job:  map 90% reduce 30%
2025-11-28 21:15:41,277 INFO mapreduce.Job:  map 91% reduce 30%
2025-11-28 21:15:49,361 INFO mapreduce.Job:  map 92% reduce 30%
2025-11-28 21:15:53,401 INFO mapreduce.Job:  map 93% reduce 31%
2025-11-28 21:15:58,451 INFO mapreduce.Job:  map 94% reduce 31%
2025-11-28 21:16:04,527 INFO mapreduce.Job:  map 95% reduce 31%
2025-11-28 21:16:05,539 INFO mapreduce.Job:  map 95% reduce 32%
2025-11-28 21:16:06,552 INFO mapreduce.Job:  map 96% reduce 32%
2025-11-28 21:16:13,626 INFO mapreduce.Job:  map 97% reduce 32%
2025-11-28 21:16:15,645 INFO mapreduce.Job:  map 98% reduce 32%
2025-11-28 21:16:17,669 INFO mapreduce.Job:  map 98% reduce 33%
2025-11-28 21:16:18,678 INFO mapreduce.Job:  map 99% reduce 33%
2025-11-28 21:16:43,946 INFO mapreduce.Job:  map 100% reduce 33%
2025-11-28 21:16:47,988 INFO mapreduce.Job:  map 100% reduce 46%
2025-11-28 21:16:53,175 INFO mapreduce.Job:  map 100% reduce 98%
2025-11-28 21:16:55,300 INFO mapreduce.Job:  map 100% reduce 100%
2025-11-28 21:16:56,329 INFO mapreduce.Job: Job job_1764325814997_0028 completed successfully
2025-11-28 21:16:56,402 INFO mapreduce.Job: Counters: 55
	File System Counters
		FILE: Number of bytes read=251889013
		FILE: Number of bytes written=642111458
		FILE: Number of read operations=0
		FILE: Number of large read operations=0
		FILE: Number of write operations=0
		HDFS: Number of bytes read=519258733
		HDFS: Number of bytes written=47092714
		HDFS: Number of read operations=1505
		HDFS: Number of large read operations=0
		HDFS: Number of write operations=2
		HDFS: Number of bytes read erasure-coded=0
	Job Counters 
		Killed map tasks=2
		Launched map tasks=502
		Launched reduce tasks=1
		Data-local map tasks=502
		Total time spent by all maps in occupied slots (ms)=16689266
		Total time spent by all reduces in occupied slots (ms)=244522
		Total time spent by all map tasks (ms)=8344633
		Total time spent by all reduce tasks (ms)=122261
		Total vcore-milliseconds taken by all map tasks=8344633
		Total vcore-milliseconds taken by all reduce tasks=122261
		Total megabyte-milliseconds taken by all map tasks=8544904192
		Total megabyte-milliseconds taken by all reduce tasks=125195264
	Map-Reduce Framework
		Map input records=2870091
		Map output records=80936717
		Map output bytes=842322768
		Map output materialized bytes=251892007
		Input split bytes=54000
		Combine input records=80936717
		Combine output records=16369856
		Reduce input groups=3027590
		Reduce shuffle bytes=251892007
		Reduce input records=16369856
		Reduce output records=3027590
		Spilled Records=32739712
		Shuffled Maps =500
		Failed Shuffles=0
		Merged Map outputs=500
		GC time elapsed (ms)=139849
		CPU time spent (ms)=596300
		Physical memory (bytes) snapshot=163451932672
		Virtual memory (bytes) snapshot=1301168525312
		Total committed heap usage (bytes)=152629149696
		Peak Map Physical memory (bytes)=499904512
		Peak Map Virtual memory (bytes)=2803675136
		Peak Reduce Physical memory (bytes)=596901888
		Peak Reduce Virtual memory (bytes)=2558193664
	Shuffle Errors
		BAD_ID=0
		CONNECTION=0
		IO_ERROR=0
		WRONG_LENGTH=0
		WRONG_MAP=0
		WRONG_REDUCE=0
	File Input Format Counters 
		Bytes Read=519204733
	File Output Format Counters 
		Bytes Written=47092714
[INFO] MapReduce job finished.
[INFO] Monitor stopped.
