===== Running MapReduce Job =====
Input : /wiki1G/*
Output: /_1G
Slowstart: 0.5
Date  : 2025年 11月 28日 星期五 02:07:06 CST
=================================
2025-11-28 02:07:15,833 INFO client.DefaultNoHARMFailoverProxyProvider: Connecting to ResourceManager at master-wxl/192.168.10.104:8032
2025-11-28 02:07:17,403 INFO mapreduce.JobResourceUploader: Disabling Erasure Coding for path: /tmp/hadoop-yarn/staging/hadoop/.staging/job_1764264570892_0006
2025-11-28 02:07:19,200 INFO input.FileInputFormat: Total input files to process : 1000
2025-11-28 02:07:19,756 INFO mapreduce.JobSubmitter: number of splits:1000
2025-11-28 02:07:20,321 INFO mapreduce.JobSubmitter: Submitting tokens for job: job_1764264570892_0006
2025-11-28 02:07:20,322 INFO mapreduce.JobSubmitter: Executing with tokens: []
2025-11-28 02:07:20,997 INFO conf.Configuration: resource-types.xml not found
2025-11-28 02:07:21,000 INFO resource.ResourceUtils: Unable to find 'resource-types.xml'.
2025-11-28 02:07:21,283 INFO impl.YarnClientImpl: Submitted application application_1764264570892_0006
2025-11-28 02:07:21,408 INFO mapreduce.Job: The url to track the job: http://master-wxl:8088/proxy/application_1764264570892_0006/
2025-11-28 02:07:21,409 INFO mapreduce.Job: Running job: job_1764264570892_0006
2025-11-28 02:07:34,940 INFO mapreduce.Job: Job job_1764264570892_0006 running in uber mode : false
2025-11-28 02:07:34,941 INFO mapreduce.Job:  map 0% reduce 0%
2025-11-28 02:07:49,777 INFO mapreduce.Job:  map 1% reduce 0%
2025-11-28 02:08:04,350 INFO mapreduce.Job:  map 2% reduce 0%
2025-11-28 02:08:07,398 INFO mapreduce.Job:  map 3% reduce 0%
2025-11-28 02:08:18,471 INFO mapreduce.Job:  map 4% reduce 0%
2025-11-28 02:08:28,764 INFO mapreduce.Job:  map 5% reduce 0%
2025-11-28 02:08:33,924 INFO mapreduce.Job:  map 6% reduce 0%
2025-11-28 02:08:40,115 INFO mapreduce.Job:  map 7% reduce 0%
2025-11-28 02:08:45,261 INFO mapreduce.Job:  map 8% reduce 0%
2025-11-28 02:08:57,629 INFO mapreduce.Job:  map 9% reduce 0%
2025-11-28 02:09:10,176 INFO mapreduce.Job:  map 10% reduce 0%
2025-11-28 02:09:13,214 INFO mapreduce.Job:  map 11% reduce 0%
2025-11-28 02:09:23,588 INFO mapreduce.Job:  map 12% reduce 0%
2025-11-28 02:09:31,886 INFO mapreduce.Job:  map 13% reduce 0%
2025-11-28 02:09:39,102 INFO mapreduce.Job:  map 14% reduce 0%
2025-11-28 02:09:47,284 INFO mapreduce.Job:  map 15% reduce 0%
2025-11-28 02:09:50,373 INFO mapreduce.Job:  map 16% reduce 0%
2025-11-28 02:10:02,752 INFO mapreduce.Job:  map 17% reduce 0%
2025-11-28 02:10:16,409 INFO mapreduce.Job:  map 18% reduce 0%
2025-11-28 02:10:21,712 INFO mapreduce.Job:  map 19% reduce 0%
2025-11-28 02:10:27,905 INFO mapreduce.Job:  map 20% reduce 0%
2025-11-28 02:10:39,178 INFO mapreduce.Job:  map 21% reduce 0%
2025-11-28 02:10:45,355 INFO mapreduce.Job:  map 22% reduce 0%
2025-11-28 02:10:52,499 INFO mapreduce.Job:  map 23% reduce 0%
2025-11-28 02:10:56,654 INFO mapreduce.Job:  map 24% reduce 0%
2025-11-28 02:11:07,083 INFO mapreduce.Job:  map 25% reduce 0%
2025-11-28 02:11:19,630 INFO mapreduce.Job:  map 26% reduce 0%
2025-11-28 02:11:24,899 INFO mapreduce.Job:  map 27% reduce 0%
2025-11-28 02:11:33,136 INFO mapreduce.Job:  map 28% reduce 0%
2025-11-28 02:11:42,354 INFO mapreduce.Job:  map 29% reduce 0%
2025-11-28 02:11:49,527 INFO mapreduce.Job:  map 30% reduce 0%
2025-11-28 02:11:56,725 INFO mapreduce.Job:  map 31% reduce 0%
2025-11-28 02:11:59,812 INFO mapreduce.Job:  map 32% reduce 0%
2025-11-28 02:12:12,084 INFO mapreduce.Job:  map 33% reduce 0%
2025-11-28 02:12:23,412 INFO mapreduce.Job:  map 34% reduce 0%
2025-11-28 02:12:30,568 INFO mapreduce.Job:  map 35% reduce 0%
2025-11-28 02:12:36,689 INFO mapreduce.Job:  map 36% reduce 0%
2025-11-28 02:12:48,093 INFO mapreduce.Job:  map 37% reduce 0%
2025-11-28 02:12:54,282 INFO mapreduce.Job:  map 38% reduce 0%
2025-11-28 02:13:01,465 INFO mapreduce.Job:  map 39% reduce 0%
2025-11-28 02:13:04,527 INFO mapreduce.Job:  map 40% reduce 0%
2025-11-28 02:13:16,785 INFO mapreduce.Job:  map 41% reduce 0%
2025-11-28 02:13:29,190 INFO mapreduce.Job:  map 42% reduce 0%
2025-11-28 02:13:38,393 INFO mapreduce.Job:  map 43% reduce 0%
2025-11-28 02:13:41,443 INFO mapreduce.Job:  map 44% reduce 0%
2025-11-28 02:13:50,790 INFO mapreduce.Job:  map 45% reduce 0%
2025-11-28 02:14:00,058 INFO mapreduce.Job:  map 46% reduce 0%
2025-11-28 02:14:07,268 INFO mapreduce.Job:  map 47% reduce 0%
2025-11-28 02:14:11,376 INFO mapreduce.Job:  map 48% reduce 0%
2025-11-28 02:14:19,632 INFO mapreduce.Job:  map 49% reduce 0%
2025-11-28 02:14:30,956 INFO mapreduce.Job:  map 50% reduce 0%
2025-11-28 02:14:41,288 INFO mapreduce.Job:  map 51% reduce 0%
2025-11-28 02:14:46,423 INFO mapreduce.Job:  map 52% reduce 0%
2025-11-28 02:14:55,913 INFO mapreduce.Job:  map 53% reduce 0%
2025-11-28 02:14:59,996 INFO mapreduce.Job:  map 53% reduce 18%
2025-11-28 02:15:06,169 INFO mapreduce.Job:  map 54% reduce 18%
2025-11-28 02:15:10,269 INFO mapreduce.Job:  map 55% reduce 18%
2025-11-28 02:15:17,448 INFO mapreduce.Job:  map 56% reduce 19%
2025-11-28 02:15:28,712 INFO mapreduce.Job:  map 57% reduce 19%
2025-11-28 02:15:39,956 INFO mapreduce.Job:  map 58% reduce 19%
2025-11-28 02:15:45,082 INFO mapreduce.Job:  map 59% reduce 19%
2025-11-28 02:15:48,225 INFO mapreduce.Job:  map 59% reduce 20%
2025-11-28 02:15:51,306 INFO mapreduce.Job:  map 60% reduce 20%
2025-11-28 02:16:02,617 INFO mapreduce.Job:  map 61% reduce 20%
2025-11-28 02:16:07,764 INFO mapreduce.Job:  map 62% reduce 20%
2025-11-28 02:16:11,822 INFO mapreduce.Job:  map 62% reduce 21%
2025-11-28 02:16:13,842 INFO mapreduce.Job:  map 63% reduce 21%
2025-11-28 02:16:23,113 INFO mapreduce.Job:  map 64% reduce 21%
2025-11-28 02:16:34,458 INFO mapreduce.Job:  map 65% reduce 21%
2025-11-28 02:16:36,508 INFO mapreduce.Job:  map 65% reduce 22%
2025-11-28 02:16:43,765 INFO mapreduce.Job:  map 66% reduce 22%
2025-11-28 02:16:47,837 INFO mapreduce.Job:  map 67% reduce 22%
2025-11-28 02:16:56,048 INFO mapreduce.Job:  map 68% reduce 22%
2025-11-28 02:17:01,883 INFO mapreduce.Job:  map 68% reduce 23%
2025-11-28 02:17:02,896 INFO mapreduce.Job:  map 69% reduce 23%
2025-11-28 02:17:13,379 INFO mapreduce.Job:  map 70% reduce 23%
2025-11-28 02:17:19,593 INFO mapreduce.Job:  map 71% reduce 23%
2025-11-28 02:17:26,787 INFO mapreduce.Job:  map 71% reduce 24%
2025-11-28 02:17:27,821 INFO mapreduce.Job:  map 72% reduce 24%
2025-11-28 02:17:38,238 INFO mapreduce.Job:  map 73% reduce 24%
2025-11-28 02:17:44,393 INFO mapreduce.Job:  map 74% reduce 24%
2025-11-28 02:17:51,552 INFO mapreduce.Job:  map 74% reduce 25%
2025-11-28 02:17:55,625 INFO mapreduce.Job:  map 75% reduce 25%
2025-11-28 02:18:00,753 INFO mapreduce.Job:  map 76% reduce 25%
2025-11-28 02:18:07,901 INFO mapreduce.Job:  map 77% reduce 25%
2025-11-28 02:18:09,943 INFO mapreduce.Job:  map 77% reduce 26%
2025-11-28 02:18:20,168 INFO mapreduce.Job:  map 78% reduce 26%
2025-11-28 02:18:31,528 INFO mapreduce.Job:  map 79% reduce 26%
2025-11-28 02:18:38,690 INFO mapreduce.Job:  map 80% reduce 26%
2025-11-28 02:18:45,846 INFO mapreduce.Job:  map 81% reduce 27%
2025-11-28 02:18:57,121 INFO mapreduce.Job:  map 82% reduce 27%
2025-11-28 02:19:03,242 INFO mapreduce.Job:  map 83% reduce 27%
2025-11-28 02:19:09,368 INFO mapreduce.Job:  map 83% reduce 28%
2025-11-28 02:19:11,409 INFO mapreduce.Job:  map 84% reduce 28%
2025-11-28 02:19:19,564 INFO mapreduce.Job:  map 85% reduce 28%
2025-11-28 02:19:29,809 INFO mapreduce.Job:  map 86% reduce 28%
2025-11-28 02:19:33,902 INFO mapreduce.Job:  map 86% reduce 29%
2025-11-28 02:19:38,015 INFO mapreduce.Job:  map 87% reduce 29%
2025-11-28 02:19:47,260 INFO mapreduce.Job:  map 88% reduce 29%
2025-11-28 02:19:54,408 INFO mapreduce.Job:  map 89% reduce 29%
2025-11-28 02:19:57,467 INFO mapreduce.Job:  map 89% reduce 30%
2025-11-28 02:20:00,542 INFO mapreduce.Job:  map 90% reduce 30%
2025-11-28 02:20:09,762 INFO mapreduce.Job:  map 91% reduce 30%
2025-11-28 02:20:17,986 INFO mapreduce.Job:  map 92% reduce 30%
2025-11-28 02:20:22,267 INFO mapreduce.Job:  map 92% reduce 31%
2025-11-28 02:20:26,334 INFO mapreduce.Job:  map 93% reduce 31%
2025-11-28 02:20:32,501 INFO mapreduce.Job:  map 94% reduce 31%
2025-11-28 02:20:43,779 INFO mapreduce.Job:  map 95% reduce 31%
2025-11-28 02:20:45,818 INFO mapreduce.Job:  map 95% reduce 32%
2025-11-28 02:20:51,976 INFO mapreduce.Job:  map 96% reduce 32%
2025-11-28 02:20:59,115 INFO mapreduce.Job:  map 97% reduce 32%
2025-11-28 02:21:04,207 INFO mapreduce.Job:  map 98% reduce 32%
2025-11-28 02:21:10,390 INFO mapreduce.Job:  map 99% reduce 33%
2025-11-28 02:21:27,074 INFO mapreduce.Job:  map 100% reduce 33%
2025-11-28 02:21:40,584 INFO mapreduce.Job:  map 100% reduce 79%
2025-11-28 02:21:45,058 INFO mapreduce.Job:  map 100% reduce 100%
2025-11-28 02:21:47,136 INFO mapreduce.Job: Job job_1764264570892_0006 completed successfully
2025-11-28 02:21:47,278 INFO mapreduce.Job: Counters: 55
	File System Counters
		FILE: Number of bytes read=463624734
		FILE: Number of bytes written=1203451209
		FILE: Number of read operations=0
		FILE: Number of large read operations=0
		FILE: Number of write operations=0
		HDFS: Number of bytes read=1037852969
		HDFS: Number of bytes written=72865185
		HDFS: Number of read operations=3005
		HDFS: Number of large read operations=0
		HDFS: Number of write operations=2
		HDFS: Number of bytes read erasure-coded=0
	Job Counters 
		Killed map tasks=2
		Launched map tasks=1001
		Launched reduce tasks=1
		Data-local map tasks=1001
		Total time spent by all maps in occupied slots (ms)=42233466
		Total time spent by all reduces in occupied slots (ms)=848976
		Total time spent by all map tasks (ms)=21116733
		Total time spent by all reduce tasks (ms)=424488
		Total vcore-milliseconds taken by all map tasks=21116733
		Total vcore-milliseconds taken by all reduce tasks=424488
		Total megabyte-milliseconds taken by all map tasks=21623534592
		Total megabyte-milliseconds taken by all reduce tasks=434675712
	Map-Reduce Framework
		Map input records=5343981
		Map output records=164399722
		Map output bytes=1694378495
		Map output materialized bytes=463630722
		Input split bytes=105000
		Combine input records=164399722
		Combine output records=30510871
		Reduce input groups=4642162
		Reduce shuffle bytes=463630722
		Reduce input records=30510871
		Reduce output records=4642162
		Spilled Records=61021742
		Shuffled Maps =1000
		Failed Shuffles=0
		Merged Map outputs=1000
		GC time elapsed (ms)=374744
		CPU time spent (ms)=1354580
		Physical memory (bytes) snapshot=329431957504
		Virtual memory (bytes) snapshot=2586510663680
		Total committed heap usage (bytes)=306890407936
		Peak Map Physical memory (bytes)=492310528
		Peak Map Virtual memory (bytes)=2804264960
		Peak Reduce Physical memory (bytes)=837066752
		Peak Reduce Virtual memory (bytes)=2565169152
	Shuffle Errors
		BAD_ID=0
		CONNECTION=0
		IO_ERROR=0
		WRONG_LENGTH=0
		WRONG_MAP=0
		WRONG_REDUCE=0
	File Input Format Counters 
		Bytes Read=1037747969
	File Output Format Counters 
		Bytes Written=72865185
