===== Running MapReduce Job =====
Input : /wiki500mb
Output: /_500mb
Slowstart: 0.2
Date  : 2025年 11月 28日 星期五 19:51:06 CST
=================================
2025-11-28 19:51:08,896 INFO client.DefaultNoHARMFailoverProxyProvider: Connecting to ResourceManager at master-wxl/192.168.10.104:8032
2025-11-28 19:51:09,190 INFO mapreduce.JobResourceUploader: Disabling Erasure Coding for path: /tmp/hadoop-yarn/staging/hadoop/.staging/job_1764325814997_0020
2025-11-28 19:51:09,813 INFO input.FileInputFormat: Total input files to process : 500
2025-11-28 19:51:10,182 INFO mapreduce.JobSubmitter: number of splits:500
2025-11-28 19:51:10,435 INFO mapreduce.JobSubmitter: Submitting tokens for job: job_1764325814997_0020
2025-11-28 19:51:10,435 INFO mapreduce.JobSubmitter: Executing with tokens: []
2025-11-28 19:51:10,593 INFO conf.Configuration: resource-types.xml not found
2025-11-28 19:51:10,594 INFO resource.ResourceUtils: Unable to find 'resource-types.xml'.
2025-11-28 19:51:10,661 INFO impl.YarnClientImpl: Submitted application application_1764325814997_0020
2025-11-28 19:51:10,703 INFO mapreduce.Job: The url to track the job: http://master-wxl:8088/proxy/application_1764325814997_0020/
2025-11-28 19:51:10,704 INFO mapreduce.Job: Running job: job_1764325814997_0020
2025-11-28 19:51:14,770 INFO mapreduce.Job: Job job_1764325814997_0020 running in uber mode : false
2025-11-28 19:51:14,772 INFO mapreduce.Job:  map 0% reduce 0%
2025-11-28 19:51:25,968 INFO mapreduce.Job:  map 2% reduce 0%
2025-11-28 19:51:36,119 INFO mapreduce.Job:  map 3% reduce 0%
2025-11-28 19:51:41,188 INFO mapreduce.Job:  map 4% reduce 0%
2025-11-28 19:51:46,254 INFO mapreduce.Job:  map 5% reduce 0%
2025-11-28 19:51:53,340 INFO mapreduce.Job:  map 6% reduce 0%
2025-11-28 19:51:59,411 INFO mapreduce.Job:  map 7% reduce 0%
2025-11-28 19:52:03,470 INFO mapreduce.Job:  map 8% reduce 0%
2025-11-28 19:52:10,560 INFO mapreduce.Job:  map 9% reduce 0%
2025-11-28 19:52:14,649 INFO mapreduce.Job:  map 10% reduce 0%
2025-11-28 19:52:19,714 INFO mapreduce.Job:  map 11% reduce 0%
2025-11-28 19:52:23,759 INFO mapreduce.Job:  map 12% reduce 0%
2025-11-28 19:52:26,847 INFO mapreduce.Job:  map 13% reduce 0%
2025-11-28 19:52:29,883 INFO mapreduce.Job:  map 14% reduce 0%
2025-11-28 19:52:33,932 INFO mapreduce.Job:  map 15% reduce 0%
2025-11-28 19:52:38,989 INFO mapreduce.Job:  map 16% reduce 0%
2025-11-28 19:52:45,066 INFO mapreduce.Job:  map 17% reduce 0%
2025-11-28 19:52:52,147 INFO mapreduce.Job:  map 18% reduce 0%
2025-11-28 19:52:55,184 INFO mapreduce.Job:  map 19% reduce 0%
2025-11-28 19:53:02,264 INFO mapreduce.Job:  map 20% reduce 0%
2025-11-28 19:53:09,341 INFO mapreduce.Job:  map 21% reduce 0%
2025-11-28 19:53:14,398 INFO mapreduce.Job:  map 22% reduce 0%
2025-11-28 19:53:19,455 INFO mapreduce.Job:  map 23% reduce 0%
2025-11-28 19:53:26,538 INFO mapreduce.Job:  map 23% reduce 8%
2025-11-28 19:53:27,550 INFO mapreduce.Job:  map 24% reduce 8%
2025-11-28 19:53:30,604 INFO mapreduce.Job:  map 25% reduce 8%
2025-11-28 19:53:35,660 INFO mapreduce.Job:  map 26% reduce 8%
2025-11-28 19:53:38,708 INFO mapreduce.Job:  map 26% reduce 9%
2025-11-28 19:53:39,719 INFO mapreduce.Job:  map 27% reduce 9%
2025-11-28 19:53:43,766 INFO mapreduce.Job:  map 28% reduce 9%
2025-11-28 19:53:46,802 INFO mapreduce.Job:  map 29% reduce 9%
2025-11-28 19:53:51,865 INFO mapreduce.Job:  map 30% reduce 9%
2025-11-28 19:53:54,899 INFO mapreduce.Job:  map 31% reduce 9%
2025-11-28 19:53:56,923 INFO mapreduce.Job:  map 31% reduce 10%
2025-11-28 19:54:00,963 INFO mapreduce.Job:  map 32% reduce 10%
2025-11-28 19:54:02,985 INFO mapreduce.Job:  map 32% reduce 11%
2025-11-28 19:54:08,038 INFO mapreduce.Job:  map 33% reduce 11%
2025-11-28 19:54:13,094 INFO mapreduce.Job:  map 34% reduce 11%
2025-11-28 19:54:17,140 INFO mapreduce.Job:  map 35% reduce 11%
2025-11-28 19:54:21,183 INFO mapreduce.Job:  map 35% reduce 12%
2025-11-28 19:54:25,228 INFO mapreduce.Job:  map 36% reduce 12%
2025-11-28 19:54:29,273 INFO mapreduce.Job:  map 37% reduce 12%
2025-11-28 19:54:36,363 INFO mapreduce.Job:  map 38% reduce 12%
2025-11-28 19:54:39,394 INFO mapreduce.Job:  map 38% reduce 13%
2025-11-28 19:54:41,414 INFO mapreduce.Job:  map 39% reduce 13%
2025-11-28 19:54:44,451 INFO mapreduce.Job:  map 40% reduce 13%
2025-11-28 19:54:50,537 INFO mapreduce.Job:  map 41% reduce 13%
2025-11-28 19:54:54,577 INFO mapreduce.Job:  map 42% reduce 13%
2025-11-28 19:54:57,612 INFO mapreduce.Job:  map 42% reduce 14%
2025-11-28 19:54:59,633 INFO mapreduce.Job:  map 43% reduce 14%
2025-11-28 19:55:05,696 INFO mapreduce.Job:  map 44% reduce 14%
2025-11-28 19:55:07,717 INFO mapreduce.Job:  map 45% reduce 14%
2025-11-28 19:55:09,738 INFO mapreduce.Job:  map 46% reduce 15%
2025-11-28 19:55:16,816 INFO mapreduce.Job:  map 47% reduce 15%
2025-11-28 19:55:20,858 INFO mapreduce.Job:  map 47% reduce 16%
2025-11-28 19:55:23,900 INFO mapreduce.Job:  map 48% reduce 16%
2025-11-28 19:55:29,966 INFO mapreduce.Job:  map 49% reduce 16%
2025-11-28 19:55:33,000 INFO mapreduce.Job:  map 50% reduce 16%
2025-11-28 19:55:39,064 INFO mapreduce.Job:  map 50% reduce 17%
2025-11-28 19:55:40,077 INFO mapreduce.Job:  map 51% reduce 17%
2025-11-28 19:55:46,140 INFO mapreduce.Job:  map 52% reduce 17%
2025-11-28 19:55:49,174 INFO mapreduce.Job:  map 53% reduce 17%
2025-11-28 19:55:51,198 INFO mapreduce.Job:  map 53% reduce 18%
2025-11-28 19:55:56,259 INFO mapreduce.Job:  map 54% reduce 18%
2025-11-28 19:56:01,314 INFO mapreduce.Job:  map 55% reduce 18%
2025-11-28 19:56:05,361 INFO mapreduce.Job:  map 56% reduce 18%
2025-11-28 19:56:09,405 INFO mapreduce.Job:  map 57% reduce 19%
2025-11-28 19:56:14,457 INFO mapreduce.Job:  map 58% reduce 19%
2025-11-28 19:56:18,503 INFO mapreduce.Job:  map 59% reduce 19%
2025-11-28 19:56:22,548 INFO mapreduce.Job:  map 60% reduce 19%
2025-11-28 19:56:26,595 INFO mapreduce.Job:  map 61% reduce 19%
2025-11-28 19:56:27,605 INFO mapreduce.Job:  map 61% reduce 20%
2025-11-28 19:56:31,645 INFO mapreduce.Job:  map 62% reduce 20%
2025-11-28 19:56:33,666 INFO mapreduce.Job:  map 62% reduce 21%
2025-11-28 19:56:37,711 INFO mapreduce.Job:  map 63% reduce 21%
2025-11-28 19:56:43,778 INFO mapreduce.Job:  map 64% reduce 21%
2025-11-28 19:56:47,822 INFO mapreduce.Job:  map 65% reduce 21%
2025-11-28 19:56:51,867 INFO mapreduce.Job:  map 65% reduce 22%
2025-11-28 19:56:54,898 INFO mapreduce.Job:  map 66% reduce 22%
2025-11-28 19:56:59,960 INFO mapreduce.Job:  map 67% reduce 22%
2025-11-28 19:57:08,058 INFO mapreduce.Job:  map 68% reduce 22%
2025-11-28 19:57:09,067 INFO mapreduce.Job:  map 68% reduce 23%
2025-11-28 19:57:11,089 INFO mapreduce.Job:  map 69% reduce 23%
2025-11-28 19:57:16,165 INFO mapreduce.Job:  map 70% reduce 23%
2025-11-28 19:57:18,192 INFO mapreduce.Job:  map 71% reduce 23%
2025-11-28 19:57:21,226 INFO mapreduce.Job:  map 71% reduce 24%
2025-11-28 19:57:25,265 INFO mapreduce.Job:  map 72% reduce 24%
2025-11-28 19:57:30,319 INFO mapreduce.Job:  map 73% reduce 24%
2025-11-28 19:57:33,350 INFO mapreduce.Job:  map 74% reduce 24%
2025-11-28 19:57:39,415 INFO mapreduce.Job:  map 75% reduce 25%
2025-11-28 19:57:41,439 INFO mapreduce.Job:  map 76% reduce 25%
2025-11-28 19:57:47,529 INFO mapreduce.Job:  map 77% reduce 25%
2025-11-28 19:57:51,577 INFO mapreduce.Job:  map 78% reduce 26%
2025-11-28 19:57:57,640 INFO mapreduce.Job:  map 79% reduce 26%
2025-11-28 19:58:02,708 INFO mapreduce.Job:  map 80% reduce 26%
2025-11-28 19:58:03,722 INFO mapreduce.Job:  map 80% reduce 27%
2025-11-28 19:58:07,766 INFO mapreduce.Job:  map 81% reduce 27%
2025-11-28 19:58:13,828 INFO mapreduce.Job:  map 82% reduce 27%
2025-11-28 19:58:21,936 INFO mapreduce.Job:  map 83% reduce 27%
2025-11-28 19:58:25,982 INFO mapreduce.Job:  map 84% reduce 27%
2025-11-28 19:58:28,006 INFO mapreduce.Job:  map 84% reduce 28%
2025-11-28 19:58:30,030 INFO mapreduce.Job:  map 85% reduce 28%
2025-11-28 19:58:35,084 INFO mapreduce.Job:  map 86% reduce 28%
2025-11-28 19:58:38,119 INFO mapreduce.Job:  map 87% reduce 28%
2025-11-28 19:58:40,140 INFO mapreduce.Job:  map 87% reduce 29%
2025-11-28 19:58:46,205 INFO mapreduce.Job:  map 88% reduce 29%
2025-11-28 19:58:47,215 INFO mapreduce.Job:  map 89% reduce 29%
2025-11-28 19:58:51,266 INFO mapreduce.Job:  map 89% reduce 30%
2025-11-28 19:58:54,299 INFO mapreduce.Job:  map 91% reduce 30%
2025-11-28 19:59:02,391 INFO mapreduce.Job:  map 92% reduce 30%
2025-11-28 19:59:03,407 INFO mapreduce.Job:  map 93% reduce 30%
2025-11-28 19:59:09,481 INFO mapreduce.Job:  map 93% reduce 31%
2025-11-28 19:59:11,504 INFO mapreduce.Job:  map 94% reduce 31%
2025-11-28 19:59:18,580 INFO mapreduce.Job:  map 95% reduce 31%
2025-11-28 19:59:20,599 INFO mapreduce.Job:  map 96% reduce 31%
2025-11-28 19:59:21,610 INFO mapreduce.Job:  map 96% reduce 32%
2025-11-28 19:59:27,667 INFO mapreduce.Job:  map 97% reduce 32%
2025-11-28 19:59:31,707 INFO mapreduce.Job:  map 98% reduce 32%
2025-11-28 19:59:33,726 INFO mapreduce.Job:  map 98% reduce 33%
2025-11-28 19:59:53,932 INFO mapreduce.Job:  map 99% reduce 33%
2025-11-28 20:00:08,344 INFO mapreduce.Job:  map 100% reduce 33%
2025-11-28 20:00:15,412 INFO mapreduce.Job:  map 100% reduce 61%
2025-11-28 20:00:21,658 INFO mapreduce.Job:  map 100% reduce 100%
2025-11-28 20:00:22,688 INFO mapreduce.Job: Job job_1764325814997_0020 completed successfully
2025-11-28 20:00:22,764 INFO mapreduce.Job: Counters: 55
	File System Counters
		FILE: Number of bytes read=251889013
		FILE: Number of bytes written=642111458
		FILE: Number of read operations=0
		FILE: Number of large read operations=0
		FILE: Number of write operations=0
		HDFS: Number of bytes read=519258733
		HDFS: Number of bytes written=47092714
		HDFS: Number of read operations=1505
		HDFS: Number of large read operations=0
		HDFS: Number of write operations=2
		HDFS: Number of bytes read erasure-coded=0
	Job Counters 
		Killed map tasks=3
		Launched map tasks=502
		Launched reduce tasks=1
		Data-local map tasks=502
		Total time spent by all maps in occupied slots (ms)=16556928
		Total time spent by all reduces in occupied slots (ms)=865306
		Total time spent by all map tasks (ms)=8278464
		Total time spent by all reduce tasks (ms)=432653
		Total vcore-milliseconds taken by all map tasks=8278464
		Total vcore-milliseconds taken by all reduce tasks=432653
		Total megabyte-milliseconds taken by all map tasks=8477147136
		Total megabyte-milliseconds taken by all reduce tasks=443036672
	Map-Reduce Framework
		Map input records=2870091
		Map output records=80936717
		Map output bytes=842322768
		Map output materialized bytes=251892007
		Input split bytes=54000
		Combine input records=80936717
		Combine output records=16369856
		Reduce input groups=3027590
		Reduce shuffle bytes=251892007
		Reduce input records=16369856
		Reduce output records=3027590
		Spilled Records=32739712
		Shuffled Maps =500
		Failed Shuffles=0
		Merged Map outputs=500
		GC time elapsed (ms)=141370
		CPU time spent (ms)=607880
		Physical memory (bytes) snapshot=164109246464
		Virtual memory (bytes) snapshot=1297439346688
		Total committed heap usage (bytes)=153647841280
		Peak Map Physical memory (bytes)=487522304
		Peak Map Virtual memory (bytes)=2803343360
		Peak Reduce Physical memory (bytes)=675078144
		Peak Reduce Virtual memory (bytes)=2564472832
	Shuffle Errors
		BAD_ID=0
		CONNECTION=0
		IO_ERROR=0
		WRONG_LENGTH=0
		WRONG_MAP=0
		WRONG_REDUCE=0
	File Input Format Counters 
		Bytes Read=519204733
	File Output Format Counters 
		Bytes Written=47092714
[INFO] MapReduce job finished.
[INFO] Monitor stopped.
