===== Running MapReduce Job =====
Input : /wiki100mb
Output: /_100mb
Slowstart: 0.5
Date  : 2025年 11月 28日 星期五 19:24:23 CST
=================================
2025-11-28 19:24:26,630 INFO client.DefaultNoHARMFailoverProxyProvider: Connecting to ResourceManager at master-wxl/192.168.10.104:8032
2025-11-28 19:24:26,940 INFO mapreduce.JobResourceUploader: Disabling Erasure Coding for path: /tmp/hadoop-yarn/staging/hadoop/.staging/job_1764325814997_0013
2025-11-28 19:24:27,299 INFO input.FileInputFormat: Total input files to process : 100
2025-11-28 19:24:27,441 INFO mapreduce.JobSubmitter: number of splits:100
2025-11-28 19:24:27,639 INFO mapreduce.JobSubmitter: Submitting tokens for job: job_1764325814997_0013
2025-11-28 19:24:27,639 INFO mapreduce.JobSubmitter: Executing with tokens: []
2025-11-28 19:24:27,790 INFO conf.Configuration: resource-types.xml not found
2025-11-28 19:24:27,791 INFO resource.ResourceUtils: Unable to find 'resource-types.xml'.
2025-11-28 19:24:27,848 INFO impl.YarnClientImpl: Submitted application application_1764325814997_0013
2025-11-28 19:24:27,892 INFO mapreduce.Job: The url to track the job: http://master-wxl:8088/proxy/application_1764325814997_0013/
2025-11-28 19:24:27,892 INFO mapreduce.Job: Running job: job_1764325814997_0013
2025-11-28 19:24:41,180 INFO mapreduce.Job: Job job_1764325814997_0013 running in uber mode : false
2025-11-28 19:24:41,180 INFO mapreduce.Job:  map 0% reduce 0%
2025-11-28 19:24:53,777 INFO mapreduce.Job:  map 1% reduce 0%
2025-11-28 19:24:54,817 INFO mapreduce.Job:  map 3% reduce 0%
2025-11-28 19:24:56,087 INFO mapreduce.Job:  map 10% reduce 0%
2025-11-28 19:24:58,273 INFO mapreduce.Job:  map 11% reduce 0%
2025-11-28 19:25:07,953 INFO mapreduce.Job:  map 12% reduce 0%
2025-11-28 19:25:09,031 INFO mapreduce.Job:  map 21% reduce 0%
2025-11-28 19:25:11,119 INFO mapreduce.Job:  map 22% reduce 0%
2025-11-28 19:25:20,864 INFO mapreduce.Job:  map 26% reduce 0%
2025-11-28 19:25:21,951 INFO mapreduce.Job:  map 32% reduce 0%
2025-11-28 19:25:30,479 INFO mapreduce.Job:  map 34% reduce 0%
2025-11-28 19:25:31,498 INFO mapreduce.Job:  map 36% reduce 0%
2025-11-28 19:25:32,516 INFO mapreduce.Job:  map 37% reduce 0%
2025-11-28 19:25:34,560 INFO mapreduce.Job:  map 42% reduce 0%
2025-11-28 19:25:35,592 INFO mapreduce.Job:  map 43% reduce 0%
2025-11-28 19:25:38,653 INFO mapreduce.Job:  map 45% reduce 0%
2025-11-28 19:25:39,700 INFO mapreduce.Job:  map 47% reduce 0%
2025-11-28 19:25:40,731 INFO mapreduce.Job:  map 48% reduce 0%
2025-11-28 19:25:41,773 INFO mapreduce.Job:  map 50% reduce 0%
2025-11-28 19:25:42,873 INFO mapreduce.Job:  map 52% reduce 0%
2025-11-28 19:25:44,925 INFO mapreduce.Job:  map 53% reduce 0%
2025-11-28 19:25:45,944 INFO mapreduce.Job:  map 54% reduce 0%
2025-11-28 19:25:46,991 INFO mapreduce.Job:  map 59% reduce 0%
2025-11-28 19:25:49,049 INFO mapreduce.Job:  map 60% reduce 0%
2025-11-28 19:25:53,102 INFO mapreduce.Job:  map 63% reduce 0%
2025-11-28 19:25:54,164 INFO mapreduce.Job:  map 64% reduce 0%
2025-11-28 19:25:55,196 INFO mapreduce.Job:  map 65% reduce 0%
2025-11-28 19:25:57,285 INFO mapreduce.Job:  map 66% reduce 0%
2025-11-28 19:25:58,354 INFO mapreduce.Job:  map 69% reduce 0%
2025-11-28 19:26:02,750 INFO mapreduce.Job:  map 70% reduce 0%
2025-11-28 19:26:03,796 INFO mapreduce.Job:  map 73% reduce 0%
2025-11-28 19:26:04,827 INFO mapreduce.Job:  map 74% reduce 0%
2025-11-28 19:26:07,911 INFO mapreduce.Job:  map 75% reduce 25%
2025-11-28 19:26:09,006 INFO mapreduce.Job:  map 77% reduce 25%
2025-11-28 19:26:10,050 INFO mapreduce.Job:  map 78% reduce 25%
2025-11-28 19:26:13,143 INFO mapreduce.Job:  map 80% reduce 26%
2025-11-28 19:26:15,223 INFO mapreduce.Job:  map 83% reduce 26%
2025-11-28 19:26:18,387 INFO mapreduce.Job:  map 84% reduce 26%
2025-11-28 19:26:19,516 INFO mapreduce.Job:  map 87% reduce 28%
2025-11-28 19:26:21,564 INFO mapreduce.Job:  map 89% reduce 28%
2025-11-28 19:26:22,624 INFO mapreduce.Job:  map 92% reduce 28%
2025-11-28 19:26:25,718 INFO mapreduce.Job:  map 92% reduce 31%
2025-11-28 19:26:35,516 INFO mapreduce.Job:  map 93% reduce 31%
2025-11-28 19:26:37,577 INFO mapreduce.Job:  map 94% reduce 31%
2025-11-28 19:26:42,879 INFO mapreduce.Job:  map 95% reduce 31%
2025-11-28 19:26:46,226 INFO mapreduce.Job:  map 96% reduce 31%
2025-11-28 19:26:49,321 INFO mapreduce.Job:  map 98% reduce 31%
2025-11-28 19:26:50,358 INFO mapreduce.Job:  map 99% reduce 32%
2025-11-28 19:26:52,410 INFO mapreduce.Job:  map 100% reduce 32%
2025-11-28 19:26:55,498 INFO mapreduce.Job:  map 100% reduce 100%
2025-11-28 19:26:56,533 INFO mapreduce.Job: Job job_1764325814997_0013 completed successfully
2025-11-28 19:26:56,639 INFO mapreduce.Job: Counters: 55
	File System Counters
		FILE: Number of bytes read=45809982
		FILE: Number of bytes written=119507396
		FILE: Number of read operations=0
		FILE: Number of large read operations=0
		FILE: Number of write operations=0
		HDFS: Number of bytes read=102952540
		HDFS: Number of bytes written=9704043
		HDFS: Number of read operations=305
		HDFS: Number of large read operations=0
		HDFS: Number of write operations=2
		HDFS: Number of bytes read erasure-coded=0
	Job Counters 
		Killed map tasks=3
		Launched map tasks=102
		Launched reduce tasks=1
		Data-local map tasks=102
		Total time spent by all maps in occupied slots (ms)=3606570
		Total time spent by all reduces in occupied slots (ms)=134230
		Total time spent by all map tasks (ms)=1803285
		Total time spent by all reduce tasks (ms)=67115
		Total vcore-milliseconds taken by all map tasks=1803285
		Total vcore-milliseconds taken by all reduce tasks=67115
		Total megabyte-milliseconds taken by all map tasks=1846563840
		Total megabyte-milliseconds taken by all reduce tasks=68725760
	Map-Reduce Framework
		Map input records=325576
		Map output records=16208667
		Map output bytes=167752154
		Map output materialized bytes=45810576
		Input split bytes=10800
		Combine input records=16208667
		Combine output records=3055995
		Reduce input groups=781397
		Reduce shuffle bytes=45810576
		Reduce input records=3055995
		Reduce output records=781397
		Spilled Records=6111990
		Shuffled Maps =100
		Failed Shuffles=0
		Merged Map outputs=100
		GC time elapsed (ms)=29832
		CPU time spent (ms)=123800
		Physical memory (bytes) snapshot=32840577024
		Virtual memory (bytes) snapshot=261722365952
		Total committed heap usage (bytes)=30987517952
		Peak Map Physical memory (bytes)=486567936
		Peak Map Virtual memory (bytes)=2803322880
		Peak Reduce Physical memory (bytes)=341168128
		Peak Reduce Virtual memory (bytes)=2558607360
	Shuffle Errors
		BAD_ID=0
		CONNECTION=0
		IO_ERROR=0
		WRONG_LENGTH=0
		WRONG_MAP=0
		WRONG_REDUCE=0
	File Input Format Counters 
		Bytes Read=102941740
	File Output Format Counters 
		Bytes Written=9704043
[INFO] MapReduce job finished.
[INFO] Monitor stopped.
