===== Real Performance Monitor Started at 2025年 11月 28日 星期五 19:24:22 CST =====
[worker1-zzh] CPU: 10.00% | MEM: 21%
[worker2-zrt] CPU: 36.00% | MEM: 28%
[worker3-haz] CPU: 11.00% | MEM: 20%
----
[worker1-zzh] CPU: 10.00% | MEM: 21%
[worker2-zrt] CPU: 99.00% | MEM: 30%
[worker3-haz] CPU: 10.00% | MEM: 20%
----
[worker1-zzh] CPU: 10.00% | MEM: 21%
[worker2-zrt] CPU: 98.00% | MEM: 33%
[worker3-haz] CPU: 17.00% | MEM: 20%
----
[worker1-zzh] CPU: 100.00% | MEM: 49%
[worker2-zrt] CPU: 100.00% | MEM: 38%
[worker3-haz] CPU: 14.00% | MEM: 20%
----
[worker1-zzh] CPU: 100.00% | MEM: 40%
[worker2-zrt] CPU: 100.00% | MEM: 40%
[worker3-haz] CPU: 14.00% | MEM: 20%
----
[worker1-zzh] CPU: 100.00% | MEM: 44%
[worker2-zrt] CPU: 100.00% | MEM: 44%
[worker3-haz] CPU: 14.00% | MEM: 20%
----
[worker1-zzh] CPU: 100.00% | MEM: 38%
[worker2-zrt] CPU: 100.00% | MEM: 54%
[worker3-haz] CPU: 12.00% | MEM: 20%
----
[worker1-zzh] CPU: 100.00% | MEM: 37%
[worker2-zrt] CPU: 100.00% | MEM: 41%
[worker3-haz] CPU: 12.00% | MEM: 20%
----
[worker1-zzh] CPU: 100.00% | MEM: 35%
[worker2-zrt] CPU: 100.00% | MEM: 37%
[worker3-haz] CPU: 16.00% | MEM: 20%
----
[worker1-zzh] CPU: 100.00% | MEM: 38%
[worker2-zrt] CPU: 100.00% | MEM: 40%
[worker3-haz] CPU: 13.00% | MEM: 20%
----
[worker1-zzh] CPU: 100.00% | MEM: 32%
[worker2-zrt] CPU: 100.00% | MEM: 45%
[worker3-haz] CPU: 16.00% | MEM: 20%
----
[worker1-zzh] CPU: 11.00% | MEM: 23%
[worker2-zrt] CPU: 100.00% | MEM: 48%
[worker3-haz] CPU: 16.00% | MEM: 20%
----
[worker1-zzh] CPU: 12.00% | MEM: 23%
[worker2-zrt] CPU: 100.00% | MEM: 46%
[worker3-haz] CPU: 15.00% | MEM: 20%
----
[worker1-zzh] CPU: 33.00% | MEM: 23%
[worker2-zrt] CPU: 43.00% | MEM: 32%
