===== Running MapReduce Job =====
Input : /wiki500mb
Output: /_500mb
Slowstart: 0.8
Date  : 2025年 11月 28日 星期五 20:48:38 CST
=================================
2025-11-28 20:48:41,306 INFO client.DefaultNoHARMFailoverProxyProvider: Connecting to ResourceManager at master-wxl/192.168.10.104:8032
2025-11-28 20:48:41,626 INFO mapreduce.JobResourceUploader: Disabling Erasure Coding for path: /tmp/hadoop-yarn/staging/hadoop/.staging/job_1764325814997_0026
2025-11-28 20:48:42,294 INFO input.FileInputFormat: Total input files to process : 500
2025-11-28 20:48:42,530 INFO mapreduce.JobSubmitter: number of splits:500
2025-11-28 20:48:42,750 INFO mapreduce.JobSubmitter: Submitting tokens for job: job_1764325814997_0026
2025-11-28 20:48:42,750 INFO mapreduce.JobSubmitter: Executing with tokens: []
2025-11-28 20:48:42,978 INFO conf.Configuration: resource-types.xml not found
2025-11-28 20:48:42,979 INFO resource.ResourceUtils: Unable to find 'resource-types.xml'.
2025-11-28 20:48:43,047 INFO impl.YarnClientImpl: Submitted application application_1764325814997_0026
2025-11-28 20:48:43,104 INFO mapreduce.Job: The url to track the job: http://master-wxl:8088/proxy/application_1764325814997_0026/
2025-11-28 20:48:43,105 INFO mapreduce.Job: Running job: job_1764325814997_0026
2025-11-28 20:48:57,737 INFO mapreduce.Job: Job job_1764325814997_0026 running in uber mode : false
2025-11-28 20:48:57,739 INFO mapreduce.Job:  map 0% reduce 0%
2025-11-28 20:49:14,266 INFO mapreduce.Job:  map 1% reduce 0%
2025-11-28 20:49:15,480 INFO mapreduce.Job:  map 2% reduce 0%
2025-11-28 20:49:34,600 INFO mapreduce.Job:  map 3% reduce 0%
2025-11-28 20:49:35,619 INFO mapreduce.Job:  map 4% reduce 0%
2025-11-28 20:49:48,342 INFO mapreduce.Job:  map 5% reduce 0%
2025-11-28 20:49:49,365 INFO mapreduce.Job:  map 6% reduce 0%
2025-11-28 20:50:00,609 INFO mapreduce.Job:  map 7% reduce 0%
2025-11-28 20:50:01,627 INFO mapreduce.Job:  map 8% reduce 0%
2025-11-28 20:50:09,872 INFO mapreduce.Job:  map 9% reduce 0%
2025-11-28 20:50:11,946 INFO mapreduce.Job:  map 10% reduce 0%
2025-11-28 20:50:15,051 INFO mapreduce.Job:  map 11% reduce 0%
2025-11-28 20:50:18,139 INFO mapreduce.Job:  map 12% reduce 0%
2025-11-28 20:50:23,477 INFO mapreduce.Job:  map 13% reduce 0%
2025-11-28 20:50:27,636 INFO mapreduce.Job:  map 14% reduce 0%
2025-11-28 20:50:34,897 INFO mapreduce.Job:  map 15% reduce 0%
2025-11-28 20:50:40,035 INFO mapreduce.Job:  map 16% reduce 0%
2025-11-28 20:50:46,205 INFO mapreduce.Job:  map 17% reduce 0%
2025-11-28 20:50:52,556 INFO mapreduce.Job:  map 18% reduce 0%
2025-11-28 20:50:56,651 INFO mapreduce.Job:  map 19% reduce 0%
2025-11-28 20:51:04,855 INFO mapreduce.Job:  map 21% reduce 0%
2025-11-28 20:51:10,954 INFO mapreduce.Job:  map 22% reduce 0%
2025-11-28 20:51:15,041 INFO mapreduce.Job:  map 23% reduce 0%
2025-11-28 20:51:18,122 INFO mapreduce.Job:  map 24% reduce 0%
2025-11-28 20:51:27,373 INFO mapreduce.Job:  map 25% reduce 0%
2025-11-28 20:51:30,438 INFO mapreduce.Job:  map 26% reduce 0%
2025-11-28 20:51:38,663 INFO mapreduce.Job:  map 27% reduce 0%
2025-11-28 20:51:42,761 INFO mapreduce.Job:  map 28% reduce 0%
2025-11-28 20:51:49,956 INFO mapreduce.Job:  map 29% reduce 0%
2025-11-28 20:51:54,093 INFO mapreduce.Job:  map 30% reduce 0%
2025-11-28 20:51:57,249 INFO mapreduce.Job:  map 31% reduce 0%
2025-11-28 20:52:03,348 INFO mapreduce.Job:  map 32% reduce 0%
2025-11-28 20:52:07,412 INFO mapreduce.Job:  map 33% reduce 0%
2025-11-28 20:52:08,429 INFO mapreduce.Job:  map 34% reduce 0%
2025-11-28 20:52:18,622 INFO mapreduce.Job:  map 35% reduce 0%
2025-11-28 20:52:20,680 INFO mapreduce.Job:  map 36% reduce 0%
2025-11-28 20:52:28,920 INFO mapreduce.Job:  map 37% reduce 0%
2025-11-28 20:52:32,997 INFO mapreduce.Job:  map 38% reduce 0%
2025-11-28 20:52:40,145 INFO mapreduce.Job:  map 39% reduce 0%
2025-11-28 20:52:45,277 INFO mapreduce.Job:  map 40% reduce 0%
2025-11-28 20:52:51,403 INFO mapreduce.Job:  map 41% reduce 0%
2025-11-28 20:52:55,502 INFO mapreduce.Job:  map 42% reduce 0%
2025-11-28 20:52:58,587 INFO mapreduce.Job:  map 43% reduce 0%
2025-11-28 20:53:03,697 INFO mapreduce.Job:  map 44% reduce 0%
2025-11-28 20:53:07,785 INFO mapreduce.Job:  map 45% reduce 0%
2025-11-28 20:53:15,050 INFO mapreduce.Job:  map 46% reduce 0%
2025-11-28 20:53:20,207 INFO mapreduce.Job:  map 47% reduce 0%
2025-11-28 20:53:24,299 INFO mapreduce.Job:  map 48% reduce 0%
2025-11-28 20:53:31,475 INFO mapreduce.Job:  map 49% reduce 0%
2025-11-28 20:53:34,535 INFO mapreduce.Job:  map 50% reduce 0%
2025-11-28 20:53:42,936 INFO mapreduce.Job:  map 51% reduce 0%
2025-11-28 20:53:45,994 INFO mapreduce.Job:  map 52% reduce 0%
2025-11-28 20:53:50,079 INFO mapreduce.Job:  map 53% reduce 0%
2025-11-28 20:53:54,173 INFO mapreduce.Job:  map 54% reduce 0%
2025-11-28 20:53:58,260 INFO mapreduce.Job:  map 55% reduce 0%
2025-11-28 20:54:05,544 INFO mapreduce.Job:  map 56% reduce 0%
2025-11-28 20:54:10,781 INFO mapreduce.Job:  map 57% reduce 0%
2025-11-28 20:54:14,943 INFO mapreduce.Job:  map 58% reduce 0%
2025-11-28 20:54:22,149 INFO mapreduce.Job:  map 59% reduce 0%
2025-11-28 20:54:27,271 INFO mapreduce.Job:  map 60% reduce 0%
2025-11-28 20:54:34,425 INFO mapreduce.Job:  map 61% reduce 0%
2025-11-28 20:54:37,495 INFO mapreduce.Job:  map 62% reduce 0%
2025-11-28 20:54:42,586 INFO mapreduce.Job:  map 63% reduce 0%
2025-11-28 20:54:45,647 INFO mapreduce.Job:  map 64% reduce 0%
2025-11-28 20:54:48,727 INFO mapreduce.Job:  map 65% reduce 0%
2025-11-28 20:54:57,919 INFO mapreduce.Job:  map 66% reduce 0%
2025-11-28 20:55:00,984 INFO mapreduce.Job:  map 67% reduce 0%
2025-11-28 20:55:10,244 INFO mapreduce.Job:  map 68% reduce 0%
2025-11-28 20:55:12,280 INFO mapreduce.Job:  map 69% reduce 0%
2025-11-28 20:55:19,419 INFO mapreduce.Job:  map 70% reduce 0%
2025-11-28 20:55:23,530 INFO mapreduce.Job:  map 71% reduce 0%
2025-11-28 20:55:26,567 INFO mapreduce.Job:  map 72% reduce 0%
2025-11-28 20:55:33,845 INFO mapreduce.Job:  map 73% reduce 0%
2025-11-28 20:55:36,915 INFO mapreduce.Job:  map 74% reduce 0%
2025-11-28 20:55:38,960 INFO mapreduce.Job:  map 75% reduce 0%
2025-11-28 20:55:48,175 INFO mapreduce.Job:  map 76% reduce 0%
2025-11-28 20:55:50,257 INFO mapreduce.Job:  map 77% reduce 0%
2025-11-28 20:55:59,421 INFO mapreduce.Job:  map 78% reduce 0%
2025-11-28 20:56:02,504 INFO mapreduce.Job:  map 79% reduce 0%
2025-11-28 20:56:10,766 INFO mapreduce.Job:  map 80% reduce 0%
2025-11-28 20:56:13,800 INFO mapreduce.Job:  map 81% reduce 0%
2025-11-28 20:56:16,858 INFO mapreduce.Job:  map 82% reduce 0%
2025-11-28 20:56:24,090 INFO mapreduce.Job:  map 83% reduce 0%
2025-11-28 20:56:27,241 INFO mapreduce.Job:  map 84% reduce 0%
2025-11-28 20:56:34,373 INFO mapreduce.Job:  map 85% reduce 0%
2025-11-28 20:56:35,394 INFO mapreduce.Job:  map 85% reduce 28%
2025-11-28 20:56:37,433 INFO mapreduce.Job:  map 86% reduce 28%
2025-11-28 20:56:41,523 INFO mapreduce.Job:  map 86% reduce 29%
2025-11-28 20:56:44,599 INFO mapreduce.Job:  map 87% reduce 29%
2025-11-28 20:56:48,664 INFO mapreduce.Job:  map 88% reduce 29%
2025-11-28 20:56:56,800 INFO mapreduce.Job:  map 89% reduce 29%
2025-11-28 20:56:58,845 INFO mapreduce.Job:  map 89% reduce 30%
2025-11-28 20:56:59,859 INFO mapreduce.Job:  map 90% reduce 30%
2025-11-28 20:57:07,021 INFO mapreduce.Job:  map 91% reduce 30%
2025-11-28 20:57:10,202 INFO mapreduce.Job:  map 92% reduce 30%
2025-11-28 20:57:14,379 INFO mapreduce.Job:  map 93% reduce 30%
2025-11-28 20:57:17,440 INFO mapreduce.Job:  map 93% reduce 31%
2025-11-28 20:57:19,496 INFO mapreduce.Job:  map 94% reduce 31%
2025-11-28 20:57:22,639 INFO mapreduce.Job:  map 95% reduce 31%
2025-11-28 20:57:28,884 INFO mapreduce.Job:  map 95% reduce 32%
2025-11-28 20:57:29,917 INFO mapreduce.Job:  map 96% reduce 32%
2025-11-28 20:57:34,023 INFO mapreduce.Job:  map 97% reduce 32%
2025-11-28 20:57:40,199 INFO mapreduce.Job:  map 98% reduce 32%
2025-11-28 20:57:41,216 INFO mapreduce.Job:  map 98% reduce 33%
2025-11-28 20:57:42,257 INFO mapreduce.Job:  map 99% reduce 33%
2025-11-28 20:58:07,881 INFO mapreduce.Job:  map 100% reduce 33%
2025-11-28 20:58:11,921 INFO mapreduce.Job:  map 100% reduce 56%
2025-11-28 20:58:17,866 INFO mapreduce.Job:  map 100% reduce 100%
2025-11-28 20:58:18,888 INFO mapreduce.Job: Job job_1764325814997_0026 completed successfully
2025-11-28 20:58:19,053 INFO mapreduce.Job: Counters: 55
	File System Counters
		FILE: Number of bytes read=251889013
		FILE: Number of bytes written=642111458
		FILE: Number of read operations=0
		FILE: Number of large read operations=0
		FILE: Number of write operations=0
		HDFS: Number of bytes read=519258733
		HDFS: Number of bytes written=47092714
		HDFS: Number of read operations=1505
		HDFS: Number of large read operations=0
		HDFS: Number of write operations=2
		HDFS: Number of bytes read erasure-coded=0
	Job Counters 
		Killed map tasks=3
		Launched map tasks=502
		Launched reduce tasks=1
		Data-local map tasks=502
		Total time spent by all maps in occupied slots (ms)=17450838
		Total time spent by all reduces in occupied slots (ms)=241926
		Total time spent by all map tasks (ms)=8725419
		Total time spent by all reduce tasks (ms)=120963
		Total vcore-milliseconds taken by all map tasks=8725419
		Total vcore-milliseconds taken by all reduce tasks=120963
		Total megabyte-milliseconds taken by all map tasks=8934829056
		Total megabyte-milliseconds taken by all reduce tasks=123866112
	Map-Reduce Framework
		Map input records=2870091
		Map output records=80936717
		Map output bytes=842322768
		Map output materialized bytes=251892007
		Input split bytes=54000
		Combine input records=80936717
		Combine output records=16369856
		Reduce input groups=3027590
		Reduce shuffle bytes=251892007
		Reduce input records=16369856
		Reduce output records=3027590
		Spilled Records=32739712
		Shuffled Maps =500
		Failed Shuffles=0
		Merged Map outputs=500
		GC time elapsed (ms)=152721
		CPU time spent (ms)=603290
		Physical memory (bytes) snapshot=162507501568
		Virtual memory (bytes) snapshot=1300202827776
		Total committed heap usage (bytes)=151866310656
		Peak Map Physical memory (bytes)=472952832
		Peak Map Virtual memory (bytes)=2804023296
		Peak Reduce Physical memory (bytes)=643354624
		Peak Reduce Virtual memory (bytes)=2559729664
	Shuffle Errors
		BAD_ID=0
		CONNECTION=0
		IO_ERROR=0
		WRONG_LENGTH=0
		WRONG_MAP=0
		WRONG_REDUCE=0
	File Input Format Counters 
		Bytes Read=519204733
	File Output Format Counters 
		Bytes Written=47092714
[INFO] MapReduce job finished.
[INFO] Monitor stopped.
