===== Running MapReduce Job =====
Input : /wiki500mb
Output: /_500mb
Slowstart: 0.2
Date  : 2025年 11月 28日 星期五 20:00:26 CST
=================================
2025-11-28 20:00:28,725 INFO client.DefaultNoHARMFailoverProxyProvider: Connecting to ResourceManager at master-wxl/192.168.10.104:8032
2025-11-28 20:00:29,027 INFO mapreduce.JobResourceUploader: Disabling Erasure Coding for path: /tmp/hadoop-yarn/staging/hadoop/.staging/job_1764325814997_0021
2025-11-28 20:00:29,739 INFO input.FileInputFormat: Total input files to process : 500
2025-11-28 20:00:30,386 INFO mapreduce.JobSubmitter: number of splits:500
2025-11-28 20:00:30,736 INFO mapreduce.JobSubmitter: Submitting tokens for job: job_1764325814997_0021
2025-11-28 20:00:30,736 INFO mapreduce.JobSubmitter: Executing with tokens: []
2025-11-28 20:00:30,907 INFO conf.Configuration: resource-types.xml not found
2025-11-28 20:00:30,907 INFO resource.ResourceUtils: Unable to find 'resource-types.xml'.
2025-11-28 20:00:30,962 INFO impl.YarnClientImpl: Submitted application application_1764325814997_0021
2025-11-28 20:00:30,995 INFO mapreduce.Job: The url to track the job: http://master-wxl:8088/proxy/application_1764325814997_0021/
2025-11-28 20:00:30,995 INFO mapreduce.Job: Running job: job_1764325814997_0021
2025-11-28 20:00:44,428 INFO mapreduce.Job: Job job_1764325814997_0021 running in uber mode : false
2025-11-28 20:00:44,429 INFO mapreduce.Job:  map 0% reduce 0%
2025-11-28 20:00:59,234 INFO mapreduce.Job:  map 2% reduce 0%
2025-11-28 20:01:12,549 INFO mapreduce.Job:  map 3% reduce 0%
2025-11-28 20:01:13,574 INFO mapreduce.Job:  map 4% reduce 0%
2025-11-28 20:01:23,157 INFO mapreduce.Job:  map 5% reduce 0%
2025-11-28 20:01:26,228 INFO mapreduce.Job:  map 6% reduce 0%
2025-11-28 20:01:35,554 INFO mapreduce.Job:  map 7% reduce 0%
2025-11-28 20:01:37,647 INFO mapreduce.Job:  map 8% reduce 0%
2025-11-28 20:01:41,769 INFO mapreduce.Job:  map 9% reduce 0%
2025-11-28 20:01:47,053 INFO mapreduce.Job:  map 10% reduce 0%
2025-11-28 20:01:50,222 INFO mapreduce.Job:  map 11% reduce 0%
2025-11-28 20:01:53,305 INFO mapreduce.Job:  map 12% reduce 0%
2025-11-28 20:01:59,680 INFO mapreduce.Job:  map 13% reduce 0%
2025-11-28 20:02:02,890 INFO mapreduce.Job:  map 14% reduce 0%
2025-11-28 20:02:12,419 INFO mapreduce.Job:  map 15% reduce 0%
2025-11-28 20:02:15,524 INFO mapreduce.Job:  map 16% reduce 0%
2025-11-28 20:02:24,084 INFO mapreduce.Job:  map 17% reduce 0%
2025-11-28 20:02:27,163 INFO mapreduce.Job:  map 18% reduce 0%
2025-11-28 20:02:35,715 INFO mapreduce.Job:  map 19% reduce 0%
2025-11-28 20:02:39,816 INFO mapreduce.Job:  map 20% reduce 0%
2025-11-28 20:02:45,206 INFO mapreduce.Job:  map 21% reduce 0%
2025-11-28 20:02:49,469 INFO mapreduce.Job:  map 22% reduce 0%
2025-11-28 20:02:55,679 INFO mapreduce.Job:  map 23% reduce 0%
2025-11-28 20:02:57,760 INFO mapreduce.Job:  map 24% reduce 0%
2025-11-28 20:03:02,859 INFO mapreduce.Job:  map 25% reduce 0%
2025-11-28 20:03:04,892 INFO mapreduce.Job:  map 25% reduce 8%
2025-11-28 20:03:09,120 INFO mapreduce.Job:  map 26% reduce 8%
2025-11-28 20:03:11,174 INFO mapreduce.Job:  map 26% reduce 9%
2025-11-28 20:03:13,370 INFO mapreduce.Job:  map 27% reduce 9%
2025-11-28 20:03:19,817 INFO mapreduce.Job:  map 28% reduce 9%
2025-11-28 20:03:23,910 INFO mapreduce.Job:  map 29% reduce 9%
2025-11-28 20:03:30,136 INFO mapreduce.Job:  map 29% reduce 10%
2025-11-28 20:03:32,177 INFO mapreduce.Job:  map 30% reduce 10%
2025-11-28 20:03:37,343 INFO mapreduce.Job:  map 31% reduce 10%
2025-11-28 20:03:42,491 INFO mapreduce.Job:  map 32% reduce 10%
2025-11-28 20:03:47,609 INFO mapreduce.Job:  map 33% reduce 11%
2025-11-28 20:03:53,911 INFO mapreduce.Job:  map 34% reduce 11%
2025-11-28 20:03:55,964 INFO mapreduce.Job:  map 35% reduce 11%
2025-11-28 20:04:00,035 INFO mapreduce.Job:  map 35% reduce 12%
2025-11-28 20:04:01,048 INFO mapreduce.Job:  map 36% reduce 12%
2025-11-28 20:04:05,123 INFO mapreduce.Job:  map 37% reduce 12%
2025-11-28 20:04:09,254 INFO mapreduce.Job:  map 38% reduce 12%
2025-11-28 20:04:12,404 INFO mapreduce.Job:  map 38% reduce 13%
2025-11-28 20:04:16,561 INFO mapreduce.Job:  map 39% reduce 13%
2025-11-28 20:04:21,679 INFO mapreduce.Job:  map 40% reduce 13%
2025-11-28 20:04:27,846 INFO mapreduce.Job:  map 41% reduce 13%
2025-11-28 20:04:29,898 INFO mapreduce.Job:  map 41% reduce 14%
2025-11-28 20:04:33,997 INFO mapreduce.Job:  map 42% reduce 14%
2025-11-28 20:04:39,109 INFO mapreduce.Job:  map 43% reduce 14%
2025-11-28 20:04:44,189 INFO mapreduce.Job:  map 44% reduce 14%
2025-11-28 20:04:48,301 INFO mapreduce.Job:  map 44% reduce 15%
2025-11-28 20:04:49,315 INFO mapreduce.Job:  map 45% reduce 15%
2025-11-28 20:04:53,426 INFO mapreduce.Job:  map 46% reduce 15%
2025-11-28 20:04:59,595 INFO mapreduce.Job:  map 47% reduce 15%
2025-11-28 20:05:02,702 INFO mapreduce.Job:  map 48% reduce 15%
2025-11-28 20:05:05,788 INFO mapreduce.Job:  map 48% reduce 16%
2025-11-28 20:05:06,818 INFO mapreduce.Job:  map 49% reduce 16%
2025-11-28 20:05:12,975 INFO mapreduce.Job:  map 50% reduce 16%
2025-11-28 20:05:17,066 INFO mapreduce.Job:  map 51% reduce 16%
2025-11-28 20:05:18,110 INFO mapreduce.Job:  map 51% reduce 17%
2025-11-28 20:05:24,314 INFO mapreduce.Job:  map 52% reduce 17%
2025-11-28 20:05:28,408 INFO mapreduce.Job:  map 53% reduce 17%
2025-11-28 20:05:30,455 INFO mapreduce.Job:  map 53% reduce 18%
2025-11-28 20:05:35,851 INFO mapreduce.Job:  map 54% reduce 18%
2025-11-28 20:05:39,932 INFO mapreduce.Job:  map 55% reduce 18%
2025-11-28 20:05:45,081 INFO mapreduce.Job:  map 56% reduce 18%
2025-11-28 20:05:50,241 INFO mapreduce.Job:  map 57% reduce 18%
2025-11-28 20:05:54,310 INFO mapreduce.Job:  map 57% reduce 19%
2025-11-28 20:05:55,320 INFO mapreduce.Job:  map 58% reduce 19%
2025-11-28 20:06:01,481 INFO mapreduce.Job:  map 59% reduce 19%
2025-11-28 20:06:04,539 INFO mapreduce.Job:  map 60% reduce 19%
2025-11-28 20:06:06,598 INFO mapreduce.Job:  map 60% reduce 20%
2025-11-28 20:06:08,641 INFO mapreduce.Job:  map 61% reduce 20%
2025-11-28 20:06:12,766 INFO mapreduce.Job:  map 62% reduce 20%
2025-11-28 20:06:17,908 INFO mapreduce.Job:  map 63% reduce 20%
2025-11-28 20:06:18,959 INFO mapreduce.Job:  map 63% reduce 21%
2025-11-28 20:06:25,191 INFO mapreduce.Job:  map 64% reduce 21%
2025-11-28 20:06:34,500 INFO mapreduce.Job:  map 65% reduce 21%
2025-11-28 20:06:36,577 INFO mapreduce.Job:  map 66% reduce 22%
2025-11-28 20:06:45,039 INFO mapreduce.Job:  map 67% reduce 22%
2025-11-28 20:06:47,198 INFO mapreduce.Job:  map 68% reduce 22%
2025-11-28 20:06:54,378 INFO mapreduce.Job:  map 69% reduce 23%
2025-11-28 20:06:56,487 INFO mapreduce.Job:  map 70% reduce 23%
2025-11-28 20:07:03,316 INFO mapreduce.Job:  map 71% reduce 23%
2025-11-28 20:07:05,392 INFO mapreduce.Job:  map 72% reduce 23%
2025-11-28 20:07:07,472 INFO mapreduce.Job:  map 72% reduce 24%
2025-11-28 20:07:12,602 INFO mapreduce.Job:  map 73% reduce 24%
2025-11-28 20:07:15,759 INFO mapreduce.Job:  map 74% reduce 24%
2025-11-28 20:07:18,834 INFO mapreduce.Job:  map 74% reduce 25%
2025-11-28 20:07:19,849 INFO mapreduce.Job:  map 75% reduce 25%
2025-11-28 20:07:27,122 INFO mapreduce.Job:  map 76% reduce 25%
2025-11-28 20:07:30,620 INFO mapreduce.Job:  map 77% reduce 25%
2025-11-28 20:07:36,963 INFO mapreduce.Job:  map 77% reduce 26%
2025-11-28 20:07:37,974 INFO mapreduce.Job:  map 78% reduce 26%
2025-11-28 20:07:41,086 INFO mapreduce.Job:  map 79% reduce 26%
2025-11-28 20:07:48,651 INFO mapreduce.Job:  map 80% reduce 26%
2025-11-28 20:07:51,709 INFO mapreduce.Job:  map 81% reduce 26%
2025-11-28 20:07:54,791 INFO mapreduce.Job:  map 81% reduce 27%
2025-11-28 20:07:59,974 INFO mapreduce.Job:  map 82% reduce 27%
2025-11-28 20:08:03,017 INFO mapreduce.Job:  map 83% reduce 27%
2025-11-28 20:08:07,192 INFO mapreduce.Job:  map 83% reduce 28%
2025-11-28 20:08:10,241 INFO mapreduce.Job:  map 84% reduce 28%
2025-11-28 20:08:12,276 INFO mapreduce.Job:  map 85% reduce 28%
2025-11-28 20:08:17,472 INFO mapreduce.Job:  map 86% reduce 28%
2025-11-28 20:08:21,622 INFO mapreduce.Job:  map 87% reduce 28%
2025-11-28 20:08:25,722 INFO mapreduce.Job:  map 87% reduce 29%
2025-11-28 20:08:26,763 INFO mapreduce.Job:  map 88% reduce 29%
2025-11-28 20:08:32,933 INFO mapreduce.Job:  map 89% reduce 29%
2025-11-28 20:08:37,047 INFO mapreduce.Job:  map 89% reduce 30%
2025-11-28 20:08:39,326 INFO mapreduce.Job:  map 90% reduce 30%
2025-11-28 20:08:44,633 INFO mapreduce.Job:  map 91% reduce 30%
2025-11-28 20:08:50,995 INFO mapreduce.Job:  map 92% reduce 30%
2025-11-28 20:08:55,176 INFO mapreduce.Job:  map 93% reduce 31%
2025-11-28 20:09:00,347 INFO mapreduce.Job:  map 94% reduce 31%
2025-11-28 20:09:06,571 INFO mapreduce.Job:  map 95% reduce 31%
2025-11-28 20:09:07,594 INFO mapreduce.Job:  map 95% reduce 32%
2025-11-28 20:09:09,715 INFO mapreduce.Job:  map 96% reduce 32%
2025-11-28 20:09:14,987 INFO mapreduce.Job:  map 97% reduce 32%
2025-11-28 20:09:17,045 INFO mapreduce.Job:  map 98% reduce 32%
2025-11-28 20:09:20,144 INFO mapreduce.Job:  map 98% reduce 33%
2025-11-28 20:09:21,155 INFO mapreduce.Job:  map 99% reduce 33%
2025-11-28 20:09:27,324 INFO mapreduce.Job:  map 100% reduce 33%
2025-11-28 20:09:44,268 INFO mapreduce.Job:  map 100% reduce 78%
2025-11-28 20:09:50,318 INFO mapreduce.Job:  map 100% reduce 100%
2025-11-28 20:09:52,402 INFO mapreduce.Job: Job job_1764325814997_0021 completed successfully
2025-11-28 20:09:52,926 INFO mapreduce.Job: Counters: 55
	File System Counters
		FILE: Number of bytes read=251889013
		FILE: Number of bytes written=642111458
		FILE: Number of read operations=0
		FILE: Number of large read operations=0
		FILE: Number of write operations=0
		HDFS: Number of bytes read=519258733
		HDFS: Number of bytes written=47092714
		HDFS: Number of read operations=1505
		HDFS: Number of large read operations=0
		HDFS: Number of write operations=2
		HDFS: Number of bytes read erasure-coded=0
	Job Counters 
		Killed map tasks=2
		Launched map tasks=501
		Launched reduce tasks=1
		Data-local map tasks=501
		Total time spent by all maps in occupied slots (ms)=16430928
		Total time spent by all reduces in occupied slots (ms)=847908
		Total time spent by all map tasks (ms)=8215464
		Total time spent by all reduce tasks (ms)=423954
		Total vcore-milliseconds taken by all map tasks=8215464
		Total vcore-milliseconds taken by all reduce tasks=423954
		Total megabyte-milliseconds taken by all map tasks=8412635136
		Total megabyte-milliseconds taken by all reduce tasks=434128896
	Map-Reduce Framework
		Map input records=2870091
		Map output records=80936717
		Map output bytes=842322768
		Map output materialized bytes=251892007
		Input split bytes=54000
		Combine input records=80936717
		Combine output records=16369856
		Reduce input groups=3027590
		Reduce shuffle bytes=251892007
		Reduce input records=16369856
		Reduce output records=3027590
		Spilled Records=32739712
		Shuffled Maps =500
		Failed Shuffles=0
		Merged Map outputs=500
		GC time elapsed (ms)=141961
		CPU time spent (ms)=611890
		Physical memory (bytes) snapshot=162654683136
		Virtual memory (bytes) snapshot=1296975007744
		Total committed heap usage (bytes)=152010489856
		Peak Map Physical memory (bytes)=357752832
		Peak Map Virtual memory (bytes)=2804867072
		Peak Reduce Physical memory (bytes)=672329728
		Peak Reduce Virtual memory (bytes)=2562334720
	Shuffle Errors
		BAD_ID=0
		CONNECTION=0
		IO_ERROR=0
		WRONG_LENGTH=0
		WRONG_MAP=0
		WRONG_REDUCE=0
	File Input Format Counters 
		Bytes Read=519204733
	File Output Format Counters 
		Bytes Written=47092714
[INFO] MapReduce job finished.
[INFO] Monitor stopped.
