===== Running MapReduce Job =====
Input : /wiki500mb
Output: /_500mb
Slowstart: 0.5
Date  : 2025年 11月 28日 星期五 20:28:54 CST
=================================
2025-11-28 20:28:57,776 INFO client.DefaultNoHARMFailoverProxyProvider: Connecting to ResourceManager at master-wxl/192.168.10.104:8032
2025-11-28 20:28:58,121 INFO mapreduce.JobResourceUploader: Disabling Erasure Coding for path: /tmp/hadoop-yarn/staging/hadoop/.staging/job_1764325814997_0024
2025-11-28 20:28:59,206 INFO input.FileInputFormat: Total input files to process : 500
2025-11-28 20:29:00,100 INFO mapreduce.JobSubmitter: number of splits:500
2025-11-28 20:29:00,312 INFO mapreduce.JobSubmitter: Submitting tokens for job: job_1764325814997_0024
2025-11-28 20:29:00,312 INFO mapreduce.JobSubmitter: Executing with tokens: []
2025-11-28 20:29:00,561 INFO conf.Configuration: resource-types.xml not found
2025-11-28 20:29:00,561 INFO resource.ResourceUtils: Unable to find 'resource-types.xml'.
2025-11-28 20:29:00,637 INFO impl.YarnClientImpl: Submitted application application_1764325814997_0024
2025-11-28 20:29:00,668 INFO mapreduce.Job: The url to track the job: http://master-wxl:8088/proxy/application_1764325814997_0024/
2025-11-28 20:29:00,669 INFO mapreduce.Job: Running job: job_1764325814997_0024
2025-11-28 20:29:04,736 INFO mapreduce.Job: Job job_1764325814997_0024 running in uber mode : false
2025-11-28 20:29:04,737 INFO mapreduce.Job:  map 0% reduce 0%
2025-11-28 20:29:14,926 INFO mapreduce.Job:  map 2% reduce 0%
2025-11-28 20:29:25,059 INFO mapreduce.Job:  map 3% reduce 0%
2025-11-28 20:29:34,169 INFO mapreduce.Job:  map 4% reduce 0%
2025-11-28 20:29:35,182 INFO mapreduce.Job:  map 5% reduce 0%
2025-11-28 20:29:44,293 INFO mapreduce.Job:  map 6% reduce 0%
2025-11-28 20:29:46,317 INFO mapreduce.Job:  map 7% reduce 0%
2025-11-28 20:29:54,419 INFO mapreduce.Job:  map 8% reduce 0%
2025-11-28 20:30:04,541 INFO mapreduce.Job:  map 10% reduce 0%
2025-11-28 20:30:09,596 INFO mapreduce.Job:  map 11% reduce 0%
2025-11-28 20:30:14,659 INFO mapreduce.Job:  map 13% reduce 0%
2025-11-28 20:30:24,771 INFO mapreduce.Job:  map 15% reduce 0%
2025-11-28 20:30:34,892 INFO mapreduce.Job:  map 17% reduce 0%
2025-11-28 20:30:45,003 INFO mapreduce.Job:  map 18% reduce 0%
2025-11-28 20:30:54,101 INFO mapreduce.Job:  map 19% reduce 0%
2025-11-28 20:30:55,113 INFO mapreduce.Job:  map 20% reduce 0%
2025-11-28 20:31:05,217 INFO mapreduce.Job:  map 22% reduce 0%
2025-11-28 20:31:15,363 INFO mapreduce.Job:  map 23% reduce 0%
2025-11-28 20:31:24,459 INFO mapreduce.Job:  map 24% reduce 0%
2025-11-28 20:31:25,471 INFO mapreduce.Job:  map 25% reduce 0%
2025-11-28 20:31:32,554 INFO mapreduce.Job:  map 26% reduce 0%
2025-11-28 20:31:34,579 INFO mapreduce.Job:  map 28% reduce 0%
2025-11-28 20:31:41,677 INFO mapreduce.Job:  map 29% reduce 0%
2025-11-28 20:31:44,710 INFO mapreduce.Job:  map 30% reduce 0%
2025-11-28 20:31:54,841 INFO mapreduce.Job:  map 32% reduce 0%
2025-11-28 20:32:04,957 INFO mapreduce.Job:  map 33% reduce 0%
2025-11-28 20:32:05,967 INFO mapreduce.Job:  map 34% reduce 0%
2025-11-28 20:32:15,069 INFO mapreduce.Job:  map 35% reduce 0%
2025-11-28 20:32:24,167 INFO mapreduce.Job:  map 36% reduce 0%
2025-11-28 20:32:25,179 INFO mapreduce.Job:  map 37% reduce 0%
2025-11-28 20:32:34,273 INFO mapreduce.Job:  map 38% reduce 0%
2025-11-28 20:32:35,288 INFO mapreduce.Job:  map 39% reduce 0%
2025-11-28 20:32:44,391 INFO mapreduce.Job:  map 40% reduce 0%
2025-11-28 20:32:45,403 INFO mapreduce.Job:  map 41% reduce 0%
2025-11-28 20:32:50,455 INFO mapreduce.Job:  map 42% reduce 0%
2025-11-28 20:32:54,498 INFO mapreduce.Job:  map 43% reduce 0%
2025-11-28 20:32:57,533 INFO mapreduce.Job:  map 44% reduce 0%
2025-11-28 20:33:03,604 INFO mapreduce.Job:  map 45% reduce 0%
2025-11-28 20:33:05,626 INFO mapreduce.Job:  map 46% reduce 0%
2025-11-28 20:33:13,713 INFO mapreduce.Job:  map 47% reduce 0%
2025-11-28 20:33:22,808 INFO mapreduce.Job:  map 48% reduce 0%
2025-11-28 20:33:23,820 INFO mapreduce.Job:  map 49% reduce 0%
2025-11-28 20:33:33,920 INFO mapreduce.Job:  map 50% reduce 0%
2025-11-28 20:33:42,007 INFO mapreduce.Job:  map 51% reduce 0%
2025-11-28 20:33:44,026 INFO mapreduce.Job:  map 52% reduce 0%
2025-11-28 20:33:53,141 INFO mapreduce.Job:  map 54% reduce 0%
2025-11-28 20:34:00,211 INFO mapreduce.Job:  map 54% reduce 18%
2025-11-28 20:34:01,220 INFO mapreduce.Job:  map 55% reduce 18%
2025-11-28 20:34:05,267 INFO mapreduce.Job:  map 56% reduce 18%
2025-11-28 20:34:09,307 INFO mapreduce.Job:  map 57% reduce 18%
2025-11-28 20:34:11,328 INFO mapreduce.Job:  map 58% reduce 18%
2025-11-28 20:34:12,338 INFO mapreduce.Job:  map 58% reduce 19%
2025-11-28 20:34:17,390 INFO mapreduce.Job:  map 59% reduce 19%
2025-11-28 20:34:20,437 INFO mapreduce.Job:  map 60% reduce 19%
2025-11-28 20:34:24,481 INFO mapreduce.Job:  map 60% reduce 20%
2025-11-28 20:34:26,505 INFO mapreduce.Job:  map 61% reduce 20%
2025-11-28 20:34:32,569 INFO mapreduce.Job:  map 62% reduce 20%
2025-11-28 20:34:35,601 INFO mapreduce.Job:  map 63% reduce 20%
2025-11-28 20:34:36,611 INFO mapreduce.Job:  map 63% reduce 21%
2025-11-28 20:34:43,692 INFO mapreduce.Job:  map 64% reduce 21%
2025-11-28 20:34:50,772 INFO mapreduce.Job:  map 65% reduce 21%
2025-11-28 20:34:53,804 INFO mapreduce.Job:  map 66% reduce 21%
2025-11-28 20:34:54,817 INFO mapreduce.Job:  map 66% reduce 22%
2025-11-28 20:34:59,867 INFO mapreduce.Job:  map 67% reduce 22%
2025-11-28 20:35:04,917 INFO mapreduce.Job:  map 68% reduce 22%
2025-11-28 20:35:06,937 INFO mapreduce.Job:  map 68% reduce 23%
2025-11-28 20:35:08,956 INFO mapreduce.Job:  map 69% reduce 23%
2025-11-28 20:35:12,091 INFO mapreduce.Job:  map 70% reduce 23%
2025-11-28 20:35:18,151 INFO mapreduce.Job:  map 71% reduce 23%
2025-11-28 20:35:25,224 INFO mapreduce.Job:  map 71% reduce 24%
2025-11-28 20:35:26,234 INFO mapreduce.Job:  map 72% reduce 24%
2025-11-28 20:35:34,348 INFO mapreduce.Job:  map 73% reduce 24%
2025-11-28 20:35:35,357 INFO mapreduce.Job:  map 74% reduce 24%
2025-11-28 20:35:37,378 INFO mapreduce.Job:  map 74% reduce 25%
2025-11-28 20:35:42,430 INFO mapreduce.Job:  map 75% reduce 25%
2025-11-28 20:35:44,457 INFO mapreduce.Job:  map 76% reduce 25%
2025-11-28 20:35:51,528 INFO mapreduce.Job:  map 77% reduce 25%
2025-11-28 20:35:52,538 INFO mapreduce.Job:  map 78% reduce 25%
2025-11-28 20:35:54,558 INFO mapreduce.Job:  map 78% reduce 26%
2025-11-28 20:36:01,630 INFO mapreduce.Job:  map 79% reduce 26%
2025-11-28 20:36:08,704 INFO mapreduce.Job:  map 80% reduce 26%
2025-11-28 20:36:10,723 INFO mapreduce.Job:  map 81% reduce 26%
2025-11-28 20:36:12,743 INFO mapreduce.Job:  map 81% reduce 27%
2025-11-28 20:36:16,781 INFO mapreduce.Job:  map 82% reduce 27%
2025-11-28 20:36:19,810 INFO mapreduce.Job:  map 83% reduce 27%
2025-11-28 20:36:24,863 INFO mapreduce.Job:  map 83% reduce 28%
2025-11-28 20:36:26,883 INFO mapreduce.Job:  map 84% reduce 28%
2025-11-28 20:36:31,933 INFO mapreduce.Job:  map 85% reduce 28%
2025-11-28 20:36:35,979 INFO mapreduce.Job:  map 86% reduce 28%
2025-11-28 20:36:36,991 INFO mapreduce.Job:  map 86% reduce 29%
2025-11-28 20:36:44,058 INFO mapreduce.Job:  map 87% reduce 29%
2025-11-28 20:36:50,117 INFO mapreduce.Job:  map 88% reduce 29%
2025-11-28 20:36:54,158 INFO mapreduce.Job:  map 89% reduce 29%
2025-11-28 20:36:55,169 INFO mapreduce.Job:  map 89% reduce 30%
2025-11-28 20:37:00,225 INFO mapreduce.Job:  map 90% reduce 30%
2025-11-28 20:37:02,253 INFO mapreduce.Job:  map 91% reduce 30%
2025-11-28 20:37:08,316 INFO mapreduce.Job:  map 92% reduce 30%
2025-11-28 20:37:10,340 INFO mapreduce.Job:  map 93% reduce 30%
2025-11-28 20:37:13,371 INFO mapreduce.Job:  map 93% reduce 31%
2025-11-28 20:37:17,414 INFO mapreduce.Job:  map 94% reduce 31%
2025-11-28 20:37:23,479 INFO mapreduce.Job:  map 95% reduce 31%
2025-11-28 20:37:27,526 INFO mapreduce.Job:  map 96% reduce 31%
2025-11-28 20:37:31,567 INFO mapreduce.Job:  map 96% reduce 32%
2025-11-28 20:37:34,599 INFO mapreduce.Job:  map 97% reduce 32%
2025-11-28 20:37:36,619 INFO mapreduce.Job:  map 98% reduce 32%
2025-11-28 20:37:43,686 INFO mapreduce.Job:  map 98% reduce 33%
2025-11-28 20:37:53,784 INFO mapreduce.Job:  map 99% reduce 33%
2025-11-28 20:38:17,020 INFO mapreduce.Job:  map 100% reduce 33%
2025-11-28 20:38:25,112 INFO mapreduce.Job:  map 100% reduce 45%
2025-11-28 20:38:31,296 INFO mapreduce.Job:  map 100% reduce 97%
2025-11-28 20:38:32,308 INFO mapreduce.Job:  map 100% reduce 100%
2025-11-28 20:38:33,342 INFO mapreduce.Job: Job job_1764325814997_0024 completed successfully
2025-11-28 20:38:33,539 INFO mapreduce.Job: Counters: 55
	File System Counters
		FILE: Number of bytes read=251889013
		FILE: Number of bytes written=642111458
		FILE: Number of read operations=0
		FILE: Number of large read operations=0
		FILE: Number of write operations=0
		HDFS: Number of bytes read=519258733
		HDFS: Number of bytes written=47092714
		HDFS: Number of read operations=1505
		HDFS: Number of large read operations=0
		HDFS: Number of write operations=2
		HDFS: Number of bytes read erasure-coded=0
	Job Counters 
		Killed map tasks=4
		Launched map tasks=504
		Launched reduce tasks=1
		Data-local map tasks=504
		Total time spent by all maps in occupied slots (ms)=17336822
		Total time spent by all reduces in occupied slots (ms)=580026
		Total time spent by all map tasks (ms)=8668411
		Total time spent by all reduce tasks (ms)=290013
		Total vcore-milliseconds taken by all map tasks=8668411
		Total vcore-milliseconds taken by all reduce tasks=290013
		Total megabyte-milliseconds taken by all map tasks=8876452864
		Total megabyte-milliseconds taken by all reduce tasks=296973312
	Map-Reduce Framework
		Map input records=2870091
		Map output records=80936717
		Map output bytes=842322768
		Map output materialized bytes=251892007
		Input split bytes=54000
		Combine input records=80936717
		Combine output records=16369856
		Reduce input groups=3027590
		Reduce shuffle bytes=251892007
		Reduce input records=16369856
		Reduce output records=3027590
		Spilled Records=32739712
		Shuffled Maps =500
		Failed Shuffles=0
		Merged Map outputs=500
		GC time elapsed (ms)=144271
		CPU time spent (ms)=629540
		Physical memory (bytes) snapshot=163594297344
		Virtual memory (bytes) snapshot=1297924112384
		Total committed heap usage (bytes)=153117786112
		Peak Map Physical memory (bytes)=491601920
		Peak Map Virtual memory (bytes)=2803654656
		Peak Reduce Physical memory (bytes)=674836480
		Peak Reduce Virtual memory (bytes)=2562899968
	Shuffle Errors
		BAD_ID=0
		CONNECTION=0
		IO_ERROR=0
		WRONG_LENGTH=0
		WRONG_MAP=0
		WRONG_REDUCE=0
	File Input Format Counters 
		Bytes Read=519204733
	File Output Format Counters 
		Bytes Written=47092714
[INFO] MapReduce job finished.
[INFO] Monitor stopped.
