===== Running MapReduce Job =====
Input : /wiki100mb
Output: /_100mb
Slowstart: 1.0
Date  : 2025年 11月 28日 星期五 19:34:44 CST
=================================
2025-11-28 19:34:47,139 INFO client.DefaultNoHARMFailoverProxyProvider: Connecting to ResourceManager at master-wxl/192.168.10.104:8032
2025-11-28 19:34:47,462 INFO mapreduce.JobResourceUploader: Disabling Erasure Coding for path: /tmp/hadoop-yarn/staging/hadoop/.staging/job_1764325814997_0017
2025-11-28 19:34:47,872 INFO input.FileInputFormat: Total input files to process : 100
2025-11-28 19:34:48,046 INFO mapreduce.JobSubmitter: number of splits:100
2025-11-28 19:34:48,272 INFO mapreduce.JobSubmitter: Submitting tokens for job: job_1764325814997_0017
2025-11-28 19:34:48,272 INFO mapreduce.JobSubmitter: Executing with tokens: []
2025-11-28 19:34:48,437 INFO conf.Configuration: resource-types.xml not found
2025-11-28 19:34:48,437 INFO resource.ResourceUtils: Unable to find 'resource-types.xml'.
2025-11-28 19:34:48,507 INFO impl.YarnClientImpl: Submitted application application_1764325814997_0017
2025-11-28 19:34:48,568 INFO mapreduce.Job: The url to track the job: http://master-wxl:8088/proxy/application_1764325814997_0017/
2025-11-28 19:34:48,568 INFO mapreduce.Job: Running job: job_1764325814997_0017
2025-11-28 19:34:51,616 INFO mapreduce.Job: Job job_1764325814997_0017 running in uber mode : false
2025-11-28 19:34:51,617 INFO mapreduce.Job:  map 0% reduce 0%
2025-11-28 19:35:02,806 INFO mapreduce.Job:  map 8% reduce 0%
2025-11-28 19:35:12,945 INFO mapreduce.Job:  map 16% reduce 0%
2025-11-28 19:35:23,072 INFO mapreduce.Job:  map 24% reduce 0%
2025-11-28 19:35:32,184 INFO mapreduce.Job:  map 29% reduce 0%
2025-11-28 19:35:33,198 INFO mapreduce.Job:  map 32% reduce 0%
2025-11-28 19:35:41,297 INFO mapreduce.Job:  map 37% reduce 0%
2025-11-28 19:35:42,308 INFO mapreduce.Job:  map 40% reduce 0%
2025-11-28 19:35:50,401 INFO mapreduce.Job:  map 42% reduce 0%
2025-11-28 19:35:51,413 INFO mapreduce.Job:  map 48% reduce 0%
2025-11-28 19:35:52,424 INFO mapreduce.Job:  map 49% reduce 0%
2025-11-28 19:35:55,460 INFO mapreduce.Job:  map 52% reduce 0%
2025-11-28 19:35:56,473 INFO mapreduce.Job:  map 53% reduce 0%
2025-11-28 19:36:00,529 INFO mapreduce.Job:  map 55% reduce 0%
2025-11-28 19:36:01,543 INFO mapreduce.Job:  map 62% reduce 0%
2025-11-28 19:36:04,579 INFO mapreduce.Job:  map 63% reduce 0%
2025-11-28 19:36:07,615 INFO mapreduce.Job:  map 64% reduce 0%
2025-11-28 19:36:08,626 INFO mapreduce.Job:  map 65% reduce 0%
2025-11-28 19:36:09,639 INFO mapreduce.Job:  map 66% reduce 0%
2025-11-28 19:36:10,653 INFO mapreduce.Job:  map 73% reduce 0%
2025-11-28 19:36:11,666 INFO mapreduce.Job:  map 74% reduce 0%
2025-11-28 19:36:18,751 INFO mapreduce.Job:  map 77% reduce 0%
2025-11-28 19:36:20,774 INFO mapreduce.Job:  map 82% reduce 0%
2025-11-28 19:36:27,861 INFO mapreduce.Job:  map 85% reduce 0%
2025-11-28 19:36:28,874 INFO mapreduce.Job:  map 87% reduce 0%
2025-11-28 19:36:29,886 INFO mapreduce.Job:  map 90% reduce 0%
2025-11-28 19:36:45,061 INFO mapreduce.Job:  map 91% reduce 0%
2025-11-28 19:37:07,310 INFO mapreduce.Job:  map 92% reduce 0%
2025-11-28 19:37:10,347 INFO mapreduce.Job:  map 93% reduce 0%
2025-11-28 19:37:12,368 INFO mapreduce.Job:  map 94% reduce 0%
2025-11-28 19:37:14,390 INFO mapreduce.Job:  map 96% reduce 0%
2025-11-28 19:37:17,422 INFO mapreduce.Job:  map 97% reduce 0%
2025-11-28 19:37:18,434 INFO mapreduce.Job:  map 98% reduce 0%
2025-11-28 19:37:21,467 INFO mapreduce.Job:  map 100% reduce 0%
2025-11-28 19:37:40,731 INFO mapreduce.Job:  map 100% reduce 100%
2025-11-28 19:37:40,753 INFO mapreduce.Job: Job job_1764325814997_0017 completed successfully
2025-11-28 19:37:40,816 INFO mapreduce.Job: Counters: 55
	File System Counters
		FILE: Number of bytes read=45809982
		FILE: Number of bytes written=119507396
		FILE: Number of read operations=0
		FILE: Number of large read operations=0
		FILE: Number of write operations=0
		HDFS: Number of bytes read=102952540
		HDFS: Number of bytes written=9704043
		HDFS: Number of read operations=305
		HDFS: Number of large read operations=0
		HDFS: Number of write operations=2
		HDFS: Number of bytes read erasure-coded=0
	Job Counters 
		Killed map tasks=4
		Launched map tasks=103
		Launched reduce tasks=1
		Data-local map tasks=103
		Total time spent by all maps in occupied slots (ms)=4176530
		Total time spent by all reduces in occupied slots (ms)=31642
		Total time spent by all map tasks (ms)=2088265
		Total time spent by all reduce tasks (ms)=15821
		Total vcore-milliseconds taken by all map tasks=2088265
		Total vcore-milliseconds taken by all reduce tasks=15821
		Total megabyte-milliseconds taken by all map tasks=2138383360
		Total megabyte-milliseconds taken by all reduce tasks=16200704
	Map-Reduce Framework
		Map input records=325576
		Map output records=16208667
		Map output bytes=167752154
		Map output materialized bytes=45810576
		Input split bytes=10800
		Combine input records=16208667
		Combine output records=3055995
		Reduce input groups=781397
		Reduce shuffle bytes=45810576
		Reduce input records=3055995
		Reduce output records=781397
		Spilled Records=6111990
		Shuffled Maps =100
		Failed Shuffles=0
		Merged Map outputs=100
		GC time elapsed (ms)=31109
		CPU time spent (ms)=146110
		Physical memory (bytes) snapshot=32640274432
		Virtual memory (bytes) snapshot=262769840128
		Total committed heap usage (bytes)=30423908352
		Peak Map Physical memory (bytes)=357027840
		Peak Map Virtual memory (bytes)=2803003392
		Peak Reduce Physical memory (bytes)=296701952
		Peak Reduce Virtual memory (bytes)=2801078272
	Shuffle Errors
		BAD_ID=0
		CONNECTION=0
		IO_ERROR=0
		WRONG_LENGTH=0
		WRONG_MAP=0
		WRONG_REDUCE=0
	File Input Format Counters 
		Bytes Read=102941740
	File Output Format Counters 
		Bytes Written=9704043
[INFO] MapReduce job finished.
[INFO] Monitor stopped.
