===== Running MapReduce Job =====
Input : /wiki500mb
Output: /_500mb
Slowstart: 0.5
Date  : 2025年 11月 28日 星期五 20:19:25 CST
=================================
2025-11-28 20:19:28,728 INFO client.DefaultNoHARMFailoverProxyProvider: Connecting to ResourceManager at master-wxl/192.168.10.104:8032
2025-11-28 20:19:29,062 INFO mapreduce.JobResourceUploader: Disabling Erasure Coding for path: /tmp/hadoop-yarn/staging/hadoop/.staging/job_1764325814997_0023
2025-11-28 20:19:29,871 INFO input.FileInputFormat: Total input files to process : 500
2025-11-28 20:19:30,071 INFO mapreduce.JobSubmitter: number of splits:500
2025-11-28 20:19:30,242 INFO mapreduce.JobSubmitter: Submitting tokens for job: job_1764325814997_0023
2025-11-28 20:19:30,243 INFO mapreduce.JobSubmitter: Executing with tokens: []
2025-11-28 20:19:30,429 INFO conf.Configuration: resource-types.xml not found
2025-11-28 20:19:30,430 INFO resource.ResourceUtils: Unable to find 'resource-types.xml'.
2025-11-28 20:19:30,503 INFO impl.YarnClientImpl: Submitted application application_1764325814997_0023
2025-11-28 20:19:30,561 INFO mapreduce.Job: The url to track the job: http://master-wxl:8088/proxy/application_1764325814997_0023/
2025-11-28 20:19:30,561 INFO mapreduce.Job: Running job: job_1764325814997_0023
2025-11-28 20:19:34,641 INFO mapreduce.Job: Job job_1764325814997_0023 running in uber mode : false
2025-11-28 20:19:34,643 INFO mapreduce.Job:  map 0% reduce 0%
2025-11-28 20:19:45,817 INFO mapreduce.Job:  map 1% reduce 0%
2025-11-28 20:19:46,831 INFO mapreduce.Job:  map 2% reduce 0%
2025-11-28 20:19:56,948 INFO mapreduce.Job:  map 3% reduce 0%
2025-11-28 20:20:07,064 INFO mapreduce.Job:  map 5% reduce 0%
2025-11-28 20:20:17,192 INFO mapreduce.Job:  map 6% reduce 0%
2025-11-28 20:20:26,307 INFO mapreduce.Job:  map 7% reduce 0%
2025-11-28 20:20:27,328 INFO mapreduce.Job:  map 8% reduce 0%
2025-11-28 20:20:36,438 INFO mapreduce.Job:  map 9% reduce 0%
2025-11-28 20:20:37,452 INFO mapreduce.Job:  map 10% reduce 0%
2025-11-28 20:20:38,469 INFO mapreduce.Job:  map 11% reduce 0%
2025-11-28 20:20:47,580 INFO mapreduce.Job:  map 12% reduce 0%
2025-11-28 20:20:51,633 INFO mapreduce.Job:  map 13% reduce 0%
2025-11-28 20:20:56,703 INFO mapreduce.Job:  map 14% reduce 0%
2025-11-28 20:20:57,717 INFO mapreduce.Job:  map 15% reduce 0%
2025-11-28 20:21:07,844 INFO mapreduce.Job:  map 16% reduce 0%
2025-11-28 20:21:15,941 INFO mapreduce.Job:  map 17% reduce 0%
2025-11-28 20:21:16,955 INFO mapreduce.Job:  map 18% reduce 0%
2025-11-28 20:21:26,059 INFO mapreduce.Job:  map 19% reduce 0%
2025-11-28 20:21:27,072 INFO mapreduce.Job:  map 20% reduce 0%
2025-11-28 20:21:36,190 INFO mapreduce.Job:  map 21% reduce 0%
2025-11-28 20:21:45,422 INFO mapreduce.Job:  map 22% reduce 0%
2025-11-28 20:21:46,434 INFO mapreduce.Job:  map 23% reduce 0%
2025-11-28 20:21:55,547 INFO mapreduce.Job:  map 24% reduce 0%
2025-11-28 20:21:56,558 INFO mapreduce.Job:  map 25% reduce 0%
2025-11-28 20:22:05,700 INFO mapreduce.Job:  map 26% reduce 0%
2025-11-28 20:22:06,715 INFO mapreduce.Job:  map 27% reduce 0%
2025-11-28 20:22:10,763 INFO mapreduce.Job:  map 28% reduce 0%
2025-11-28 20:22:16,878 INFO mapreduce.Job:  map 29% reduce 0%
2025-11-28 20:22:18,899 INFO mapreduce.Job:  map 30% reduce 0%
2025-11-28 20:22:26,994 INFO mapreduce.Job:  map 31% reduce 0%
2025-11-28 20:22:36,090 INFO mapreduce.Job:  map 33% reduce 0%
2025-11-28 20:22:46,216 INFO mapreduce.Job:  map 34% reduce 0%
2025-11-28 20:22:54,302 INFO mapreduce.Job:  map 35% reduce 0%
2025-11-28 20:22:56,327 INFO mapreduce.Job:  map 36% reduce 0%
2025-11-28 20:23:03,401 INFO mapreduce.Job:  map 37% reduce 0%
2025-11-28 20:23:06,432 INFO mapreduce.Job:  map 38% reduce 0%
2025-11-28 20:23:12,502 INFO mapreduce.Job:  map 39% reduce 0%
2025-11-28 20:23:15,532 INFO mapreduce.Job:  map 40% reduce 0%
2025-11-28 20:23:21,599 INFO mapreduce.Job:  map 41% reduce 0%
2025-11-28 20:23:24,627 INFO mapreduce.Job:  map 42% reduce 0%
2025-11-28 20:23:28,673 INFO mapreduce.Job:  map 43% reduce 0%
2025-11-28 20:23:34,737 INFO mapreduce.Job:  map 44% reduce 0%
2025-11-28 20:23:37,772 INFO mapreduce.Job:  map 45% reduce 0%
2025-11-28 20:23:43,836 INFO mapreduce.Job:  map 46% reduce 0%
2025-11-28 20:23:48,890 INFO mapreduce.Job:  map 47% reduce 0%
2025-11-28 20:23:55,971 INFO mapreduce.Job:  map 48% reduce 0%
2025-11-28 20:24:02,039 INFO mapreduce.Job:  map 49% reduce 0%
2025-11-28 20:24:07,092 INFO mapreduce.Job:  map 50% reduce 0%
2025-11-28 20:24:14,163 INFO mapreduce.Job:  map 51% reduce 0%
2025-11-28 20:24:19,239 INFO mapreduce.Job:  map 52% reduce 0%
2025-11-28 20:24:25,312 INFO mapreduce.Job:  map 53% reduce 0%
2025-11-28 20:24:29,352 INFO mapreduce.Job:  map 53% reduce 18%
2025-11-28 20:24:30,363 INFO mapreduce.Job:  map 54% reduce 18%
2025-11-28 20:24:33,395 INFO mapreduce.Job:  map 55% reduce 18%
2025-11-28 20:24:39,451 INFO mapreduce.Job:  map 56% reduce 18%
2025-11-28 20:24:41,472 INFO mapreduce.Job:  map 57% reduce 18%
2025-11-28 20:24:46,528 INFO mapreduce.Job:  map 58% reduce 18%
2025-11-28 20:24:47,538 INFO mapreduce.Job:  map 58% reduce 19%
2025-11-28 20:24:50,569 INFO mapreduce.Job:  map 59% reduce 19%
2025-11-28 20:24:53,597 INFO mapreduce.Job:  map 59% reduce 20%
2025-11-28 20:24:58,652 INFO mapreduce.Job:  map 60% reduce 20%
2025-11-28 20:24:59,663 INFO mapreduce.Job:  map 61% reduce 20%
2025-11-28 20:25:07,744 INFO mapreduce.Job:  map 62% reduce 20%
2025-11-28 20:25:11,786 INFO mapreduce.Job:  map 62% reduce 21%
2025-11-28 20:25:15,830 INFO mapreduce.Job:  map 63% reduce 21%
2025-11-28 20:25:17,851 INFO mapreduce.Job:  map 64% reduce 21%
2025-11-28 20:25:24,920 INFO mapreduce.Job:  map 65% reduce 21%
2025-11-28 20:25:29,971 INFO mapreduce.Job:  map 65% reduce 22%
2025-11-28 20:25:33,004 INFO mapreduce.Job:  map 66% reduce 22%
2025-11-28 20:25:36,036 INFO mapreduce.Job:  map 67% reduce 22%
2025-11-28 20:25:42,101 INFO mapreduce.Job:  map 68% reduce 22%
2025-11-28 20:25:46,140 INFO mapreduce.Job:  map 69% reduce 22%
2025-11-28 20:25:48,159 INFO mapreduce.Job:  map 69% reduce 23%
2025-11-28 20:25:50,183 INFO mapreduce.Job:  map 70% reduce 23%
2025-11-28 20:25:55,237 INFO mapreduce.Job:  map 71% reduce 23%
2025-11-28 20:25:59,283 INFO mapreduce.Job:  map 72% reduce 23%
2025-11-28 20:26:00,291 INFO mapreduce.Job:  map 72% reduce 24%
2025-11-28 20:26:06,371 INFO mapreduce.Job:  map 73% reduce 24%
2025-11-28 20:26:08,392 INFO mapreduce.Job:  map 74% reduce 24%
2025-11-28 20:26:12,435 INFO mapreduce.Job:  map 74% reduce 25%
2025-11-28 20:26:16,476 INFO mapreduce.Job:  map 75% reduce 25%
2025-11-28 20:26:17,487 INFO mapreduce.Job:  map 76% reduce 25%
2025-11-28 20:26:25,569 INFO mapreduce.Job:  map 77% reduce 25%
2025-11-28 20:26:29,610 INFO mapreduce.Job:  map 77% reduce 26%
2025-11-28 20:26:32,642 INFO mapreduce.Job:  map 78% reduce 26%
2025-11-28 20:26:34,663 INFO mapreduce.Job:  map 79% reduce 26%
2025-11-28 20:26:42,739 INFO mapreduce.Job:  map 80% reduce 26%
2025-11-28 20:26:47,802 INFO mapreduce.Job:  map 80% reduce 27%
2025-11-28 20:26:48,811 INFO mapreduce.Job:  map 81% reduce 27%
2025-11-28 20:26:54,870 INFO mapreduce.Job:  map 82% reduce 27%
2025-11-28 20:26:58,910 INFO mapreduce.Job:  map 83% reduce 27%
2025-11-28 20:27:02,950 INFO mapreduce.Job:  map 84% reduce 27%
2025-11-28 20:27:05,985 INFO mapreduce.Job:  map 84% reduce 28%
2025-11-28 20:27:10,027 INFO mapreduce.Job:  map 85% reduce 28%
2025-11-28 20:27:15,088 INFO mapreduce.Job:  map 86% reduce 28%
2025-11-28 20:27:18,120 INFO mapreduce.Job:  map 86% reduce 29%
2025-11-28 20:27:19,130 INFO mapreduce.Job:  map 87% reduce 29%
2025-11-28 20:27:24,182 INFO mapreduce.Job:  map 88% reduce 29%
2025-11-28 20:27:27,211 INFO mapreduce.Job:  map 89% reduce 29%
2025-11-28 20:27:30,242 INFO mapreduce.Job:  map 89% reduce 30%
2025-11-28 20:27:33,275 INFO mapreduce.Job:  map 90% reduce 30%
2025-11-28 20:27:36,305 INFO mapreduce.Job:  map 91% reduce 30%
2025-11-28 20:27:44,390 INFO mapreduce.Job:  map 92% reduce 30%
2025-11-28 20:27:48,428 INFO mapreduce.Job:  map 92% reduce 31%
2025-11-28 20:27:50,452 INFO mapreduce.Job:  map 93% reduce 31%
2025-11-28 20:27:58,532 INFO mapreduce.Job:  map 94% reduce 31%
2025-11-28 20:28:01,564 INFO mapreduce.Job:  map 95% reduce 31%
2025-11-28 20:28:06,617 INFO mapreduce.Job:  map 95% reduce 32%
2025-11-28 20:28:07,627 INFO mapreduce.Job:  map 96% reduce 32%
2025-11-28 20:28:14,700 INFO mapreduce.Job:  map 97% reduce 32%
2025-11-28 20:28:17,730 INFO mapreduce.Job:  map 98% reduce 32%
2025-11-28 20:28:18,741 INFO mapreduce.Job:  map 98% reduce 33%
2025-11-28 20:28:20,763 INFO mapreduce.Job:  map 99% reduce 33%
2025-11-28 20:28:35,922 INFO mapreduce.Job:  map 100% reduce 33%
2025-11-28 20:28:42,003 INFO mapreduce.Job:  map 100% reduce 49%
2025-11-28 20:28:48,196 INFO mapreduce.Job:  map 100% reduce 96%
2025-11-28 20:28:50,274 INFO mapreduce.Job:  map 100% reduce 100%
2025-11-28 20:28:51,299 INFO mapreduce.Job: Job job_1764325814997_0023 completed successfully
2025-11-28 20:28:51,376 INFO mapreduce.Job: Counters: 55
	File System Counters
		FILE: Number of bytes read=251889013
		FILE: Number of bytes written=642111458
		FILE: Number of read operations=0
		FILE: Number of large read operations=0
		FILE: Number of write operations=0
		HDFS: Number of bytes read=519258733
		HDFS: Number of bytes written=47092714
		HDFS: Number of read operations=1505
		HDFS: Number of large read operations=0
		HDFS: Number of write operations=2
		HDFS: Number of bytes read erasure-coded=0
	Job Counters 
		Killed map tasks=2
		Launched map tasks=502
		Launched reduce tasks=1
		Data-local map tasks=502
		Total time spent by all maps in occupied slots (ms)=17449652
		Total time spent by all reduces in occupied slots (ms)=556560
		Total time spent by all map tasks (ms)=8724826
		Total time spent by all reduce tasks (ms)=278280
		Total vcore-milliseconds taken by all map tasks=8724826
		Total vcore-milliseconds taken by all reduce tasks=278280
		Total megabyte-milliseconds taken by all map tasks=8934221824
		Total megabyte-milliseconds taken by all reduce tasks=284958720
	Map-Reduce Framework
		Map input records=2870091
		Map output records=80936717
		Map output bytes=842322768
		Map output materialized bytes=251892007
		Input split bytes=54000
		Combine input records=80936717
		Combine output records=16369856
		Reduce input groups=3027590
		Reduce shuffle bytes=251892007
		Reduce input records=16369856
		Reduce output records=3027590
		Spilled Records=32739712
		Shuffled Maps =500
		Failed Shuffles=0
		Merged Map outputs=500
		GC time elapsed (ms)=150096
		CPU time spent (ms)=636380
		Physical memory (bytes) snapshot=163051991040
		Virtual memory (bytes) snapshot=1297866186752
		Total committed heap usage (bytes)=152132648960
		Peak Map Physical memory (bytes)=506400768
		Peak Map Virtual memory (bytes)=2803290112
		Peak Reduce Physical memory (bytes)=676716544
		Peak Reduce Virtual memory (bytes)=2561433600
	Shuffle Errors
		BAD_ID=0
		CONNECTION=0
		IO_ERROR=0
		WRONG_LENGTH=0
		WRONG_MAP=0
		WRONG_REDUCE=0
	File Input Format Counters 
		Bytes Read=519204733
	File Output Format Counters 
		Bytes Written=47092714
[INFO] MapReduce job finished.
[INFO] Monitor stopped.
