===== Running MapReduce Job =====
Input : /wiki1G/AA/*
Output: /_100mb
Slowstart: 0.2
Date  : 2025年 11月 28日 星期五 01:30:46 CST
=================================
2025-11-28 01:30:50,117 INFO client.DefaultNoHARMFailoverProxyProvider: Connecting to ResourceManager at master-wxl/192.168.10.104:8032
2025-11-28 01:30:50,478 INFO mapreduce.JobResourceUploader: Disabling Erasure Coding for path: /tmp/hadoop-yarn/staging/hadoop/.staging/job_1764264570892_0001
2025-11-28 01:30:51,775 INFO input.FileInputFormat: Total input files to process : 100
2025-11-28 01:30:52,286 INFO mapreduce.JobSubmitter: number of splits:100
2025-11-28 01:30:52,500 INFO mapreduce.JobSubmitter: Submitting tokens for job: job_1764264570892_0001
2025-11-28 01:30:52,500 INFO mapreduce.JobSubmitter: Executing with tokens: []
2025-11-28 01:30:52,658 INFO conf.Configuration: resource-types.xml not found
2025-11-28 01:30:52,659 INFO resource.ResourceUtils: Unable to find 'resource-types.xml'.
2025-11-28 01:30:52,951 INFO impl.YarnClientImpl: Submitted application application_1764264570892_0001
2025-11-28 01:30:53,051 INFO mapreduce.Job: The url to track the job: http://master-wxl:8088/proxy/application_1764264570892_0001/
2025-11-28 01:30:53,052 INFO mapreduce.Job: Running job: job_1764264570892_0001
2025-11-28 01:30:57,162 INFO mapreduce.Job: Job job_1764264570892_0001 running in uber mode : false
2025-11-28 01:30:57,165 INFO mapreduce.Job:  map 0% reduce 0%
2025-11-28 01:31:09,359 INFO mapreduce.Job:  map 7% reduce 0%
2025-11-28 01:31:10,372 INFO mapreduce.Job:  map 8% reduce 0%
2025-11-28 01:31:18,612 INFO mapreduce.Job:  map 10% reduce 0%
2025-11-28 01:31:19,626 INFO mapreduce.Job:  map 16% reduce 0%
2025-11-28 01:31:29,745 INFO mapreduce.Job:  map 24% reduce 0%
2025-11-28 01:31:31,767 INFO mapreduce.Job:  map 26% reduce 0%
2025-11-28 01:31:32,782 INFO mapreduce.Job:  map 31% reduce 0%
2025-11-28 01:31:33,817 INFO mapreduce.Job:  map 34% reduce 0%
2025-11-28 01:31:38,874 INFO mapreduce.Job:  map 42% reduce 0%
2025-11-28 01:31:44,953 INFO mapreduce.Job:  map 43% reduce 0%
2025-11-28 01:31:47,988 INFO mapreduce.Job:  map 44% reduce 0%
2025-11-28 01:31:49,000 INFO mapreduce.Job:  map 50% reduce 0%
2025-11-28 01:31:53,114 INFO mapreduce.Job:  map 51% reduce 0%
2025-11-28 01:31:58,172 INFO mapreduce.Job:  map 54% reduce 0%
2025-11-28 01:31:59,197 INFO mapreduce.Job:  map 59% reduce 0%
2025-11-28 01:32:00,211 INFO mapreduce.Job:  map 60% reduce 0%
2025-11-28 01:32:01,225 INFO mapreduce.Job:  map 65% reduce 0%
2025-11-28 01:32:02,239 INFO mapreduce.Job:  map 68% reduce 22%
2025-11-28 01:32:07,303 INFO mapreduce.Job:  map 69% reduce 22%
2025-11-28 01:32:08,317 INFO mapreduce.Job:  map 72% reduce 22%
2025-11-28 01:32:09,328 INFO mapreduce.Job:  map 75% reduce 24%
2025-11-28 01:32:11,350 INFO mapreduce.Job:  map 76% reduce 24%
2025-11-28 01:32:14,385 INFO mapreduce.Job:  map 77% reduce 24%
2025-11-28 01:32:15,816 INFO mapreduce.Job:  map 81% reduce 25%
2025-11-28 01:32:16,829 INFO mapreduce.Job:  map 82% reduce 25%
2025-11-28 01:32:18,854 INFO mapreduce.Job:  map 83% reduce 25%
2025-11-28 01:32:20,876 INFO mapreduce.Job:  map 83% reduce 27%
2025-11-28 01:32:23,911 INFO mapreduce.Job:  map 87% reduce 27%
2025-11-28 01:32:25,933 INFO mapreduce.Job:  map 89% reduce 27%
2025-11-28 01:32:26,945 INFO mapreduce.Job:  map 89% reduce 28%
2025-11-28 01:32:27,958 INFO mapreduce.Job:  map 93% reduce 28%
2025-11-28 01:32:28,973 INFO mapreduce.Job:  map 97% reduce 28%
2025-11-28 01:32:29,984 INFO mapreduce.Job:  map 98% reduce 28%
2025-11-28 01:32:30,998 INFO mapreduce.Job:  map 99% reduce 28%
2025-11-28 01:32:32,013 INFO mapreduce.Job:  map 100% reduce 28%
2025-11-28 01:32:33,025 INFO mapreduce.Job:  map 100% reduce 48%
2025-11-28 01:32:36,122 INFO mapreduce.Job:  map 100% reduce 100%
2025-11-28 01:32:37,153 INFO mapreduce.Job: Job job_1764264570892_0001 completed successfully
2025-11-28 01:32:37,232 INFO mapreduce.Job: Counters: 55
	File System Counters
		FILE: Number of bytes read=45809982
		FILE: Number of bytes written=119488715
		FILE: Number of read operations=0
		FILE: Number of large read operations=0
		FILE: Number of write operations=0
		HDFS: Number of bytes read=102952240
		HDFS: Number of bytes written=9704043
		HDFS: Number of read operations=305
		HDFS: Number of large read operations=0
		HDFS: Number of write operations=2
		HDFS: Number of bytes read erasure-coded=0
	Job Counters 
		Killed map tasks=2
		Launched map tasks=102
		Launched reduce tasks=1
		Data-local map tasks=102
		Total time spent by all maps in occupied slots (ms)=4450474
		Total time spent by all reduces in occupied slots (ms)=124410
		Total time spent by all map tasks (ms)=2225237
		Total time spent by all reduce tasks (ms)=62205
		Total vcore-milliseconds taken by all map tasks=2225237
		Total vcore-milliseconds taken by all reduce tasks=62205
		Total megabyte-milliseconds taken by all map tasks=2278642688
		Total megabyte-milliseconds taken by all reduce tasks=63697920
	Map-Reduce Framework
		Map input records=325576
		Map output records=16208667
		Map output bytes=167752154
		Map output materialized bytes=45810576
		Input split bytes=10500
		Combine input records=16208667
		Combine output records=3055995
		Reduce input groups=781397
		Reduce shuffle bytes=45810576
		Reduce input records=3055995
		Reduce output records=781397
		Spilled Records=6111990
		Shuffled Maps =100
		Failed Shuffles=0
		Merged Map outputs=100
		GC time elapsed (ms)=50622
		CPU time spent (ms)=130900
		Physical memory (bytes) snapshot=33186201600
		Virtual memory (bytes) snapshot=260085141504
		Total committed heap usage (bytes)=31170494464
		Peak Map Physical memory (bytes)=485056512
		Peak Map Virtual memory (bytes)=2802999296
		Peak Reduce Physical memory (bytes)=343822336
		Peak Reduce Virtual memory (bytes)=2562912256
	Shuffle Errors
		BAD_ID=0
		CONNECTION=0
		IO_ERROR=0
		WRONG_LENGTH=0
		WRONG_MAP=0
		WRONG_REDUCE=0
	File Input Format Counters 
		Bytes Read=102941740
	File Output Format Counters 
		Bytes Written=9704043
