===== Running MapReduce Job =====
Input : /wiki5G
Output: /_5G
Slowstart: 0.5
Date  : 2025年 11月 28日 星期五 06:11:20 CST
=================================
2025-11-28 06:11:24,807 INFO client.DefaultNoHARMFailoverProxyProvider: Connecting to ResourceManager at master-wxl/192.168.10.104:8032
2025-11-28 06:11:25,988 INFO mapreduce.JobResourceUploader: Disabling Erasure Coding for path: /tmp/hadoop-yarn/staging/hadoop/.staging/job_1764264570892_0013
2025-11-28 06:11:27,856 INFO input.FileInputFormat: Total input files to process : 5143
2025-11-28 06:11:30,494 INFO mapreduce.JobSubmitter: number of splits:5143
2025-11-28 06:11:31,791 INFO mapreduce.JobSubmitter: Submitting tokens for job: job_1764264570892_0013
2025-11-28 06:11:31,791 INFO mapreduce.JobSubmitter: Executing with tokens: []
2025-11-28 06:11:31,945 INFO conf.Configuration: resource-types.xml not found
2025-11-28 06:11:31,945 INFO resource.ResourceUtils: Unable to find 'resource-types.xml'.
2025-11-28 06:11:32,013 INFO impl.YarnClientImpl: Submitted application application_1764264570892_0013
2025-11-28 06:11:32,049 INFO mapreduce.Job: The url to track the job: http://master-wxl:8088/proxy/application_1764264570892_0013/
2025-11-28 06:11:32,049 INFO mapreduce.Job: Running job: job_1764264570892_0013
2025-11-28 06:11:39,288 INFO mapreduce.Job: Job job_1764264570892_0013 running in uber mode : false
2025-11-28 06:11:39,289 INFO mapreduce.Job:  map 0% reduce 0%
2025-11-28 06:12:13,457 INFO mapreduce.Job:  map 1% reduce 0%
2025-11-28 06:12:57,199 INFO mapreduce.Job:  map 2% reduce 0%
2025-11-28 06:13:40,854 INFO mapreduce.Job:  map 3% reduce 0%
2025-11-28 06:14:20,415 INFO mapreduce.Job:  map 4% reduce 0%
2025-11-28 06:15:07,203 INFO mapreduce.Job:  map 5% reduce 0%
2025-11-28 06:15:45,711 INFO mapreduce.Job:  map 6% reduce 0%
2025-11-28 06:16:28,436 INFO mapreduce.Job:  map 7% reduce 0%
2025-11-28 06:17:10,070 INFO mapreduce.Job:  map 8% reduce 0%
2025-11-28 06:17:49,569 INFO mapreduce.Job:  map 9% reduce 0%
2025-11-28 06:18:35,172 INFO mapreduce.Job:  map 10% reduce 0%
2025-11-28 06:19:15,647 INFO mapreduce.Job:  map 11% reduce 0%
2025-11-28 06:20:03,304 INFO mapreduce.Job:  map 12% reduce 0%
2025-11-28 06:20:47,851 INFO mapreduce.Job:  map 13% reduce 0%
2025-11-28 06:21:30,407 INFO mapreduce.Job:  map 14% reduce 0%
2025-11-28 06:22:19,012 INFO mapreduce.Job:  map 15% reduce 0%
2025-11-28 06:23:01,712 INFO mapreduce.Job:  map 16% reduce 0%
2025-11-28 06:23:45,344 INFO mapreduce.Job:  map 17% reduce 0%
2025-11-28 06:24:33,228 INFO mapreduce.Job:  map 18% reduce 0%
2025-11-28 06:25:11,674 INFO mapreduce.Job:  map 19% reduce 0%
2025-11-28 06:25:57,327 INFO mapreduce.Job:  map 20% reduce 0%
2025-11-28 06:26:38,949 INFO mapreduce.Job:  map 21% reduce 0%
2025-11-28 06:27:24,460 INFO mapreduce.Job:  map 22% reduce 0%
2025-11-28 06:28:09,334 INFO mapreduce.Job:  map 23% reduce 0%
2025-11-28 06:28:50,948 INFO mapreduce.Job:  map 24% reduce 0%
2025-11-28 06:29:34,475 INFO mapreduce.Job:  map 25% reduce 0%
2025-11-28 06:30:18,158 INFO mapreduce.Job:  map 26% reduce 0%
2025-11-28 06:30:59,782 INFO mapreduce.Job:  map 27% reduce 0%
2025-11-28 06:31:46,508 INFO mapreduce.Job:  map 28% reduce 0%
2025-11-28 06:32:26,989 INFO mapreduce.Job:  map 29% reduce 0%
2025-11-28 06:33:11,701 INFO mapreduce.Job:  map 30% reduce 0%
2025-11-28 06:33:57,361 INFO mapreduce.Job:  map 31% reduce 0%
2025-11-28 06:34:38,844 INFO mapreduce.Job:  map 32% reduce 0%
2025-11-28 06:35:22,680 INFO mapreduce.Job:  map 33% reduce 0%
2025-11-28 06:36:02,257 INFO mapreduce.Job:  map 34% reduce 0%
2025-11-28 06:36:50,080 INFO mapreduce.Job:  map 35% reduce 0%
2025-11-28 06:37:32,545 INFO mapreduce.Job:  map 36% reduce 0%
2025-11-28 06:38:16,203 INFO mapreduce.Job:  map 37% reduce 0%
2025-11-28 06:39:01,148 INFO mapreduce.Job:  map 38% reduce 0%
2025-11-28 06:39:45,688 INFO mapreduce.Job:  map 39% reduce 0%
2025-11-28 06:40:27,215 INFO mapreduce.Job:  map 40% reduce 0%
2025-11-28 06:41:15,045 INFO mapreduce.Job:  map 41% reduce 0%
2025-11-28 06:41:51,588 INFO mapreduce.Job:  map 42% reduce 0%
2025-11-28 06:42:37,156 INFO mapreduce.Job:  map 43% reduce 0%
2025-11-28 06:43:15,665 INFO mapreduce.Job:  map 44% reduce 0%
2025-11-28 06:43:59,375 INFO mapreduce.Job:  map 45% reduce 0%
2025-11-28 06:44:43,851 INFO mapreduce.Job:  map 46% reduce 0%
2025-11-28 06:45:28,566 INFO mapreduce.Job:  map 47% reduce 0%
2025-11-28 06:46:11,193 INFO mapreduce.Job:  map 48% reduce 0%
2025-11-28 06:46:56,945 INFO mapreduce.Job:  map 49% reduce 0%
2025-11-28 06:47:42,480 INFO mapreduce.Job:  map 50% reduce 0%
2025-11-28 06:48:30,188 INFO mapreduce.Job:  map 51% reduce 0%
2025-11-28 06:48:41,576 INFO mapreduce.Job:  map 51% reduce 5%
2025-11-28 06:49:14,127 INFO mapreduce.Job:  map 52% reduce 5%
2025-11-28 06:50:03,721 INFO mapreduce.Job:  map 53% reduce 5%
2025-11-28 06:50:23,079 INFO mapreduce.Job:  map 53% reduce 7%
2025-11-28 06:50:30,325 INFO mapreduce.Job:  map 53% reduce 9%
2025-11-28 06:50:46,522 INFO mapreduce.Job:  map 54% reduce 9%
2025-11-28 06:51:28,151 INFO mapreduce.Job:  map 55% reduce 9%
2025-11-28 06:51:57,785 INFO mapreduce.Job:  map 55% reduce 10%
2025-11-28 06:52:04,074 INFO mapreduce.Job:  map 55% reduce 12%
2025-11-28 06:52:10,255 INFO mapreduce.Job:  map 55% reduce 13%
2025-11-28 06:52:16,318 INFO mapreduce.Job:  map 56% reduce 13%
2025-11-28 06:52:59,787 INFO mapreduce.Job:  map 57% reduce 13%
2025-11-28 06:53:43,764 INFO mapreduce.Job:  map 57% reduce 15%
2025-11-28 06:53:49,017 INFO mapreduce.Job:  map 58% reduce 15%
2025-11-28 06:53:50,061 INFO mapreduce.Job:  map 58% reduce 17%
2025-11-28 06:53:56,215 INFO mapreduce.Job:  map 58% reduce 18%
2025-11-28 06:54:33,611 INFO mapreduce.Job:  map 59% reduce 18%
2025-11-28 06:55:19,438 INFO mapreduce.Job:  map 60% reduce 18%
2025-11-28 06:55:30,708 INFO mapreduce.Job:  map 60% reduce 19%
2025-11-28 06:55:32,873 INFO mapreduce.Job:  map 46% reduce 0%
2025-11-28 06:55:33,888 INFO mapreduce.Job:  map 44% reduce 0%
2025-11-28 06:56:18,508 INFO mapreduce.Job:  map 45% reduce 0%
2025-11-28 06:57:16,269 INFO mapreduce.Job:  map 46% reduce 0%
2025-11-28 06:58:15,204 INFO mapreduce.Job:  map 47% reduce 0%
2025-11-28 06:59:15,956 INFO mapreduce.Job:  map 48% reduce 0%
2025-11-28 07:00:12,840 INFO mapreduce.Job:  map 49% reduce 0%
2025-11-28 07:01:16,727 INFO mapreduce.Job:  map 50% reduce 0%
2025-11-28 07:02:15,645 INFO mapreduce.Job:  map 51% reduce 0%
2025-11-28 07:03:15,546 INFO mapreduce.Job:  map 52% reduce 0%
2025-11-28 07:04:12,266 INFO mapreduce.Job:  map 53% reduce 0%
2025-11-28 07:05:17,228 INFO mapreduce.Job:  map 54% reduce 0%
2025-11-28 07:06:14,051 INFO mapreduce.Job:  map 55% reduce 0%
2025-11-28 07:07:12,815 INFO mapreduce.Job:  map 56% reduce 0%
2025-11-28 07:08:11,745 INFO mapreduce.Job:  map 57% reduce 0%
2025-11-28 07:09:16,526 INFO mapreduce.Job:  map 58% reduce 0%
2025-11-28 07:10:13,356 INFO mapreduce.Job:  map 59% reduce 0%
2025-11-28 07:11:14,348 INFO mapreduce.Job:  map 60% reduce 0%
2025-11-28 07:11:58,866 INFO mapreduce.Job:  map 60% reduce 5%
2025-11-28 07:12:16,379 INFO mapreduce.Job:  map 60% reduce 9%
2025-11-28 07:12:21,430 INFO mapreduce.Job:  map 61% reduce 9%
2025-11-28 07:12:40,680 INFO mapreduce.Job:  map 61% reduce 13%
2025-11-28 07:13:04,973 INFO mapreduce.Job:  map 61% reduce 17%
2025-11-28 07:13:29,260 INFO mapreduce.Job:  map 62% reduce 19%
2025-11-28 07:13:35,392 INFO mapreduce.Job:  map 62% reduce 20%
2025-11-28 07:13:53,683 INFO mapreduce.Job:  map 62% reduce 21%
2025-11-28 07:14:27,378 INFO mapreduce.Job:  map 63% reduce 21%
2025-11-28 07:15:25,127 INFO mapreduce.Job:  map 64% reduce 21%
2025-11-28 07:16:27,839 INFO mapreduce.Job:  map 65% reduce 21%
2025-11-28 07:16:35,921 INFO mapreduce.Job:  map 65% reduce 22%
2025-11-28 07:17:23,613 INFO mapreduce.Job:  map 66% reduce 22%
2025-11-28 07:18:27,475 INFO mapreduce.Job:  map 67% reduce 22%
2025-11-28 07:19:29,410 INFO mapreduce.Job:  map 68% reduce 22%
2025-11-28 07:19:30,420 INFO mapreduce.Job:  map 68% reduce 23%
2025-11-28 07:20:25,262 INFO mapreduce.Job:  map 69% reduce 23%
2025-11-28 07:21:25,089 INFO mapreduce.Job:  map 70% reduce 23%
2025-11-28 07:22:28,992 INFO mapreduce.Job:  map 71% reduce 23%
2025-11-28 07:22:31,013 INFO mapreduce.Job:  map 71% reduce 24%
2025-11-28 07:23:26,750 INFO mapreduce.Job:  map 72% reduce 24%
2025-11-28 07:24:23,425 INFO mapreduce.Job:  map 73% reduce 24%
2025-11-28 07:25:26,384 INFO mapreduce.Job:  map 74% reduce 24%
2025-11-28 07:25:31,433 INFO mapreduce.Job:  map 74% reduce 25%
2025-11-28 07:26:24,034 INFO mapreduce.Job:  map 75% reduce 25%
2025-11-28 07:27:19,766 INFO mapreduce.Job:  map 76% reduce 25%
2025-11-28 07:28:23,674 INFO mapreduce.Job:  map 77% reduce 25%
2025-11-28 07:28:31,321 INFO mapreduce.Job:  map 77% reduce 26%
2025-11-28 07:29:27,926 INFO mapreduce.Job:  map 78% reduce 26%
2025-11-28 07:30:26,571 INFO mapreduce.Job:  map 79% reduce 26%
2025-11-28 07:31:26,347 INFO mapreduce.Job:  map 80% reduce 26%
2025-11-28 07:31:31,637 INFO mapreduce.Job:  map 80% reduce 27%
2025-11-28 07:32:30,286 INFO mapreduce.Job:  map 81% reduce 27%
2025-11-28 07:33:26,067 INFO mapreduce.Job:  map 82% reduce 27%
2025-11-28 07:34:25,856 INFO mapreduce.Job:  map 83% reduce 27%
2025-11-28 07:34:31,918 INFO mapreduce.Job:  map 83% reduce 28%
2025-11-28 07:35:24,697 INFO mapreduce.Job:  map 84% reduce 28%
2025-11-28 07:36:22,546 INFO mapreduce.Job:  map 85% reduce 28%
2025-11-28 07:37:21,321 INFO mapreduce.Job:  map 86% reduce 28%
2025-11-28 07:37:26,369 INFO mapreduce.Job:  map 86% reduce 29%
2025-11-28 07:38:25,304 INFO mapreduce.Job:  map 87% reduce 29%
2025-11-28 07:39:20,331 INFO mapreduce.Job:  map 88% reduce 29%
2025-11-28 07:40:20,135 INFO mapreduce.Job:  map 89% reduce 29%
2025-11-28 07:40:27,209 INFO mapreduce.Job:  map 89% reduce 30%
2025-11-28 07:41:19,818 INFO mapreduce.Job:  map 90% reduce 30%
2025-11-28 07:42:27,790 INFO mapreduce.Job:  map 91% reduce 30%
2025-11-28 07:43:27,474 INFO mapreduce.Job:  map 92% reduce 30%
2025-11-28 07:43:33,539 INFO mapreduce.Job:  map 92% reduce 31%
2025-11-28 07:44:22,652 INFO mapreduce.Job:  map 93% reduce 31%
2025-11-28 07:45:29,407 INFO mapreduce.Job:  map 94% reduce 31%
2025-11-28 07:46:28,025 INFO mapreduce.Job:  map 95% reduce 31%
2025-11-28 07:46:33,087 INFO mapreduce.Job:  map 95% reduce 32%
2025-11-28 07:47:21,840 INFO mapreduce.Job:  map 96% reduce 32%
2025-11-28 07:48:23,744 INFO mapreduce.Job:  map 97% reduce 32%
2025-11-28 07:49:23,668 INFO mapreduce.Job:  map 98% reduce 32%
2025-11-28 07:49:33,773 INFO mapreduce.Job:  map 98% reduce 33%
2025-11-28 07:50:20,396 INFO mapreduce.Job:  map 99% reduce 33%
2025-11-28 07:51:27,401 INFO mapreduce.Job:  map 100% reduce 33%
2025-11-28 07:52:22,190 INFO mapreduce.Job:  map 100% reduce 67%
2025-11-28 07:52:28,350 INFO mapreduce.Job:  map 100% reduce 72%
2025-11-28 07:52:34,474 INFO mapreduce.Job:  map 100% reduce 78%
2025-11-28 07:52:40,561 INFO mapreduce.Job:  map 100% reduce 85%
2025-11-28 07:52:45,875 INFO mapreduce.Job:  map 100% reduce 88%
2025-11-28 07:52:52,051 INFO mapreduce.Job:  map 100% reduce 95%
2025-11-28 07:52:58,418 INFO mapreduce.Job:  map 100% reduce 97%
2025-11-28 07:53:03,811 INFO mapreduce.Job:  map 100% reduce 98%
2025-11-28 07:53:10,318 INFO mapreduce.Job:  map 100% reduce 99%
2025-11-28 07:53:13,459 INFO mapreduce.Job:  map 100% reduce 100%
2025-11-28 07:53:16,611 INFO mapreduce.Job: Job job_1764264570892_0013 completed successfully
2025-11-28 07:53:16,787 INFO mapreduce.Job: Counters: 57
	File System Counters
		FILE: Number of bytes read=2701958926
		FILE: Number of bytes written=6824236354
		FILE: Number of read operations=0
		FILE: Number of large read operations=0
		FILE: Number of write operations=0
		HDFS: Number of bytes read=5350212069
		HDFS: Number of bytes written=472709110
		HDFS: Number of read operations=15434
		HDFS: Number of large read operations=0
		HDFS: Number of write operations=2
		HDFS: Number of bytes read erasure-coded=0
	Job Counters 
		Killed map tasks=834
		Killed reduce tasks=1
		Launched map tasks=5977
		Launched reduce tasks=2
		Other local map tasks=831
		Data-local map tasks=5146
		Total time spent by all maps in occupied slots (ms)=247680934
		Total time spent by all reduces in occupied slots (ms)=5879590
		Total time spent by all map tasks (ms)=123840467
		Total time spent by all reduce tasks (ms)=2939795
		Total vcore-milliseconds taken by all map tasks=123840467
		Total vcore-milliseconds taken by all reduce tasks=2939795
		Total megabyte-milliseconds taken by all map tasks=126812638208
		Total megabyte-milliseconds taken by all reduce tasks=3010350080
	Map-Reduce Framework
		Map input records=41400945
		Map output records=816656967
		Map output bytes=8604695580
		Map output materialized bytes=2701989736
		Input split bytes=575389
		Combine input records=816656967
		Combine output records=169771643
		Reduce input groups=22221999
		Reduce shuffle bytes=2701989736
		Reduce input records=169771643
		Reduce output records=22221999
		Spilled Records=339543286
		Shuffled Maps =5143
		Failed Shuffles=0
		Merged Map outputs=5143
		GC time elapsed (ms)=1649114
		CPU time spent (ms)=6059890
		Physical memory (bytes) snapshot=1669957877760
		Virtual memory (bytes) snapshot=13321764368384
		Total committed heap usage (bytes)=1567470125056
		Peak Map Physical memory (bytes)=494362624
		Peak Map Virtual memory (bytes)=2805420032
		Peak Reduce Physical memory (bytes)=937803776
		Peak Reduce Virtual memory (bytes)=2577264640
	Shuffle Errors
		BAD_ID=0
		CONNECTION=0
		IO_ERROR=0
		WRONG_LENGTH=0
		WRONG_MAP=0
		WRONG_REDUCE=0
	File Input Format Counters 
		Bytes Read=5349636680
	File Output Format Counters 
		Bytes Written=472709110
