===== Real Performance Monitor Started at 2025年 11月 28日 星期五 04:32:31 CST =====
[worker1-zzh] CPU: 10.00% | MEM: 28%
[worker2-zrt] CPU: 29.00% | MEM: 35%
[worker3-haz] CPU: 28.00% | MEM: 32%
----
===== Real Performance Monitor Started at 2025年 11月 28日 星期五 06:11:19 CST =====
[worker1-zzh] CPU: 9.00% | MEM: 26%
[worker2-zrt] CPU: 45.00% | MEM: 35%
[worker3-haz] CPU: 23.00% | MEM: 32%
----
[worker1-zzh] CPU: 29.00% | MEM: 26%
[worker2-zrt] CPU: 31.00% | MEM: 35%
[worker3-haz] CPU: 28.00% | MEM: 32%
----
[worker1-zzh] CPU: 100.00% | MEM: 38%
[worker2-zrt] CPU: 100.00% | MEM: 40%
[worker3-haz] CPU: 100.00% | MEM: 44%
----
[worker1-zzh] CPU: 100.00% | MEM: 52%
[worker2-zrt] CPU: 100.00% | MEM: 44%
[worker3-haz] CPU: 100.00% | MEM: 59%
----
[worker1-zzh] CPU: 100.00% | MEM: 34%
[worker2-zrt] CPU: 100.00% | MEM: 46%
[worker3-haz] CPU: 100.00% | MEM: 43%
----
[worker1-zzh] CPU: 100.00% | MEM: 39%
[worker2-zrt] CPU: 100.00% | MEM: 51%
[worker3-haz] CPU: 100.00% | MEM: 58%
----
[worker1-zzh] CPU: 100.00% | MEM: 42%
[worker2-zrt] CPU: 100.00% | MEM: 59%
[worker3-haz] CPU: 100.00% | MEM: 48%
----
[worker1-zzh] CPU: 100.00% | MEM: 44%
[worker2-zrt] CPU: 100.00% | MEM: 38%
[worker3-haz] CPU: 100.00% | MEM: 37%
----
[worker1-zzh] CPU: 100.00% | MEM: 40%
[worker2-zrt] CPU: 100.00% | MEM: 43%
[worker3-haz] CPU: 100.00% | MEM: 52%
----
[worker1-zzh] CPU: 100.00% | MEM: 43%
[worker2-zrt] CPU: 100.00% | MEM: 47%
[worker3-haz] CPU: 100.00% | MEM: 40%
----
[worker1-zzh] CPU: 100.00% | MEM: 42%
[worker2-zrt] CPU: 100.00% | MEM: 54%
[worker3-haz] CPU: 100.00% | MEM: 54%
----
[worker1-zzh] CPU: 100.00% | MEM: 45%
[worker2-zrt] CPU: 100.00% | MEM: 60%
[worker3-haz] CPU: 100.00% | MEM: 41%
----
[worker1-zzh] CPU: 100.00% | MEM: 42%
[worker2-zrt] CPU: 100.00% | MEM: 39%
[worker3-haz] CPU: 100.00% | MEM: 54%
----
[worker1-zzh] CPU: 100.00% | MEM: 43%
[worker2-zrt] CPU: 100.00% | MEM: 42%
[worker3-haz] CPU: 100.00% | MEM: 41%
----
[worker1-zzh] CPU: 100.00% | MEM: 41%
[worker2-zrt] CPU: 100.00% | MEM: 45%
[worker3-haz] CPU: 100.00% | MEM: 58%
----
[worker1-zzh] CPU: 100.00% | MEM: 46%
[worker2-zrt] CPU: 100.00% | MEM: 50%
[worker3-haz] CPU: 100.00% | MEM: 44%
----
[worker1-zzh] CPU: 100.00% | MEM: 41%
[worker2-zrt] CPU: 100.00% | MEM: 57%
[worker3-haz] CPU: 100.00% | MEM: 58%
----
[worker1-zzh] CPU: 100.00% | MEM: 47%
[worker2-zrt] CPU: 100.00% | MEM: 50%
[worker3-haz] CPU: 100.00% | MEM: 46%
----
[worker1-zzh] CPU: 100.00% | MEM: 48%
[worker2-zrt] CPU: 100.00% | MEM: 42%
[worker3-haz] CPU: 100.00% | MEM: 40%
----
[worker1-zzh] CPU: 100.00% | MEM: 42%
[worker2-zrt] CPU: 100.00% | MEM: 49%
[worker3-haz] CPU: 100.00% | MEM: 56%
----
[worker1-zzh] CPU: 100.00% | MEM: 42%
[worker2-zrt] CPU: 100.00% | MEM: 55%
[worker3-haz] CPU: 100.00% | MEM: 48%
----
[worker1-zzh] CPU: 100.00% | MEM: 43%
[worker2-zrt] CPU: 100.00% | MEM: 52%
[worker3-haz] CPU: 100.00% | MEM: 38%
----
[worker1-zzh] CPU: 100.00% | MEM: 41%
[worker2-zrt] CPU: 100.00% | MEM: 38%
[worker3-haz] CPU: 100.00% | MEM: 48%
----
[worker1-zzh] CPU: 100.00% | MEM: 40%
[worker2-zrt] CPU: 100.00% | MEM: 44%
[worker3-haz] CPU: 100.00% | MEM: 38%
----
[worker1-zzh] CPU: 100.00% | MEM: 42%
[worker2-zrt] CPU: 100.00% | MEM: 49%
[worker3-haz] CPU: 100.00% | MEM: 49%
----
[worker1-zzh] CPU: 100.00% | MEM: 39%
[worker2-zrt] CPU: 100.00% | MEM: 53%
[worker3-haz] CPU: 100.00% | MEM: 43%
----
[worker1-zzh] CPU: 100.00% | MEM: 43%
[worker2-zrt] CPU: 100.00% | MEM: 53%
[worker3-haz] CPU: 100.00% | MEM: 56%
----
[worker1-zzh] CPU: 100.00% | MEM: 41%
[worker2-zrt] CPU: 100.00% | MEM: 46%
[worker3-haz] CPU: 100.00% | MEM: 44%
----
[worker1-zzh] CPU: 100.00% | MEM: 41%
[worker2-zrt] CPU: 100.00% | MEM: 43%
[worker3-haz] CPU: 100.00% | MEM: 57%
----
[worker1-zzh] CPU: 100.00% | MEM: 42%
[worker2-zrt] CPU: 100.00% | MEM: 49%
[worker3-haz] CPU: 100.00% | MEM: 44%
----
[worker1-zzh] CPU: 100.00% | MEM: 43%
[worker2-zrt] CPU: 100.00% | MEM: 53%
[worker3-haz] CPU: 100.00% | MEM: 57%
----
[worker1-zzh] CPU: 100.00% | MEM: 44%
[worker2-zrt] CPU: 100.00% | MEM: 53%
[worker3-haz] CPU: 100.00% | MEM: 43%
----
[worker1-zzh] CPU: 100.00% | MEM: 39%
[worker2-zrt] CPU: 100.00% | MEM: 53%
[worker3-haz] CPU: 100.00% | MEM: 55%
----
[worker1-zzh] CPU: 100.00% | MEM: 42%
[worker2-zrt] CPU: 100.00% | MEM: 45%
[worker3-haz] CPU: 100.00% | MEM: 41%
----
[worker1-zzh] CPU: 100.00% | MEM: 44%
[worker2-zrt] CPU: 100.00% | MEM: 43%
[worker3-haz] CPU: 100.00% | MEM: 48%
----
[worker1-zzh] CPU: 100.00% | MEM: 40%
[worker2-zrt] CPU: 100.00% | MEM: 48%
[worker3-haz] CPU: 100.00% | MEM: 38%
----
[worker1-zzh] CPU: 100.00% | MEM: 46%
[worker2-zrt] CPU: 100.00% | MEM: 51%
[worker3-haz] CPU: 100.00% | MEM: 46%
----
[worker1-zzh] CPU: 100.00% | MEM: 43%
[worker2-zrt] CPU: 100.00% | MEM: 52%
[worker3-haz] CPU: 100.00% | MEM: 56%
----
[worker1-zzh] CPU: 100.00% | MEM: 44%
[worker2-zrt] CPU: 100.00% | MEM: 52%
[worker3-haz] CPU: 100.00% | MEM: 44%
----
[worker1-zzh] CPU: 100.00% | MEM: 41%
[worker2-zrt] CPU: 100.00% | MEM: 44%
[worker3-haz] CPU: 100.00% | MEM: 55%
----
[worker1-zzh] CPU: 100.00% | MEM: 43%
[worker2-zrt] CPU: 100.00% | MEM: 41%
[worker3-haz] CPU: 100.00% | MEM: 44%
----
[worker1-zzh] CPU: 100.00% | MEM: 46%
[worker2-zrt] CPU: 100.00% | MEM: 47%
[worker3-haz] CPU: 100.00% | MEM: 53%
----
[worker1-zzh] CPU: 100.00% | MEM: 42%
[worker2-zrt] CPU: 100.00% | MEM: 50%
[worker3-haz] CPU: 100.00% | MEM: 43%
----
[worker1-zzh] CPU: 100.00% | MEM: 44%
[worker2-zrt] CPU: 100.00% | MEM: 49%
[worker3-haz] CPU: 100.00% | MEM: 51%
----
[worker1-zzh] CPU: 100.00% | MEM: 44%
[worker2-zrt] CPU: 100.00% | MEM: 51%
[worker3-haz] CPU: 100.00% | MEM: 41%
----
[worker1-zzh] CPU: 100.00% | MEM: 40%
[worker2-zrt] CPU: 100.00% | MEM: 46%
[worker3-haz] CPU: 100.00% | MEM: 47%
----
[worker1-zzh] CPU: 100.00% | MEM: 46%
[worker2-zrt] CPU: 100.00% | MEM: 41%
[worker3-haz] CPU: 100.00% | MEM: 39%
----
[worker1-zzh] CPU: 100.00% | MEM: 41%
[worker2-zrt] CPU: 100.00% | MEM: 45%
[worker3-haz] CPU: 100.00% | MEM: 47%
----
[worker1-zzh] CPU: 100.00% | MEM: 46%
[worker2-zrt] CPU: 100.00% | MEM: 50%
[worker3-haz] CPU: 100.00% | MEM: 50%
----
[worker1-zzh] CPU: 100.00% | MEM: 44%
[worker2-zrt] CPU: 100.00% | MEM: 48%
[worker3-haz] CPU: 100.00% | MEM: 45%
----
[worker1-zzh] CPU: 100.00% | MEM: 43%
[worker2-zrt] CPU: 100.00% | MEM: 50%
[worker3-haz] CPU: 100.00% | MEM: 55%
----
[worker1-zzh] CPU: 100.00% | MEM: 41%
[worker2-zrt] CPU: 100.00% | MEM: 49%
[worker3-haz] CPU: 100.00% | MEM: 46%
----
[worker1-zzh] CPU: 100.00% | MEM: 45%
[worker2-zrt] CPU: 100.00% | MEM: 44%
[worker3-haz] CPU: 100.00% | MEM: 56%
----
[worker1-zzh] CPU: 100.00% | MEM: 46%
[worker2-zrt] CPU: 100.00% | MEM: 46%
[worker3-haz] CPU: 100.00% | MEM: 46%
----
[worker1-zzh] CPU: 100.00% | MEM: 45%
[worker2-zrt] CPU: 100.00% | MEM: 51%
[worker3-haz] CPU: 100.00% | MEM: 53%
----
[worker1-zzh] CPU: 100.00% | MEM: 44%
[worker2-zrt] CPU: 100.00% | MEM: 53%
[worker3-haz] CPU: 100.00% | MEM: 47%
----
[worker1-zzh] CPU: 100.00% | MEM: 44%
[worker2-zrt] CPU: 100.00% | MEM: 50%
[worker3-haz] CPU: 100.00% | MEM: 42%
----
[worker1-zzh] CPU: 100.00% | MEM: 42%
[worker2-zrt] CPU: 100.00% | MEM: 45%
[worker3-haz] CPU: 100.00% | MEM: 48%
----
[worker1-zzh] CPU: 100.00% | MEM: 43%
[worker2-zrt] CPU: 100.00% | MEM: 48%
[worker3-haz] CPU: 100.00% | MEM: 43%
----
[worker1-zzh] CPU: 100.00% | MEM: 41%
[worker2-zrt] CPU: 100.00% | MEM: 49%
[worker3-haz] CPU: 100.00% | MEM: 51%
----
[worker1-zzh] CPU: 100.00% | MEM: 44%
[worker2-zrt] CPU: 100.00% | MEM: 52%
[worker3-haz] CPU: 100.00% | MEM: 45%
----
[worker1-zzh] CPU: 100.00% | MEM: 42%
[worker2-zrt] CPU: 100.00% | MEM: 53%
[worker3-haz] CPU: 100.00% | MEM: 53%
----
[worker1-zzh] CPU: 100.00% | MEM: 37%
[worker2-zrt] CPU: 100.00% | MEM: 48%
[worker3-haz] CPU: 100.00% | MEM: 47%
----
[worker1-zzh] CPU: 100.00% | MEM: 44%
[worker2-zrt] CPU: 100.00% | MEM: 46%
[worker3-haz] CPU: 100.00% | MEM: 55%
----
[worker1-zzh] CPU: 100.00% | MEM: 38%
[worker2-zrt] CPU: 100.00% | MEM: 48%
[worker3-haz] CPU: 100.00% | MEM: 48%
----
[worker1-zzh] CPU: 100.00% | MEM: 39%
[worker2-zrt] CPU: 100.00% | MEM: 52%
[worker3-haz] CPU: 100.00% | MEM: 48%
----
[worker1-zzh] CPU: 100.00% | MEM: 47%
[worker2-zrt] CPU: 100.00% | MEM: 53%
[worker3-haz] CPU: 100.00% | MEM: 47%
----
[worker1-zzh] CPU: 100.00% | MEM: 39%
[worker2-zrt] CPU: 100.00% | MEM: 53%
[worker3-haz] CPU: 100.00% | MEM: 50%
----
[worker1-zzh] CPU: 100.00% | MEM: 43%
[worker2-zrt] CPU: 100.00% | MEM: 53%
[worker3-haz] CPU: 100.00% | MEM: 47%
----
[worker1-zzh] CPU: 100.00% | MEM: 44%
[worker2-zrt] CPU: 100.00% | MEM: 50%
[worker3-haz] CPU: 100.00% | MEM: 53%
----
[worker1-zzh] CPU: 100.00% | MEM: 40%
[worker2-zrt] CPU: 100.00% | MEM: 42%
[worker3-haz] CPU: 100.00% | MEM: 47%
----
[worker1-zzh] CPU: 100.00% | MEM: 44%
[worker2-zrt] CPU: 100.00% | MEM: 47%
[worker3-haz] CPU: 100.00% | MEM: 55%
----
[worker1-zzh] CPU: 100.00% | MEM: 41%
[worker2-zrt] CPU: 100.00% | MEM: 49%
[worker3-haz] CPU: 100.00% | MEM: 47%
----
[worker1-zzh] CPU: 100.00% | MEM: 44%
[worker2-zrt] CPU: 100.00% | MEM: 52%
[worker3-haz] CPU: 100.00% | MEM: 43%
----
[worker1-zzh] CPU: 100.00% | MEM: 44%
[worker2-zrt] CPU: 100.00% | MEM: 47%
[worker3-haz] CPU: 100.00% | MEM: 48%
----
[worker1-zzh] CPU: 100.00% | MEM: 43%
[worker2-zrt] CPU: 100.00% | MEM: 44%
[worker3-haz] CPU: 100.00% | MEM: 45%
----
[worker1-zzh] CPU: 100.00% | MEM: 43%
[worker2-zrt] CPU: 100.00% | MEM: 46%
[worker3-haz] CPU: 100.00% | MEM: 49%
----
[worker1-zzh] CPU: 100.00% | MEM: 42%
[worker2-zrt] CPU: 100.00% | MEM: 50%
[worker3-haz] CPU: 100.00% | MEM: 43%
----
[worker1-zzh] CPU: 100.00% | MEM: 42%
[worker2-zrt] CPU: 100.00% | MEM: 51%
[worker3-haz] CPU: 100.00% | MEM: 49%
----
[worker1-zzh] CPU: 100.00% | MEM: 47%
[worker2-zrt] CPU: 100.00% | MEM: 54%
[worker3-haz] CPU: 100.00% | MEM: 42%
----
[worker1-zzh] CPU: 100.00% | MEM: 42%
[worker2-zrt] CPU: 100.00% | MEM: 48%
[worker3-haz] CPU: 100.00% | MEM: 45%
----
[worker1-zzh] CPU: 100.00% | MEM: 38%
[worker2-zrt] CPU: 100.00% | MEM: 45%
[worker3-haz] CPU: 100.00% | MEM: 46%
----
[worker1-zzh] CPU: 100.00% | MEM: 40%
[worker2-zrt] CPU: 100.00% | MEM: 47%
[worker3-haz] CPU: 100.00% | MEM: 43%
----
[worker1-zzh] CPU: 100.00% | MEM: 38%
[worker2-zrt] CPU: 100.00% | MEM: 51%
[worker3-haz] CPU: 100.00% | MEM: 46%
----
[worker1-zzh] CPU: 100.00% | MEM: 46%
[worker2-zrt] CPU: 100.00% | MEM: 46%
[worker3-haz] CPU: 100.00% | MEM: 44%
----
[worker1-zzh] CPU: 100.00% | MEM: 38%
[worker2-zrt] CPU: 100.00% | MEM: 56%
[worker3-haz] CPU: 100.00% | MEM: 49%
----
[worker1-zzh] CPU: 100.00% | MEM: 43%
[worker2-zrt] CPU: 100.00% | MEM: 55%
[worker3-haz] CPU: 100.00% | MEM: 44%
----
[worker1-zzh] CPU: 100.00% | MEM: 43%
[worker2-zrt] CPU: 100.00% | MEM: 43%
[worker3-haz] CPU: 100.00% | MEM: 52%
----
[worker1-zzh] CPU: 100.00% | MEM: 43%
[worker2-zrt] CPU: 100.00% | MEM: 48%
[worker3-haz] CPU: 100.00% | MEM: 46%
----
[worker1-zzh] CPU: 100.00% | MEM: 40%
[worker2-zrt] CPU: 100.00% | MEM: 50%
[worker3-haz] CPU: 100.00% | MEM: 53%
----
[worker1-zzh] CPU: 100.00% | MEM: 44%
[worker2-zrt] CPU: 100.00% | MEM: 49%
[worker3-haz] CPU: 100.00% | MEM: 47%
----
[worker1-zzh] CPU: 100.00% | MEM: 45%
[worker2-zrt] CPU: 100.00% | MEM: 52%
[worker3-haz] CPU: 100.00% | MEM: 52%
----
[worker1-zzh] CPU: 100.00% | MEM: 46%
[worker2-zrt] CPU: 100.00% | MEM: 51%
[worker3-haz] CPU: 100.00% | MEM: 47%
----
[worker1-zzh] CPU: 100.00% | MEM: 42%
[worker2-zrt] CPU: 100.00% | MEM: 45%
[worker3-haz] CPU: 100.00% | MEM: 52%
----
[worker1-zzh] CPU: 100.00% | MEM: 44%
[worker2-zrt] CPU: 100.00% | MEM: 47%
[worker3-haz] CPU: 100.00% | MEM: 45%
----
[worker1-zzh] CPU: 100.00% | MEM: 45%
[worker2-zrt] CPU: 100.00% | MEM: 51%
[worker3-haz] CPU: 100.00% | MEM: 53%
----
[worker1-zzh] CPU: 100.00% | MEM: 44%
[worker2-zrt] CPU: 100.00% | MEM: 46%
[worker3-haz] CPU: 100.00% | MEM: 46%
----
[worker1-zzh] CPU: 100.00% | MEM: 41%
[worker2-zrt] CPU: 100.00% | MEM: 51%
[worker3-haz] CPU: 100.00% | MEM: 49%
----
[worker1-zzh] CPU: 100.00% | MEM: 48%
[worker2-zrt] CPU: 100.00% | MEM: 54%
[worker3-haz] CPU: 100.00% | MEM: 43%
----
[worker1-zzh] CPU: 100.00% | MEM: 44%
[worker2-zrt] CPU: 100.00% | MEM: 43%
[worker3-haz] CPU: 100.00% | MEM: 48%
----
[worker1-zzh] CPU: 100.00% | MEM: 42%
[worker2-zrt] CPU: 100.00% | MEM: 44%
[worker3-haz] CPU: 100.00% | MEM: 45%
----
[worker1-zzh] CPU: 100.00% | MEM: 47%
[worker2-zrt] CPU: 100.00% | MEM: 50%
[worker3-haz] CPU: 100.00% | MEM: 48%
----
[worker1-zzh] CPU: 100.00% | MEM: 40%
[worker2-zrt] CPU: 100.00% | MEM: 50%
[worker3-haz] CPU: 100.00% | MEM: 43%
----
[worker1-zzh] CPU: 100.00% | MEM: 47%
[worker2-zrt] CPU: 100.00% | MEM: 47%
[worker3-haz] CPU: 100.00% | MEM: 45%
----
[worker1-zzh] CPU: 100.00% | MEM: 41%
[worker2-zrt] CPU: 100.00% | MEM: 54%
[worker3-haz] CPU: 100.00% | MEM: 52%
----
[worker1-zzh] CPU: 100.00% | MEM: 40%
[worker2-zrt] CPU: 100.00% | MEM: 42%
[worker3-haz] CPU: 100.00% | MEM: 44%
----
[worker1-zzh] CPU: 100.00% | MEM: 51%
[worker2-zrt] CPU: 100.00% | MEM: 45%
[worker3-haz] CPU: 100.00% | MEM: 51%
----
[worker1-zzh] CPU: 100.00% | MEM: 35%
[worker2-zrt] CPU: 100.00% | MEM: 50%
[worker3-haz] CPU: 100.00% | MEM: 41%
----
[worker1-zzh] CPU: 100.00% | MEM: 40%
[worker2-zrt] CPU: 100.00% | MEM: 50%
[worker3-haz] CPU: 100.00% | MEM: 51%
----
[worker1-zzh] CPU: 100.00% | MEM: 48%
[worker2-zrt] CPU: 100.00% | MEM: 48%
[worker3-haz] CPU: 100.00% | MEM: 43%
----
[worker1-zzh] CPU: 100.00% | MEM: 40%
[worker2-zrt] CPU: 100.00% | MEM: 52%
[worker3-haz] CPU: 100.00% | MEM: 50%
----
[worker1-zzh] CPU: 100.00% | MEM: 41%
[worker2-zrt] CPU: 100.00% | MEM: 53%
[worker3-haz] CPU: 100.00% | MEM: 43%
----
[worker1-zzh] CPU: 100.00% | MEM: 45%
[worker2-zrt] CPU: 100.00% | MEM: 42%
[worker3-haz] CPU: 100.00% | MEM: 49%
----
[worker1-zzh] CPU: 100.00% | MEM: 48%
[worker2-zrt] CPU: 100.00% | MEM: 48%
[worker3-haz] CPU: 100.00% | MEM: 43%
----
[worker1-zzh] CPU: 100.00% | MEM: 39%
[worker2-zrt] CPU: 100.00% | MEM: 50%
[worker3-haz] CPU: 100.00% | MEM: 49%
----
[worker1-zzh] CPU: 100.00% | MEM: 38%
[worker2-zrt] CPU: 100.00% | MEM: 48%
[worker3-haz] CPU: 100.00% | MEM: 49%
----
[worker1-zzh] CPU: 100.00% | MEM: 47%
[worker2-zrt] CPU: 100.00% | MEM: 52%
[worker3-haz] CPU: 100.00% | MEM: 47%
----
[worker1-zzh] CPU: 100.00% | MEM: 42%
[worker2-zrt] CPU: 100.00% | MEM: 53%
[worker3-haz] CPU: 100.00% | MEM: 46%
----
[worker1-zzh] CPU: 100.00% | MEM: 39%
[worker2-zrt] CPU: 100.00% | MEM: 46%
[worker3-haz] CPU: 100.00% | MEM: 48%
----
[worker1-zzh] CPU: 100.00% | MEM: 43%
[worker2-zrt] CPU: 100.00% | MEM: 48%
[worker3-haz] CPU: 100.00% | MEM: 46%
----
[worker1-zzh] CPU: 100.00% | MEM: 46%
[worker2-zrt] CPU: 100.00% | MEM: 48%
[worker3-haz] CPU: 100.00% | MEM: 48%
----
[worker1-zzh] CPU: 100.00% | MEM: 39%
[worker2-zrt] CPU: 100.00% | MEM: 50%
[worker3-haz] CPU: 100.00% | MEM: 44%
----
[worker1-zzh] CPU: 100.00% | MEM: 50%
[worker2-zrt] CPU: 100.00% | MEM: 50%
[worker3-haz] CPU: 100.00% | MEM: 48%
----
[worker1-zzh] CPU: 100.00% | MEM: 40%
[worker2-zrt] CPU: 100.00% | MEM: 44%
[worker3-haz] CPU: 100.00% | MEM: 44%
----
[worker1-zzh] CPU: 100.00% | MEM: 35%
[worker2-zrt] CPU: 100.00% | MEM: 49%
[worker3-haz] CPU: 100.00% | MEM: 48%
----
[worker1-zzh] CPU: 100.00% | MEM: 42%
[worker2-zrt] CPU: 100.00% | MEM: 47%
[worker3-haz] CPU: 100.00% | MEM: 43%
----
[worker1-zzh] CPU: 100.00% | MEM: 49%
[worker2-zrt] CPU: 100.00% | MEM: 48%
[worker3-haz] CPU: 100.00% | MEM: 50%
----
[worker1-zzh] CPU: 100.00% | MEM: 39%
[worker2-zrt] CPU: 100.00% | MEM: 53%
[worker3-haz] CPU: 100.00% | MEM: 44%
----
[worker1-zzh] CPU: 100.00% | MEM: 44%
[worker2-zrt] CPU: 100.00% | MEM: 51%
[worker3-haz] CPU: 100.00% | MEM: 49%
----
[worker1-zzh] CPU: 100.00% | MEM: 46%
[worker2-zrt] CPU: 100.00% | MEM: 44%
[worker3-haz] CPU: 100.00% | MEM: 46%
----
[worker1-zzh] CPU: 100.00% | MEM: 41%
[worker2-zrt] CPU: 100.00% | MEM: 46%
[worker3-haz] CPU: 100.00% | MEM: 53%
----
[worker1-zzh] CPU: 100.00% | MEM: 40%
[worker2-zrt] CPU: 100.00% | MEM: 48%
[worker3-haz] CPU: 100.00% | MEM: 46%
----
[worker1-zzh] CPU: 100.00% | MEM: 46%
[worker2-zrt] CPU: 100.00% | MEM: 48%
[worker3-haz] CPU: 100.00% | MEM: 50%
----
[worker1-zzh] CPU: 100.00% | MEM: 37%
[worker2-zrt] CPU: 100.00% | MEM: 49%
[worker3-haz] CPU: 100.00% | MEM: 45%
----
[worker1-zzh] CPU: 100.00% | MEM: 40%
[worker2-zrt] CPU: 100.00% | MEM: 51%
[worker3-haz] CPU: 100.00% | MEM: 49%
----
[worker1-zzh] CPU: 100.00% | MEM: 50%
[worker2-zrt] CPU: 100.00% | MEM: 46%
[worker3-haz] CPU: 100.00% | MEM: 46%
----
[worker1-zzh] CPU: 100.00% | MEM: 44%
[worker2-zrt] CPU: 100.00% | MEM: 45%
[worker3-haz] CPU: 100.00% | MEM: 48%
----
[worker1-zzh] CPU: 100.00% | MEM: 39%
[worker2-zrt] CPU: 100.00% | MEM: 47%
[worker3-haz] CPU: 100.00% | MEM: 47%
----
[worker1-zzh] CPU: 100.00% | MEM: 41%
[worker2-zrt] CPU: 100.00% | MEM: 50%
[worker3-haz] CPU: 100.00% | MEM: 43%
----
[worker1-zzh] CPU: 100.00% | MEM: 45%
[worker2-zrt] CPU: 100.00% | MEM: 49%
[worker3-haz] CPU: 100.00% | MEM: 51%
----
[worker1-zzh] CPU: 100.00% | MEM: 38%
[worker2-zrt] CPU: 100.00% | MEM: 52%
[worker3-haz] CPU: 100.00% | MEM: 43%
----
[worker1-zzh] CPU: 100.00% | MEM: 43%
[worker2-zrt] CPU: 100.00% | MEM: 47%
[worker3-haz] CPU: 100.00% | MEM: 54%
----
[worker1-zzh] CPU: 100.00% | MEM: 44%
[worker2-zrt] CPU: 100.00% | MEM: 45%
[worker3-haz] CPU: 100.00% | MEM: 45%
----
[worker1-zzh] CPU: 100.00% | MEM: 48%
[worker2-zrt] CPU: 100.00% | MEM: 48%
[worker3-haz] CPU: 100.00% | MEM: 49%
----
[worker1-zzh] CPU: 100.00% | MEM: 43%
[worker2-zrt] CPU: 100.00% | MEM: 48%
[worker3-haz] CPU: 100.00% | MEM: 47%
----
[worker1-zzh] CPU: 100.00% | MEM: 38%
[worker2-zrt] CPU: 100.00% | MEM: 50%
[worker3-haz] CPU: 100.00% | MEM: 49%
----
[worker1-zzh] CPU: 100.00% | MEM: 44%
[worker2-zrt] CPU: 100.00% | MEM: 52%
[worker3-haz] CPU: 100.00% | MEM: 51%
----
[worker1-zzh] CPU: 100.00% | MEM: 39%
[worker2-zrt] CPU: 100.00% | MEM: 51%
[worker3-haz] CPU: 100.00% | MEM: 50%
----
[worker1-zzh] CPU: 100.00% | MEM: 41%
[worker2-zrt] CPU: 100.00% | MEM: 47%
[worker3-haz] CPU: 100.00% | MEM: 53%
----
[worker1-zzh] CPU: 100.00% | MEM: 44%
[worker2-zrt] CPU: 100.00% | MEM: 46%
[worker3-haz] CPU: 100.00% | MEM: 48%
----
[worker1-zzh] CPU: 100.00% | MEM: 39%
[worker2-zrt] CPU: 100.00% | MEM: 48%
[worker3-haz] CPU: 100.00% | MEM: 60%
----
[worker1-zzh] CPU: 100.00% | MEM: 41%
[worker2-zrt] CPU: 100.00% | MEM: 48%
[worker3-haz] CPU: 100.00% | MEM: 48%
----
[worker1-zzh] CPU: 100.00% | MEM: 43%
[worker2-zrt] CPU: 100.00% | MEM: 51%
[worker3-haz] CPU: 100.00% | MEM: 60%
----
[worker1-zzh] CPU: 100.00% | MEM: 42%
[worker2-zrt] CPU: 100.00% | MEM: 48%
[worker3-haz] CPU: 100.00% | MEM: 50%
----
[worker1-zzh] CPU: 100.00% | MEM: 38%
[worker2-zrt] CPU: 100.00% | MEM: 47%
[worker3-haz] CPU: 100.00% | MEM: 57%
----
[worker1-zzh] CPU: 100.00% | MEM: 39%
[worker2-zrt] CPU: 100.00% | MEM: 47%
[worker3-haz] CPU: 100.00% | MEM: 51%
----
[worker1-zzh] CPU: 100.00% | MEM: 47%
[worker2-zrt] CPU: 100.00% | MEM: 49%
[worker3-haz] CPU: 100.00% | MEM: 58%
----
[worker1-zzh] CPU: 100.00% | MEM: 41%
[worker2-zrt] CPU: 100.00% | MEM: 52%
[worker3-haz] CPU: 100.00% | MEM: 51%
----
[worker1-zzh] CPU: 100.00% | MEM: 45%
[worker2-zrt] CPU: 100.00% | MEM: 46%
[worker3-haz] CPU: 100.00% | MEM: 60%
----
[worker1-zzh] CPU: 100.00% | MEM: 47%
[worker2-zrt] CPU: 100.00% | MEM: 51%
[worker3-haz] CPU: 100.00% | MEM: 52%
----
[worker1-zzh] CPU: 100.00% | MEM: 42%
[worker2-zrt] CPU: 100.00% | MEM: 46%
[worker3-haz] CPU: 100.00% | MEM: 58%
----
[worker1-zzh] CPU: 100.00% | MEM: 41%
[worker2-zrt] CPU: 100.00% | MEM: 45%
[worker3-haz] CPU: 100.00% | MEM: 54%
----
[worker1-zzh] CPU: 100.00% | MEM: 44%
[worker2-zrt] CPU: 100.00% | MEM: 47%
[worker3-haz] CPU: 100.00% | MEM: 55%
----
[worker1-zzh] CPU: 100.00% | MEM: 42%
[worker2-zrt] CPU: 100.00% | MEM: 53%
[worker3-haz] CPU: 100.00% | MEM: 54%
----
[worker1-zzh] CPU: 100.00% | MEM: 43%
[worker2-zrt] CPU: 100.00% | MEM: 46%
[worker3-haz] CPU: 100.00% | MEM: 51%
----
[worker1-zzh] CPU: 100.00% | MEM: 39%
[worker2-zrt] CPU: 100.00% | MEM: 48%
[worker3-haz] CPU: 100.00% | MEM: 53%
----
[worker1-zzh] CPU: 100.00% | MEM: 44%
[worker2-zrt] CPU: 100.00% | MEM: 50%
[worker3-haz] CPU: 100.00% | MEM: 54%
----
[worker1-zzh] CPU: 100.00% | MEM: 43%
[worker2-zrt] CPU: 100.00% | MEM: 44%
[worker3-haz] CPU: 100.00% | MEM: 56%
----
[worker1-zzh] CPU: 100.00% | MEM: 46%
[worker2-zrt] CPU: 100.00% | MEM: 46%
[worker3-haz] CPU: 100.00% | MEM: 54%
----
[worker1-zzh] CPU: 100.00% | MEM: 40%
[worker2-zrt] CPU: 100.00% | MEM: 52%
[worker3-haz] CPU: 100.00% | MEM: 57%
----
[worker1-zzh] CPU: 100.00% | MEM: 41%
[worker2-zrt] CPU: 100.00% | MEM: 46%
[worker3-haz] CPU: 100.00% | MEM: 53%
----
[worker1-zzh] CPU: 100.00% | MEM: 37%
[worker2-zrt] CPU: 100.00% | MEM: 48%
[worker3-haz] CPU: 100.00% | MEM: 57%
----
[worker1-zzh] CPU: 100.00% | MEM: 42%
[worker2-zrt] CPU: 100.00% | MEM: 48%
[worker3-haz] CPU: 29.00% | MEM: 32%
----
[worker1-zzh] CPU: 100.00% | MEM: 47%
[worker2-zrt] CPU: 100.00% | MEM: 46%
[worker3-haz] CPU: 28.00% | MEM: 32%
----
[worker1-zzh] CPU: 100.00% | MEM: 40%
[worker2-zrt] CPU: 100.00% | MEM: 50%
[worker3-haz] CPU: 24.00% | MEM: 32%
----
[worker1-zzh] CPU: 100.00% | MEM: 41%
[worker2-zrt] CPU: 100.00% | MEM: 53%
[worker3-haz] CPU: 23.00% | MEM: 32%
----
[worker1-zzh] CPU: 100.00% | MEM: 42%
[worker2-zrt] CPU: 100.00% | MEM: 46%
[worker3-haz] CPU: 23.00% | MEM: 32%
----
[worker1-zzh] CPU: 100.00% | MEM: 49%
[worker2-zrt] CPU: 100.00% | MEM: 48%
[worker3-haz] CPU: 12.00% | MEM: 32%
----
[worker1-zzh] CPU: 100.00% | MEM: 42%
[worker2-zrt] CPU: 100.00% | MEM: 48%
[worker3-haz] CPU: 25.00% | MEM: 32%
----
[worker1-zzh] CPU: 100.00% | MEM: 40%
[worker2-zrt] CPU: 100.00% | MEM: 45%
[worker3-haz] CPU: 30.00% | MEM: 32%
----
[worker1-zzh] CPU: 100.00% | MEM: 45%
[worker2-zrt] CPU: 100.00% | MEM: 47%
[worker3-haz] CPU: 16.00% | MEM: 32%
----
[worker1-zzh] CPU: 100.00% | MEM: 45%
[worker2-zrt] CPU: 100.00% | MEM: 52%
[worker3-haz] CPU: 19.00% | MEM: 32%
----
[worker1-zzh] CPU: 100.00% | MEM: 42%
[worker2-zrt] CPU: 100.00% | MEM: 49%
[worker3-haz] CPU: 23.00% | MEM: 32%
----
[worker1-zzh] CPU: 100.00% | MEM: 41%
[worker2-zrt] CPU: 100.00% | MEM: 48%
[worker3-haz] CPU: 40.00% | MEM: 32%
----
[worker1-zzh] CPU: 100.00% | MEM: 43%
[worker2-zrt] CPU: 100.00% | MEM: 49%
[worker3-haz] CPU: 34.00% | MEM: 32%
----
[worker1-zzh] CPU: 100.00% | MEM: 47%
[worker2-zrt] CPU: 100.00% | MEM: 47%
[worker3-haz] CPU: 20.00% | MEM: 32%
----
[worker1-zzh] CPU: 100.00% | MEM: 41%
[worker2-zrt] CPU: 100.00% | MEM: 45%
[worker3-haz] CPU: 35.00% | MEM: 32%
----
[worker1-zzh] CPU: 100.00% | MEM: 41%
[worker2-zrt] CPU: 100.00% | MEM: 51%
[worker3-haz] CPU: 31.00% | MEM: 32%
----
[worker1-zzh] CPU: 100.00% | MEM: 42%
[worker2-zrt] CPU: 100.00% | MEM: 52%
[worker3-haz] CPU: 35.00% | MEM: 32%
----
[worker1-zzh] CPU: 100.00% | MEM: 44%
[worker2-zrt] CPU: 100.00% | MEM: 44%
[worker3-haz] CPU: 37.00% | MEM: 32%
----
[worker1-zzh] CPU: 100.00% | MEM: 48%
[worker2-zrt] CPU: 100.00% | MEM: 47%
[worker3-haz] CPU: 34.00% | MEM: 32%
----
[worker1-zzh] CPU: 100.00% | MEM: 39%
[worker2-zrt] CPU: 100.00% | MEM: 46%
[worker3-haz] CPU: 29.00% | MEM: 32%
----
[worker1-zzh] CPU: 100.00% | MEM: 43%
[worker2-zrt] CPU: 100.00% | MEM: 48%
[worker3-haz] CPU: 12.00% | MEM: 32%
----
[worker1-zzh] CPU: 100.00% | MEM: 40%
[worker2-zrt] CPU: 100.00% | MEM: 47%
[worker3-haz] CPU: 23.00% | MEM: 32%
----
[worker1-zzh] CPU: 100.00% | MEM: 41%
[worker2-zrt] CPU: 100.00% | MEM: 53%
[worker3-haz] CPU: 40.00% | MEM: 32%
----
[worker1-zzh] CPU: 100.00% | MEM: 46%
[worker2-zrt] CPU: 100.00% | MEM: 48%
[worker3-haz] CPU: 38.00% | MEM: 32%
----
[worker1-zzh] CPU: 100.00% | MEM: 41%
[worker2-zrt] CPU: 100.00% | MEM: 47%
[worker3-haz] CPU: 35.00% | MEM: 32%
----
[worker1-zzh] CPU: 100.00% | MEM: 40%
[worker2-zrt] CPU: 100.00% | MEM: 49%
[worker3-haz] CPU: 33.00% | MEM: 32%
----
[worker1-zzh] CPU: 100.00% | MEM: 45%
[worker2-zrt] CPU: 100.00% | MEM: 47%
[worker3-haz] CPU: 26.00% | MEM: 32%
----
[worker1-zzh] CPU: 100.00% | MEM: 46%
[worker2-zrt] CPU: 100.00% | MEM: 47%
[worker3-haz] CPU: 19.00% | MEM: 32%
----
[worker1-zzh] CPU: 100.00% | MEM: 43%
[worker2-zrt] CPU: 100.00% | MEM: 50%
[worker3-haz] CPU: 36.00% | MEM: 32%
----
[worker1-zzh] CPU: 100.00% | MEM: 40%
[worker2-zrt] CPU: 100.00% | MEM: 55%
[worker3-haz] CPU: 17.00% | MEM: 32%
----
[worker1-zzh] CPU: 100.00% | MEM: 47%
[worker2-zrt] CPU: 100.00% | MEM: 49%
[worker3-haz] CPU: 24.00% | MEM: 32%
----
[worker1-zzh] CPU: 100.00% | MEM: 47%
[worker2-zrt] CPU: 100.00% | MEM: 47%
[worker3-haz] CPU: 34.00% | MEM: 32%
----
[worker1-zzh] CPU: 100.00% | MEM: 42%
[worker2-zrt] CPU: 100.00% | MEM: 48%
[worker3-haz] CPU: 13.00% | MEM: 32%
----
[worker1-zzh] CPU: 100.00% | MEM: 38%
[worker2-zrt] CPU: 100.00% | MEM: 45%
[worker3-haz] CPU: 34.00% | MEM: 32%
----
[worker1-zzh] CPU: 100.00% | MEM: 44%
[worker2-zrt] CPU: 100.00% | MEM: 46%
[worker3-haz] CPU: 42.00% | MEM: 32%
----
[worker1-zzh] CPU: 100.00% | MEM: 41%
[worker2-zrt] CPU: 100.00% | MEM: 54%
[worker3-haz] CPU: 23.00% | MEM: 32%
----
[worker1-zzh] CPU: 100.00% | MEM: 42%
[worker2-zrt] CPU: 100.00% | MEM: 51%
[worker3-haz] CPU: 11.00% | MEM: 32%
----
[worker1-zzh] CPU: 100.00% | MEM: 48%
[worker2-zrt] CPU: 100.00% | MEM: 47%
[worker3-haz] CPU: 13.00% | MEM: 32%
----
[worker1-zzh] CPU: 100.00% | MEM: 41%
[worker2-zrt] CPU: 100.00% | MEM: 50%
[worker3-haz] CPU: 12.00% | MEM: 32%
----
[worker1-zzh] CPU: 100.00% | MEM: 39%
[worker2-zrt] CPU: 100.00% | MEM: 46%
[worker3-haz] CPU: 16.00% | MEM: 32%
----
[worker1-zzh] CPU: 100.00% | MEM: 44%
[worker2-zrt] CPU: 100.00% | MEM: 46%
[worker3-haz] CPU: 17.00% | MEM: 32%
----
[worker1-zzh] CPU: 100.00% | MEM: 45%
[worker2-zrt] CPU: 100.00% | MEM: 53%
[worker3-haz] CPU: 16.00% | MEM: 32%
----
[worker1-zzh] CPU: 100.00% | MEM: 43%
[worker2-zrt] CPU: 100.00% | MEM: 57%
[worker3-haz] CPU: 29.00% | MEM: 32%
----
[worker1-zzh] CPU: 100.00% | MEM: 41%
[worker2-zrt] CPU: 100.00% | MEM: 44%
[worker3-haz] CPU: 17.00% | MEM: 32%
----
[worker1-zzh] CPU: 100.00% | MEM: 41%
[worker2-zrt] CPU: 100.00% | MEM: 49%
[worker3-haz] CPU: 19.00% | MEM: 32%
----
[worker1-zzh] CPU: 100.00% | MEM: 48%
[worker2-zrt] CPU: 100.00% | MEM: 44%
[worker3-haz] CPU: 26.00% | MEM: 32%
----
[worker1-zzh] CPU: 100.00% | MEM: 39%
[worker2-zrt] CPU: 100.00% | MEM: 45%
[worker3-haz] CPU: 47.00% | MEM: 32%
----
[worker1-zzh] CPU: 100.00% | MEM: 44%
[worker2-zrt] CPU: 100.00% | MEM: 53%
[worker3-haz] CPU: 29.00% | MEM: 32%
----
[worker1-zzh] CPU: 100.00% | MEM: 43%
[worker2-zrt] CPU: 100.00% | MEM: 55%
[worker3-haz] CPU: 54.00% | MEM: 32%
----
[worker1-zzh] CPU: 100.00% | MEM: 41%
[worker2-zrt] CPU: 100.00% | MEM: 47%
[worker3-haz] CPU: 34.00% | MEM: 32%
----
[worker1-zzh] CPU: 100.00% | MEM: 44%
[worker2-zrt] CPU: 100.00% | MEM: 44%
[worker3-haz] CPU: 26.00% | MEM: 32%
----
[worker1-zzh] CPU: 100.00% | MEM: 39%
[worker2-zrt] CPU: 100.00% | MEM: 44%
[worker3-haz] CPU: 23.00% | MEM: 32%
----
[worker1-zzh] CPU: 100.00% | MEM: 45%
[worker2-zrt] CPU: 100.00% | MEM: 49%
[worker3-haz] CPU: 17.00% | MEM: 32%
----
[worker1-zzh] CPU: 100.00% | MEM: 43%
[worker2-zrt] CPU: 100.00% | MEM: 56%
[worker3-haz] CPU: 23.00% | MEM: 32%
----
[worker1-zzh] CPU: 100.00% | MEM: 40%
[worker2-zrt] CPU: 100.00% | MEM: 52%
[worker3-haz] CPU: 24.00% | MEM: 32%
----
[worker1-zzh] CPU: 100.00% | MEM: 40%
[worker2-zrt] CPU: 100.00% | MEM: 48%
[worker3-haz] CPU: 26.00% | MEM: 32%
----
[worker1-zzh] CPU: 100.00% | MEM: 44%
[worker2-zrt] CPU: 100.00% | MEM: 46%
[worker3-haz] CPU: 26.00% | MEM: 32%
----
[worker1-zzh] CPU: 100.00% | MEM: 45%
[worker2-zrt] CPU: 100.00% | MEM: 43%
[worker3-haz] CPU: 12.00% | MEM: 32%
----
[worker1-zzh] CPU: 100.00% | MEM: 42%
[worker2-zrt] CPU: 100.00% | MEM: 47%
[worker3-haz] CPU: 22.00% | MEM: 32%
----
[worker1-zzh] CPU: 100.00% | MEM: 38%
[worker2-zrt] CPU: 100.00% | MEM: 55%
[worker3-haz] CPU: 23.00% | MEM: 32%
----
[worker1-zzh] CPU: 100.00% | MEM: 46%
[worker2-zrt] CPU: 100.00% | MEM: 56%
[worker3-haz] CPU: 26.00% | MEM: 32%
----
[worker1-zzh] CPU: 100.00% | MEM: 40%
[worker2-zrt] CPU: 100.00% | MEM: 46%
[worker3-haz] CPU: 46.00% | MEM: 32%
----
[worker1-zzh] CPU: 100.00% | MEM: 44%
[worker2-zrt] CPU: 100.00% | MEM: 48%
[worker3-haz] CPU: 23.00% | MEM: 32%
----
[worker1-zzh] CPU: 100.00% | MEM: 39%
[worker2-zrt] CPU: 100.00% | MEM: 43%
[worker3-haz] CPU: 27.00% | MEM: 32%
----
[worker1-zzh] CPU: 100.00% | MEM: 46%
[worker2-zrt] CPU: 100.00% | MEM: 46%
[worker3-haz] CPU: 31.00% | MEM: 32%
----
[worker1-zzh] CPU: 100.00% | MEM: 40%
[worker2-zrt] CPU: 100.00% | MEM: 52%
[worker3-haz] CPU: 22.00% | MEM: 32%
----
[worker1-zzh] CPU: 100.00% | MEM: 44%
[worker2-zrt] CPU: 100.00% | MEM: 56%
[worker3-haz] CPU: 27.00% | MEM: 32%
----
[worker1-zzh] CPU: 100.00% | MEM: 39%
[worker2-zrt] CPU: 100.00% | MEM: 49%
[worker3-haz] CPU: 33.00% | MEM: 32%
----
[worker1-zzh] CPU: 100.00% | MEM: 39%
[worker2-zrt] CPU: 100.00% | MEM: 45%
[worker3-haz] CPU: 26.00% | MEM: 32%
----
[worker1-zzh] CPU: 100.00% | MEM: 46%
[worker2-zrt] CPU: 100.00% | MEM: 43%
[worker3-haz] CPU: 33.00% | MEM: 32%
----
[worker1-zzh] CPU: 100.00% | MEM: 50%
[worker2-zrt] CPU: 100.00% | MEM: 47%
[worker3-haz] CPU: 49.00% | MEM: 32%
----
[worker1-zzh] CPU: 100.00% | MEM: 50%
[worker2-zrt] CPU: 100.00% | MEM: 54%
[worker3-haz] CPU: 36.00% | MEM: 32%
----
[worker1-zzh] CPU: 100.00% | MEM: 46%
[worker2-zrt] CPU: 100.00% | MEM: 56%
[worker3-haz] CPU: 43.00% | MEM: 32%
----
[worker1-zzh] CPU: 100.00% | MEM: 53%
[worker2-zrt] CPU: 100.00% | MEM: 51%
[worker3-haz] CPU: 14.00% | MEM: 32%
----
[worker1-zzh] CPU: 100.00% | MEM: 49%
[worker2-zrt] CPU: 100.00% | MEM: 46%
[worker3-haz] CPU: 12.00% | MEM: 32%
----
[worker1-zzh] CPU: 100.00% | MEM: 48%
[worker2-zrt] CPU: 100.00% | MEM: 43%
[worker3-haz] CPU: 11.00% | MEM: 32%
----
[worker1-zzh] CPU: 100.00% | MEM: 45%
[worker2-zrt] CPU: 100.00% | MEM: 46%
[worker3-haz] CPU: 13.00% | MEM: 32%
----
[worker1-zzh] CPU: 100.00% | MEM: 49%
[worker2-zrt] CPU: 100.00% | MEM: 53%
[worker3-haz] CPU: 11.00% | MEM: 32%
----
[worker1-zzh] CPU: 100.00% | MEM: 54%
[worker2-zrt] CPU: 100.00% | MEM: 57%
[worker3-haz] CPU: 12.00% | MEM: 32%
----
[worker1-zzh] CPU: 100.00% | MEM: 47%
[worker2-zrt] CPU: 100.00% | MEM: 50%
[worker3-haz] CPU: 12.00% | MEM: 32%
----
[worker1-zzh] CPU: 100.00% | MEM: 46%
[worker2-zrt] CPU: 100.00% | MEM: 49%
[worker3-haz] CPU: 14.00% | MEM: 32%
----
[worker1-zzh] CPU: 100.00% | MEM: 50%
[worker2-zrt] CPU: 100.00% | MEM: 45%
[worker3-haz] CPU: 50.00% | MEM: 32%
----
[worker1-zzh] CPU: 100.00% | MEM: 46%
[worker2-zrt] CPU: 100.00% | MEM: 44%
[worker3-haz] CPU: 29.00% | MEM: 32%
----
[worker1-zzh] CPU: 100.00% | MEM: 48%
[worker2-zrt] CPU: 100.00% | MEM: 49%
[worker3-haz] CPU: 52.00% | MEM: 32%
----
[worker1-zzh] CPU: 100.00% | MEM: 54%
[worker2-zrt] CPU: 100.00% | MEM: 55%
[worker3-haz] CPU: 39.00% | MEM: 32%
----
[worker1-zzh] CPU: 100.00% | MEM: 50%
[worker2-zrt] CPU: 100.00% | MEM: 51%
[worker3-haz] CPU: 28.00% | MEM: 32%
----
[worker1-zzh] CPU: 100.00% | MEM: 44%
[worker2-zrt] CPU: 100.00% | MEM: 49%
[worker3-haz] CPU: 36.00% | MEM: 32%
----
[worker1-zzh] CPU: 100.00% | MEM: 47%
[worker2-zrt] CPU: 100.00% | MEM: 41%
[worker3-haz] CPU: 42.00% | MEM: 32%
----
[worker1-zzh] CPU: 100.00% | MEM: 42%
[worker2-zrt] CPU: 100.00% | MEM: 45%
[worker3-haz] CPU: 57.00% | MEM: 32%
----
[worker1-zzh] CPU: 100.00% | MEM: 46%
[worker2-zrt] CPU: 100.00% | MEM: 52%
[worker3-haz] CPU: 33.00% | MEM: 32%
----
[worker1-zzh] CPU: 100.00% | MEM: 52%
[worker2-zrt] CPU: 100.00% | MEM: 56%
[worker3-haz] CPU: 35.00% | MEM: 32%
----
[worker1-zzh] CPU: 100.00% | MEM: 48%
[worker2-zrt] CPU: 100.00% | MEM: 55%
[worker3-haz] CPU: 26.00% | MEM: 32%
----
[worker1-zzh] CPU: 100.00% | MEM: 53%
[worker2-zrt] CPU: 100.00% | MEM: 49%
[worker3-haz] CPU: 33.00% | MEM: 32%
----
[worker1-zzh] CPU: 100.00% | MEM: 48%
[worker2-zrt] CPU: 100.00% | MEM: 41%
[worker3-haz] CPU: 26.00% | MEM: 32%
----
[worker1-zzh] CPU: 100.00% | MEM: 50%
[worker2-zrt] CPU: 100.00% | MEM: 45%
[worker3-haz] CPU: 18.00% | MEM: 32%
----
[worker1-zzh] CPU: 100.00% | MEM: 45%
[worker2-zrt] CPU: 100.00% | MEM: 49%
[worker3-haz] CPU: 35.00% | MEM: 32%
----
[worker1-zzh] CPU: 100.00% | MEM: 44%
[worker2-zrt] CPU: 100.00% | MEM: 54%
[worker3-haz] CPU: 41.00% | MEM: 32%
----
[worker1-zzh] CPU: 100.00% | MEM: 50%
[worker2-zrt] CPU: 100.00% | MEM: 53%
[worker3-haz] CPU: 16.00% | MEM: 32%
----
[worker1-zzh] CPU: 100.00% | MEM: 49%
[worker2-zrt] CPU: 100.00% | MEM: 48%
[worker3-haz] CPU: 23.00% | MEM: 32%
----
[worker1-zzh] CPU: 100.00% | MEM: 52%
[worker2-zrt] CPU: 100.00% | MEM: 46%
[worker3-haz] CPU: 16.00% | MEM: 32%
----
[worker1-zzh] CPU: 100.00% | MEM: 51%
[worker2-zrt] CPU: 100.00% | MEM: 43%
[worker3-haz] CPU: 26.00% | MEM: 32%
----
[worker1-zzh] CPU: 100.00% | MEM: 49%
[worker2-zrt] CPU: 100.00% | MEM: 47%
[worker3-haz] CPU: 23.00% | MEM: 32%
----
[worker1-zzh] CPU: 100.00% | MEM: 47%
[worker2-zrt] CPU: 100.00% | MEM: 51%
[worker3-haz] CPU: 18.00% | MEM: 32%
----
[worker1-zzh] CPU: 100.00% | MEM: 48%
[worker2-zrt] CPU: 100.00% | MEM: 54%
[worker3-haz] CPU: 24.00% | MEM: 32%
----
[worker1-zzh] CPU: 100.00% | MEM: 47%
[worker2-zrt] CPU: 100.00% | MEM: 55%
[worker3-haz] CPU: 27.00% | MEM: 32%
----
[worker1-zzh] CPU: 100.00% | MEM: 50%
[worker2-zrt] CPU: 100.00% | MEM: 48%
[worker3-haz] CPU: 14.00% | MEM: 32%
----
[worker1-zzh] CPU: 100.00% | MEM: 48%
[worker2-zrt] CPU: 100.00% | MEM: 43%
[worker3-haz] CPU: 12.00% | MEM: 32%
----
[worker1-zzh] CPU: 100.00% | MEM: 46%
[worker2-zrt] CPU: 100.00% | MEM: 44%
[worker3-haz] CPU: 13.00% | MEM: 32%
----
[worker1-zzh] CPU: 100.00% | MEM: 52%
[worker2-zrt] CPU: 100.00% | MEM: 48%
[worker3-haz] CPU: 27.00% | MEM: 32%
----
[worker1-zzh] CPU: 100.00% | MEM: 46%
[worker2-zrt] CPU: 100.00% | MEM: 54%
[worker3-haz] CPU: 34.00% | MEM: 32%
----
[worker1-zzh] CPU: 100.00% | MEM: 54%
[worker2-zrt] CPU: 100.00% | MEM: 52%
[worker3-haz] CPU: 44.00% | MEM: 32%
----
[worker1-zzh] CPU: 100.00% | MEM: 46%
[worker2-zrt] CPU: 100.00% | MEM: 50%
[worker3-haz] CPU: 30.00% | MEM: 32%
----
[worker1-zzh] CPU: 100.00% | MEM: 52%
[worker2-zrt] CPU: 100.00% | MEM: 45%
[worker3-haz] CPU: 35.00% | MEM: 32%
----
[worker1-zzh] CPU: 100.00% | MEM: 52%
[worker2-zrt] CPU: 100.00% | MEM: 43%
[worker3-haz] CPU: 43.00% | MEM: 32%
----
[worker1-zzh] CPU: 100.00% | MEM: 48%
[worker2-zrt] CPU: 100.00% | MEM: 48%
[worker3-haz] CPU: 27.00% | MEM: 32%
----
[worker1-zzh] CPU: 100.00% | MEM: 45%
[worker2-zrt] CPU: 100.00% | MEM: 54%
[worker3-haz] CPU: 48.00% | MEM: 32%
----
[worker1-zzh] CPU: 100.00% | MEM: 50%
[worker2-zrt] CPU: 100.00% | MEM: 51%
[worker3-haz] CPU: 13.00% | MEM: 32%
----
[worker1-zzh] CPU: 100.00% | MEM: 47%
[worker2-zrt] CPU: 100.00% | MEM: 51%
[worker3-haz] CPU: 27.00% | MEM: 32%
----
[worker1-zzh] CPU: 100.00% | MEM: 46%
[worker2-zrt] CPU: 100.00% | MEM: 45%
[worker3-haz] CPU: 31.00% | MEM: 32%
----
[worker1-zzh] CPU: 100.00% | MEM: 46%
[worker2-zrt] CPU: 100.00% | MEM: 43%
[worker3-haz] CPU: 21.00% | MEM: 32%
----
[worker1-zzh] CPU: 100.00% | MEM: 50%
[worker2-zrt] CPU: 100.00% | MEM: 49%
[worker3-haz] CPU: 33.00% | MEM: 32%
----
[worker1-zzh] CPU: 100.00% | MEM: 45%
[worker2-zrt] CPU: 100.00% | MEM: 50%
[worker3-haz] CPU: 23.00% | MEM: 32%
----
[worker1-zzh] CPU: 100.00% | MEM: 49%
[worker2-zrt] CPU: 100.00% | MEM: 54%
[worker3-haz] CPU: 37.00% | MEM: 32%
----
[worker1-zzh] CPU: 100.00% | MEM: 48%
[worker2-zrt] CPU: 100.00% | MEM: 52%
[worker3-haz] CPU: 20.00% | MEM: 32%
----
[worker1-zzh] CPU: 100.00% | MEM: 46%
[worker2-zrt] CPU: 100.00% | MEM: 41%
[worker3-haz] CPU: 41.00% | MEM: 32%
----
[worker1-zzh] CPU: 100.00% | MEM: 50%
[worker2-zrt] CPU: 100.00% | MEM: 46%
[worker3-haz] CPU: 37.00% | MEM: 32%
----
[worker1-zzh] CPU: 100.00% | MEM: 51%
[worker2-zrt] CPU: 100.00% | MEM: 51%
[worker3-haz] CPU: 47.00% | MEM: 32%
----
[worker1-zzh] CPU: 100.00% | MEM: 44%
[worker2-zrt] CPU: 100.00% | MEM: 53%
[worker3-haz] CPU: 35.00% | MEM: 32%
----
[worker1-zzh] CPU: 100.00% | MEM: 52%
[worker2-zrt] CPU: 100.00% | MEM: 57%
[worker3-haz] CPU: 23.00% | MEM: 32%
----
[worker1-zzh] CPU: 100.00% | MEM: 45%
[worker2-zrt] CPU: 100.00% | MEM: 52%
[worker3-haz] CPU: 25.00% | MEM: 32%
----
[worker1-zzh] CPU: 100.00% | MEM: 50%
[worker2-zrt] CPU: 100.00% | MEM: 41%
[worker3-haz] CPU: 33.00% | MEM: 32%
----
[worker1-zzh] CPU: 100.00% | MEM: 45%
[worker2-zrt] CPU: 100.00% | MEM: 47%
[worker3-haz] CPU: 51.00% | MEM: 32%
----
[worker1-zzh] CPU: 100.00% | MEM: 49%
[worker2-zrt] CPU: 100.00% | MEM: 50%
[worker3-haz] CPU: 36.00% | MEM: 32%
----
[worker1-zzh] CPU: 100.00% | MEM: 47%
[worker2-zrt] CPU: 100.00% | MEM: 53%
[worker3-haz] CPU: 34.00% | MEM: 32%
----
[worker1-zzh] CPU: 100.00% | MEM: 48%
[worker2-zrt] CPU: 100.00% | MEM: 51%
[worker3-haz] CPU: 39.00% | MEM: 32%
----
[worker1-zzh] CPU: 100.00% | MEM: 51%
[worker2-zrt] CPU: 100.00% | MEM: 47%
[worker3-haz] CPU: 41.00% | MEM: 32%
----
[worker1-zzh] CPU: 100.00% | MEM: 48%
[worker2-zrt] CPU: 100.00% | MEM: 42%
[worker3-haz] CPU: 35.00% | MEM: 32%
----
[worker1-zzh] CPU: 100.00% | MEM: 48%
[worker2-zrt] CPU: 100.00% | MEM: 47%
[worker3-haz] CPU: 23.00% | MEM: 32%
----
[worker1-zzh] CPU: 100.00% | MEM: 51%
[worker2-zrt] CPU: 100.00% | MEM: 51%
[worker3-haz] CPU: 24.00% | MEM: 32%
----
[worker1-zzh] CPU: 100.00% | MEM: 48%
[worker2-zrt] CPU: 100.00% | MEM: 53%
[worker3-haz] CPU: 24.00% | MEM: 32%
----
[worker1-zzh] CPU: 100.00% | MEM: 47%
[worker2-zrt] CPU: 100.00% | MEM: 57%
[worker3-haz] CPU: 26.00% | MEM: 32%
----
[worker1-zzh] CPU: 100.00% | MEM: 49%
[worker2-zrt] CPU: 100.00% | MEM: 52%
[worker3-haz] CPU: 12.00% | MEM: 32%
----
[worker1-zzh] CPU: 100.00% | MEM: 48%
[worker2-zrt] CPU: 100.00% | MEM: 43%
[worker3-haz] CPU: 12.00% | MEM: 32%
----
[worker1-zzh] CPU: 100.00% | MEM: 50%
[worker2-zrt] CPU: 100.00% | MEM: 44%
[worker3-haz] CPU: 12.00% | MEM: 32%
----
[worker1-zzh] CPU: 100.00% | MEM: 48%
[worker2-zrt] CPU: 100.00% | MEM: 47%
[worker3-haz] CPU: 12.00% | MEM: 32%
----
[worker1-zzh] CPU: 100.00% | MEM: 48%
[worker2-zrt] CPU: 100.00% | MEM: 48%
[worker3-haz] CPU: 14.00% | MEM: 32%
----
[worker1-zzh] CPU: 100.00% | MEM: 49%
[worker2-zrt] CPU: 100.00% | MEM: 54%
[worker3-haz] CPU: 24.00% | MEM: 32%
----
[worker1-zzh] CPU: 100.00% | MEM: 50%
[worker2-zrt] CPU: 100.00% | MEM: 56%
[worker3-haz] CPU: 24.00% | MEM: 32%
----
[worker1-zzh] CPU: 100.00% | MEM: 48%
[worker2-zrt] CPU: 100.00% | MEM: 49%
[worker3-haz] CPU: 38.00% | MEM: 32%
----
[worker1-zzh] CPU: 100.00% | MEM: 52%
[worker2-zrt] CPU: 100.00% | MEM: 41%
[worker3-haz] CPU: 22.00% | MEM: 32%
----
[worker1-zzh] CPU: 100.00% | MEM: 47%
[worker2-zrt] CPU: 100.00% | MEM: 46%
[worker3-haz] CPU: 18.00% | MEM: 32%
----
[worker1-zzh] CPU: 100.00% | MEM: 50%
[worker2-zrt] CPU: 100.00% | MEM: 50%
[worker3-haz] CPU: 23.00% | MEM: 32%
----
[worker1-zzh] CPU: 100.00% | MEM: 47%
[worker2-zrt] CPU: 100.00% | MEM: 52%
[worker3-haz] CPU: 28.00% | MEM: 32%
----
[worker1-zzh] CPU: 100.00% | MEM: 53%
[worker2-zrt] CPU: 100.00% | MEM: 56%
[worker3-haz] CPU: 30.00% | MEM: 32%
----
[worker1-zzh] CPU: 100.00% | MEM: 44%
[worker2-zrt] CPU: 100.00% | MEM: 51%
[worker3-haz] CPU: 24.00% | MEM: 32%
----
[worker1-zzh] CPU: 100.00% | MEM: 49%
[worker2-zrt] CPU: 100.00% | MEM: 43%
[worker3-haz] CPU: 34.00% | MEM: 32%
----
[worker1-zzh] CPU: 100.00% | MEM: 52%
[worker2-zrt] CPU: 100.00% | MEM: 45%
[worker3-haz] CPU: 30.00% | MEM: 32%
----
[worker1-zzh] CPU: 100.00% | MEM: 50%
[worker2-zrt] CPU: 100.00% | MEM: 48%
[worker3-haz] CPU: 19.00% | MEM: 32%
----
[worker1-zzh] CPU: 100.00% | MEM: 47%
[worker2-zrt] CPU: 100.00% | MEM: 49%
[worker3-haz] CPU: 22.00% | MEM: 32%
----
[worker1-zzh] CPU: 100.00% | MEM: 49%
[worker2-zrt] CPU: 100.00% | MEM: 53%
[worker3-haz] CPU: 31.00% | MEM: 32%
----
[worker1-zzh] CPU: 100.00% | MEM: 43%
[worker2-zrt] CPU: 100.00% | MEM: 50%
[worker3-haz] CPU: 41.00% | MEM: 32%
----
[worker1-zzh] CPU: 100.00% | MEM: 51%
[worker2-zrt] CPU: 100.00% | MEM: 46%
[worker3-haz] CPU: 21.00% | MEM: 32%
----
[worker1-zzh] CPU: 100.00% | MEM: 48%
[worker2-zrt] CPU: 100.00% | MEM: 45%
[worker3-haz] CPU: 32.00% | MEM: 32%
----
[worker1-zzh] CPU: 100.00% | MEM: 56%
[worker2-zrt] CPU: 100.00% | MEM: 49%
[worker3-haz] CPU: 22.00% | MEM: 32%
----
[worker1-zzh] CPU: 100.00% | MEM: 44%
[worker2-zrt] CPU: 100.00% | MEM: 51%
[worker3-haz] CPU: 27.00% | MEM: 32%
----
[worker1-zzh] CPU: 100.00% | MEM: 56%
[worker2-zrt] CPU: 100.00% | MEM: 52%
[worker3-haz] CPU: 12.00% | MEM: 32%
----
[worker1-zzh] CPU: 100.00% | MEM: 54%
[worker2-zrt] CPU: 100.00% | MEM: 55%
[worker3-haz] CPU: 12.00% | MEM: 32%
----
[worker1-zzh] CPU: 100.00% | MEM: 44%
[worker2-zrt] CPU: 100.00% | MEM: 49%
[worker3-haz] CPU: 12.00% | MEM: 32%
----
[worker1-zzh] CPU: 100.00% | MEM: 50%
[worker2-zrt] CPU: 100.00% | MEM: 44%
[worker3-haz] CPU: 17.00% | MEM: 32%
----
[worker1-zzh] CPU: 100.00% | MEM: 51%
[worker2-zrt] CPU: 100.00% | MEM: 46%
[worker3-haz] CPU: 12.00% | MEM: 32%
----
[worker1-zzh] CPU: 100.00% | MEM: 50%
[worker2-zrt] CPU: 100.00% | MEM: 49%
[worker3-haz] CPU: 12.00% | MEM: 32%
----
[worker1-zzh] CPU: 100.00% | MEM: 48%
[worker2-zrt] CPU: 100.00% | MEM: 47%
[worker3-haz] CPU: 13.00% | MEM: 32%
----
[worker1-zzh] CPU: 100.00% | MEM: 47%
[worker2-zrt] CPU: 100.00% | MEM: 52%
[worker3-haz] CPU: 13.00% | MEM: 32%
----
[worker1-zzh] CPU: 100.00% | MEM: 49%
[worker2-zrt] CPU: 100.00% | MEM: 53%
[worker3-haz] CPU: 27.00% | MEM: 32%
----
[worker1-zzh] CPU: 100.00% | MEM: 47%
[worker2-zrt] CPU: 100.00% | MEM: 48%
[worker3-haz] CPU: 12.00% | MEM: 32%
----
[worker1-zzh] CPU: 100.00% | MEM: 54%
[worker2-zrt] CPU: 100.00% | MEM: 47%
[worker3-haz] CPU: 12.00% | MEM: 32%
----
[worker1-zzh] CPU: 100.00% | MEM: 44%
[worker2-zrt] CPU: 100.00% | MEM: 47%
[worker3-haz] CPU: 19.00% | MEM: 32%
----
[worker1-zzh] CPU: 100.00% | MEM: 51%
[worker2-zrt] CPU: 100.00% | MEM: 47%
[worker3-haz] CPU: 34.00% | MEM: 32%
----
[worker1-zzh] CPU: 100.00% | MEM: 52%
[worker2-zrt] CPU: 100.00% | MEM: 49%
[worker3-haz] CPU: 27.00% | MEM: 32%
----
[worker1-zzh] CPU: 100.00% | MEM: 50%
[worker2-zrt] CPU: 100.00% | MEM: 52%
[worker3-haz] CPU: 19.00% | MEM: 32%
----
[worker1-zzh] CPU: 100.00% | MEM: 51%
[worker2-zrt] CPU: 100.00% | MEM: 48%
[worker3-haz] CPU: 20.00% | MEM: 32%
----
[worker1-zzh] CPU: 100.00% | MEM: 46%
[worker2-zrt] CPU: 100.00% | MEM: 43%
[worker3-haz] CPU: 24.00% | MEM: 32%
----
[worker1-zzh] CPU: 100.00% | MEM: 46%
[worker2-zrt] CPU: 100.00% | MEM: 45%
[worker3-haz] CPU: 13.00% | MEM: 32%
----
[worker1-zzh] CPU: 100.00% | MEM: 48%
[worker2-zrt] CPU: 100.00% | MEM: 46%
[worker3-haz] CPU: 12.00% | MEM: 32%
----
[worker1-zzh] CPU: 100.00% | MEM: 47%
[worker2-zrt] CPU: 100.00% | MEM: 49%
[worker3-haz] CPU: 12.00% | MEM: 32%
----
[worker1-zzh] CPU: 100.00% | MEM: 49%
[worker2-zrt] CPU: 100.00% | MEM: 51%
[worker3-haz] CPU: 14.00% | MEM: 32%
----
[worker1-zzh] CPU: 100.00% | MEM: 47%
[worker2-zrt] CPU: 100.00% | MEM: 53%
[worker3-haz] CPU: 15.00% | MEM: 32%
----
[worker1-zzh] CPU: 100.00% | MEM: 45%
[worker2-zrt] CPU: 100.00% | MEM: 50%
[worker3-haz] CPU: 12.00% | MEM: 32%
----
[worker1-zzh] CPU: 100.00% | MEM: 48%
[worker2-zrt] CPU: 100.00% | MEM: 48%
[worker3-haz] CPU: 11.00% | MEM: 32%
----
[worker1-zzh] CPU: 100.00% | MEM: 50%
[worker2-zrt] CPU: 100.00% | MEM: 47%
[worker3-haz] CPU: 43.00% | MEM: 32%
----
[worker1-zzh] CPU: 100.00% | MEM: 46%
[worker2-zrt] CPU: 100.00% | MEM: 47%
[worker3-haz] CPU: 47.00% | MEM: 32%
----
[worker1-zzh] CPU: 100.00% | MEM: 46%
[worker2-zrt] CPU: 100.00% | MEM: 50%
[worker3-haz] CPU: 30.00% | MEM: 32%
----
[worker1-zzh] CPU: 100.00% | MEM: 50%
[worker2-zrt] CPU: 100.00% | MEM: 55%
[worker3-haz] CPU: 46.00% | MEM: 32%
----
[worker1-zzh] CPU: 100.00% | MEM: 51%
[worker2-zrt] CPU: 100.00% | MEM: 46%
[worker3-haz] CPU: 36.00% | MEM: 32%
----
[worker1-zzh] CPU: 100.00% | MEM: 49%
[worker2-zrt] CPU: 100.00% | MEM: 47%
[worker3-haz] CPU: 30.00% | MEM: 32%
----
[worker1-zzh] CPU: 100.00% | MEM: 50%
[worker2-zrt] CPU: 100.00% | MEM: 49%
[worker3-haz] CPU: 47.00% | MEM: 32%
----
[worker1-zzh] CPU: 100.00% | MEM: 49%
[worker2-zrt] CPU: 100.00% | MEM: 47%
[worker3-haz] CPU: 50.00% | MEM: 32%
----
[worker1-zzh] CPU: 100.00% | MEM: 47%
[worker2-zrt] CPU: 100.00% | MEM: 56%
[worker3-haz] CPU: 24.00% | MEM: 32%
----
[worker1-zzh] CPU: 100.00% | MEM: 49%
[worker2-zrt] CPU: 100.00% | MEM: 50%
[worker3-haz] CPU: 12.00% | MEM: 32%
----
[worker1-zzh] CPU: 100.00% | MEM: 51%
[worker2-zrt] CPU: 100.00% | MEM: 46%
[worker3-haz] CPU: 18.00% | MEM: 32%
----
[worker1-zzh] CPU: 22.00% | MEM: 48%
[worker2-zrt] CPU: 100.00% | MEM: 49%
[worker3-haz] CPU: 18.00% | MEM: 32%
----
[worker1-zzh] CPU: 100.00% | MEM: 45%
[worker2-zrt] CPU: 100.00% | MEM: 55%
[worker3-haz] CPU: 22.00% | MEM: 32%
----
[worker1-zzh] CPU: 100.00% | MEM: 48%
[worker2-zrt] CPU: 100.00% | MEM: 54%
[worker3-haz] CPU: 37.00% | MEM: 32%
----
[worker1-zzh] CPU: 100.00% | MEM: 49%
[worker2-zrt] CPU: 100.00% | MEM: 45%
[worker3-haz] CPU: 37.00% | MEM: 32%
----
[worker1-zzh] CPU: 100.00% | MEM: 49%
[worker2-zrt] CPU: 100.00% | MEM: 44%
[worker3-haz] CPU: 12.00% | MEM: 32%
----
[worker1-zzh] CPU: 100.00% | MEM: 46%
[worker2-zrt] CPU: 100.00% | MEM: 49%
[worker3-haz] CPU: 38.00% | MEM: 32%
----
[worker1-zzh] CPU: 100.00% | MEM: 44%
[worker2-zrt] CPU: 100.00% | MEM: 51%
[worker3-haz] CPU: 29.00% | MEM: 32%
----
[worker1-zzh] CPU: 100.00% | MEM: 46%
[worker2-zrt] CPU: 100.00% | MEM: 52%
[worker3-haz] CPU: 23.00% | MEM: 32%
----
[worker1-zzh] CPU: 100.00% | MEM: 50%
[worker2-zrt] CPU: 100.00% | MEM: 52%
[worker3-haz] CPU: 23.00% | MEM: 32%
----
[worker1-zzh] CPU: 100.00% | MEM: 46%
[worker2-zrt] CPU: 100.00% | MEM: 47%
[worker3-haz] CPU: 13.00% | MEM: 32%
----
[worker1-zzh] CPU: 100.00% | MEM: 51%
[worker2-zrt] CPU: 100.00% | MEM: 42%
[worker3-haz] CPU: 13.00% | MEM: 32%
----
[worker1-zzh] CPU: 100.00% | MEM: 50%
[worker2-zrt] CPU: 100.00% | MEM: 47%
[worker3-haz] CPU: 13.00% | MEM: 32%
----
[worker1-zzh] CPU: 100.00% | MEM: 46%
[worker2-zrt] CPU: 100.00% | MEM: 50%
[worker3-haz] CPU: 12.00% | MEM: 32%
----
[worker1-zzh] CPU: 100.00% | MEM: 45%
[worker2-zrt] CPU: 100.00% | MEM: 52%
[worker3-haz] CPU: 13.00% | MEM: 32%
----
[worker1-zzh] CPU: 100.00% | MEM: 53%
[worker2-zrt] CPU: 100.00% | MEM: 55%
[worker3-haz] CPU: 12.00% | MEM: 32%
----
[worker1-zzh] CPU: 98.00% | MEM: 46%
[worker2-zrt] CPU: 100.00% | MEM: 54%
[worker3-haz] CPU: 13.00% | MEM: 32%
----
[worker1-zzh] CPU: 100.00% | MEM: 49%
[worker2-zrt] CPU: 100.00% | MEM: 43%
[worker3-haz] CPU: 32.00% | MEM: 32%
----
[worker1-zzh] CPU: 100.00% | MEM: 55%
[worker2-zrt] CPU: 100.00% | MEM: 45%
[worker3-haz] CPU: 16.00% | MEM: 32%
----
[worker1-zzh] CPU: 100.00% | MEM: 47%
[worker2-zrt] CPU: 100.00% | MEM: 48%
[worker3-haz] CPU: 19.00% | MEM: 32%
----
[worker1-zzh] CPU: 100.00% | MEM: 50%
[worker2-zrt] CPU: 100.00% | MEM: 51%
[worker3-haz] CPU: 12.00% | MEM: 32%
----
[worker1-zzh] CPU: 100.00% | MEM: 50%
[worker2-zrt] CPU: 100.00% | MEM: 52%
[worker3-haz] CPU: 13.00% | MEM: 32%
----
[worker1-zzh] CPU: 100.00% | MEM: 46%
[worker2-zrt] CPU: 100.00% | MEM: 53%
[worker3-haz] CPU: 12.00% | MEM: 32%
----
[worker1-zzh] CPU: 100.00% | MEM: 49%
[worker2-zrt] CPU: 100.00% | MEM: 52%
[worker3-haz] CPU: 23.00% | MEM: 32%
----
[worker1-zzh] CPU: 100.00% | MEM: 55%
[worker2-zrt] CPU: 100.00% | MEM: 44%
[worker3-haz] CPU: 44.00% | MEM: 32%
----
[worker1-zzh] CPU: 100.00% | MEM: 46%
[worker2-zrt] CPU: 100.00% | MEM: 46%
[worker3-haz] CPU: 40.00% | MEM: 32%
----
[worker1-zzh] CPU: 100.00% | MEM: 42%
[worker2-zrt] CPU: 100.00% | MEM: 51%
[worker3-haz] CPU: 35.00% | MEM: 32%
----
[worker1-zzh] CPU: 100.00% | MEM: 51%
[worker2-zrt] CPU: 100.00% | MEM: 49%
[worker3-haz] CPU: 24.00% | MEM: 32%
----
[worker1-zzh] CPU: 100.00% | MEM: 42%
[worker2-zrt] CPU: 100.00% | MEM: 52%
[worker3-haz] CPU: 24.00% | MEM: 32%
----
[worker1-zzh] CPU: 100.00% | MEM: 50%
[worker2-zrt] CPU: 100.00% | MEM: 53%
[worker3-haz] CPU: 24.00% | MEM: 32%
----
[worker1-zzh] CPU: 85.00% | MEM: 43%
[worker2-zrt] CPU: 100.00% | MEM: 44%
[worker3-haz] CPU: 24.00% | MEM: 32%
----
[worker1-zzh] CPU: 100.00% | MEM: 49%
[worker2-zrt] CPU: 100.00% | MEM: 46%
[worker3-haz] CPU: 39.00% | MEM: 32%
----
[worker1-zzh] CPU: 100.00% | MEM: 42%
[worker2-zrt] CPU: 100.00% | MEM: 51%
[worker3-haz] CPU: 38.00% | MEM: 32%
----
[worker1-zzh] CPU: 100.00% | MEM: 49%
[worker2-zrt] CPU: 100.00% | MEM: 49%
[worker3-haz] CPU: 22.00% | MEM: 32%
----
[worker1-zzh] CPU: 97.00% | MEM: 42%
[worker2-zrt] CPU: 100.00% | MEM: 53%
[worker3-haz] CPU: 20.00% | MEM: 32%
----
[worker1-zzh] CPU: 100.00% | MEM: 50%
[worker2-zrt] CPU: 100.00% | MEM: 55%
[worker3-haz] CPU: 12.00% | MEM: 32%
----
[worker1-zzh] CPU: 100.00% | MEM: 52%
[worker2-zrt] CPU: 100.00% | MEM: 45%
[worker3-haz] CPU: 11.00% | MEM: 32%
----
[worker1-zzh] CPU: 100.00% | MEM: 44%
[worker2-zrt] CPU: 100.00% | MEM: 44%
[worker3-haz] CPU: 12.00% | MEM: 32%
----
[worker1-zzh] CPU: 100.00% | MEM: 50%
[worker2-zrt] CPU: 100.00% | MEM: 49%
[worker3-haz] CPU: 13.00% | MEM: 32%
----
[worker1-zzh] CPU: 100.00% | MEM: 52%
[worker2-zrt] CPU: 100.00% | MEM: 48%
[worker3-haz] CPU: 14.00% | MEM: 32%
----
[worker1-zzh] CPU: 100.00% | MEM: 45%
[worker2-zrt] CPU: 100.00% | MEM: 48%
[worker3-haz] CPU: 36.00% | MEM: 32%
----
[worker1-zzh] CPU: 100.00% | MEM: 47%
[worker2-zrt] CPU: 100.00% | MEM: 53%
[worker3-haz] CPU: 27.00% | MEM: 32%
----
[worker1-zzh] CPU: 100.00% | MEM: 56%
[worker2-zrt] CPU: 100.00% | MEM: 50%
[worker3-haz] CPU: 24.00% | MEM: 32%
----
[worker1-zzh] CPU: 97.00% | MEM: 39%
[worker2-zrt] CPU: 100.00% | MEM: 41%
[worker3-haz] CPU: 27.00% | MEM: 32%
----
[worker1-zzh] CPU: 18.00% | MEM: 39%
[worker2-zrt] CPU: 100.00% | MEM: 42%
[worker3-haz] CPU: 23.00% | MEM: 32%
----
[worker1-zzh] CPU: 22.00% | MEM: 39%
[worker2-zrt] CPU: 100.00% | MEM: 45%
[worker3-haz] CPU: 23.00% | MEM: 32%
----
[worker1-zzh] CPU: 23.00% | MEM: 39%
[worker2-zrt] CPU: 100.00% | MEM: 41%
[worker3-haz] CPU: 23.00% | MEM: 32%
----
[worker1-zzh] CPU: 71.00% | MEM: 39%
[worker2-zrt] CPU: 51.00% | MEM: 36%
[worker3-haz] CPU: 32.00% | MEM: 32%
----
[worker1-zzh] CPU: 78.00% | MEM: 38%
[worker2-zrt] CPU: 55.00% | MEM: 36%
[worker3-haz] CPU: 33.00% | MEM: 32%
----
[worker1-zzh] CPU: 73.00% | MEM: 38%
[worker2-zrt] CPU: 53.00% | MEM: 36%
[worker3-haz] CPU: 39.00% | MEM: 32%
----
[worker1-zzh] CPU: 68.00% | MEM: 38%
[worker2-zrt] CPU: 44.00% | MEM: 36%
[worker3-haz] CPU: 43.00% | MEM: 32%
----
[worker1-zzh] CPU: 29.00% | MEM: 38%
[worker2-zrt] CPU: 79.00% | MEM: 36%
[worker3-haz] CPU: 28.00% | MEM: 32%
----
[worker1-zzh] CPU: 29.00% | MEM: 38%
[worker2-zrt] CPU: 59.00% | MEM: 36%
[worker3-haz] CPU: 21.00% | MEM: 32%
----
