===== Running MapReduce Job =====
Input : /wiki1G/AA/*
Output: /_100mb
Slowstart: 0.8
Date  : 2025年 11月 28日 星期五 01:34:22 CST
=================================
2025-11-28 01:34:25,815 INFO client.DefaultNoHARMFailoverProxyProvider: Connecting to ResourceManager at master-wxl/192.168.10.104:8032
2025-11-28 01:34:26,150 INFO mapreduce.JobResourceUploader: Disabling Erasure Coding for path: /tmp/hadoop-yarn/staging/hadoop/.staging/job_1764264570892_0003
2025-11-28 01:34:26,545 INFO input.FileInputFormat: Total input files to process : 100
2025-11-28 01:34:27,057 INFO mapreduce.JobSubmitter: number of splits:100
2025-11-28 01:34:27,297 INFO mapreduce.JobSubmitter: Submitting tokens for job: job_1764264570892_0003
2025-11-28 01:34:27,297 INFO mapreduce.JobSubmitter: Executing with tokens: []
2025-11-28 01:34:27,478 INFO conf.Configuration: resource-types.xml not found
2025-11-28 01:34:27,479 INFO resource.ResourceUtils: Unable to find 'resource-types.xml'.
2025-11-28 01:34:27,558 INFO impl.YarnClientImpl: Submitted application application_1764264570892_0003
2025-11-28 01:34:27,599 INFO mapreduce.Job: The url to track the job: http://master-wxl:8088/proxy/application_1764264570892_0003/
2025-11-28 01:34:27,600 INFO mapreduce.Job: Running job: job_1764264570892_0003
2025-11-28 01:34:30,659 INFO mapreduce.Job: Job job_1764264570892_0003 running in uber mode : false
2025-11-28 01:34:30,661 INFO mapreduce.Job:  map 0% reduce 0%
2025-11-28 01:34:42,837 INFO mapreduce.Job:  map 8% reduce 0%
2025-11-28 01:34:51,960 INFO mapreduce.Job:  map 13% reduce 0%
2025-11-28 01:34:52,972 INFO mapreduce.Job:  map 16% reduce 0%
2025-11-28 01:35:01,067 INFO mapreduce.Job:  map 17% reduce 0%
2025-11-28 01:35:02,081 INFO mapreduce.Job:  map 24% reduce 0%
2025-11-28 01:35:03,094 INFO mapreduce.Job:  map 33% reduce 0%
2025-11-28 01:35:04,133 INFO mapreduce.Job:  map 34% reduce 0%
2025-11-28 01:35:09,187 INFO mapreduce.Job:  map 35% reduce 0%
2025-11-28 01:35:12,222 INFO mapreduce.Job:  map 41% reduce 0%
2025-11-28 01:35:13,233 INFO mapreduce.Job:  map 42% reduce 0%
2025-11-28 01:35:17,277 INFO mapreduce.Job:  map 43% reduce 0%
2025-11-28 01:35:20,500 INFO mapreduce.Job:  map 44% reduce 0%
2025-11-28 01:35:21,511 INFO mapreduce.Job:  map 45% reduce 0%
2025-11-28 01:35:22,525 INFO mapreduce.Job:  map 50% reduce 0%
2025-11-28 01:35:26,567 INFO mapreduce.Job:  map 51% reduce 0%
2025-11-28 01:35:28,588 INFO mapreduce.Job:  map 53% reduce 0%
2025-11-28 01:35:29,600 INFO mapreduce.Job:  map 55% reduce 0%
2025-11-28 01:35:30,614 INFO mapreduce.Job:  map 56% reduce 0%
2025-11-28 01:35:31,627 INFO mapreduce.Job:  map 62% reduce 0%
2025-11-28 01:35:32,638 INFO mapreduce.Job:  map 71% reduce 0%
2025-11-28 01:35:33,649 INFO mapreduce.Job:  map 72% reduce 0%
2025-11-28 01:35:35,674 INFO mapreduce.Job:  map 73% reduce 0%
2025-11-28 01:35:36,687 INFO mapreduce.Job:  map 75% reduce 0%
2025-11-28 01:35:37,700 INFO mapreduce.Job:  map 76% reduce 0%
2025-11-28 01:35:38,711 INFO mapreduce.Job:  map 77% reduce 0%
2025-11-28 01:35:40,751 INFO mapreduce.Job:  map 78% reduce 0%
2025-11-28 01:35:41,761 INFO mapreduce.Job:  map 80% reduce 0%
2025-11-28 01:35:42,772 INFO mapreduce.Job:  map 84% reduce 0%
2025-11-28 01:35:43,784 INFO mapreduce.Job:  map 86% reduce 0%
2025-11-28 01:35:44,795 INFO mapreduce.Job:  map 88% reduce 0%
2025-11-28 01:35:46,817 INFO mapreduce.Job:  map 89% reduce 0%
2025-11-28 01:35:57,960 INFO mapreduce.Job:  map 91% reduce 0%
2025-11-28 01:35:59,999 INFO mapreduce.Job:  map 93% reduce 0%
2025-11-28 01:36:02,021 INFO mapreduce.Job:  map 100% reduce 0%
2025-11-28 01:36:10,110 INFO mapreduce.Job:  map 100% reduce 75%
2025-11-28 01:36:12,134 INFO mapreduce.Job:  map 100% reduce 100%
2025-11-28 01:36:13,169 INFO mapreduce.Job: Job job_1764264570892_0003 completed successfully
2025-11-28 01:36:13,323 INFO mapreduce.Job: Counters: 55
	File System Counters
		FILE: Number of bytes read=45809982
		FILE: Number of bytes written=119488715
		FILE: Number of read operations=0
		FILE: Number of large read operations=0
		FILE: Number of write operations=0
		HDFS: Number of bytes read=102952240
		HDFS: Number of bytes written=9704043
		HDFS: Number of read operations=305
		HDFS: Number of large read operations=0
		HDFS: Number of write operations=2
		HDFS: Number of bytes read erasure-coded=0
	Job Counters 
		Killed map tasks=2
		Launched map tasks=102
		Launched reduce tasks=1
		Data-local map tasks=102
		Total time spent by all maps in occupied slots (ms)=4138442
		Total time spent by all reduces in occupied slots (ms)=54172
		Total time spent by all map tasks (ms)=2069221
		Total time spent by all reduce tasks (ms)=27086
		Total vcore-milliseconds taken by all map tasks=2069221
		Total vcore-milliseconds taken by all reduce tasks=27086
		Total megabyte-milliseconds taken by all map tasks=2118882304
		Total megabyte-milliseconds taken by all reduce tasks=27736064
	Map-Reduce Framework
		Map input records=325576
		Map output records=16208667
		Map output bytes=167752154
		Map output materialized bytes=45810576
		Input split bytes=10500
		Combine input records=16208667
		Combine output records=3055995
		Reduce input groups=781397
		Reduce shuffle bytes=45810576
		Reduce input records=3055995
		Reduce output records=781397
		Spilled Records=6111990
		Shuffled Maps =100
		Failed Shuffles=0
		Merged Map outputs=100
		GC time elapsed (ms)=35105
		CPU time spent (ms)=136350
		Physical memory (bytes) snapshot=33123676160
		Virtual memory (bytes) snapshot=260821549056
		Total committed heap usage (bytes)=31077171200
		Peak Map Physical memory (bytes)=469413888
		Peak Map Virtual memory (bytes)=2802716672
		Peak Reduce Physical memory (bytes)=272334848
		Peak Reduce Virtual memory (bytes)=2801623040
	Shuffle Errors
		BAD_ID=0
		CONNECTION=0
		IO_ERROR=0
		WRONG_LENGTH=0
		WRONG_MAP=0
		WRONG_REDUCE=0
	File Input Format Counters 
		Bytes Read=102941740
	File Output Format Counters 
		Bytes Written=9704043
