===== Real Performance Monitor Started at 2025年 11月 28日 星期五 01:28:25 CST =====
[worker1-zzh] CPU: 10.00% | MEM: 17%
[worker2-zrt] CPU: 98.00% | MEM: 19%
[worker3-haz] CPU: 13.00% | MEM: 19%
----
[worker1-zzh] CPU: 10.00% | MEM: 17%
[worker2-zrt] CPU: 21.00% | MEM: 19%
[worker3-haz] CPU: 13.00% | MEM: 19%
----
[worker1-zzh] CPU: 10.00% | MEM: 17%
[worker2-zrt] CPU: 33.00% | MEM: 19%
[worker3-haz] CPU: 12.00% | MEM: 19%
----
[worker1-zzh] CPU: 10.00% | MEM: 17%
[worker2-zrt] CPU: 20.00% | MEM: 19%
[worker3-haz] CPU: 13.00% | MEM: 19%
----
[worker1-zzh] CPU: 11.00% | MEM: 17%
[worker2-zrt] CPU: 19.00% | MEM: 19%
[worker3-haz] CPU: 12.00% | MEM: 19%
----
[worker1-zzh] CPU: 8.00% | MEM: 17%
[worker2-zrt] CPU: 19.00% | MEM: 19%
[worker3-haz] CPU: 13.00% | MEM: 19%
----
[worker1-zzh] CPU: 9.00% | MEM: 17%
[worker2-zrt] CPU: 20.00% | MEM: 19%
[worker3-haz] CPU: 12.00% | MEM: 19%
----
[worker1-zzh] CPU: 10.00% | MEM: 18%
[worker2-zrt] CPU: 23.00% | MEM: 19%
[worker3-haz] CPU: 12.00% | MEM: 19%
----
[worker1-zzh] CPU: 12.00% | MEM: 18%
[worker2-zrt] CPU: 24.00% | MEM: 19%
[worker3-haz] CPU: 15.00% | MEM: 19%
----
[worker1-zzh] CPU: 11.00% | MEM: 18%
[worker2-zrt] CPU: 29.00% | MEM: 19%
[worker3-haz] CPU: 13.00% | MEM: 19%
----
[worker1-zzh] CPU: 78.00% | MEM: 27%
[worker2-zrt] CPU: 94.00% | MEM: 21%
[worker3-haz] CPU: 100.00% | MEM: 26%
----
[worker1-zzh] CPU: 72.00% | MEM: 27%
[worker2-zrt] CPU: 100.00% | MEM: 27%
[worker3-haz] CPU: 100.00% | MEM: 36%
----
[worker1-zzh] CPU: 100.00% | MEM: 35%
[worker2-zrt] CPU: 100.00% | MEM: 31%
[worker3-haz] CPU: 100.00% | MEM: 27%
----
[worker1-zzh] CPU: 99.00% | MEM: 30%
[worker2-zrt] CPU: 100.00% | MEM: 35%
[worker3-haz] CPU: 100.00% | MEM: 38%
----
[worker1-zzh] CPU: 100.00% | MEM: 41%
[worker2-zrt] CPU: 100.00% | MEM: 40%
[worker3-haz] CPU: 100.00% | MEM: 28%
----
[worker1-zzh] CPU: 100.00% | MEM: 29%
[worker2-zrt] CPU: 100.00% | MEM: 52%
[worker3-haz] CPU: 100.00% | MEM: 41%
----
[worker1-zzh] CPU: 13.00% | MEM: 24%
[worker2-zrt] CPU: 100.00% | MEM: 48%
[worker3-haz] CPU: 14.00% | MEM: 26%
----
[worker1-zzh] CPU: 13.00% | MEM: 24%
[worker2-zrt] CPU: 50.00% | MEM: 24%
[worker3-haz] CPU: 12.00% | MEM: 24%
----
[worker1-zzh] CPU: 12.00% | MEM: 20%
[worker2-zrt] CPU: 48.00% | MEM: 24%
[worker3-haz] CPU: 11.00% | MEM: 24%
----
[worker1-zzh] CPU: 100.00% | MEM: 32%
[worker2-zrt] CPU: 100.00% | MEM: 29%
[worker3-haz] CPU: 100.00% | MEM: 37%
----
[worker1-zzh] CPU: 100.00% | MEM: 40%
[worker2-zrt] CPU: 100.00% | MEM: 33%
[worker3-haz] CPU: 100.00% | MEM: 29%
----
[worker1-zzh] CPU: 100.00% | MEM: 41%
[worker2-zrt] CPU: 100.00% | MEM: 36%
[worker3-haz] CPU: 100.00% | MEM: 42%
----
[worker1-zzh] CPU: 100.00% | MEM: 31%
[worker2-zrt] CPU: 100.00% | MEM: 42%
[worker3-haz] CPU: 100.00% | MEM: 31%
----
[worker1-zzh] CPU: 100.00% | MEM: 37%
[worker2-zrt] CPU: 100.00% | MEM: 52%
[worker3-haz] CPU: 100.00% | MEM: 43%
----
[worker1-zzh] CPU: 13.00% | MEM: 26%
[worker2-zrt] CPU: 100.00% | MEM: 41%
[worker3-haz] CPU: 57.00% | MEM: 27%
----
[worker1-zzh] CPU: 76.00% | MEM: 24%
===== Real Performance Monitor Started at 2025年 11月 28日 星期五 01:34:21 CST =====
[worker2-zrt] CPU: 53.00% | MEM: 24%
[worker3-haz] CPU: 12.00% | MEM: 26%
----
[worker1-zzh] CPU: 10.00% | MEM: 24%
[worker2-zrt] CPU: 20.00% | MEM: 24%
[worker1-zzh] CPU: 17.00% | MEM: 21%
[worker3-haz] CPU: 14.00% | MEM: 26%
----
[worker2-zrt] CPU: 28.00% | MEM: 24%
[worker1-zzh] CPU: 10.00% | MEM: 24%
[worker3-haz] CPU: 13.00% | MEM: 26%
----
[worker2-zrt] CPU: 98.00% | MEM: 27%
[worker1-zzh] CPU: 100.00% | MEM: 34%
[worker3-haz] CPU: 100.00% | MEM: 34%
----
[worker1-zzh] CPU: 86.00% | MEM: 28%
[worker2-zrt] CPU: 100.00% | MEM: 32%
[worker3-haz] CPU: 100.00% | MEM: 38%
----
[worker2-zrt] CPU: 100.00% | MEM: 34%
[worker1-zzh] CPU: 100.00% | MEM: 36%
[worker3-haz] CPU: 100.00% | MEM: 45%
----
[worker2-zrt] CPU: 100.00% | MEM: 36%
[worker1-zzh] CPU: 100.00% | MEM: 35%
[worker3-haz] CPU: 100.00% | MEM: 55%
----
[worker2-zrt] CPU: 100.00% | MEM: 38%
[worker1-zzh] CPU: 100.00% | MEM: 31%
[worker3-haz] CPU: 100.00% | MEM: 32%
----
[worker2-zrt] CPU: 100.00% | MEM: 40%
[worker1-zzh] CPU: 100.00% | MEM: 42%
[worker3-haz] CPU: 100.00% | MEM: 36%
----
[worker2-zrt] CPU: 100.00% | MEM: 43%
[worker1-zzh] CPU: 100.00% | MEM: 44%
[worker3-haz] CPU: 100.00% | MEM: 42%
----
[worker1-zzh] CPU: 100.00% | MEM: 35%
[worker2-zrt] CPU: 100.00% | MEM: 53%
[worker3-haz] CPU: 100.00% | MEM: 54%
----
[worker2-zrt] CPU: 100.00% | MEM: 55%
[worker1-zzh] CPU: 100.00% | MEM: 32%
[worker3-haz] CPU: 100.00% | MEM: 31%
----
[worker1-zzh] CPU: 100.00% | MEM: 39%
[worker2-zrt] CPU: 100.00% | MEM: 53%
[worker3-haz] CPU: 100.00% | MEM: 36%
----
[worker2-zrt] CPU: 100.00% | MEM: 35%
[worker1-zzh] CPU: 29.00% | MEM: 24%
[worker3-haz] CPU: 100.00% | MEM: 39%
----
[worker2-zrt] CPU: 100.00% | MEM: 28%
[worker1-zzh] CPU: 11.00% | MEM: 24%
[worker3-haz] CPU: 100.00% | MEM: 45%
----
[worker2-zrt] CPU: 100.00% | MEM: 29%
[worker1-zzh] CPU: 10.00% | MEM: 24%
[worker3-haz] CPU: 100.00% | MEM: 52%
----
[worker2-zrt] CPU: 100.00% | MEM: 31%
[worker1-zzh] CPU: 9.00% | MEM: 24%
[worker3-haz] CPU: 100.00% | MEM: 33%
----
[worker2-zrt] CPU: 39.00% | MEM: 28%
[worker1-zzh] CPU: 12.00% | MEM: 24%
[worker3-haz] CPU: 14.00% | MEM: 27%
----
[worker1-zzh] CPU: 13.00% | MEM: 24%
[worker2-zrt] CPU: 96.00% | MEM: 29%
[worker3-haz] CPU: 13.00% | MEM: 26%
----
[worker2-zrt] CPU: 81.00% | MEM: 29%
[worker1-zzh] CPU: 15.00% | MEM: 24%
[worker3-haz] CPU: 11.00% | MEM: 26%
----
[worker2-zrt] CPU: 21.00% | MEM: 27%
[worker3-haz] CPU: 12.00% | MEM: 26%
----
[worker1-zzh] CPU: 11.00% | MEM: 20%
[worker2-zrt] CPU: 96.00% | MEM: 28%
[worker3-haz] CPU: 13.00% | MEM: 26%
----
[worker1-zzh] CPU: 10.00% | MEM: 20%
[worker2-zrt] CPU: 93.00% | MEM: 30%
[worker3-haz] CPU: 12.00% | MEM: 26%
----
[worker1-zzh] CPU: 64.00% | MEM: 25%
[worker2-zrt] CPU: 100.00% | MEM: 36%
[worker3-haz] CPU: 100.00% | MEM: 36%
----
[worker1-zzh] CPU: 45.00% | MEM: 24%
[worker2-zrt] CPU: 100.00% | MEM: 39%
[worker3-haz] CPU: 100.00% | MEM: 54%
----
[worker1-zzh] CPU: 100.00% | MEM: 24%
[worker2-zrt] CPU: 100.00% | MEM: 43%
[worker3-haz] CPU: 100.00% | MEM: 35%
----
[worker1-zzh] CPU: 100.00% | MEM: 26%
[worker2-zrt] CPU: 100.00% | MEM: 54%
[worker3-haz] CPU: 100.00% | MEM: 49%
----
[worker1-zzh] CPU: 100.00% | MEM: 30%
[worker2-zrt] CPU: 100.00% | MEM: 33%
[worker3-haz] CPU: 100.00% | MEM: 32%
----
[worker1-zzh] CPU: 100.00% | MEM: 31%
[worker2-zrt] CPU: 100.00% | MEM: 39%
[worker3-haz] CPU: 100.00% | MEM: 43%
----
[worker1-zzh] CPU: 56.00% | MEM: 21%
[worker2-zrt] CPU: 100.00% | MEM: 42%
[worker3-haz] CPU: 100.00% | MEM: 38%
----
[worker1-zzh] CPU: 11.00% | MEM: 20%
[worker2-zrt] CPU: 100.00% | MEM: 49%
[worker3-haz] CPU: 11.00% | MEM: 26%
----
[worker1-zzh] CPU: 11.00% | MEM: 20%
[worker2-zrt] CPU: 100.00% | MEM: 49%
[worker3-haz] CPU: 17.00% | MEM: 26%
----
[worker1-zzh] CPU: 10.00% | MEM: 20%
[worker2-zrt] CPU: 25.00% | MEM: 32%
[worker3-haz] CPU: 11.00% | MEM: 26%
----
[worker1-zzh] CPU: 10.00% | MEM: 20%
[worker2-zrt] CPU: 58.00% | MEM: 33%
[worker3-haz] CPU: 14.00% | MEM: 26%
----
[worker1-zzh] CPU: 10.00% | MEM: 20%
[worker2-zrt] CPU: 81.00% | MEM: 34%
[worker3-haz] CPU: 13.00% | MEM: 26%
----
[worker1-zzh] CPU: 11.00% | MEM: 20%
[worker2-zrt] CPU: 32.00% | MEM: 27%
[worker3-haz] CPU: 13.00% | MEM: 26%
----
[worker1-zzh] CPU: 10.00% | MEM: 20%
[worker2-zrt] CPU: 33.00% | MEM: 27%
[worker3-haz] CPU: 16.00% | MEM: 26%
----
[worker1-zzh] CPU: 9.00% | MEM: 20%
[worker2-zrt] CPU: 25.00% | MEM: 27%
[worker3-haz] CPU: 14.00% | MEM: 26%
----
[worker1-zzh] CPU: 10.00% | MEM: 20%
[worker2-zrt] CPU: 24.00% | MEM: 27%
[worker3-haz] CPU: 13.00% | MEM: 26%
----
[worker1-zzh] CPU: 10.00% | MEM: 20%
[worker2-zrt] CPU: 21.00% | MEM: 27%
[worker3-haz] CPU: 11.00% | MEM: 26%
----
[worker1-zzh] CPU: 10.00% | MEM: 20%
[worker2-zrt] CPU: 27.00% | MEM: 27%
[worker3-haz] CPU: 12.00% | MEM: 26%
----
[worker1-zzh] CPU: 11.00% | MEM: 20%
[worker2-zrt] CPU: 22.00% | MEM: 27%
[worker3-haz] CPU: 10.00% | MEM: 26%
----
[worker1-zzh] CPU: 9.00% | MEM: 20%
[worker2-zrt] CPU: 21.00% | MEM: 27%
[worker3-haz] CPU: 13.00% | MEM: 26%
----
[worker1-zzh] CPU: 10.00% | MEM: 20%
[worker2-zrt] CPU: 22.00% | MEM: 27%
[worker3-haz] CPU: 17.00% | MEM: 26%
----
[worker1-zzh] CPU: 10.00% | MEM: 20%
[worker2-zrt] CPU: 35.00% | MEM: 27%
[worker3-haz] CPU: 14.00% | MEM: 26%
----
[worker1-zzh] CPU: 11.00% | MEM: 20%
[worker2-zrt] CPU: 23.00% | MEM: 27%
[worker3-haz] CPU: 13.00% | MEM: 26%
----
[worker1-zzh] CPU: 10.00% | MEM: 20%
[worker2-zrt] CPU: 24.00% | MEM: 27%
[worker3-haz] CPU: 13.00% | MEM: 26%
----
[worker1-zzh] CPU: 11.00% | MEM: 20%
[worker2-zrt] CPU: 21.00% | MEM: 27%
[worker3-haz] CPU: 13.00% | MEM: 26%
----
[worker1-zzh] CPU: 9.00% | MEM: 20%
[worker2-zrt] CPU: 23.00% | MEM: 28%
[worker3-haz] CPU: 13.00% | MEM: 26%
----
[worker1-zzh] CPU: 9.00% | MEM: 20%
[worker2-zrt] CPU: 23.00% | MEM: 28%
[worker3-haz] CPU: 12.00% | MEM: 26%
----
[worker1-zzh] CPU: 9.00% | MEM: 20%
[worker2-zrt] CPU: 25.00% | MEM: 28%
[worker3-haz] CPU: 10.00% | MEM: 26%
----
[worker1-zzh] CPU: 11.00% | MEM: 20%
[worker2-zrt] CPU: 24.00% | MEM: 28%
[worker3-haz] CPU: 13.00% | MEM: 26%
----
[worker1-zzh] CPU: 10.00% | MEM: 20%
[worker2-zrt] CPU: 22.00% | MEM: 28%
[worker3-haz] CPU: 12.00% | MEM: 26%
----
[worker1-zzh] CPU: 9.00% | MEM: 20%
[worker2-zrt] CPU: 27.00% | MEM: 28%
[worker3-haz] CPU: 13.00% | MEM: 26%
----
[worker1-zzh] CPU: 10.00% | MEM: 20%
[worker2-zrt] CPU: 24.00% | MEM: 28%
[worker3-haz] CPU: 13.00% | MEM: 26%
----
[worker1-zzh] CPU: 10.00% | MEM: 20%
[worker2-zrt] CPU: 23.00% | MEM: 27%
[worker3-haz] CPU: 13.00% | MEM: 26%
----
[worker1-zzh] CPU: 10.00% | MEM: 20%
[worker2-zrt] CPU: 23.00% | MEM: 28%
[worker3-haz] CPU: 13.00% | MEM: 26%
----
[worker1-zzh] CPU: 10.00% | MEM: 20%
[worker2-zrt] CPU: 25.00% | MEM: 28%
[worker3-haz] CPU: 14.00% | MEM: 26%
----
[worker1-zzh] CPU: 9.00% | MEM: 20%
[worker2-zrt] CPU: 22.00% | MEM: 28%
[worker3-haz] CPU: 14.00% | MEM: 26%
----
[worker1-zzh] CPU: 11.00% | MEM: 20%
[worker2-zrt] CPU: 21.00% | MEM: 28%
[worker3-haz] CPU: 13.00% | MEM: 26%
----
[worker1-zzh] CPU: 9.00% | MEM: 20%
[worker2-zrt] CPU: 21.00% | MEM: 28%
[worker3-haz] CPU: 16.00% | MEM: 26%
----
[worker1-zzh] CPU: 10.00% | MEM: 20%
[worker2-zrt] CPU: 26.00% | MEM: 28%
[worker3-haz] CPU: 12.00% | MEM: 26%
----
[worker1-zzh] CPU: 10.00% | MEM: 20%
[worker2-zrt] CPU: 23.00% | MEM: 28%
[worker3-haz] CPU: 12.00% | MEM: 26%
----
[worker1-zzh] CPU: 10.00% | MEM: 20%
[worker2-zrt] CPU: 21.00% | MEM: 28%
[worker3-haz] CPU: 16.00% | MEM: 26%
----
[worker1-zzh] CPU: 10.00% | MEM: 20%
[worker2-zrt] CPU: 25.00% | MEM: 28%
[worker3-haz] CPU: 16.00% | MEM: 26%
----
[worker1-zzh] CPU: 10.00% | MEM: 20%
[worker2-zrt] CPU: 26.00% | MEM: 28%
[worker3-haz] CPU: 13.00% | MEM: 26%
----
[worker1-zzh] CPU: 10.00% | MEM: 20%
[worker2-zrt] CPU: 26.00% | MEM: 28%
[worker3-haz] CPU: 15.00% | MEM: 26%
----
[worker1-zzh] CPU: 10.00% | MEM: 20%
[worker2-zrt] CPU: 25.00% | MEM: 28%
[worker3-haz] CPU: 15.00% | MEM: 26%
----
[worker1-zzh] CPU: 10.00% | MEM: 20%
[worker2-zrt] CPU: 24.00% | MEM: 28%
[worker3-haz] CPU: 15.00% | MEM: 26%
----
[worker1-zzh] CPU: 10.00% | MEM: 20%
[worker2-zrt] CPU: 21.00% | MEM: 28%
[worker3-haz] CPU: 26.00% | MEM: 26%
----
[worker1-zzh] CPU: 9.00% | MEM: 20%
[worker2-zrt] CPU: 23.00% | MEM: 28%
[worker3-haz] CPU: 18.00% | MEM: 26%
----
[worker1-zzh] CPU: 12.00% | MEM: 20%
[worker2-zrt] CPU: 32.00% | MEM: 28%
[worker3-haz] CPU: 20.00% | MEM: 26%
----
[worker1-zzh] CPU: 10.00% | MEM: 20%
[worker2-zrt] CPU: 26.00% | MEM: 28%
[worker3-haz] CPU: 16.00% | MEM: 26%
----
[worker1-zzh] CPU: 12.00% | MEM: 20%
[worker2-zrt] CPU: 20.00% | MEM: 28%
[worker3-haz] CPU: 16.00% | MEM: 26%
----
[worker1-zzh] CPU: 10.00% | MEM: 20%
[worker2-zrt] CPU: 20.00% | MEM: 28%
[worker3-haz] CPU: 13.00% | MEM: 26%
----
[worker1-zzh] CPU: 9.00% | MEM: 20%
[worker2-zrt] CPU: 22.00% | MEM: 28%
[worker3-haz] CPU: 14.00% | MEM: 26%
----
[worker1-zzh] CPU: 10.00% | MEM: 20%
[worker2-zrt] CPU: 19.00% | MEM: 28%
[worker3-haz] CPU: 11.00% | MEM: 26%
----
[worker1-zzh] CPU: 11.00% | MEM: 20%
[worker2-zrt] CPU: 21.00% | MEM: 28%
[worker3-haz] CPU: 12.00% | MEM: 26%
----
[worker1-zzh] CPU: 11.00% | MEM: 20%
[worker2-zrt] CPU: 22.00% | MEM: 28%
[worker3-haz] CPU: 14.00% | MEM: 26%
----
[worker1-zzh] CPU: 10.00% | MEM: 20%
[worker2-zrt] CPU: 25.00% | MEM: 28%
[worker3-haz] CPU: 12.00% | MEM: 26%
----
[worker1-zzh] CPU: 9.00% | MEM: 20%
[worker2-zrt] CPU: 20.00% | MEM: 28%
[worker3-haz] CPU: 12.00% | MEM: 26%
----
[worker1-zzh] CPU: 9.00% | MEM: 20%
[worker2-zrt] CPU: 20.00% | MEM: 28%
[worker3-haz] CPU: 11.00% | MEM: 26%
----
[worker1-zzh] CPU: 10.00% | MEM: 20%
[worker2-zrt] CPU: 22.00% | MEM: 28%
[worker3-haz] CPU: 13.00% | MEM: 26%
----
[worker1-zzh] CPU: 9.00% | MEM: 20%
[worker2-zrt] CPU: 21.00% | MEM: 28%
[worker3-haz] CPU: 12.00% | MEM: 26%
----
[worker1-zzh] CPU: 9.00% | MEM: 20%
[worker2-zrt] CPU: 20.00% | MEM: 28%
[worker3-haz] CPU: 11.00% | MEM: 26%
----
[worker1-zzh] CPU: 10.00% | MEM: 20%
[worker2-zrt] CPU: 21.00% | MEM: 28%
[worker3-haz] CPU: 11.00% | MEM: 26%
----
[worker1-zzh] CPU: 11.00% | MEM: 20%
[worker2-zrt] CPU: 20.00% | MEM: 28%
[worker3-haz] CPU: 12.00% | MEM: 26%
----
[worker1-zzh] CPU: 12.00% | MEM: 20%
[worker2-zrt] CPU: 19.00% | MEM: 28%
[worker3-haz] CPU: 11.00% | MEM: 26%
----
[worker1-zzh] CPU: 10.00% | MEM: 20%
[worker2-zrt] CPU: 21.00% | MEM: 28%
[worker3-haz] CPU: 11.00% | MEM: 26%
----
[worker1-zzh] CPU: 10.00% | MEM: 20%
[worker2-zrt] CPU: 19.00% | MEM: 28%
[worker3-haz] CPU: 14.00% | MEM: 26%
----
[worker1-zzh] CPU: 10.00% | MEM: 20%
[worker2-zrt] CPU: 21.00% | MEM: 28%
[worker3-haz] CPU: 13.00% | MEM: 26%
----
[worker1-zzh] CPU: 10.00% | MEM: 20%
[worker2-zrt] CPU: 22.00% | MEM: 28%
[worker3-haz] CPU: 14.00% | MEM: 26%
----
[worker1-zzh] CPU: 10.00% | MEM: 20%
[worker2-zrt] CPU: 25.00% | MEM: 28%
[worker3-haz] CPU: 14.00% | MEM: 26%
----
[worker1-zzh] CPU: 10.00% | MEM: 20%
[worker2-zrt] CPU: 21.00% | MEM: 28%
[worker3-haz] CPU: 13.00% | MEM: 26%
----
[worker1-zzh] CPU: 11.00% | MEM: 20%
[worker2-zrt] CPU: 20.00% | MEM: 28%
[worker3-haz] CPU: 11.00% | MEM: 26%
----
[worker1-zzh] CPU: 11.00% | MEM: 20%
[worker2-zrt] CPU: 18.00% | MEM: 28%
[worker3-haz] CPU: 11.00% | MEM: 26%
----
[worker1-zzh] CPU: 8.00% | MEM: 20%
[worker2-zrt] CPU: 19.00% | MEM: 28%
[worker3-haz] CPU: 12.00% | MEM: 26%
----
[worker1-zzh] CPU: 9.00% | MEM: 20%
[worker2-zrt] CPU: 21.00% | MEM: 28%
[worker3-haz] CPU: 12.00% | MEM: 26%
----
[worker1-zzh] CPU: 8.00% | MEM: 20%
[worker2-zrt] CPU: 21.00% | MEM: 28%
[worker3-haz] CPU: 12.00% | MEM: 26%
----
[worker1-zzh] CPU: 9.00% | MEM: 20%
[worker2-zrt] CPU: 20.00% | MEM: 28%
[worker3-haz] CPU: 13.00% | MEM: 26%
----
[worker1-zzh] CPU: 11.00% | MEM: 20%
[worker2-zrt] CPU: 18.00% | MEM: 28%
[worker3-haz] CPU: 13.00% | MEM: 26%
----
[worker1-zzh] CPU: 9.00% | MEM: 20%
[worker2-zrt] CPU: 19.00% | MEM: 28%
[worker3-haz] CPU: 13.00% | MEM: 26%
----
[worker1-zzh] CPU: 10.00% | MEM: 20%
[worker2-zrt] CPU: 18.00% | MEM: 28%
[worker3-haz] CPU: 15.00% | MEM: 26%
----
[worker1-zzh] CPU: 9.00% | MEM: 20%
[worker2-zrt] CPU: 23.00% | MEM: 28%
[worker3-haz] CPU: 17.00% | MEM: 26%
----
[worker1-zzh] CPU: 10.00% | MEM: 20%
[worker2-zrt] CPU: 21.00% | MEM: 28%
[worker3-haz] CPU: 18.00% | MEM: 26%
----
[worker1-zzh] CPU: 10.00% | MEM: 20%
[worker2-zrt] CPU: 21.00% | MEM: 28%
[worker3-haz] CPU: 14.00% | MEM: 26%
----
[worker1-zzh] CPU: 9.00% | MEM: 20%
[worker2-zrt] CPU: 21.00% | MEM: 28%
[worker3-haz] CPU: 15.00% | MEM: 26%
----
[worker1-zzh] CPU: 12.00% | MEM: 20%
[worker2-zrt] CPU: 21.00% | MEM: 28%
[worker3-haz] CPU: 21.00% | MEM: 26%
----
[worker1-zzh] CPU: 11.00% | MEM: 20%
[worker2-zrt] CPU: 20.00% | MEM: 28%
[worker3-haz] CPU: 20.00% | MEM: 26%
----
[worker1-zzh] CPU: 9.00% | MEM: 20%
[worker2-zrt] CPU: 23.00% | MEM: 28%
[worker3-haz] CPU: 13.00% | MEM: 26%
----
[worker1-zzh] CPU: 10.00% | MEM: 20%
[worker2-zrt] CPU: 22.00% | MEM: 28%
[worker3-haz] CPU: 13.00% | MEM: 26%
----
[worker1-zzh] CPU: 11.00% | MEM: 20%
[worker2-zrt] CPU: 22.00% | MEM: 28%
[worker3-haz] CPU: 15.00% | MEM: 26%
----
[worker1-zzh] CPU: 11.00% | MEM: 20%
[worker2-zrt] CPU: 21.00% | MEM: 28%
[worker3-haz] CPU: 15.00% | MEM: 26%
----
[worker1-zzh] CPU: 8.00% | MEM: 20%
[worker2-zrt] CPU: 20.00% | MEM: 28%
[worker3-haz] CPU: 15.00% | MEM: 26%
----
[worker1-zzh] CPU: 10.00% | MEM: 20%
[worker2-zrt] CPU: 22.00% | MEM: 28%
[worker3-haz] CPU: 18.00% | MEM: 26%
----
[worker1-zzh] CPU: 11.00% | MEM: 20%
[worker2-zrt] CPU: 22.00% | MEM: 28%
[worker3-haz] CPU: 15.00% | MEM: 26%
----
[worker1-zzh] CPU: 9.00% | MEM: 20%
[worker2-zrt] CPU: 21.00% | MEM: 28%
[worker3-haz] CPU: 14.00% | MEM: 26%
----
[worker1-zzh] CPU: 9.00% | MEM: 20%
[worker2-zrt] CPU: 20.00% | MEM: 28%
[worker3-haz] CPU: 15.00% | MEM: 26%
----
[worker1-zzh] CPU: 10.00% | MEM: 20%
[worker2-zrt] CPU: 19.00% | MEM: 28%
[worker3-haz] CPU: 16.00% | MEM: 26%
----
[worker1-zzh] CPU: 10.00% | MEM: 20%
[worker2-zrt] CPU: 21.00% | MEM: 28%
[worker3-haz] CPU: 15.00% | MEM: 26%
----
[worker1-zzh] CPU: 9.00% | MEM: 20%
[worker2-zrt] CPU: 20.00% | MEM: 28%
[worker3-haz] CPU: 18.00% | MEM: 26%
----
[worker1-zzh] CPU: 10.00% | MEM: 20%
[worker2-zrt] CPU: 22.00% | MEM: 28%
[worker3-haz] CPU: 17.00% | MEM: 26%
----
[worker1-zzh] CPU: 10.00% | MEM: 20%
[worker2-zrt] CPU: 25.00% | MEM: 28%
[worker3-haz] CPU: 15.00% | MEM: 26%
----
[worker1-zzh] CPU: 10.00% | MEM: 20%
[worker2-zrt] CPU: 21.00% | MEM: 28%
[worker3-haz] CPU: 17.00% | MEM: 26%
----
[worker1-zzh] CPU: 9.00% | MEM: 20%
[worker2-zrt] CPU: 23.00% | MEM: 28%
[worker3-haz] CPU: 11.00% | MEM: 26%
----
[worker1-zzh] CPU: 11.00% | MEM: 20%
[worker2-zrt] CPU: 21.00% | MEM: 28%
[worker3-haz] CPU: 12.00% | MEM: 26%
----
[worker1-zzh] CPU: 9.00% | MEM: 20%
[worker2-zrt] CPU: 22.00% | MEM: 28%
[worker3-haz] CPU: 11.00% | MEM: 26%
----
[worker1-zzh] CPU: 10.00% | MEM: 20%
[worker2-zrt] CPU: 25.00% | MEM: 28%
[worker3-haz] CPU: 11.00% | MEM: 26%
----
[worker1-zzh] CPU: 11.00% | MEM: 20%
[worker2-zrt] CPU: 19.00% | MEM: 28%
[worker3-haz] CPU: 13.00% | MEM: 26%
----
[worker1-zzh] CPU: 10.00% | MEM: 20%
[worker2-zrt] CPU: 21.00% | MEM: 28%
[worker3-haz] CPU: 12.00% | MEM: 26%
----
[worker1-zzh] CPU: 11.00% | MEM: 20%
[worker2-zrt] CPU: 22.00% | MEM: 28%
[worker3-haz] CPU: 13.00% | MEM: 26%
----
[worker1-zzh] CPU: 12.00% | MEM: 20%
[worker2-zrt] CPU: 25.00% | MEM: 28%
[worker3-haz] CPU: 12.00% | MEM: 26%
----
[worker1-zzh] CPU: 10.00% | MEM: 20%
[worker2-zrt] CPU: 35.00% | MEM: 28%
[worker3-haz] CPU: 12.00% | MEM: 26%
----
[worker1-zzh] CPU: 10.00% | MEM: 20%
[worker2-zrt] CPU: 21.00% | MEM: 28%
[worker3-haz] CPU: 14.00% | MEM: 26%
----
[worker1-zzh] CPU: 10.00% | MEM: 20%
[worker2-zrt] CPU: 25.00% | MEM: 28%
[worker3-haz] CPU: 19.00% | MEM: 26%
----
[worker1-zzh] CPU: 10.00% | MEM: 20%
[worker2-zrt] CPU: 20.00% | MEM: 28%
[worker3-haz] CPU: 12.00% | MEM: 26%
----
[worker1-zzh] CPU: 8.00% | MEM: 20%
[worker2-zrt] CPU: 14.00% | MEM: 28%
[worker3-haz] CPU: 12.00% | MEM: 26%
----
[worker1-zzh] CPU: 10.00% | MEM: 20%
[worker2-zrt] CPU: 22.00% | MEM: 28%
[worker3-haz] CPU: 15.00% | MEM: 26%
----
[worker1-zzh] CPU: 10.00% | MEM: 20%
[worker2-zrt] CPU: 24.00% | MEM: 28%
[worker3-haz] CPU: 18.00% | MEM: 26%
----
[worker1-zzh] CPU: 10.00% | MEM: 20%
[worker2-zrt] CPU: 23.00% | MEM: 28%
[worker3-haz] CPU: 27.00% | MEM: 26%
----
[worker1-zzh] CPU: 10.00% | MEM: 20%
[worker2-zrt] CPU: 21.00% | MEM: 28%
[worker3-haz] CPU: 12.00% | MEM: 26%
----
[worker1-zzh] CPU: 11.00% | MEM: 20%
[worker2-zrt] CPU: 21.00% | MEM: 28%
[worker3-haz] CPU: 14.00% | MEM: 26%
----
[worker1-zzh] CPU: 11.00% | MEM: 20%
[worker2-zrt] CPU: 21.00% | MEM: 28%
[worker3-haz] CPU: 13.00% | MEM: 26%
----
[worker1-zzh] CPU: 10.00% | MEM: 20%
[worker2-zrt] CPU: 20.00% | MEM: 28%
[worker3-haz] CPU: 12.00% | MEM: 26%
----
[worker1-zzh] CPU: 9.00% | MEM: 20%
[worker2-zrt] CPU: 20.00% | MEM: 28%
[worker3-haz] CPU: 12.00% | MEM: 26%
----
[worker1-zzh] CPU: 10.00% | MEM: 20%
[worker2-zrt] CPU: 21.00% | MEM: 28%
[worker3-haz] CPU: 12.00% | MEM: 26%
----
[worker1-zzh] CPU: 7.00% | MEM: 20%
[worker2-zrt] CPU: 21.00% | MEM: 28%
[worker3-haz] CPU: 14.00% | MEM: 26%
----
[worker1-zzh] CPU: 10.00% | MEM: 20%
[worker2-zrt] CPU: 21.00% | MEM: 28%
[worker3-haz] CPU: 14.00% | MEM: 26%
----
[worker1-zzh] CPU: 6.00% | MEM: 20%
[worker2-zrt] CPU: 22.00% | MEM: 28%
[worker3-haz] CPU: 15.00% | MEM: 26%
----
[worker1-zzh] CPU: 84.00% | MEM: 23%
[worker2-zrt] CPU: 31.00% | MEM: 28%
[worker3-haz] CPU: 100.00% | MEM: 29%
----
[worker1-zzh] CPU: 100.00% | MEM: 44%
[worker2-zrt] CPU: 100.00% | MEM: 34%
[worker3-haz] CPU: 100.00% | MEM: 36%
----
[worker1-zzh] CPU: 100.00% | MEM: 25%
[worker2-zrt] CPU: 100.00% | MEM: 38%
[worker3-haz] CPU: 100.00% | MEM: 55%
----
[worker1-zzh] CPU: 100.00% | MEM: 36%
[worker2-zrt] CPU: 100.00% | MEM: 43%
[worker3-haz] CPU: 100.00% | MEM: 34%
----
[worker1-zzh] CPU: 100.00% | MEM: 37%
[worker2-zrt] CPU: 100.00% | MEM: 56%
[worker3-haz] CPU: 100.00% | MEM: 45%
----
[worker1-zzh] CPU: 100.00% | MEM: 29%
[worker2-zrt] CPU: 100.00% | MEM: 43%
[worker3-haz] CPU: 100.00% | MEM: 30%
----
[worker1-zzh] CPU: 100.00% | MEM: 29%
[worker2-zrt] CPU: 100.00% | MEM: 34%
[worker3-haz] CPU: 100.00% | MEM: 39%
----
[worker1-zzh] CPU: 100.00% | MEM: 34%
[worker2-zrt] CPU: 100.00% | MEM: 38%
[worker3-haz] CPU: 100.00% | MEM: 48%
----
[worker1-zzh] CPU: 100.00% | MEM: 37%
[worker2-zrt] CPU: 100.00% | MEM: 44%
[worker3-haz] CPU: 100.00% | MEM: 35%
----
[worker1-zzh] CPU: 100.00% | MEM: 27%
[worker2-zrt] CPU: 100.00% | MEM: 51%
[worker3-haz] CPU: 100.00% | MEM: 50%
----
[worker1-zzh] CPU: 100.00% | MEM: 36%
[worker2-zrt] CPU: 100.00% | MEM: 47%
[worker3-haz] CPU: 100.00% | MEM: 33%
----
[worker1-zzh] CPU: 100.00% | MEM: 38%
[worker2-zrt] CPU: 100.00% | MEM: 33%
[worker3-haz] CPU: 100.00% | MEM: 41%
----
[worker1-zzh] CPU: 100.00% | MEM: 30%
[worker2-zrt] CPU: 100.00% | MEM: 39%
[worker3-haz] CPU: 100.00% | MEM: 40%
----
[worker1-zzh] CPU: 100.00% | MEM: 32%
[worker2-zrt] CPU: 100.00% | MEM: 45%
[worker3-haz] CPU: 100.00% | MEM: 38%
----
[worker1-zzh] CPU: 100.00% | MEM: 36%
[worker2-zrt] CPU: 100.00% | MEM: 42%
[worker3-haz] CPU: 100.00% | MEM: 53%
----
[worker1-zzh] CPU: 100.00% | MEM: 30%
[worker2-zrt] CPU: 100.00% | MEM: 48%
[worker3-haz] CPU: 100.00% | MEM: 34%
----
[worker1-zzh] CPU: 100.00% | MEM: 34%
[worker2-zrt] CPU: 100.00% | MEM: 34%
[worker3-haz] CPU: 100.00% | MEM: 41%
----
[worker1-zzh] CPU: 100.00% | MEM: 30%
[worker2-zrt] CPU: 100.00% | MEM: 42%
[worker3-haz] CPU: 100.00% | MEM: 41%
----
[worker1-zzh] CPU: 100.00% | MEM: 36%
[worker2-zrt] CPU: 100.00% | MEM: 43%
[worker3-haz] CPU: 100.00% | MEM: 41%
----
[worker1-zzh] CPU: 100.00% | MEM: 30%
[worker2-zrt] CPU: 100.00% | MEM: 47%
[worker3-haz] CPU: 100.00% | MEM: 48%
----
[worker1-zzh] CPU: 100.00% | MEM: 36%
[worker2-zrt] CPU: 100.00% | MEM: 46%
[worker3-haz] CPU: 100.00% | MEM: 38%
----
[worker1-zzh] CPU: 100.00% | MEM: 32%
[worker2-zrt] CPU: 100.00% | MEM: 37%
[worker3-haz] CPU: 100.00% | MEM: 45%
----
[worker1-zzh] CPU: 100.00% | MEM: 36%
[worker2-zrt] CPU: 100.00% | MEM: 42%
[worker3-haz] CPU: 100.00% | MEM: 43%
----
[worker1-zzh] CPU: 100.00% | MEM: 40%
[worker2-zrt] CPU: 100.00% | MEM: 44%
[worker3-haz] CPU: 100.00% | MEM: 39%
----
[worker1-zzh] CPU: 100.00% | MEM: 33%
[worker2-zrt] CPU: 100.00% | MEM: 49%
[worker3-haz] CPU: 100.00% | MEM: 50%
----
[worker1-zzh] CPU: 100.00% | MEM: 37%
[worker2-zrt] CPU: 100.00% | MEM: 46%
[worker3-haz] CPU: 100.00% | MEM: 42%
----
[worker1-zzh] CPU: 100.00% | MEM: 32%
[worker2-zrt] CPU: 100.00% | MEM: 37%
[worker3-haz] CPU: 100.00% | MEM: 43%
----
[worker1-zzh] CPU: 100.00% | MEM: 36%
[worker2-zrt] CPU: 100.00% | MEM: 43%
[worker3-haz] CPU: 100.00% | MEM: 45%
----
[worker1-zzh] CPU: 100.00% | MEM: 34%
[worker2-zrt] CPU: 100.00% | MEM: 42%
[worker3-haz] CPU: 100.00% | MEM: 40%
----
[worker1-zzh] CPU: 100.00% | MEM: 35%
[worker2-zrt] CPU: 100.00% | MEM: 44%
[worker3-haz] CPU: 100.00% | MEM: 51%
----
[worker1-zzh] CPU: 100.00% | MEM: 34%
[worker2-zrt] CPU: 100.00% | MEM: 46%
[worker3-haz] CPU: 100.00% | MEM: 39%
----
[worker1-zzh] CPU: 100.00% | MEM: 33%
[worker2-zrt] CPU: 100.00% | MEM: 37%
[worker3-haz] CPU: 100.00% | MEM: 52%
----
[worker1-zzh] CPU: 100.00% | MEM: 36%
[worker2-zrt] CPU: 100.00% | MEM: 44%
[worker3-haz] CPU: 100.00% | MEM: 39%
----
[worker1-zzh] CPU: 100.00% | MEM: 35%
[worker2-zrt] CPU: 100.00% | MEM: 41%
[worker3-haz] CPU: 100.00% | MEM: 53%
----
[worker1-zzh] CPU: 100.00% | MEM: 32%
[worker2-zrt] CPU: 100.00% | MEM: 42%
[worker3-haz] CPU: 100.00% | MEM: 40%
----
[worker1-zzh] CPU: 100.00% | MEM: 35%
[worker2-zrt] CPU: 100.00% | MEM: 47%
[worker3-haz] CPU: 100.00% | MEM: 50%
----
[worker1-zzh] CPU: 100.00% | MEM: 34%
[worker2-zrt] CPU: 100.00% | MEM: 38%
[worker3-haz] CPU: 100.00% | MEM: 37%
----
[worker1-zzh] CPU: 100.00% | MEM: 37%
[worker2-zrt] CPU: 100.00% | MEM: 41%
[worker3-haz] CPU: 100.00% | MEM: 47%
----
[worker1-zzh] CPU: 100.00% | MEM: 35%
[worker2-zrt] CPU: 100.00% | MEM: 41%
[worker3-haz] CPU: 100.00% | MEM: 49%
----
[worker1-zzh] CPU: 100.00% | MEM: 33%
[worker2-zrt] CPU: 100.00% | MEM: 42%
[worker3-haz] CPU: 100.00% | MEM: 41%
----
[worker1-zzh] CPU: 100.00% | MEM: 33%
[worker2-zrt] CPU: 100.00% | MEM: 46%
[worker3-haz] CPU: 100.00% | MEM: 48%
----
[worker1-zzh] CPU: 100.00% | MEM: 37%
[worker2-zrt] CPU: 100.00% | MEM: 36%
[worker3-haz] CPU: 100.00% | MEM: 40%
----
[worker1-zzh] CPU: 100.00% | MEM: 33%
[worker2-zrt] CPU: 100.00% | MEM: 43%
[worker3-haz] CPU: 100.00% | MEM: 50%
----
[worker1-zzh] CPU: 100.00% | MEM: 38%
[worker2-zrt] CPU: 100.00% | MEM: 42%
[worker3-haz] CPU: 100.00% | MEM: 39%
----
[worker1-zzh] CPU: 100.00% | MEM: 31%
[worker2-zrt] CPU: 100.00% | MEM: 44%
[worker3-haz] CPU: 100.00% | MEM: 48%
----
[worker1-zzh] CPU: 100.00% | MEM: 36%
[worker2-zrt] CPU: 100.00% | MEM: 44%
[worker3-haz] CPU: 100.00% | MEM: 46%
----
[worker1-zzh] CPU: 100.00% | MEM: 32%
[worker2-zrt] CPU: 100.00% | MEM: 36%
[worker3-haz] CPU: 100.00% | MEM: 46%
----
[worker1-zzh] CPU: 100.00% | MEM: 38%
[worker2-zrt] CPU: 100.00% | MEM: 42%
[worker3-haz] CPU: 100.00% | MEM: 47%
----
[worker1-zzh] CPU: 100.00% | MEM: 34%
[worker2-zrt] CPU: 100.00% | MEM: 43%
[worker3-haz] CPU: 100.00% | MEM: 44%
----
[worker1-zzh] CPU: 100.00% | MEM: 37%
[worker2-zrt] CPU: 100.00% | MEM: 44%
[worker3-haz] CPU: 100.00% | MEM: 51%
----
[worker1-zzh] CPU: 100.00% | MEM: 32%
[worker2-zrt] CPU: 100.00% | MEM: 36%
[worker3-haz] CPU: 100.00% | MEM: 43%
----
[worker1-zzh] CPU: 100.00% | MEM: 34%
[worker2-zrt] CPU: 100.00% | MEM: 40%
[worker3-haz] CPU: 100.00% | MEM: 43%
----
[worker1-zzh] CPU: 100.00% | MEM: 38%
[worker2-zrt] CPU: 100.00% | MEM: 47%
[worker3-haz] CPU: 100.00% | MEM: 47%
----
[worker1-zzh] CPU: 100.00% | MEM: 37%
[worker2-zrt] CPU: 100.00% | MEM: 44%
[worker3-haz] CPU: 100.00% | MEM: 45%
----
[worker1-zzh] CPU: 100.00% | MEM: 32%
[worker2-zrt] CPU: 100.00% | MEM: 45%
[worker3-haz] CPU: 100.00% | MEM: 44%
----
[worker1-zzh] CPU: 100.00% | MEM: 36%
[worker2-zrt] CPU: 100.00% | MEM: 36%
[worker3-haz] CPU: 100.00% | MEM: 49%
----
[worker1-zzh] CPU: 100.00% | MEM: 40%
[worker2-zrt] CPU: 100.00% | MEM: 43%
[worker3-haz] CPU: 100.00% | MEM: 42%
----
[worker1-zzh] CPU: 100.00% | MEM: 33%
[worker2-zrt] CPU: 100.00% | MEM: 47%
[worker3-haz] CPU: 100.00% | MEM: 43%
----
[worker1-zzh] CPU: 29.00% | MEM: 24%
[worker2-zrt] CPU: 61.00% | MEM: 28%
[worker3-haz] CPU: 78.00% | MEM: 33%
----
[worker1-zzh] CPU: 37.00% | MEM: 24%
[worker2-zrt] CPU: 58.00% | MEM: 28%
[worker3-haz] CPU: 68.00% | MEM: 32%
----
[worker1-zzh] CPU: 14.00% | MEM: 24%
[worker2-zrt] CPU: 23.00% | MEM: 28%
[worker3-haz] CPU: 23.00% | MEM: 25%
----
[worker1-zzh] CPU: 11.00% | MEM: 19%
[worker2-zrt] CPU: 36.00% | MEM: 28%
[worker3-haz] CPU: 13.00% | MEM: 25%
----
[worker1-zzh] CPU: 10.00% | MEM: 19%
[worker2-zrt] CPU: 85.00% | MEM: 31%
[worker3-haz] CPU: 11.00% | MEM: 25%
----
[worker1-zzh] CPU: 74.00% | MEM: 25%
[worker2-zrt] CPU: 100.00% | MEM: 37%
[worker3-haz] CPU: 100.00% | MEM: 34%
----
[worker1-zzh] CPU: 72.00% | MEM: 26%
[worker2-zrt] CPU: 100.00% | MEM: 41%
[worker3-haz] CPU: 100.00% | MEM: 54%
----
[worker1-zzh] CPU: 100.00% | MEM: 29%
[worker2-zrt] CPU: 100.00% | MEM: 47%
[worker3-haz] CPU: 100.00% | MEM: 34%
----
[worker1-zzh] CPU: 100.00% | MEM: 30%
[worker2-zrt] CPU: 100.00% | MEM: 56%
[worker3-haz] CPU: 100.00% | MEM: 52%
----
[worker1-zzh] CPU: 100.00% | MEM: 30%
[worker2-zrt] CPU: 100.00% | MEM: 34%
[worker3-haz] CPU: 100.00% | MEM: 31%
----
[worker1-zzh] CPU: 100.00% | MEM: 30%
[worker2-zrt] CPU: 100.00% | MEM: 40%
[worker3-haz] CPU: 100.00% | MEM: 42%
----
[worker1-zzh] CPU: 100.00% | MEM: 29%
[worker2-zrt] CPU: 100.00% | MEM: 43%
[worker3-haz] CPU: 100.00% | MEM: 40%
----
[worker1-zzh] CPU: 100.00% | MEM: 34%
[worker2-zrt] CPU: 100.00% | MEM: 52%
[worker3-haz] CPU: 100.00% | MEM: 36%
----
[worker1-zzh] CPU: 100.00% | MEM: 40%
[worker2-zrt] CPU: 100.00% | MEM: 41%
[worker3-haz] CPU: 100.00% | MEM: 48%
----
[worker1-zzh] CPU: 100.00% | MEM: 38%
[worker2-zrt] CPU: 100.00% | MEM: 37%
[worker3-haz] CPU: 100.00% | MEM: 32%
----
[worker1-zzh] CPU: 100.00% | MEM: 37%
[worker2-zrt] CPU: 100.00% | MEM: 40%
[worker3-haz] CPU: 100.00% | MEM: 44%
----
[worker1-zzh] CPU: 100.00% | MEM: 32%
[worker2-zrt] CPU: 100.00% | MEM: 46%
[worker3-haz] CPU: 100.00% | MEM: 29%
----
[worker1-zzh] CPU: 100.00% | MEM: 31%
[worker2-zrt] CPU: 100.00% | MEM: 50%
[worker3-haz] CPU: 100.00% | MEM: 40%
----
[worker1-zzh] CPU: 100.00% | MEM: 29%
[worker2-zrt] CPU: 100.00% | MEM: 40%
[worker3-haz] CPU: 100.00% | MEM: 39%
----
[worker1-zzh] CPU: 100.00% | MEM: 32%
[worker2-zrt] CPU: 100.00% | MEM: 39%
[worker3-haz] CPU: 100.00% | MEM: 38%
----
[worker1-zzh] CPU: 100.00% | MEM: 31%
[worker2-zrt] CPU: 100.00% | MEM: 42%
[worker3-haz] CPU: 100.00% | MEM: 49%
----
[worker1-zzh] CPU: 100.00% | MEM: 33%
[worker2-zrt] CPU: 100.00% | MEM: 50%
[worker3-haz] CPU: 100.00% | MEM: 35%
----
[worker1-zzh] CPU: 100.00% | MEM: 35%
[worker2-zrt] CPU: 100.00% | MEM: 49%
[worker3-haz] CPU: 100.00% | MEM: 49%
----
[worker1-zzh] CPU: 100.00% | MEM: 37%
[worker2-zrt] CPU: 100.00% | MEM: 39%
[worker3-haz] CPU: 100.00% | MEM: 32%
----
[worker1-zzh] CPU: 100.00% | MEM: 38%
[worker2-zrt] CPU: 100.00% | MEM: 40%
[worker3-haz] CPU: 100.00% | MEM: 44%
----
[worker1-zzh] CPU: 100.00% | MEM: 41%
[worker2-zrt] CPU: 100.00% | MEM: 46%
[worker3-haz] CPU: 100.00% | MEM: 34%
----
[worker1-zzh] CPU: 100.00% | MEM: 32%
[worker2-zrt] CPU: 100.00% | MEM: 48%
[worker3-haz] CPU: 100.00% | MEM: 39%
----
[worker1-zzh] CPU: 100.00% | MEM: 29%
[worker2-zrt] CPU: 100.00% | MEM: 41%
[worker3-haz] CPU: 100.00% | MEM: 49%
----
[worker1-zzh] CPU: 100.00% | MEM: 32%
[worker2-zrt] CPU: 100.00% | MEM: 39%
[worker3-haz] CPU: 100.00% | MEM: 35%
----
[worker1-zzh] CPU: 100.00% | MEM: 32%
[worker2-zrt] CPU: 100.00% | MEM: 43%
[worker3-haz] CPU: 100.00% | MEM: 47%
----
[worker1-zzh] CPU: 100.00% | MEM: 32%
[worker2-zrt] CPU: 100.00% | MEM: 51%
[worker3-haz] CPU: 100.00% | MEM: 30%
----
[worker1-zzh] CPU: 100.00% | MEM: 39%
[worker2-zrt] CPU: 100.00% | MEM: 48%
[worker3-haz] CPU: 100.00% | MEM: 40%
----
[worker1-zzh] CPU: 100.00% | MEM: 41%
[worker2-zrt] CPU: 100.00% | MEM: 36%
[worker3-haz] CPU: 100.00% | MEM: 37%
----
[worker1-zzh] CPU: 100.00% | MEM: 36%
[worker2-zrt] CPU: 100.00% | MEM: 41%
[worker3-haz] CPU: 100.00% | MEM: 39%
----
[worker1-zzh] CPU: 100.00% | MEM: 34%
[worker2-zrt] CPU: 100.00% | MEM: 44%
[worker3-haz] CPU: 100.00% | MEM: 47%
----
[worker1-zzh] CPU: 100.00% | MEM: 31%
[worker2-zrt] CPU: 100.00% | MEM: 50%
[worker3-haz] CPU: 100.00% | MEM: 38%
----
[worker1-zzh] CPU: 100.00% | MEM: 37%
[worker2-zrt] CPU: 100.00% | MEM: 48%
[worker3-haz] CPU: 100.00% | MEM: 46%
----
[worker1-zzh] CPU: 100.00% | MEM: 36%
[worker2-zrt] CPU: 100.00% | MEM: 38%
[worker3-haz] CPU: 100.00% | MEM: 36%
----
[worker1-zzh] CPU: 100.00% | MEM: 44%
[worker2-zrt] CPU: 100.00% | MEM: 42%
[worker3-haz] CPU: 100.00% | MEM: 45%
----
[worker1-zzh] CPU: 100.00% | MEM: 39%
[worker2-zrt] CPU: 100.00% | MEM: 48%
[worker3-haz] CPU: 100.00% | MEM: 31%
----
[worker1-zzh] CPU: 100.00% | MEM: 35%
[worker2-zrt] CPU: 100.00% | MEM: 50%
[worker3-haz] CPU: 100.00% | MEM: 42%
----
[worker1-zzh] CPU: 100.00% | MEM: 34%
[worker2-zrt] CPU: 100.00% | MEM: 36%
[worker3-haz] CPU: 100.00% | MEM: 42%
----
[worker1-zzh] CPU: 100.00% | MEM: 39%
[worker2-zrt] CPU: 100.00% | MEM: 41%
[worker3-haz] CPU: 100.00% | MEM: 40%
----
[worker1-zzh] CPU: 100.00% | MEM: 41%
[worker2-zrt] CPU: 100.00% | MEM: 46%
[worker3-haz] CPU: 100.00% | MEM: 49%
----
[worker1-zzh] CPU: 100.00% | MEM: 37%
[worker2-zrt] CPU: 100.00% | MEM: 48%
[worker3-haz] CPU: 100.00% | MEM: 35%
----
[worker1-zzh] CPU: 96.00% | MEM: 41%
[worker2-zrt] CPU: 100.00% | MEM: 40%
[worker3-haz] CPU: 100.00% | MEM: 45%
----
[worker1-zzh] CPU: 100.00% | MEM: 34%
[worker2-zrt] CPU: 100.00% | MEM: 40%
[worker3-haz] CPU: 100.00% | MEM: 34%
----
[worker1-zzh] CPU: 100.00% | MEM: 40%
[worker2-zrt] CPU: 100.00% | MEM: 45%
[worker3-haz] CPU: 100.00% | MEM: 43%
----
[worker1-zzh] CPU: 100.00% | MEM: 35%
[worker2-zrt] CPU: 100.00% | MEM: 49%
[worker3-haz] CPU: 100.00% | MEM: 45%
----
[worker1-zzh] CPU: 100.00% | MEM: 40%
[worker2-zrt] CPU: 100.00% | MEM: 40%
[worker3-haz] CPU: 100.00% | MEM: 37%
----
[worker1-zzh] CPU: 100.00% | MEM: 40%
[worker2-zrt] CPU: 100.00% | MEM: 41%
[worker3-haz] CPU: 100.00% | MEM: 41%
----
[worker1-zzh] CPU: 100.00% | MEM: 42%
[worker2-zrt] CPU: 100.00% | MEM: 43%
[worker3-haz] CPU: 100.00% | MEM: 40%
----
[worker1-zzh] CPU: 100.00% | MEM: 42%
[worker2-zrt] CPU: 100.00% | MEM: 49%
[worker3-haz] CPU: 100.00% | MEM: 40%
----
[worker1-zzh] CPU: 100.00% | MEM: 44%
[worker2-zrt] CPU: 100.00% | MEM: 41%
[worker3-haz] CPU: 100.00% | MEM: 46%
----
[worker1-zzh] CPU: 100.00% | MEM: 37%
[worker2-zrt] CPU: 100.00% | MEM: 43%
[worker3-haz] CPU: 100.00% | MEM: 36%
----
[worker1-zzh] CPU: 100.00% | MEM: 38%
[worker2-zrt] CPU: 100.00% | MEM: 41%
[worker3-haz] CPU: 100.00% | MEM: 43%
----
[worker1-zzh] CPU: 100.00% | MEM: 41%
[worker2-zrt] CPU: 100.00% | MEM: 52%
[worker3-haz] CPU: 100.00% | MEM: 38%
----
[worker1-zzh] CPU: 100.00% | MEM: 37%
[worker2-zrt] CPU: 100.00% | MEM: 43%
[worker3-haz] CPU: 100.00% | MEM: 43%
----
[worker1-zzh] CPU: 100.00% | MEM: 41%
[worker2-zrt] CPU: 100.00% | MEM: 44%
[worker3-haz] CPU: 100.00% | MEM: 46%
----
[worker1-zzh] CPU: 100.00% | MEM: 42%
[worker2-zrt] CPU: 100.00% | MEM: 44%
[worker3-haz] CPU: 100.00% | MEM: 42%
----
[worker1-zzh] CPU: 100.00% | MEM: 41%
[worker2-zrt] CPU: 100.00% | MEM: 46%
[worker3-haz] CPU: 100.00% | MEM: 43%
----
[worker1-zzh] CPU: 100.00% | MEM: 39%
[worker2-zrt] CPU: 100.00% | MEM: 40%
[worker3-haz] CPU: 100.00% | MEM: 39%
----
[worker1-zzh] CPU: 10.00% | MEM: 29%
[worker2-zrt] CPU: 100.00% | MEM: 41%
[worker3-haz] CPU: 13.00% | MEM: 27%
----
[worker1-zzh] CPU: 12.00% | MEM: 29%
[worker2-zrt] CPU: 56.00% | MEM: 32%
[worker3-haz] CPU: 25.00% | MEM: 27%
----
[worker1-zzh] CPU: 22.00% | MEM: 21%
[worker2-zrt] CPU: 48.00% | MEM: 32%
[worker3-haz] CPU: 18.00% | MEM: 27%
----
[worker1-zzh] CPU: 14.00% | MEM: 22%
[worker2-zrt] CPU: 46.00% | MEM: 27%
[worker3-haz] CPU: 14.00% | MEM: 27%
----
[worker1-zzh] CPU: 10.00% | MEM: 22%
[worker2-zrt] CPU: 99.00% | MEM: 30%
[worker3-haz] CPU: 12.00% | MEM: 27%
----
[worker1-zzh] CPU: 10.00% | MEM: 22%
[worker2-zrt] CPU: 100.00% | MEM: 32%
[worker3-haz] CPU: 100.00% | MEM: 31%
----
[worker1-zzh] CPU: 100.00% | MEM: 50%
[worker2-zrt] CPU: 100.00% | MEM: 38%
[worker3-haz] CPU: 100.00% | MEM: 37%
----
[worker1-zzh] CPU: 100.00% | MEM: 36%
[worker2-zrt] CPU: 100.00% | MEM: 42%
[worker3-haz] CPU: 100.00% | MEM: 52%
----
[worker1-zzh] CPU: 100.00% | MEM: 31%
[worker2-zrt] CPU: 100.00% | MEM: 54%
[worker3-haz] CPU: 100.00% | MEM: 32%
----
[worker1-zzh] CPU: 100.00% | MEM: 28%
[worker2-zrt] CPU: 100.00% | MEM: 43%
[worker3-haz] CPU: 100.00% | MEM: 38%
----
[worker1-zzh] CPU: 100.00% | MEM: 30%
[worker2-zrt] CPU: 100.00% | MEM: 37%
[worker3-haz] CPU: 100.00% | MEM: 53%
----
[worker1-zzh] CPU: 100.00% | MEM: 34%
[worker2-zrt] CPU: 100.00% | MEM: 41%
[worker3-haz] CPU: 100.00% | MEM: 37%
----
[worker1-zzh] CPU: 100.00% | MEM: 36%
[worker2-zrt] CPU: 100.00% | MEM: 50%
[worker3-haz] CPU: 100.00% | MEM: 53%
----
[worker1-zzh] CPU: 100.00% | MEM: 37%
[worker2-zrt] CPU: 100.00% | MEM: 41%
[worker3-haz] CPU: 100.00% | MEM: 37%
----
[worker1-zzh] CPU: 100.00% | MEM: 35%
[worker2-zrt] CPU: 100.00% | MEM: 37%
[worker3-haz] CPU: 100.00% | MEM: 48%
----
[worker1-zzh] CPU: 100.00% | MEM: 38%
[worker2-zrt] CPU: 100.00% | MEM: 41%
[worker3-haz] CPU: 100.00% | MEM: 33%
----
[worker1-zzh] CPU: 100.00% | MEM: 38%
[worker2-zrt] CPU: 100.00% | MEM: 50%
[worker3-haz] CPU: 100.00% | MEM: 45%
----
[worker1-zzh] CPU: 100.00% | MEM: 34%
[worker2-zrt] CPU: 100.00% | MEM: 38%
[worker3-haz] CPU: 100.00% | MEM: 33%
----
[worker1-zzh] CPU: 100.00% | MEM: 36%
[worker2-zrt] CPU: 100.00% | MEM: 38%
[worker3-haz] CPU: 100.00% | MEM: 42%
----
[worker1-zzh] CPU: 100.00% | MEM: 37%
[worker2-zrt] CPU: 100.00% | MEM: 46%
[worker3-haz] CPU: 100.00% | MEM: 53%
----
[worker1-zzh] CPU: 100.00% | MEM: 37%
[worker2-zrt] CPU: 100.00% | MEM: 46%
[worker3-haz] CPU: 100.00% | MEM: 35%
----
[worker1-zzh] CPU: 100.00% | MEM: 35%
[worker2-zrt] CPU: 100.00% | MEM: 38%
[worker3-haz] CPU: 100.00% | MEM: 48%
----
[worker1-zzh] CPU: 100.00% | MEM: 40%
[worker2-zrt] CPU: 100.00% | MEM: 42%
[worker3-haz] CPU: 100.00% | MEM: 36%
----
[worker1-zzh] CPU: 100.00% | MEM: 34%
[worker2-zrt] CPU: 100.00% | MEM: 48%
[worker3-haz] CPU: 100.00% | MEM: 53%
----
[worker1-zzh] CPU: 100.00% | MEM: 36%
[worker2-zrt] CPU: 100.00% | MEM: 34%
[worker3-haz] CPU: 100.00% | MEM: 38%
----
[worker1-zzh] CPU: 100.00% | MEM: 40%
[worker2-zrt] CPU: 100.00% | MEM: 42%
[worker3-haz] CPU: 100.00% | MEM: 53%
----
[worker1-zzh] CPU: 100.00% | MEM: 35%
[worker2-zrt] CPU: 100.00% | MEM: 48%
[worker3-haz] CPU: 100.00% | MEM: 36%
----
[worker1-zzh] CPU: 100.00% | MEM: 37%
[worker2-zrt] CPU: 100.00% | MEM: 35%
[worker3-haz] CPU: 100.00% | MEM: 47%
----
[worker1-zzh] CPU: 100.00% | MEM: 31%
[worker2-zrt] CPU: 100.00% | MEM: 41%
[worker3-haz] CPU: 100.00% | MEM: 38%
----
[worker1-zzh] CPU: 100.00% | MEM: 40%
[worker2-zrt] CPU: 100.00% | MEM: 51%
[worker3-haz] CPU: 100.00% | MEM: 51%
----
[worker1-zzh] CPU: 100.00% | MEM: 40%
[worker2-zrt] CPU: 100.00% | MEM: 42%
[worker3-haz] CPU: 100.00% | MEM: 39%
----
[worker1-zzh] CPU: 100.00% | MEM: 32%
[worker2-zrt] CPU: 100.00% | MEM: 39%
[worker3-haz] CPU: 100.00% | MEM: 48%
----
[worker1-zzh] CPU: 100.00% | MEM: 36%
[worker2-zrt] CPU: 100.00% | MEM: 46%
[worker3-haz] CPU: 100.00% | MEM: 39%
----
[worker1-zzh] CPU: 100.00% | MEM: 42%
[worker2-zrt] CPU: 100.00% | MEM: 43%
[worker3-haz] CPU: 100.00% | MEM: 50%
----
[worker1-zzh] CPU: 100.00% | MEM: 42%
[worker2-zrt] CPU: 100.00% | MEM: 41%
[worker3-haz] CPU: 100.00% | MEM: 37%
----
[worker1-zzh] CPU: 100.00% | MEM: 33%
[worker2-zrt] CPU: 100.00% | MEM: 40%
[worker3-haz] CPU: 100.00% | MEM: 46%
----
[worker1-zzh] CPU: 100.00% | MEM: 38%
[worker2-zrt] CPU: 100.00% | MEM: 48%
[worker3-haz] CPU: 100.00% | MEM: 33%
----
[worker1-zzh] CPU: 100.00% | MEM: 41%
[worker2-zrt] CPU: 100.00% | MEM: 42%
[worker3-haz] CPU: 100.00% | MEM: 42%
----
[worker1-zzh] CPU: 100.00% | MEM: 32%
[worker2-zrt] CPU: 100.00% | MEM: 39%
[worker3-haz] CPU: 100.00% | MEM: 32%
----
[worker1-zzh] CPU: 100.00% | MEM: 35%
[worker2-zrt] CPU: 100.00% | MEM: 46%
[worker3-haz] CPU: 100.00% | MEM: 42%
----
[worker1-zzh] CPU: 100.00% | MEM: 41%
[worker2-zrt] CPU: 100.00% | MEM: 48%
[worker3-haz] CPU: 100.00% | MEM: 40%
----
[worker1-zzh] CPU: 100.00% | MEM: 38%
[worker2-zrt] CPU: 100.00% | MEM: 40%
[worker3-haz] CPU: 100.00% | MEM: 37%
----
[worker1-zzh] CPU: 100.00% | MEM: 38%
[worker2-zrt] CPU: 100.00% | MEM: 40%
[worker3-haz] CPU: 100.00% | MEM: 46%
----
[worker1-zzh] CPU: 100.00% | MEM: 35%
[worker2-zrt] CPU: 100.00% | MEM: 48%
[worker3-haz] CPU: 100.00% | MEM: 34%
----
[worker1-zzh] CPU: 100.00% | MEM: 37%
[worker2-zrt] CPU: 100.00% | MEM: 44%
[worker3-haz] CPU: 100.00% | MEM: 46%
----
[worker1-zzh] CPU: 100.00% | MEM: 31%
[worker2-zrt] CPU: 100.00% | MEM: 37%
[worker3-haz] CPU: 100.00% | MEM: 34%
----
[worker1-zzh] CPU: 100.00% | MEM: 34%
[worker2-zrt] CPU: 100.00% | MEM: 45%
[worker3-haz] CPU: 100.00% | MEM: 45%
----
[worker1-zzh] CPU: 100.00% | MEM: 41%
[worker2-zrt] CPU: 100.00% | MEM: 48%
[worker3-haz] CPU: 100.00% | MEM: 34%
----
[worker1-zzh] CPU: 100.00% | MEM: 41%
[worker2-zrt] CPU: 100.00% | MEM: 35%
[worker3-haz] CPU: 100.00% | MEM: 44%
----
[worker1-zzh] CPU: 100.00% | MEM: 35%
[worker2-zrt] CPU: 100.00% | MEM: 40%
[worker3-haz] CPU: 100.00% | MEM: 46%
----
[worker1-zzh] CPU: 100.00% | MEM: 42%
[worker2-zrt] CPU: 100.00% | MEM: 47%
[worker3-haz] CPU: 100.00% | MEM: 48%
----
[worker1-zzh] CPU: 100.00% | MEM: 39%
[worker2-zrt] CPU: 100.00% | MEM: 47%
[worker3-haz] CPU: 100.00% | MEM: 46%
----
[worker1-zzh] CPU: 100.00% | MEM: 37%
[worker2-zrt] CPU: 100.00% | MEM: 38%
[worker3-haz] CPU: 100.00% | MEM: 43%
----
[worker1-zzh] CPU: 100.00% | MEM: 43%
[worker2-zrt] CPU: 100.00% | MEM: 45%
[worker3-haz] CPU: 100.00% | MEM: 51%
----
[worker1-zzh] CPU: 100.00% | MEM: 42%
[worker2-zrt] CPU: 100.00% | MEM: 47%
[worker3-haz] CPU: 100.00% | MEM: 41%
----
[worker1-zzh] CPU: 100.00% | MEM: 36%
[worker2-zrt] CPU: 100.00% | MEM: 37%
[worker3-haz] CPU: 100.00% | MEM: 49%
----
[worker1-zzh] CPU: 100.00% | MEM: 38%
[worker2-zrt] CPU: 100.00% | MEM: 39%
[worker3-haz] CPU: 100.00% | MEM: 42%
----
[worker1-zzh] CPU: 9.00% | MEM: 25%
[worker2-zrt] CPU: 100.00% | MEM: 41%
[worker3-haz] CPU: 12.00% | MEM: 34%
----
[worker1-zzh] CPU: 11.00% | MEM: 25%
[worker2-zrt] CPU: 100.00% | MEM: 41%
[worker3-haz] CPU: 14.00% | MEM: 34%
----
[worker1-zzh] CPU: 10.00% | MEM: 25%
[worker2-zrt] CPU: 100.00% | MEM: 45%
[worker3-haz] CPU: 27.00% | MEM: 34%
----
[worker1-zzh] CPU: 28.00% | MEM: 25%
[worker2-zrt] CPU: 61.00% | MEM: 31%
[worker3-haz] CPU: 95.00% | MEM: 34%
----
[worker1-zzh] CPU: 37.00% | MEM: 25%
[worker2-zrt] CPU: 73.00% | MEM: 31%
[worker3-haz] CPU: 63.00% | MEM: 33%
----
[worker1-zzh] CPU: 29.00% | MEM: 25%
[worker2-zrt] CPU: 27.00% | MEM: 31%
[worker3-haz] CPU: 11.00% | MEM: 26%
----
[worker1-zzh] CPU: 53.00% | MEM: 26%
[worker2-zrt] CPU: 26.00% | MEM: 26%
[worker3-haz] CPU: 91.00% | MEM: 29%
----
[worker1-zzh] CPU: 100.00% | MEM: 42%
[worker2-zrt] CPU: 100.00% | MEM: 33%
[worker3-haz] CPU: 100.00% | MEM: 41%
----
[worker1-zzh] CPU: 100.00% | MEM: 44%
[worker2-zrt] CPU: 100.00% | MEM: 37%
[worker3-haz] CPU: 100.00% | MEM: 40%
----
[worker1-zzh] CPU: 100.00% | MEM: 36%
[worker2-zrt] CPU: 100.00% | MEM: 42%
[worker3-haz] CPU: 100.00% | MEM: 37%
----
[worker1-zzh] CPU: 100.00% | MEM: 50%
[worker2-zrt] CPU: 100.00% | MEM: 55%
[worker3-haz] CPU: 100.00% | MEM: 53%
----
[worker1-zzh] CPU: 80.00% | MEM: 34%
[worker2-zrt] CPU: 100.00% | MEM: 44%
[worker3-haz] CPU: 100.00% | MEM: 36%
----
[worker1-zzh] CPU: 100.00% | MEM: 40%
[worker2-zrt] CPU: 100.00% | MEM: 31%
[worker3-haz] CPU: 100.00% | MEM: 51%
----
[worker1-zzh] CPU: 100.00% | MEM: 49%
[worker2-zrt] CPU: 100.00% | MEM: 37%
[worker3-haz] CPU: 100.00% | MEM: 33%
----
[worker1-zzh] CPU: 100.00% | MEM: 36%
[worker2-zrt] CPU: 100.00% | MEM: 44%
[worker3-haz] CPU: 100.00% | MEM: 44%
----
[worker1-zzh] CPU: 100.00% | MEM: 49%
[worker2-zrt] CPU: 100.00% | MEM: 47%
[worker3-haz] CPU: 100.00% | MEM: 34%
----
[worker1-zzh] CPU: 100.00% | MEM: 32%
[worker2-zrt] CPU: 100.00% | MEM: 43%
[worker3-haz] CPU: 100.00% | MEM: 41%
----
[worker1-zzh] CPU: 100.00% | MEM: 42%
[worker2-zrt] CPU: 100.00% | MEM: 33%
[worker3-haz] CPU: 100.00% | MEM: 45%
----
[worker1-zzh] CPU: 100.00% | MEM: 41%
[worker2-zrt] CPU: 100.00% | MEM: 38%
[worker3-haz] CPU: 100.00% | MEM: 42%
----
[worker1-zzh] CPU: 100.00% | MEM: 44%
[worker2-zrt] CPU: 100.00% | MEM: 46%
[worker3-haz] CPU: 100.00% | MEM: 33%
----
[worker1-zzh] CPU: 100.00% | MEM: 41%
[worker2-zrt] CPU: 100.00% | MEM: 42%
[worker3-haz] CPU: 100.00% | MEM: 41%
----
[worker1-zzh] CPU: 100.00% | MEM: 42%
[worker2-zrt] CPU: 100.00% | MEM: 36%
[worker3-haz] CPU: 100.00% | MEM: 33%
----
[worker1-zzh] CPU: 100.00% | MEM: 41%
[worker2-zrt] CPU: 100.00% | MEM: 35%
[worker3-haz] CPU: 100.00% | MEM: 43%
----
[worker1-zzh] CPU: 100.00% | MEM: 43%
[worker2-zrt] CPU: 100.00% | MEM: 41%
[worker3-haz] CPU: 100.00% | MEM: 34%
----
[worker1-zzh] CPU: 100.00% | MEM: 44%
[worker2-zrt] CPU: 100.00% | MEM: 48%
[worker3-haz] CPU: 100.00% | MEM: 44%
----
[worker1-zzh] CPU: 100.00% | MEM: 39%
[worker2-zrt] CPU: 100.00% | MEM: 44%
[worker3-haz] CPU: 100.00% | MEM: 36%
----
[worker1-zzh] CPU: 100.00% | MEM: 43%
[worker2-zrt] CPU: 100.00% | MEM: 34%
[worker3-haz] CPU: 100.00% | MEM: 43%
----
[worker1-zzh] CPU: 100.00% | MEM: 39%
[worker2-zrt] CPU: 100.00% | MEM: 36%
[worker3-haz] CPU: 100.00% | MEM: 33%
----
[worker1-zzh] CPU: 100.00% | MEM: 43%
[worker2-zrt] CPU: 100.00% | MEM: 43%
[worker3-haz] CPU: 100.00% | MEM: 41%
----
[worker1-zzh] CPU: 100.00% | MEM: 42%
[worker2-zrt] CPU: 100.00% | MEM: 45%
[worker3-haz] CPU: 100.00% | MEM: 41%
----
[worker1-zzh] CPU: 100.00% | MEM: 44%
[worker2-zrt] CPU: 100.00% | MEM: 45%
[worker3-haz] CPU: 100.00% | MEM: 41%
----
[worker1-zzh] CPU: 100.00% | MEM: 44%
[worker2-zrt] CPU: 100.00% | MEM: 31%
[worker3-haz] CPU: 100.00% | MEM: 41%
----
[worker1-zzh] CPU: 100.00% | MEM: 38%
[worker2-zrt] CPU: 100.00% | MEM: 37%
[worker3-haz] CPU: 100.00% | MEM: 40%
----
[worker1-zzh] CPU: 100.00% | MEM: 45%
[worker2-zrt] CPU: 100.00% | MEM: 45%
[worker3-haz] CPU: 100.00% | MEM: 37%
----
[worker1-zzh] CPU: 100.00% | MEM: 38%
[worker2-zrt] CPU: 100.00% | MEM: 39%
[worker3-haz] CPU: 100.00% | MEM: 39%
----
[worker1-zzh] CPU: 100.00% | MEM: 45%
[worker2-zrt] CPU: 100.00% | MEM: 46%
[worker3-haz] CPU: 100.00% | MEM: 49%
----
[worker1-zzh] CPU: 100.00% | MEM: 42%
[worker2-zrt] CPU: 100.00% | MEM: 33%
[worker3-haz] CPU: 100.00% | MEM: 40%
----
[worker1-zzh] CPU: 100.00% | MEM: 45%
[worker2-zrt] CPU: 100.00% | MEM: 38%
[worker3-haz] CPU: 100.00% | MEM: 49%
----
[worker1-zzh] CPU: 100.00% | MEM: 40%
[worker2-zrt] CPU: 21.00% | MEM: 43%
[worker3-haz] CPU: 100.00% | MEM: 62%
----
[worker1-zzh] CPU: 33.00% | MEM: 41%
[worker2-zrt] CPU: 100.00% | MEM: 31%
[worker3-haz] CPU: 100.00% | MEM: 40%
----
[worker1-zzh] CPU: 100.00% | MEM: 44%
[worker2-zrt] CPU: 100.00% | MEM: 36%
[worker3-haz] CPU: 100.00% | MEM: 51%
----
[worker1-zzh] CPU: 100.00% | MEM: 37%
[worker2-zrt] CPU: 100.00% | MEM: 40%
[worker3-haz] CPU: 100.00% | MEM: 41%
----
[worker1-zzh] CPU: 100.00% | MEM: 44%
[worker2-zrt] CPU: 100.00% | MEM: 47%
[worker3-haz] CPU: 100.00% | MEM: 50%
----
[worker1-zzh] CPU: 100.00% | MEM: 38%
[worker2-zrt] CPU: 100.00% | MEM: 42%
[worker3-haz] CPU: 100.00% | MEM: 40%
----
[worker1-zzh] CPU: 100.00% | MEM: 45%
[worker2-zrt] CPU: 100.00% | MEM: 43%
[worker3-haz] CPU: 100.00% | MEM: 50%
----
[worker1-zzh] CPU: 100.00% | MEM: 40%
[worker2-zrt] CPU: 100.00% | MEM: 33%
[worker3-haz] CPU: 100.00% | MEM: 38%
----
[worker1-zzh] CPU: 100.00% | MEM: 38%
[worker2-zrt] CPU: 100.00% | MEM: 37%
[worker3-haz] CPU: 100.00% | MEM: 46%
----
[worker1-zzh] CPU: 100.00% | MEM: 44%
[worker2-zrt] CPU: 100.00% | MEM: 43%
[worker3-haz] CPU: 100.00% | MEM: 36%
----
[worker1-zzh] CPU: 100.00% | MEM: 43%
[worker2-zrt] CPU: 100.00% | MEM: 48%
[worker3-haz] CPU: 100.00% | MEM: 46%
----
[worker1-zzh] CPU: 100.00% | MEM: 45%
[worker2-zrt] CPU: 100.00% | MEM: 44%
[worker3-haz] CPU: 100.00% | MEM: 37%
----
[worker1-zzh] CPU: 100.00% | MEM: 46%
[worker2-zrt] CPU: 100.00% | MEM: 45%
[worker3-haz] CPU: 100.00% | MEM: 44%
----
[worker1-zzh] CPU: 100.00% | MEM: 42%
[worker2-zrt] CPU: 100.00% | MEM: 34%
[worker3-haz] CPU: 100.00% | MEM: 36%
----
[worker1-zzh] CPU: 100.00% | MEM: 45%
[worker2-zrt] CPU: 100.00% | MEM: 38%
[worker3-haz] CPU: 100.00% | MEM: 44%
----
[worker1-zzh] CPU: 100.00% | MEM: 44%
[worker2-zrt] CPU: 100.00% | MEM: 44%
[worker3-haz] CPU: 100.00% | MEM: 35%
----
[worker1-zzh] CPU: 100.00% | MEM: 40%
[worker2-zrt] CPU: 100.00% | MEM: 49%
[worker3-haz] CPU: 100.00% | MEM: 42%
----
[worker1-zzh] CPU: 100.00% | MEM: 41%
[worker2-zrt] CPU: 100.00% | MEM: 43%
[worker3-haz] CPU: 100.00% | MEM: 41%
----
[worker1-zzh] CPU: 100.00% | MEM: 40%
[worker2-zrt] CPU: 100.00% | MEM: 43%
[worker3-haz] CPU: 100.00% | MEM: 44%
----
[worker1-zzh] CPU: 100.00% | MEM: 42%
[worker2-zrt] CPU: 100.00% | MEM: 35%
[worker3-haz] CPU: 100.00% | MEM: 45%
----
[worker1-zzh] CPU: 100.00% | MEM: 39%
[worker2-zrt] CPU: 100.00% | MEM: 42%
[worker3-haz] CPU: 100.00% | MEM: 42%
----
[worker1-zzh] CPU: 100.00% | MEM: 46%
[worker2-zrt] CPU: 100.00% | MEM: 48%
[worker3-haz] CPU: 100.00% | MEM: 47%
----
[worker1-zzh] CPU: 37.00% | MEM: 32%
[worker2-zrt] CPU: 100.00% | MEM: 42%
[worker3-haz] CPU: 15.00% | MEM: 29%
----
[worker1-zzh] CPU: 10.00% | MEM: 32%
[worker2-zrt] CPU: 100.00% | MEM: 42%
[worker3-haz] CPU: 13.00% | MEM: 28%
----
[worker1-zzh] CPU: 11.00% | MEM: 32%
[worker2-zrt] CPU: 27.00% | MEM: 28%
[worker3-haz] CPU: 85.00% | MEM: 31%
----
[worker1-zzh] CPU: 15.00% | MEM: 32%
[worker2-zrt] CPU: 35.00% | MEM: 28%
[worker3-haz] CPU: 28.00% | MEM: 33%
----
[worker1-zzh] CPU: 16.00% | MEM: 32%
[worker2-zrt] CPU: 28.00% | MEM: 28%
[worker3-haz] CPU: 67.00% | MEM: 34%
----
[worker1-zzh] CPU: 11.00% | MEM: 32%
[worker2-zrt] CPU: 20.00% | MEM: 28%
[worker3-haz] CPU: 65.00% | MEM: 34%
----
[worker1-zzh] CPU: 13.00% | MEM: 32%
[worker2-zrt] CPU: 28.00% | MEM: 28%
[worker3-haz] CPU: 84.00% | MEM: 35%
----
[worker1-zzh] CPU: 10.00% | MEM: 32%
[worker2-zrt] CPU: 45.00% | MEM: 28%
[worker3-haz] CPU: 40.00% | MEM: 33%
----
[worker1-zzh] CPU: 14.00% | MEM: 32%
[worker2-zrt] CPU: 34.00% | MEM: 28%
[worker3-haz] CPU: 11.00% | MEM: 28%
----
[worker1-zzh] CPU: 22.00% | MEM: 27%
[worker2-zrt] CPU: 48.00% | MEM: 28%
[worker3-haz] CPU: 13.00% | MEM: 28%
----
[worker1-zzh] CPU: 9.00% | MEM: 27%
[worker2-zrt] CPU: 23.00% | MEM: 28%
[worker3-haz] CPU: 15.00% | MEM: 28%
----
[worker1-zzh] CPU: 9.00% | MEM: 27%
[worker2-zrt] CPU: 25.00% | MEM: 28%
[worker3-haz] CPU: 11.00% | MEM: 28%
----
[worker1-zzh] CPU: 10.00% | MEM: 27%
[worker2-zrt] CPU: 20.00% | MEM: 28%
[worker3-haz] CPU: 12.00% | MEM: 28%
----
[worker1-zzh] CPU: 9.00% | MEM: 27%
[worker2-zrt] CPU: 33.00% | MEM: 28%
[worker3-haz] CPU: 16.00% | MEM: 28%
----
[worker1-zzh] CPU: 12.00% | MEM: 27%
[worker2-zrt] CPU: 26.00% | MEM: 28%
[worker3-haz] CPU: 14.00% | MEM: 28%
----
[worker1-zzh] CPU: 12.00% | MEM: 27%
[worker2-zrt] CPU: 25.00% | MEM: 28%
[worker3-haz] CPU: 11.00% | MEM: 28%
----
[worker1-zzh] CPU: 10.00% | MEM: 27%
[worker2-zrt] CPU: 21.00% | MEM: 28%
[worker3-haz] CPU: 11.00% | MEM: 28%
----
[worker1-zzh] CPU: 10.00% | MEM: 27%
[worker2-zrt] CPU: 27.00% | MEM: 28%
[worker3-haz] CPU: 12.00% | MEM: 28%
----
[worker1-zzh] CPU: 11.00% | MEM: 27%
[worker2-zrt] CPU: 25.00% | MEM: 28%
[worker3-haz] CPU: 12.00% | MEM: 28%
----
[worker1-zzh] CPU: 9.00% | MEM: 27%
[worker2-zrt] CPU: 21.00% | MEM: 28%
[worker3-haz] CPU: 12.00% | MEM: 28%
----
[worker1-zzh] CPU: 10.00% | MEM: 27%
[worker2-zrt] CPU: 23.00% | MEM: 28%
[worker3-haz] CPU: 13.00% | MEM: 28%
----
[worker1-zzh] CPU: 10.00% | MEM: 27%
[worker2-zrt] CPU: 30.00% | MEM: 28%
[worker3-haz] CPU: 11.00% | MEM: 28%
----
[worker1-zzh] CPU: 10.00% | MEM: 27%
[worker2-zrt] CPU: 25.00% | MEM: 28%
[worker3-haz] CPU: 11.00% | MEM: 28%
----
[worker1-zzh] CPU: 10.00% | MEM: 27%
[worker2-zrt] CPU: 25.00% | MEM: 28%
[worker3-haz] CPU: 12.00% | MEM: 28%
----
[worker1-zzh] CPU: 9.00% | MEM: 27%
[worker2-zrt] CPU: 26.00% | MEM: 28%
[worker3-haz] CPU: 10.00% | MEM: 28%
----
[worker1-zzh] CPU: 10.00% | MEM: 27%
[worker2-zrt] CPU: 28.00% | MEM: 28%
[worker3-haz] CPU: 11.00% | MEM: 28%
----
[worker1-zzh] CPU: 12.00% | MEM: 27%
[worker2-zrt] CPU: 25.00% | MEM: 28%
[worker3-haz] CPU: 11.00% | MEM: 28%
----
[worker1-zzh] CPU: 11.00% | MEM: 27%
[worker2-zrt] CPU: 30.00% | MEM: 28%
[worker3-haz] CPU: 12.00% | MEM: 28%
----
[worker1-zzh] CPU: 11.00% | MEM: 27%
[worker2-zrt] CPU: 16.00% | MEM: 28%
[worker3-haz] CPU: 14.00% | MEM: 28%
----
[worker1-zzh] CPU: 10.00% | MEM: 27%
[worker2-zrt] CPU: 24.00% | MEM: 28%
[worker3-haz] CPU: 11.00% | MEM: 28%
----
[worker1-zzh] CPU: 9.00% | MEM: 27%
[worker2-zrt] CPU: 21.00% | MEM: 28%
[worker3-haz] CPU: 11.00% | MEM: 28%
----
[worker1-zzh] CPU: 9.00% | MEM: 27%
[worker2-zrt] CPU: 21.00% | MEM: 28%
[worker3-haz] CPU: 15.00% | MEM: 28%
----
[worker1-zzh] CPU: 10.00% | MEM: 27%
[worker2-zrt] CPU: 20.00% | MEM: 28%
[worker3-haz] CPU: 12.00% | MEM: 28%
----
[worker1-zzh] CPU: 10.00% | MEM: 27%
[worker2-zrt] CPU: 22.00% | MEM: 28%
[worker3-haz] CPU: 12.00% | MEM: 28%
----
[worker1-zzh] CPU: 12.00% | MEM: 27%
[worker2-zrt] CPU: 21.00% | MEM: 28%
[worker3-haz] CPU: 15.00% | MEM: 28%
----
[worker1-zzh] CPU: 10.00% | MEM: 27%
[worker2-zrt] CPU: 21.00% | MEM: 28%
[worker3-haz] CPU: 12.00% | MEM: 28%
----
[worker1-zzh] CPU: 10.00% | MEM: 27%
[worker2-zrt] CPU: 22.00% | MEM: 28%
[worker3-haz] CPU: 13.00% | MEM: 28%
----
[worker1-zzh] CPU: 9.00% | MEM: 27%
[worker2-zrt] CPU: 21.00% | MEM: 28%
[worker3-haz] CPU: 12.00% | MEM: 28%
----
[worker1-zzh] CPU: 11.00% | MEM: 27%
[worker2-zrt] CPU: 21.00% | MEM: 28%
[worker3-haz] CPU: 18.00% | MEM: 28%
----
[worker1-zzh] CPU: 9.00% | MEM: 27%
[worker2-zrt] CPU: 21.00% | MEM: 28%
[worker3-haz] CPU: 11.00% | MEM: 28%
----
[worker1-zzh] CPU: 10.00% | MEM: 27%
[worker2-zrt] CPU: 20.00% | MEM: 28%
[worker3-haz] CPU: 12.00% | MEM: 28%
----
[worker1-zzh] CPU: 10.00% | MEM: 27%
[worker2-zrt] CPU: 23.00% | MEM: 28%
[worker3-haz] CPU: 16.00% | MEM: 28%
----
[worker1-zzh] CPU: 9.00% | MEM: 27%
[worker2-zrt] CPU: 20.00% | MEM: 28%
[worker3-haz] CPU: 11.00% | MEM: 28%
----
[worker1-zzh] CPU: 8.00% | MEM: 27%
[worker2-zrt] CPU: 21.00% | MEM: 28%
[worker3-haz] CPU: 12.00% | MEM: 28%
----
[worker1-zzh] CPU: 11.00% | MEM: 27%
[worker2-zrt] CPU: 23.00% | MEM: 28%
[worker3-haz] CPU: 11.00% | MEM: 28%
----
[worker1-zzh] CPU: 10.00% | MEM: 27%
[worker2-zrt] CPU: 21.00% | MEM: 28%
[worker3-haz] CPU: 11.00% | MEM: 28%
----
[worker1-zzh] CPU: 11.00% | MEM: 27%
[worker2-zrt] CPU: 23.00% | MEM: 28%
[worker3-haz] CPU: 11.00% | MEM: 28%
----
[worker1-zzh] CPU: 10.00% | MEM: 27%
[worker2-zrt] CPU: 20.00% | MEM: 28%
[worker3-haz] CPU: 11.00% | MEM: 28%
----
[worker1-zzh] CPU: 10.00% | MEM: 27%
[worker2-zrt] CPU: 21.00% | MEM: 28%
[worker3-haz] CPU: 11.00% | MEM: 28%
----
[worker1-zzh] CPU: 9.00% | MEM: 27%
[worker2-zrt] CPU: 22.00% | MEM: 28%
[worker3-haz] CPU: 11.00% | MEM: 28%
----
[worker1-zzh] CPU: 10.00% | MEM: 27%
[worker2-zrt] CPU: 21.00% | MEM: 28%
[worker3-haz] CPU: 15.00% | MEM: 28%
----
[worker1-zzh] CPU: 8.00% | MEM: 27%
[worker2-zrt] CPU: 20.00% | MEM: 28%
[worker3-haz] CPU: 11.00% | MEM: 28%
----
[worker1-zzh] CPU: 9.00% | MEM: 27%
[worker2-zrt] CPU: 19.00% | MEM: 28%
[worker3-haz] CPU: 11.00% | MEM: 28%
----
[worker1-zzh] CPU: 10.00% | MEM: 27%
[worker2-zrt] CPU: 19.00% | MEM: 28%
[worker3-haz] CPU: 11.00% | MEM: 28%
----
[worker1-zzh] CPU: 9.00% | MEM: 27%
[worker2-zrt] CPU: 24.00% | MEM: 28%
[worker3-haz] CPU: 11.00% | MEM: 28%
----
[worker1-zzh] CPU: 9.00% | MEM: 27%
[worker2-zrt] CPU: 19.00% | MEM: 28%
[worker3-haz] CPU: 11.00% | MEM: 28%
----
[worker1-zzh] CPU: 10.00% | MEM: 27%
[worker2-zrt] CPU: 44.00% | MEM: 28%
[worker3-haz] CPU: 15.00% | MEM: 28%
----
[worker1-zzh] CPU: 11.00% | MEM: 27%
[worker2-zrt] CPU: 23.00% | MEM: 28%
[worker3-haz] CPU: 12.00% | MEM: 28%
----
[worker1-zzh] CPU: 10.00% | MEM: 27%
[worker2-zrt] CPU: 20.00% | MEM: 28%
[worker3-haz] CPU: 12.00% | MEM: 28%
----
[worker1-zzh] CPU: 10.00% | MEM: 27%
[worker2-zrt] CPU: 24.00% | MEM: 28%
[worker3-haz] CPU: 14.00% | MEM: 28%
----
[worker1-zzh] CPU: 11.00% | MEM: 27%
[worker2-zrt] CPU: 24.00% | MEM: 28%
[worker3-haz] CPU: 12.00% | MEM: 28%
----
[worker1-zzh] CPU: 10.00% | MEM: 27%
[worker2-zrt] CPU: 22.00% | MEM: 28%
[worker3-haz] CPU: 14.00% | MEM: 28%
----
[worker1-zzh] CPU: 10.00% | MEM: 27%
[worker2-zrt] CPU: 24.00% | MEM: 28%
[worker3-haz] CPU: 14.00% | MEM: 28%
----
[worker1-zzh] CPU: 11.00% | MEM: 27%
[worker2-zrt] CPU: 21.00% | MEM: 28%
[worker3-haz] CPU: 16.00% | MEM: 28%
----
[worker1-zzh] CPU: 10.00% | MEM: 27%
[worker2-zrt] CPU: 21.00% | MEM: 28%
[worker3-haz] CPU: 11.00% | MEM: 28%
----
[worker1-zzh] CPU: 10.00% | MEM: 27%
[worker2-zrt] CPU: 21.00% | MEM: 28%
[worker3-haz] CPU: 11.00% | MEM: 28%
----
[worker1-zzh] CPU: 9.00% | MEM: 27%
[worker2-zrt] CPU: 23.00% | MEM: 28%
[worker3-haz] CPU: 16.00% | MEM: 28%
----
[worker1-zzh] CPU: 10.00% | MEM: 27%
[worker2-zrt] CPU: 23.00% | MEM: 28%
[worker3-haz] CPU: 13.00% | MEM: 28%
----
[worker1-zzh] CPU: 10.00% | MEM: 27%
[worker2-zrt] CPU: 21.00% | MEM: 28%
[worker3-haz] CPU: 12.00% | MEM: 28%
----
[worker1-zzh] CPU: 9.00% | MEM: 27%
[worker2-zrt] CPU: 22.00% | MEM: 28%
[worker3-haz] CPU: 13.00% | MEM: 28%
----
[worker1-zzh] CPU: 9.00% | MEM: 27%
[worker2-zrt] CPU: 20.00% | MEM: 28%
[worker3-haz] CPU: 11.00% | MEM: 28%
----
[worker1-zzh] CPU: 9.00% | MEM: 27%
[worker2-zrt] CPU: 36.00% | MEM: 28%
[worker3-haz] CPU: 12.00% | MEM: 28%
----
[worker1-zzh] CPU: 12.00% | MEM: 27%
[worker2-zrt] CPU: 21.00% | MEM: 28%
[worker3-haz] CPU: 11.00% | MEM: 28%
----
[worker1-zzh] CPU: 11.00% | MEM: 27%
[worker2-zrt] CPU: 21.00% | MEM: 28%
[worker3-haz] CPU: 12.00% | MEM: 28%
----
[worker1-zzh] CPU: 11.00% | MEM: 27%
[worker2-zrt] CPU: 22.00% | MEM: 28%
[worker3-haz] CPU: 12.00% | MEM: 28%
----
[worker1-zzh] CPU: 10.00% | MEM: 27%
[worker2-zrt] CPU: 16.00% | MEM: 28%
[worker3-haz] CPU: 11.00% | MEM: 28%
----
[worker1-zzh] CPU: 11.00% | MEM: 27%
[worker2-zrt] CPU: 21.00% | MEM: 28%
[worker3-haz] CPU: 15.00% | MEM: 28%
----
[worker1-zzh] CPU: 10.00% | MEM: 27%
[worker2-zrt] CPU: 26.00% | MEM: 28%
[worker3-haz] CPU: 12.00% | MEM: 28%
----
[worker1-zzh] CPU: 9.00% | MEM: 27%
[worker2-zrt] CPU: 19.00% | MEM: 28%
[worker3-haz] CPU: 12.00% | MEM: 28%
----
[worker1-zzh] CPU: 10.00% | MEM: 27%
[worker2-zrt] CPU: 23.00% | MEM: 28%
[worker3-haz] CPU: 13.00% | MEM: 28%
----
[worker1-zzh] CPU: 12.00% | MEM: 27%
[worker2-zrt] CPU: 21.00% | MEM: 28%
[worker3-haz] CPU: 12.00% | MEM: 28%
----
[worker1-zzh] CPU: 9.00% | MEM: 27%
[worker2-zrt] CPU: 24.00% | MEM: 28%
[worker3-haz] CPU: 12.00% | MEM: 28%
----
[worker1-zzh] CPU: 10.00% | MEM: 27%
[worker2-zrt] CPU: 20.00% | MEM: 28%
[worker3-haz] CPU: 14.00% | MEM: 28%
----
[worker1-zzh] CPU: 11.00% | MEM: 27%
[worker2-zrt] CPU: 21.00% | MEM: 28%
[worker3-haz] CPU: 12.00% | MEM: 28%
----
[worker1-zzh] CPU: 10.00% | MEM: 27%
[worker2-zrt] CPU: 20.00% | MEM: 28%
[worker3-haz] CPU: 14.00% | MEM: 28%
----
[worker1-zzh] CPU: 11.00% | MEM: 27%
[worker2-zrt] CPU: 23.00% | MEM: 28%
[worker3-haz] CPU: 16.00% | MEM: 28%
----
[worker1-zzh] CPU: 11.00% | MEM: 27%
[worker2-zrt] CPU: 21.00% | MEM: 28%
[worker3-haz] CPU: 12.00% | MEM: 28%
----
[worker1-zzh] CPU: 10.00% | MEM: 27%
[worker2-zrt] CPU: 23.00% | MEM: 28%
[worker3-haz] CPU: 16.00% | MEM: 28%
----
[worker1-zzh] CPU: 9.00% | MEM: 27%
[worker2-zrt] CPU: 22.00% | MEM: 28%
[worker3-haz] CPU: 16.00% | MEM: 28%
----
[worker1-zzh] CPU: 9.00% | MEM: 27%
[worker2-zrt] CPU: 25.00% | MEM: 28%
[worker3-haz] CPU: 13.00% | MEM: 28%
----
[worker1-zzh] CPU: 10.00% | MEM: 27%
[worker2-zrt] CPU: 22.00% | MEM: 28%
[worker3-haz] CPU: 13.00% | MEM: 28%
----
[worker1-zzh] CPU: 11.00% | MEM: 27%
[worker2-zrt] CPU: 24.00% | MEM: 28%
[worker3-haz] CPU: 11.00% | MEM: 28%
----
[worker1-zzh] CPU: 9.00% | MEM: 27%
[worker2-zrt] CPU: 23.00% | MEM: 28%
[worker3-haz] CPU: 11.00% | MEM: 28%
----
[worker1-zzh] CPU: 10.00% | MEM: 27%
[worker2-zrt] CPU: 21.00% | MEM: 28%
[worker3-haz] CPU: 11.00% | MEM: 28%
----
[worker1-zzh] CPU: 10.00% | MEM: 27%
[worker2-zrt] CPU: 21.00% | MEM: 28%
[worker3-haz] CPU: 10.00% | MEM: 28%
----
[worker1-zzh] CPU: 11.00% | MEM: 27%
[worker2-zrt] CPU: 23.00% | MEM: 28%
[worker3-haz] CPU: 11.00% | MEM: 28%
----
[worker1-zzh] CPU: 9.00% | MEM: 27%
[worker2-zrt] CPU: 20.00% | MEM: 28%
[worker3-haz] CPU: 11.00% | MEM: 28%
----
[worker1-zzh] CPU: 9.00% | MEM: 27%
[worker2-zrt] CPU: 21.00% | MEM: 28%
[worker3-haz] CPU: 12.00% | MEM: 28%
----
[worker1-zzh] CPU: 10.00% | MEM: 27%
[worker2-zrt] CPU: 21.00% | MEM: 28%
[worker3-haz] CPU: 16.00% | MEM: 28%
----
[worker1-zzh] CPU: 10.00% | MEM: 27%
[worker2-zrt] CPU: 23.00% | MEM: 28%
[worker3-haz] CPU: 11.00% | MEM: 28%
----
[worker1-zzh] CPU: 10.00% | MEM: 27%
[worker2-zrt] CPU: 20.00% | MEM: 28%
[worker3-haz] CPU: 16.00% | MEM: 28%
----
[worker1-zzh] CPU: 10.00% | MEM: 27%
[worker2-zrt] CPU: 22.00% | MEM: 28%
[worker3-haz] CPU: 15.00% | MEM: 28%
----
[worker1-zzh] CPU: 10.00% | MEM: 27%
[worker2-zrt] CPU: 24.00% | MEM: 28%
[worker3-haz] CPU: 14.00% | MEM: 28%
----
[worker1-zzh] CPU: 9.00% | MEM: 27%
[worker2-zrt] CPU: 24.00% | MEM: 28%
[worker3-haz] CPU: 17.00% | MEM: 28%
----
[worker1-zzh] CPU: 10.00% | MEM: 27%
[worker2-zrt] CPU: 24.00% | MEM: 28%
[worker3-haz] CPU: 16.00% | MEM: 28%
----
[worker1-zzh] CPU: 10.00% | MEM: 27%
[worker2-zrt] CPU: 19.00% | MEM: 28%
[worker3-haz] CPU: 11.00% | MEM: 28%
----
[worker1-zzh] CPU: 8.00% | MEM: 27%
[worker2-zrt] CPU: 21.00% | MEM: 28%
[worker3-haz] CPU: 11.00% | MEM: 28%
----
[worker1-zzh] CPU: 9.00% | MEM: 27%
[worker2-zrt] CPU: 21.00% | MEM: 28%
[worker3-haz] CPU: 16.00% | MEM: 28%
----
[worker1-zzh] CPU: 10.00% | MEM: 27%
[worker2-zrt] CPU: 23.00% | MEM: 28%
[worker3-haz] CPU: 12.00% | MEM: 28%
----
[worker1-zzh] CPU: 9.00% | MEM: 27%
[worker2-zrt] CPU: 21.00% | MEM: 28%
[worker3-haz] CPU: 16.00% | MEM: 28%
----
[worker1-zzh] CPU: 11.00% | MEM: 27%
[worker2-zrt] CPU: 21.00% | MEM: 28%
[worker3-haz] CPU: 14.00% | MEM: 28%
----
[worker1-zzh] CPU: 10.00% | MEM: 27%
[worker2-zrt] CPU: 21.00% | MEM: 28%
[worker3-haz] CPU: 16.00% | MEM: 28%
----
