===== Running MapReduce Job =====
Input : /wiki5G
Output: /_5G
Slowstart: 1.0
Date  : 2025年 11月 28日 星期五 09:35:31 CST
=================================
2025-11-28 09:35:37,119 INFO client.DefaultNoHARMFailoverProxyProvider: Connecting to ResourceManager at master-wxl/192.168.10.104:8032
2025-11-28 09:35:37,439 INFO mapreduce.JobResourceUploader: Disabling Erasure Coding for path: /tmp/hadoop-yarn/staging/hadoop/.staging/job_1764264570892_0015
2025-11-28 09:35:39,309 INFO input.FileInputFormat: Total input files to process : 5143
2025-11-28 09:35:41,783 INFO mapreduce.JobSubmitter: number of splits:5143
2025-11-28 09:35:42,441 INFO mapreduce.JobSubmitter: Submitting tokens for job: job_1764264570892_0015
2025-11-28 09:35:42,441 INFO mapreduce.JobSubmitter: Executing with tokens: []
2025-11-28 09:35:42,718 INFO conf.Configuration: resource-types.xml not found
2025-11-28 09:35:42,719 INFO resource.ResourceUtils: Unable to find 'resource-types.xml'.
2025-11-28 09:35:42,814 INFO impl.YarnClientImpl: Submitted application application_1764264570892_0015
2025-11-28 09:35:42,852 INFO mapreduce.Job: The url to track the job: http://master-wxl:8088/proxy/application_1764264570892_0015/
2025-11-28 09:35:42,856 INFO mapreduce.Job: Running job: job_1764264570892_0015
2025-11-28 09:35:49,046 INFO mapreduce.Job: Job job_1764264570892_0015 running in uber mode : false
2025-11-28 09:35:49,047 INFO mapreduce.Job:  map 0% reduce 0%
2025-11-28 09:36:34,253 INFO mapreduce.Job:  map 1% reduce 0%
2025-11-28 09:37:28,124 INFO mapreduce.Job:  map 2% reduce 0%
2025-11-28 09:38:24,042 INFO mapreduce.Job:  map 3% reduce 0%
2025-11-28 09:39:05,551 INFO mapreduce.Job:  map 4% reduce 0%
2025-11-28 09:39:47,305 INFO mapreduce.Job:  map 5% reduce 0%
2025-11-28 09:40:28,995 INFO mapreduce.Job:  map 6% reduce 0%
2025-11-28 09:41:12,523 INFO mapreduce.Job:  map 7% reduce 0%
2025-11-28 09:41:56,281 INFO mapreduce.Job:  map 8% reduce 0%
2025-11-28 09:42:45,981 INFO mapreduce.Job:  map 9% reduce 0%
2025-11-28 09:43:24,729 INFO mapreduce.Job:  map 10% reduce 0%
2025-11-28 09:44:14,323 INFO mapreduce.Job:  map 11% reduce 0%
2025-11-28 09:44:57,210 INFO mapreduce.Job:  map 12% reduce 0%
2025-11-28 09:45:37,797 INFO mapreduce.Job:  map 13% reduce 0%
2025-11-28 09:46:24,364 INFO mapreduce.Job:  map 14% reduce 0%
2025-11-28 09:47:04,948 INFO mapreduce.Job:  map 15% reduce 0%
2025-11-28 09:47:48,577 INFO mapreduce.Job:  map 16% reduce 0%
2025-11-28 09:48:32,357 INFO mapreduce.Job:  map 17% reduce 0%
2025-11-28 09:49:13,869 INFO mapreduce.Job:  map 18% reduce 0%
2025-11-28 09:50:00,609 INFO mapreduce.Job:  map 19% reduce 0%
2025-11-28 09:50:42,338 INFO mapreduce.Job:  map 20% reduce 0%
2025-11-28 09:51:25,851 INFO mapreduce.Job:  map 21% reduce 0%
2025-11-28 09:52:08,462 INFO mapreduce.Job:  map 22% reduce 0%
2025-11-28 09:52:50,106 INFO mapreduce.Job:  map 23% reduce 0%
2025-11-28 09:53:35,809 INFO mapreduce.Job:  map 24% reduce 0%
2025-11-28 09:54:18,319 INFO mapreduce.Job:  map 25% reduce 0%
2025-11-28 09:55:03,131 INFO mapreduce.Job:  map 26% reduce 0%
2025-11-28 09:55:46,757 INFO mapreduce.Job:  map 27% reduce 0%
2025-11-28 09:56:28,236 INFO mapreduce.Job:  map 28% reduce 0%
2025-11-28 09:57:12,063 INFO mapreduce.Job:  map 29% reduce 0%
2025-11-28 09:57:57,740 INFO mapreduce.Job:  map 30% reduce 0%
2025-11-28 09:58:36,192 INFO mapreduce.Job:  map 31% reduce 0%
2025-11-28 09:59:23,882 INFO mapreduce.Job:  map 32% reduce 0%
2025-11-28 10:00:05,671 INFO mapreduce.Job:  map 33% reduce 0%
2025-11-28 10:00:49,267 INFO mapreduce.Job:  map 34% reduce 0%
2025-11-28 10:01:32,812 INFO mapreduce.Job:  map 35% reduce 0%
2025-11-28 10:02:15,329 INFO mapreduce.Job:  map 36% reduce 0%
2025-11-28 10:02:59,191 INFO mapreduce.Job:  map 37% reduce 0%
2025-11-28 10:03:43,073 INFO mapreduce.Job:  map 38% reduce 0%
2025-11-28 10:04:25,542 INFO mapreduce.Job:  map 39% reduce 0%
2025-11-28 10:05:12,165 INFO mapreduce.Job:  map 40% reduce 0%
2025-11-28 10:05:53,834 INFO mapreduce.Job:  map 41% reduce 0%
2025-11-28 10:06:39,358 INFO mapreduce.Job:  map 42% reduce 0%
2025-11-28 10:07:22,947 INFO mapreduce.Job:  map 43% reduce 0%
2025-11-28 10:08:07,571 INFO mapreduce.Job:  map 44% reduce 0%
2025-11-28 10:08:52,330 INFO mapreduce.Job:  map 45% reduce 0%
2025-11-28 10:09:36,808 INFO mapreduce.Job:  map 46% reduce 0%
2025-11-28 10:10:18,361 INFO mapreduce.Job:  map 47% reduce 0%
2025-11-28 10:11:05,194 INFO mapreduce.Job:  map 48% reduce 0%
2025-11-28 10:11:47,673 INFO mapreduce.Job:  map 49% reduce 0%
2025-11-28 10:12:33,325 INFO mapreduce.Job:  map 50% reduce 0%
2025-11-28 10:13:15,993 INFO mapreduce.Job:  map 51% reduce 0%
2025-11-28 10:13:59,703 INFO mapreduce.Job:  map 52% reduce 0%
2025-11-28 10:14:49,288 INFO mapreduce.Job:  map 53% reduce 0%
2025-11-28 10:15:34,237 INFO mapreduce.Job:  map 54% reduce 0%
2025-11-28 10:16:16,764 INFO mapreduce.Job:  map 55% reduce 0%
2025-11-28 10:17:00,254 INFO mapreduce.Job:  map 56% reduce 0%
2025-11-28 10:17:43,768 INFO mapreduce.Job:  map 57% reduce 0%
2025-11-28 10:18:27,695 INFO mapreduce.Job:  map 58% reduce 0%
2025-11-28 10:19:10,138 INFO mapreduce.Job:  map 59% reduce 0%
2025-11-28 10:19:55,638 INFO mapreduce.Job:  map 60% reduce 0%
2025-11-28 10:20:38,352 INFO mapreduce.Job:  map 61% reduce 0%
2025-11-28 10:21:21,062 INFO mapreduce.Job:  map 62% reduce 0%
2025-11-28 10:22:05,716 INFO mapreduce.Job:  map 63% reduce 0%
2025-11-28 10:22:48,221 INFO mapreduce.Job:  map 64% reduce 0%
2025-11-28 10:23:30,942 INFO mapreduce.Job:  map 65% reduce 0%
2025-11-28 10:24:14,630 INFO mapreduce.Job:  map 66% reduce 0%
2025-11-28 10:24:58,130 INFO mapreduce.Job:  map 67% reduce 0%
2025-11-28 10:25:38,811 INFO mapreduce.Job:  map 68% reduce 0%
2025-11-28 10:26:26,473 INFO mapreduce.Job:  map 69% reduce 0%
2025-11-28 10:27:08,408 INFO mapreduce.Job:  map 70% reduce 0%
2025-11-28 10:27:54,934 INFO mapreduce.Job:  map 71% reduce 0%
2025-11-28 10:28:38,398 INFO mapreduce.Job:  map 72% reduce 0%
2025-11-28 10:29:27,166 INFO mapreduce.Job:  map 73% reduce 0%
2025-11-28 10:30:09,913 INFO mapreduce.Job:  map 74% reduce 0%
2025-11-28 10:30:55,385 INFO mapreduce.Job:  map 75% reduce 0%
2025-11-28 10:31:40,089 INFO mapreduce.Job:  map 76% reduce 0%
2025-11-28 10:32:23,888 INFO mapreduce.Job:  map 77% reduce 0%
2025-11-28 10:33:05,315 INFO mapreduce.Job:  map 78% reduce 0%
2025-11-28 10:33:50,999 INFO mapreduce.Job:  map 79% reduce 0%
2025-11-28 10:34:33,608 INFO mapreduce.Job:  map 80% reduce 0%
2025-11-28 10:35:18,505 INFO mapreduce.Job:  map 81% reduce 0%
2025-11-28 10:35:57,909 INFO mapreduce.Job:  map 82% reduce 0%
2025-11-28 10:36:42,558 INFO mapreduce.Job:  map 83% reduce 0%
2025-11-28 10:37:29,277 INFO mapreduce.Job:  map 84% reduce 0%
2025-11-28 10:37:34,372 INFO mapreduce.Job:  map 62% reduce 0%
2025-11-28 10:38:19,046 INFO mapreduce.Job:  map 63% reduce 0%
2025-11-28 10:39:18,923 INFO mapreduce.Job:  map 64% reduce 0%
2025-11-28 10:40:18,814 INFO mapreduce.Job:  map 65% reduce 0%
2025-11-28 10:41:22,680 INFO mapreduce.Job:  map 66% reduce 0%
2025-11-28 10:42:22,729 INFO mapreduce.Job:  map 67% reduce 0%
2025-11-28 10:43:24,514 INFO mapreduce.Job:  map 68% reduce 0%
2025-11-28 10:44:23,428 INFO mapreduce.Job:  map 69% reduce 0%
2025-11-28 10:45:21,284 INFO mapreduce.Job:  map 70% reduce 0%
2025-11-28 10:46:21,141 INFO mapreduce.Job:  map 71% reduce 0%
2025-11-28 10:47:18,828 INFO mapreduce.Job:  map 72% reduce 0%
2025-11-28 10:48:17,686 INFO mapreduce.Job:  map 73% reduce 0%
2025-11-28 10:49:19,607 INFO mapreduce.Job:  map 74% reduce 0%
2025-11-28 10:50:22,477 INFO mapreduce.Job:  map 75% reduce 0%
2025-11-28 10:51:21,379 INFO mapreduce.Job:  map 76% reduce 0%
2025-11-28 10:52:20,366 INFO mapreduce.Job:  map 77% reduce 0%
2025-11-28 10:53:22,224 INFO mapreduce.Job:  map 78% reduce 0%
2025-11-28 10:54:21,115 INFO mapreduce.Job:  map 79% reduce 0%
2025-11-28 10:55:20,975 INFO mapreduce.Job:  map 80% reduce 0%
2025-11-28 10:56:22,981 INFO mapreduce.Job:  map 81% reduce 0%
2025-11-28 10:57:19,910 INFO mapreduce.Job:  map 82% reduce 0%
2025-11-28 10:58:23,709 INFO mapreduce.Job:  map 83% reduce 0%
2025-11-28 10:59:19,680 INFO mapreduce.Job:  map 84% reduce 0%
2025-11-28 11:00:19,534 INFO mapreduce.Job:  map 85% reduce 0%
2025-11-28 11:01:23,554 INFO mapreduce.Job:  map 86% reduce 0%
2025-11-28 11:02:20,345 INFO mapreduce.Job:  map 87% reduce 0%
2025-11-28 11:03:19,300 INFO mapreduce.Job:  map 88% reduce 0%
2025-11-28 11:04:20,094 INFO mapreduce.Job:  map 89% reduce 0%
2025-11-28 11:05:15,836 INFO mapreduce.Job:  map 90% reduce 0%
2025-11-28 11:06:10,623 INFO mapreduce.Job:  map 91% reduce 0%
2025-11-28 11:07:13,562 INFO mapreduce.Job:  map 92% reduce 0%
2025-11-28 11:08:13,373 INFO mapreduce.Job:  map 93% reduce 0%
2025-11-28 11:09:12,304 INFO mapreduce.Job:  map 94% reduce 0%
2025-11-28 11:10:11,113 INFO mapreduce.Job:  map 95% reduce 0%
2025-11-28 11:11:08,017 INFO mapreduce.Job:  map 96% reduce 0%
2025-11-28 11:12:08,995 INFO mapreduce.Job:  map 97% reduce 0%
2025-11-28 11:13:12,825 INFO mapreduce.Job:  map 98% reduce 0%
2025-11-28 11:14:08,535 INFO mapreduce.Job:  map 99% reduce 0%
2025-11-28 11:15:09,330 INFO mapreduce.Job:  map 100% reduce 0%
2025-11-28 11:16:26,437 INFO mapreduce.Job:  map 100% reduce 9%
2025-11-28 11:16:32,525 INFO mapreduce.Job:  map 100% reduce 13%
2025-11-28 11:16:38,605 INFO mapreduce.Job:  map 100% reduce 18%
2025-11-28 11:16:44,672 INFO mapreduce.Job:  map 100% reduce 22%
2025-11-28 11:16:50,804 INFO mapreduce.Job:  map 100% reduce 26%
2025-11-28 11:16:56,999 INFO mapreduce.Job:  map 100% reduce 31%
2025-11-28 11:17:08,440 INFO mapreduce.Job:  map 100% reduce 32%
2025-11-28 11:17:14,604 INFO mapreduce.Job:  map 100% reduce 37%
2025-11-28 11:17:20,805 INFO mapreduce.Job:  map 100% reduce 68%
2025-11-28 11:17:26,990 INFO mapreduce.Job:  map 100% reduce 74%
2025-11-28 11:17:32,147 INFO mapreduce.Job:  map 100% reduce 81%
2025-11-28 11:17:38,266 INFO mapreduce.Job:  map 100% reduce 87%
2025-11-28 11:17:44,703 INFO mapreduce.Job:  map 100% reduce 89%
2025-11-28 11:17:51,165 INFO mapreduce.Job:  map 100% reduce 95%
2025-11-28 11:17:56,418 INFO mapreduce.Job:  map 100% reduce 97%
2025-11-28 11:18:03,115 INFO mapreduce.Job:  map 100% reduce 98%
2025-11-28 11:18:08,410 INFO mapreduce.Job:  map 100% reduce 99%
2025-11-28 11:18:12,590 INFO mapreduce.Job:  map 100% reduce 100%
2025-11-28 11:18:16,714 INFO mapreduce.Job: Job job_1764264570892_0015 completed successfully
2025-11-28 11:18:16,803 INFO mapreduce.Job: Counters: 56
	File System Counters
		FILE: Number of bytes read=2701958926
		FILE: Number of bytes written=6824236354
		FILE: Number of read operations=0
		FILE: Number of large read operations=0
		FILE: Number of write operations=0
		HDFS: Number of bytes read=5350212069
		HDFS: Number of bytes written=472709110
		HDFS: Number of read operations=15434
		HDFS: Number of large read operations=0
		HDFS: Number of write operations=2
		HDFS: Number of bytes read erasure-coded=0
	Job Counters 
		Killed map tasks=1135
		Launched map tasks=6278
		Launched reduce tasks=1
		Other local map tasks=1131
		Data-local map tasks=5147
		Total time spent by all maps in occupied slots (ms)=271364118
		Total time spent by all reduces in occupied slots (ms)=238538
		Total time spent by all map tasks (ms)=135682059
		Total time spent by all reduce tasks (ms)=119269
		Total vcore-milliseconds taken by all map tasks=135682059
		Total vcore-milliseconds taken by all reduce tasks=119269
		Total megabyte-milliseconds taken by all map tasks=138938428416
		Total megabyte-milliseconds taken by all reduce tasks=122131456
	Map-Reduce Framework
		Map input records=41400945
		Map output records=816656967
		Map output bytes=8604695580
		Map output materialized bytes=2701989736
		Input split bytes=575389
		Combine input records=816656967
		Combine output records=169771643
		Reduce input groups=22221999
		Reduce shuffle bytes=2701989736
		Reduce input records=169771643
		Reduce output records=22221999
		Spilled Records=339543286
		Shuffled Maps =5143
		Failed Shuffles=0
		Merged Map outputs=5143
		GC time elapsed (ms)=1680829
		CPU time spent (ms)=6093640
		Physical memory (bytes) snapshot=1669405290496
		Virtual memory (bytes) snapshot=13316659585024
		Total committed heap usage (bytes)=1569060814848
		Peak Map Physical memory (bytes)=489988096
		Peak Map Virtual memory (bytes)=2804469760
		Peak Reduce Physical memory (bytes)=948871168
		Peak Reduce Virtual memory (bytes)=2562998272
	Shuffle Errors
		BAD_ID=0
		CONNECTION=0
		IO_ERROR=0
		WRONG_LENGTH=0
		WRONG_MAP=0
		WRONG_REDUCE=0
	File Input Format Counters 
		Bytes Read=5349636680
	File Output Format Counters 
		Bytes Written=472709110
