===== Real Performance Monitor Started at 2025年 11月 28日 星期五 09:35:29 CST =====
[worker1-zzh] CPU: 42.00% | MEM: 23%
[worker2-zrt] CPU: 87.00% | MEM: 36%
[worker3-haz] CPU: 50.00% | MEM: 32%
----
[worker1-zzh] CPU: 78.00% | MEM: 26%
[worker2-zrt] CPU: 99.00% | MEM: 37%
[worker3-haz] CPU: 16.00% | MEM: 32%
----
[worker1-zzh] CPU: 100.00% | MEM: 49%
[worker2-zrt] CPU: 100.00% | MEM: 42%
[worker3-haz] CPU: 26.00% | MEM: 32%
----
[worker1-zzh] CPU: 100.00% | MEM: 29%
[worker2-zrt] CPU: 100.00% | MEM: 45%
[worker3-haz] CPU: 12.00% | MEM: 32%
----
[worker1-zzh] CPU: 100.00% | MEM: 37%
[worker2-zrt] CPU: 100.00% | MEM: 47%
[worker3-haz] CPU: 12.00% | MEM: 32%
----
[worker1-zzh] CPU: 100.00% | MEM: 39%
[worker2-zrt] CPU: 100.00% | MEM: 52%
[worker3-haz] CPU: 12.00% | MEM: 32%
----
[worker1-zzh] CPU: 100.00% | MEM: 39%
[worker2-zrt] CPU: 100.00% | MEM: 62%
[worker3-haz] CPU: 12.00% | MEM: 32%
----
[worker1-zzh] CPU: 100.00% | MEM: 41%
[worker2-zrt] CPU: 100.00% | MEM: 64%
[worker3-haz] CPU: 34.00% | MEM: 32%
----
[worker1-zzh] CPU: 100.00% | MEM: 34%
[worker2-zrt] CPU: 100.00% | MEM: 37%
[worker3-haz] CPU: 22.00% | MEM: 32%
----
[worker1-zzh] CPU: 100.00% | MEM: 37%
[worker2-zrt] CPU: 100.00% | MEM: 42%
[worker3-haz] CPU: 100.00% | MEM: 41%
----
[worker1-zzh] CPU: 100.00% | MEM: 40%
[worker2-zrt] CPU: 100.00% | MEM: 46%
[worker3-haz] CPU: 100.00% | MEM: 62%
----
[worker1-zzh] CPU: 100.00% | MEM: 37%
[worker2-zrt] CPU: 100.00% | MEM: 51%
[worker3-haz] CPU: 100.00% | MEM: 42%
----
[worker1-zzh] CPU: 100.00% | MEM: 38%
[worker2-zrt] CPU: 100.00% | MEM: 58%
[worker3-haz] CPU: 100.00% | MEM: 60%
----
[worker1-zzh] CPU: 100.00% | MEM: 31%
[worker2-zrt] CPU: 100.00% | MEM: 58%
[worker3-haz] CPU: 100.00% | MEM: 41%
----
[worker1-zzh] CPU: 100.00% | MEM: 44%
[worker2-zrt] CPU: 100.00% | MEM: 46%
[worker3-haz] CPU: 100.00% | MEM: 60%
----
[worker1-zzh] CPU: 100.00% | MEM: 37%
[worker2-zrt] CPU: 100.00% | MEM: 43%
[worker3-haz] CPU: 100.00% | MEM: 42%
----
[worker1-zzh] CPU: 100.00% | MEM: 42%
[worker2-zrt] CPU: 100.00% | MEM: 47%
[worker3-haz] CPU: 100.00% | MEM: 52%
----
[worker1-zzh] CPU: 100.00% | MEM: 36%
[worker2-zrt] CPU: 100.00% | MEM: 54%
[worker3-haz] CPU: 100.00% | MEM: 46%
----
[worker1-zzh] CPU: 100.00% | MEM: 37%
[worker2-zrt] CPU: 100.00% | MEM: 55%
[worker3-haz] CPU: 100.00% | MEM: 36%
----
[worker1-zzh] CPU: 100.00% | MEM: 41%
[worker2-zrt] CPU: 100.00% | MEM: 46%
[worker3-haz] CPU: 100.00% | MEM: 50%
----
[worker1-zzh] CPU: 100.00% | MEM: 39%
[worker2-zrt] CPU: 100.00% | MEM: 42%
[worker3-haz] CPU: 100.00% | MEM: 36%
----
[worker1-zzh] CPU: 100.00% | MEM: 38%
[worker2-zrt] CPU: 100.00% | MEM: 45%
[worker3-haz] CPU: 100.00% | MEM: 48%
----
[worker1-zzh] CPU: 100.00% | MEM: 42%
[worker2-zrt] CPU: 100.00% | MEM: 48%
[worker3-haz] CPU: 100.00% | MEM: 41%
----
[worker1-zzh] CPU: 100.00% | MEM: 36%
[worker2-zrt] CPU: 100.00% | MEM: 56%
[worker3-haz] CPU: 100.00% | MEM: 44%
----
[worker1-zzh] CPU: 100.00% | MEM: 42%
[worker2-zrt] CPU: 100.00% | MEM: 54%
[worker3-haz] CPU: 100.00% | MEM: 54%
----
[worker1-zzh] CPU: 100.00% | MEM: 35%
[worker2-zrt] CPU: 100.00% | MEM: 48%
[worker3-haz] CPU: 100.00% | MEM: 42%
----
[worker1-zzh] CPU: 100.00% | MEM: 38%
[worker2-zrt] CPU: 100.00% | MEM: 41%
[worker3-haz] CPU: 100.00% | MEM: 58%
----
[worker1-zzh] CPU: 100.00% | MEM: 38%
[worker2-zrt] CPU: 100.00% | MEM: 45%
[worker3-haz] CPU: 100.00% | MEM: 40%
----
[worker1-zzh] CPU: 100.00% | MEM: 45%
[worker2-zrt] CPU: 100.00% | MEM: 49%
[worker3-haz] CPU: 100.00% | MEM: 55%
----
[worker1-zzh] CPU: 100.00% | MEM: 32%
[worker2-zrt] CPU: 100.00% | MEM: 54%
[worker3-haz] CPU: 100.00% | MEM: 39%
----
[worker1-zzh] CPU: 100.00% | MEM: 38%
[worker2-zrt] CPU: 100.00% | MEM: 54%
[worker3-haz] CPU: 100.00% | MEM: 51%
----
[worker1-zzh] CPU: 100.00% | MEM: 43%
[worker2-zrt] CPU: 100.00% | MEM: 48%
[worker3-haz] CPU: 100.00% | MEM: 39%
----
[worker1-zzh] CPU: 100.00% | MEM: 33%
[worker2-zrt] CPU: 100.00% | MEM: 45%
[worker3-haz] CPU: 100.00% | MEM: 46%
----
[worker1-zzh] CPU: 100.00% | MEM: 38%
[worker2-zrt] CPU: 100.00% | MEM: 43%
[worker3-haz] CPU: 100.00% | MEM: 39%
----
[worker1-zzh] CPU: 100.00% | MEM: 43%
[worker2-zrt] CPU: 100.00% | MEM: 47%
[worker3-haz] CPU: 100.00% | MEM: 45%
----
[worker1-zzh] CPU: 100.00% | MEM: 39%
[worker2-zrt] CPU: 100.00% | MEM: 52%
[worker3-haz] CPU: 100.00% | MEM: 53%
----
[worker1-zzh] CPU: 100.00% | MEM: 41%
[worker2-zrt] CPU: 100.00% | MEM: 55%
[worker3-haz] CPU: 100.00% | MEM: 42%
----
[worker1-zzh] CPU: 100.00% | MEM: 43%
[worker2-zrt] CPU: 100.00% | MEM: 56%
[worker3-haz] CPU: 100.00% | MEM: 58%
----
[worker1-zzh] CPU: 100.00% | MEM: 36%
[worker2-zrt] CPU: 100.00% | MEM: 50%
[worker3-haz] CPU: 100.00% | MEM: 41%
----
[worker1-zzh] CPU: 100.00% | MEM: 45%
[worker2-zrt] CPU: 100.00% | MEM: 41%
[worker3-haz] CPU: 100.00% | MEM: 54%
----
[worker1-zzh] CPU: 100.00% | MEM: 40%
[worker2-zrt] CPU: 100.00% | MEM: 46%
[worker3-haz] CPU: 100.00% | MEM: 41%
----
[worker1-zzh] CPU: 100.00% | MEM: 35%
[worker2-zrt] CPU: 100.00% | MEM: 51%
[worker3-haz] CPU: 100.00% | MEM: 56%
----
[worker1-zzh] CPU: 100.00% | MEM: 43%
[worker2-zrt] CPU: 100.00% | MEM: 54%
[worker3-haz] CPU: 100.00% | MEM: 41%
----
[worker1-zzh] CPU: 100.00% | MEM: 37%
[worker2-zrt] CPU: 100.00% | MEM: 53%
[worker3-haz] CPU: 100.00% | MEM: 56%
----
[worker1-zzh] CPU: 100.00% | MEM: 40%
[worker2-zrt] CPU: 100.00% | MEM: 48%
[worker3-haz] CPU: 100.00% | MEM: 42%
----
[worker1-zzh] CPU: 100.00% | MEM: 40%
[worker2-zrt] CPU: 100.00% | MEM: 44%
[worker3-haz] CPU: 100.00% | MEM: 55%
----
[worker1-zzh] CPU: 100.00% | MEM: 43%
[worker2-zrt] CPU: 100.00% | MEM: 49%
[worker3-haz] CPU: 100.00% | MEM: 43%
----
[worker1-zzh] CPU: 100.00% | MEM: 39%
[worker2-zrt] CPU: 100.00% | MEM: 55%
[worker3-haz] CPU: 100.00% | MEM: 57%
----
[worker1-zzh] CPU: 100.00% | MEM: 42%
[worker2-zrt] CPU: 100.00% | MEM: 52%
[worker3-haz] CPU: 100.00% | MEM: 43%
----
[worker1-zzh] CPU: 100.00% | MEM: 41%
[worker2-zrt] CPU: 100.00% | MEM: 49%
[worker3-haz] CPU: 100.00% | MEM: 54%
----
[worker1-zzh] CPU: 100.00% | MEM: 40%
[worker2-zrt] CPU: 100.00% | MEM: 44%
[worker3-haz] CPU: 100.00% | MEM: 42%
----
[worker1-zzh] CPU: 100.00% | MEM: 38%
[worker2-zrt] CPU: 100.00% | MEM: 45%
[worker3-haz] CPU: 100.00% | MEM: 51%
----
[worker1-zzh] CPU: 100.00% | MEM: 37%
[worker2-zrt] CPU: 100.00% | MEM: 51%
[worker3-haz] CPU: 100.00% | MEM: 43%
----
[worker1-zzh] CPU: 100.00% | MEM: 43%
[worker2-zrt] CPU: 100.00% | MEM: 53%
[worker3-haz] CPU: 100.00% | MEM: 55%
----
[worker1-zzh] CPU: 100.00% | MEM: 38%
[worker2-zrt] CPU: 100.00% | MEM: 53%
[worker3-haz] CPU: 100.00% | MEM: 41%
----
[worker1-zzh] CPU: 100.00% | MEM: 40%
[worker2-zrt] CPU: 100.00% | MEM: 47%
[worker3-haz] CPU: 100.00% | MEM: 56%
----
[worker1-zzh] CPU: 100.00% | MEM: 42%
[worker2-zrt] CPU: 100.00% | MEM: 45%
[worker3-haz] CPU: 100.00% | MEM: 41%
----
[worker1-zzh] CPU: 100.00% | MEM: 36%
[worker2-zrt] CPU: 100.00% | MEM: 46%
[worker3-haz] CPU: 100.00% | MEM: 55%
----
[worker1-zzh] CPU: 100.00% | MEM: 42%
[worker2-zrt] CPU: 100.00% | MEM: 52%
[worker3-haz] CPU: 100.00% | MEM: 42%
----
[worker1-zzh] CPU: 100.00% | MEM: 37%
[worker2-zrt] CPU: 100.00% | MEM: 56%
[worker3-haz] CPU: 100.00% | MEM: 56%
----
[worker1-zzh] CPU: 100.00% | MEM: 41%
[worker2-zrt] CPU: 100.00% | MEM: 53%
[worker3-haz] CPU: 100.00% | MEM: 43%
----
[worker1-zzh] CPU: 100.00% | MEM: 37%
[worker2-zrt] CPU: 100.00% | MEM: 45%
[worker3-haz] CPU: 100.00% | MEM: 54%
----
[worker1-zzh] CPU: 100.00% | MEM: 38%
[worker2-zrt] CPU: 100.00% | MEM: 43%
[worker3-haz] CPU: 100.00% | MEM: 41%
----
[worker1-zzh] CPU: 100.00% | MEM: 49%
[worker2-zrt] CPU: 100.00% | MEM: 48%
[worker3-haz] CPU: 100.00% | MEM: 51%
----
[worker1-zzh] CPU: 100.00% | MEM: 36%
[worker2-zrt] CPU: 100.00% | MEM: 52%
[worker3-haz] CPU: 100.00% | MEM: 40%
----
[worker1-zzh] CPU: 100.00% | MEM: 40%
[worker2-zrt] CPU: 100.00% | MEM: 56%
[worker3-haz] CPU: 100.00% | MEM: 56%
----
[worker1-zzh] CPU: 100.00% | MEM: 42%
[worker2-zrt] CPU: 100.00% | MEM: 53%
[worker3-haz] CPU: 100.00% | MEM: 43%
----
[worker1-zzh] CPU: 100.00% | MEM: 38%
[worker2-zrt] CPU: 100.00% | MEM: 43%
[worker3-haz] CPU: 100.00% | MEM: 51%
----
[worker1-zzh] CPU: 100.00% | MEM: 42%
[worker2-zrt] CPU: 100.00% | MEM: 44%
[worker3-haz] CPU: 100.00% | MEM: 46%
----
[worker1-zzh] CPU: 100.00% | MEM: 43%
[worker2-zrt] CPU: 100.00% | MEM: 49%
[worker3-haz] CPU: 100.00% | MEM: 51%
----
[worker1-zzh] CPU: 100.00% | MEM: 39%
[worker2-zrt] CPU: 100.00% | MEM: 51%
[worker3-haz] CPU: 100.00% | MEM: 46%
----
[worker1-zzh] CPU: 100.00% | MEM: 41%
[worker2-zrt] CPU: 100.00% | MEM: 56%
[worker3-haz] CPU: 100.00% | MEM: 51%
----
[worker1-zzh] CPU: 100.00% | MEM: 37%
[worker2-zrt] CPU: 100.00% | MEM: 52%
[worker3-haz] CPU: 100.00% | MEM: 46%
----
[worker1-zzh] CPU: 100.00% | MEM: 41%
[worker2-zrt] CPU: 100.00% | MEM: 49%
[worker3-haz] CPU: 100.00% | MEM: 47%
----
[worker1-zzh] CPU: 100.00% | MEM: 42%
[worker2-zrt] CPU: 100.00% | MEM: 45%
[worker3-haz] CPU: 100.00% | MEM: 47%
----
[worker1-zzh] CPU: 100.00% | MEM: 35%
[worker2-zrt] CPU: 100.00% | MEM: 49%
[worker3-haz] CPU: 100.00% | MEM: 45%
----
[worker1-zzh] CPU: 100.00% | MEM: 42%
[worker2-zrt] CPU: 100.00% | MEM: 51%
[worker3-haz] CPU: 100.00% | MEM: 46%
----
[worker1-zzh] CPU: 100.00% | MEM: 41%
[worker2-zrt] CPU: 100.00% | MEM: 54%
[worker3-haz] CPU: 100.00% | MEM: 44%
----
[worker1-zzh] CPU: 100.00% | MEM: 44%
[worker2-zrt] CPU: 100.00% | MEM: 51%
[worker3-haz] CPU: 100.00% | MEM: 54%
----
[worker1-zzh] CPU: 100.00% | MEM: 36%
[worker2-zrt] CPU: 100.00% | MEM: 48%
[worker3-haz] CPU: 100.00% | MEM: 40%
----
[worker1-zzh] CPU: 100.00% | MEM: 41%
[worker2-zrt] CPU: 100.00% | MEM: 44%
[worker3-haz] CPU: 100.00% | MEM: 54%
----
[worker1-zzh] CPU: 100.00% | MEM: 46%
[worker2-zrt] CPU: 100.00% | MEM: 49%
[worker3-haz] CPU: 100.00% | MEM: 42%
----
[worker1-zzh] CPU: 100.00% | MEM: 38%
[worker2-zrt] CPU: 100.00% | MEM: 55%
[worker3-haz] CPU: 100.00% | MEM: 53%
----
[worker1-zzh] CPU: 100.00% | MEM: 38%
[worker2-zrt] CPU: 100.00% | MEM: 52%
[worker3-haz] CPU: 100.00% | MEM: 44%
----
[worker1-zzh] CPU: 100.00% | MEM: 40%
[worker2-zrt] CPU: 100.00% | MEM: 52%
[worker3-haz] CPU: 100.00% | MEM: 52%
----
[worker1-zzh] CPU: 100.00% | MEM: 37%
[worker2-zrt] CPU: 100.00% | MEM: 44%
[worker3-haz] CPU: 100.00% | MEM: 43%
----
[worker1-zzh] CPU: 100.00% | MEM: 39%
[worker2-zrt] CPU: 100.00% | MEM: 45%
[worker3-haz] CPU: 100.00% | MEM: 52%
----
[worker1-zzh] CPU: 100.00% | MEM: 36%
[worker2-zrt] CPU: 100.00% | MEM: 50%
[worker3-haz] CPU: 100.00% | MEM: 46%
----
[worker1-zzh] CPU: 100.00% | MEM: 39%
[worker2-zrt] CPU: 100.00% | MEM: 55%
[worker3-haz] CPU: 100.00% | MEM: 52%
----
[worker1-zzh] CPU: 100.00% | MEM: 35%
[worker2-zrt] CPU: 100.00% | MEM: 48%
[worker3-haz] CPU: 100.00% | MEM: 44%
----
[worker1-zzh] CPU: 100.00% | MEM: 44%
[worker2-zrt] CPU: 100.00% | MEM: 53%
[worker3-haz] CPU: 100.00% | MEM: 52%
----
[worker1-zzh] CPU: 100.00% | MEM: 36%
[worker2-zrt] CPU: 100.00% | MEM: 43%
[worker3-haz] CPU: 100.00% | MEM: 42%
----
[worker1-zzh] CPU: 100.00% | MEM: 41%
[worker2-zrt] CPU: 100.00% | MEM: 48%
[worker3-haz] CPU: 100.00% | MEM: 52%
----
[worker1-zzh] CPU: 100.00% | MEM: 38%
[worker2-zrt] CPU: 100.00% | MEM: 55%
[worker3-haz] CPU: 100.00% | MEM: 43%
----
[worker1-zzh] CPU: 100.00% | MEM: 39%
[worker2-zrt] CPU: 100.00% | MEM: 47%
[worker3-haz] CPU: 100.00% | MEM: 50%
----
[worker1-zzh] CPU: 100.00% | MEM: 38%
[worker2-zrt] CPU: 100.00% | MEM: 53%
[worker3-haz] CPU: 100.00% | MEM: 42%
----
[worker1-zzh] CPU: 100.00% | MEM: 45%
[worker2-zrt] CPU: 100.00% | MEM: 44%
[worker3-haz] CPU: 100.00% | MEM: 50%
----
[worker1-zzh] CPU: 100.00% | MEM: 38%
[worker2-zrt] CPU: 100.00% | MEM: 45%
[worker3-haz] CPU: 100.00% | MEM: 47%
----
[worker1-zzh] CPU: 100.00% | MEM: 39%
[worker2-zrt] CPU: 100.00% | MEM: 50%
[worker3-haz] CPU: 100.00% | MEM: 51%
----
[worker1-zzh] CPU: 100.00% | MEM: 38%
[worker2-zrt] CPU: 100.00% | MEM: 53%
[worker3-haz] CPU: 100.00% | MEM: 48%
----
[worker1-zzh] CPU: 100.00% | MEM: 39%
[worker2-zrt] CPU: 100.00% | MEM: 48%
[worker3-haz] CPU: 100.00% | MEM: 47%
----
[worker1-zzh] CPU: 100.00% | MEM: 44%
[worker2-zrt] CPU: 100.00% | MEM: 53%
[worker3-haz] CPU: 100.00% | MEM: 45%
----
[worker1-zzh] CPU: 100.00% | MEM: 37%
[worker2-zrt] CPU: 100.00% | MEM: 52%
[worker3-haz] CPU: 100.00% | MEM: 49%
----
[worker1-zzh] CPU: 100.00% | MEM: 42%
[worker2-zrt] CPU: 100.00% | MEM: 44%
[worker3-haz] CPU: 100.00% | MEM: 47%
----
[worker1-zzh] CPU: 100.00% | MEM: 43%
[worker2-zrt] CPU: 100.00% | MEM: 50%
[worker3-haz] CPU: 100.00% | MEM: 48%
----
[worker1-zzh] CPU: 100.00% | MEM: 39%
[worker2-zrt] CPU: 100.00% | MEM: 52%
[worker3-haz] CPU: 100.00% | MEM: 48%
----
[worker1-zzh] CPU: 100.00% | MEM: 41%
[worker2-zrt] CPU: 100.00% | MEM: 48%
[worker3-haz] CPU: 100.00% | MEM: 48%
----
[worker1-zzh] CPU: 100.00% | MEM: 40%
[worker2-zrt] CPU: 100.00% | MEM: 52%
[worker3-haz] CPU: 100.00% | MEM: 49%
----
[worker1-zzh] CPU: 100.00% | MEM: 39%
[worker2-zrt] CPU: 100.00% | MEM: 52%
[worker3-haz] CPU: 100.00% | MEM: 47%
----
[worker1-zzh] CPU: 100.00% | MEM: 42%
[worker2-zrt] CPU: 100.00% | MEM: 44%
[worker3-haz] CPU: 100.00% | MEM: 49%
----
[worker1-zzh] CPU: 100.00% | MEM: 39%
[worker2-zrt] CPU: 100.00% | MEM: 51%
[worker3-haz] CPU: 100.00% | MEM: 44%
----
[worker1-zzh] CPU: 100.00% | MEM: 38%
[worker2-zrt] CPU: 100.00% | MEM: 55%
[worker3-haz] CPU: 100.00% | MEM: 49%
----
[worker1-zzh] CPU: 100.00% | MEM: 43%
[worker2-zrt] CPU: 100.00% | MEM: 49%
[worker3-haz] CPU: 100.00% | MEM: 44%
----
[worker1-zzh] CPU: 100.00% | MEM: 38%
[worker2-zrt] CPU: 100.00% | MEM: 51%
[worker3-haz] CPU: 100.00% | MEM: 47%
----
[worker1-zzh] CPU: 100.00% | MEM: 40%
[worker2-zrt] CPU: 100.00% | MEM: 51%
[worker3-haz] CPU: 100.00% | MEM: 46%
----
[worker1-zzh] CPU: 100.00% | MEM: 39%
[worker2-zrt] CPU: 100.00% | MEM: 45%
[worker3-haz] CPU: 100.00% | MEM: 48%
----
[worker1-zzh] CPU: 100.00% | MEM: 38%
[worker2-zrt] CPU: 100.00% | MEM: 47%
[worker3-haz] CPU: 100.00% | MEM: 49%
----
[worker1-zzh] CPU: 100.00% | MEM: 37%
[worker2-zrt] CPU: 100.00% | MEM: 54%
[worker3-haz] CPU: 100.00% | MEM: 48%
----
[worker1-zzh] CPU: 100.00% | MEM: 41%
[worker2-zrt] CPU: 100.00% | MEM: 52%
[worker3-haz] CPU: 100.00% | MEM: 48%
----
[worker1-zzh] CPU: 100.00% | MEM: 41%
[worker2-zrt] CPU: 100.00% | MEM: 50%
[worker3-haz] CPU: 100.00% | MEM: 46%
----
[worker1-zzh] CPU: 100.00% | MEM: 43%
[worker2-zrt] CPU: 100.00% | MEM: 52%
[worker3-haz] CPU: 100.00% | MEM: 50%
----
[worker1-zzh] CPU: 100.00% | MEM: 41%
[worker2-zrt] CPU: 100.00% | MEM: 43%
[worker3-haz] CPU: 100.00% | MEM: 46%
----
[worker1-zzh] CPU: 100.00% | MEM: 40%
[worker2-zrt] CPU: 100.00% | MEM: 49%
[worker3-haz] CPU: 100.00% | MEM: 48%
----
[worker1-zzh] CPU: 100.00% | MEM: 39%
[worker2-zrt] CPU: 100.00% | MEM: 54%
[worker3-haz] CPU: 100.00% | MEM: 44%
----
[worker1-zzh] CPU: 100.00% | MEM: 40%
[worker2-zrt] CPU: 100.00% | MEM: 49%
[worker3-haz] CPU: 100.00% | MEM: 46%
----
[worker1-zzh] CPU: 100.00% | MEM: 40%
[worker2-zrt] CPU: 100.00% | MEM: 50%
[worker3-haz] CPU: 100.00% | MEM: 42%
----
[worker1-zzh] CPU: 100.00% | MEM: 41%
[worker2-zrt] CPU: 100.00% | MEM: 52%
[worker3-haz] CPU: 100.00% | MEM: 45%
----
[worker1-zzh] CPU: 100.00% | MEM: 37%
[worker2-zrt] CPU: 100.00% | MEM: 46%
[worker3-haz] CPU: 100.00% | MEM: 47%
----
[worker1-zzh] CPU: 100.00% | MEM: 45%
[worker2-zrt] CPU: 100.00% | MEM: 48%
[worker3-haz] CPU: 100.00% | MEM: 51%
----
[worker1-zzh] CPU: 100.00% | MEM: 37%
[worker2-zrt] CPU: 100.00% | MEM: 54%
[worker3-haz] CPU: 100.00% | MEM: 48%
----
[worker1-zzh] CPU: 100.00% | MEM: 37%
[worker2-zrt] CPU: 100.00% | MEM: 54%
[worker3-haz] CPU: 100.00% | MEM: 48%
----
[worker1-zzh] CPU: 100.00% | MEM: 36%
[worker2-zrt] CPU: 100.00% | MEM: 49%
[worker3-haz] CPU: 100.00% | MEM: 48%
----
[worker1-zzh] CPU: 100.00% | MEM: 39%
[worker2-zrt] CPU: 100.00% | MEM: 52%
[worker3-haz] CPU: 100.00% | MEM: 44%
----
[worker1-zzh] CPU: 100.00% | MEM: 38%
[worker2-zrt] CPU: 100.00% | MEM: 44%
[worker3-haz] CPU: 100.00% | MEM: 47%
----
[worker1-zzh] CPU: 100.00% | MEM: 37%
[worker2-zrt] CPU: 100.00% | MEM: 44%
[worker3-haz] CPU: 100.00% | MEM: 44%
----
[worker1-zzh] CPU: 100.00% | MEM: 41%
[worker2-zrt] CPU: 100.00% | MEM: 51%
[worker3-haz] CPU: 100.00% | MEM: 46%
----
[worker1-zzh] CPU: 100.00% | MEM: 37%
[worker2-zrt] CPU: 100.00% | MEM: 53%
[worker3-haz] CPU: 100.00% | MEM: 45%
----
[worker1-zzh] CPU: 100.00% | MEM: 38%
[worker2-zrt] CPU: 100.00% | MEM: 47%
[worker3-haz] CPU: 100.00% | MEM: 50%
----
[worker1-zzh] CPU: 100.00% | MEM: 37%
[worker2-zrt] CPU: 100.00% | MEM: 51%
[worker3-haz] CPU: 100.00% | MEM: 48%
----
[worker1-zzh] CPU: 100.00% | MEM: 39%
[worker2-zrt] CPU: 100.00% | MEM: 47%
[worker3-haz] CPU: 100.00% | MEM: 50%
----
[worker1-zzh] CPU: 100.00% | MEM: 37%
[worker2-zrt] CPU: 100.00% | MEM: 47%
[worker3-haz] CPU: 100.00% | MEM: 46%
----
[worker1-zzh] CPU: 100.00% | MEM: 45%
[worker2-zrt] CPU: 100.00% | MEM: 51%
[worker3-haz] CPU: 100.00% | MEM: 49%
----
[worker1-zzh] CPU: 100.00% | MEM: 37%
[worker2-zrt] CPU: 100.00% | MEM: 53%
[worker3-haz] CPU: 100.00% | MEM: 47%
----
[worker1-zzh] CPU: 100.00% | MEM: 41%
[worker2-zrt] CPU: 100.00% | MEM: 48%
[worker3-haz] CPU: 100.00% | MEM: 48%
----
[worker1-zzh] CPU: 100.00% | MEM: 44%
[worker2-zrt] CPU: 100.00% | MEM: 52%
[worker3-haz] CPU: 100.00% | MEM: 50%
----
[worker1-zzh] CPU: 100.00% | MEM: 37%
[worker2-zrt] CPU: 100.00% | MEM: 52%
[worker3-haz] CPU: 100.00% | MEM: 44%
----
[worker1-zzh] CPU: 100.00% | MEM: 37%
[worker2-zrt] CPU: 100.00% | MEM: 43%
[worker3-haz] CPU: 100.00% | MEM: 46%
----
[worker1-zzh] CPU: 100.00% | MEM: 44%
[worker2-zrt] CPU: 100.00% | MEM: 50%
[worker3-haz] CPU: 100.00% | MEM: 44%
----
[worker1-zzh] CPU: 100.00% | MEM: 37%
[worker2-zrt] CPU: 100.00% | MEM: 55%
[worker3-haz] CPU: 100.00% | MEM: 48%
----
[worker1-zzh] CPU: 100.00% | MEM: 41%
[worker2-zrt] CPU: 100.00% | MEM: 48%
[worker3-haz] CPU: 100.00% | MEM: 45%
----
[worker1-zzh] CPU: 100.00% | MEM: 46%
[worker2-zrt] CPU: 100.00% | MEM: 51%
[worker3-haz] CPU: 100.00% | MEM: 50%
----
[worker1-zzh] CPU: 100.00% | MEM: 39%
[worker2-zrt] CPU: 100.00% | MEM: 54%
[worker3-haz] CPU: 100.00% | MEM: 49%
----
[worker1-zzh] CPU: 100.00% | MEM: 34%
[worker2-zrt] CPU: 100.00% | MEM: 45%
[worker3-haz] CPU: 100.00% | MEM: 49%
----
[worker1-zzh] CPU: 100.00% | MEM: 39%
[worker2-zrt] CPU: 100.00% | MEM: 47%
[worker3-haz] CPU: 100.00% | MEM: 46%
----
[worker1-zzh] CPU: 100.00% | MEM: 42%
[worker2-zrt] CPU: 100.00% | MEM: 52%
[worker3-haz] CPU: 100.00% | MEM: 45%
----
[worker1-zzh] CPU: 100.00% | MEM: 38%
[worker2-zrt] CPU: 100.00% | MEM: 53%
[worker3-haz] CPU: 100.00% | MEM: 47%
----
[worker1-zzh] CPU: 100.00% | MEM: 43%
[worker2-zrt] CPU: 100.00% | MEM: 46%
[worker3-haz] CPU: 100.00% | MEM: 44%
----
[worker1-zzh] CPU: 100.00% | MEM: 40%
[worker2-zrt] CPU: 100.00% | MEM: 53%
[worker3-haz] CPU: 100.00% | MEM: 46%
----
[worker1-zzh] CPU: 100.00% | MEM: 38%
[worker2-zrt] CPU: 100.00% | MEM: 50%
[worker3-haz] CPU: 100.00% | MEM: 44%
----
[worker1-zzh] CPU: 100.00% | MEM: 44%
[worker2-zrt] CPU: 100.00% | MEM: 44%
[worker3-haz] CPU: 100.00% | MEM: 45%
----
[worker1-zzh] CPU: 100.00% | MEM: 35%
[worker2-zrt] CPU: 100.00% | MEM: 53%
[worker3-haz] CPU: 100.00% | MEM: 43%
----
[worker1-zzh] CPU: 100.00% | MEM: 42%
[worker2-zrt] CPU: 100.00% | MEM: 55%
[worker3-haz] CPU: 100.00% | MEM: 50%
----
[worker1-zzh] CPU: 100.00% | MEM: 38%
[worker2-zrt] CPU: 100.00% | MEM: 47%
[worker3-haz] CPU: 100.00% | MEM: 42%
----
[worker1-zzh] CPU: 100.00% | MEM: 42%
[worker2-zrt] CPU: 100.00% | MEM: 54%
[worker3-haz] CPU: 100.00% | MEM: 46%
----
[worker1-zzh] CPU: 100.00% | MEM: 38%
[worker2-zrt] CPU: 100.00% | MEM: 45%
[worker3-haz] CPU: 100.00% | MEM: 43%
----
[worker1-zzh] CPU: 100.00% | MEM: 44%
[worker2-zrt] CPU: 100.00% | MEM: 45%
[worker3-haz] CPU: 100.00% | MEM: 51%
----
[worker1-zzh] CPU: 100.00% | MEM: 38%
[worker2-zrt] CPU: 100.00% | MEM: 52%
[worker3-haz] CPU: 100.00% | MEM: 48%
----
[worker1-zzh] CPU: 100.00% | MEM: 37%
[worker2-zrt] CPU: 100.00% | MEM: 55%
[worker3-haz] CPU: 100.00% | MEM: 51%
----
[worker1-zzh] CPU: 100.00% | MEM: 43%
[worker2-zrt] CPU: 100.00% | MEM: 45%
[worker3-haz] CPU: 100.00% | MEM: 46%
----
[worker1-zzh] CPU: 100.00% | MEM: 40%
[worker2-zrt] CPU: 100.00% | MEM: 52%
[worker3-haz] CPU: 100.00% | MEM: 50%
----
[worker1-zzh] CPU: 100.00% | MEM: 40%
[worker2-zrt] CPU: 100.00% | MEM: 50%
[worker3-haz] CPU: 100.00% | MEM: 46%
----
[worker1-zzh] CPU: 100.00% | MEM: 44%
[worker2-zrt] CPU: 100.00% | MEM: 44%
[worker3-haz] CPU: 100.00% | MEM: 46%
----
[worker1-zzh] CPU: 100.00% | MEM: 38%
[worker2-zrt] CPU: 100.00% | MEM: 49%
[worker3-haz] CPU: 100.00% | MEM: 46%
----
[worker1-zzh] CPU: 100.00% | MEM: 39%
[worker2-zrt] CPU: 100.00% | MEM: 55%
[worker3-haz] CPU: 100.00% | MEM: 43%
----
[worker1-zzh] CPU: 100.00% | MEM: 44%
[worker2-zrt] CPU: 100.00% | MEM: 44%
[worker3-haz] CPU: 100.00% | MEM: 45%
----
[worker1-zzh] CPU: 100.00% | MEM: 39%
[worker2-zrt] CPU: 100.00% | MEM: 51%
[worker3-haz] CPU: 100.00% | MEM: 45%
----
[worker1-zzh] CPU: 100.00% | MEM: 43%
[worker2-zrt] CPU: 100.00% | MEM: 44%
[worker3-haz] CPU: 100.00% | MEM: 44%
----
[worker1-zzh] CPU: 100.00% | MEM: 37%
[worker2-zrt] CPU: 100.00% | MEM: 44%
[worker3-haz] CPU: 100.00% | MEM: 44%
----
[worker1-zzh] CPU: 100.00% | MEM: 42%
[worker2-zrt] CPU: 100.00% | MEM: 50%
[worker3-haz] CPU: 100.00% | MEM: 46%
----
[worker1-zzh] CPU: 100.00% | MEM: 37%
[worker2-zrt] CPU: 100.00% | MEM: 56%
[worker3-haz] CPU: 100.00% | MEM: 48%
----
[worker1-zzh] CPU: 100.00% | MEM: 42%
[worker2-zrt] CPU: 100.00% | MEM: 49%
[worker3-haz] CPU: 100.00% | MEM: 48%
----
[worker1-zzh] CPU: 100.00% | MEM: 38%
[worker2-zrt] CPU: 100.00% | MEM: 48%
[worker3-haz] CPU: 100.00% | MEM: 46%
----
[worker1-zzh] CPU: 100.00% | MEM: 43%
[worker2-zrt] CPU: 100.00% | MEM: 44%
[worker3-haz] CPU: 100.00% | MEM: 48%
----
[worker1-zzh] CPU: 100.00% | MEM: 42%
[worker2-zrt] CPU: 100.00% | MEM: 49%
[worker3-haz] CPU: 100.00% | MEM: 48%
----
[worker1-zzh] CPU: 100.00% | MEM: 42%
[worker2-zrt] CPU: 100.00% | MEM: 56%
[worker3-haz] CPU: 100.00% | MEM: 48%
----
[worker1-zzh] CPU: 100.00% | MEM: 43%
[worker2-zrt] CPU: 100.00% | MEM: 51%
[worker3-haz] CPU: 100.00% | MEM: 48%
----
[worker1-zzh] CPU: 100.00% | MEM: 38%
[worker2-zrt] CPU: 100.00% | MEM: 51%
[worker3-haz] CPU: 100.00% | MEM: 47%
----
[worker1-zzh] CPU: 100.00% | MEM: 42%
[worker2-zrt] CPU: 100.00% | MEM: 44%
[worker3-haz] CPU: 100.00% | MEM: 45%
----
[worker1-zzh] CPU: 100.00% | MEM: 39%
[worker2-zrt] CPU: 100.00% | MEM: 44%
[worker3-haz] CPU: 100.00% | MEM: 42%
----
[worker1-zzh] CPU: 100.00% | MEM: 36%
[worker2-zrt] CPU: 100.00% | MEM: 48%
[worker3-haz] CPU: 100.00% | MEM: 40%
----
[worker1-zzh] CPU: 100.00% | MEM: 40%
[worker2-zrt] CPU: 100.00% | MEM: 56%
[worker3-haz] CPU: 100.00% | MEM: 44%
----
[worker1-zzh] CPU: 100.00% | MEM: 42%
[worker2-zrt] CPU: 100.00% | MEM: 57%
[worker3-haz] CPU: 100.00% | MEM: 41%
----
[worker1-zzh] CPU: 100.00% | MEM: 42%
[worker2-zrt] CPU: 100.00% | MEM: 49%
[worker3-haz] CPU: 100.00% | MEM: 45%
----
[worker1-zzh] CPU: 100.00% | MEM: 39%
[worker2-zrt] CPU: 100.00% | MEM: 44%
[worker3-haz] CPU: 100.00% | MEM: 42%
----
[worker1-zzh] CPU: 100.00% | MEM: 40%
[worker2-zrt] CPU: 100.00% | MEM: 45%
[worker3-haz] CPU: 100.00% | MEM: 44%
----
[worker1-zzh] CPU: 100.00% | MEM: 41%
[worker2-zrt] CPU: 100.00% | MEM: 53%
[worker3-haz] CPU: 100.00% | MEM: 48%
----
[worker1-zzh] CPU: 100.00% | MEM: 40%
[worker2-zrt] CPU: 100.00% | MEM: 60%
[worker3-haz] CPU: 100.00% | MEM: 49%
----
[worker1-zzh] CPU: 100.00% | MEM: 40%
[worker2-zrt] CPU: 100.00% | MEM: 49%
[worker3-haz] CPU: 100.00% | MEM: 47%
----
[worker1-zzh] CPU: 100.00% | MEM: 38%
[worker2-zrt] CPU: 100.00% | MEM: 43%
[worker3-haz] CPU: 100.00% | MEM: 48%
----
[worker1-zzh] CPU: 100.00% | MEM: 41%
[worker2-zrt] CPU: 100.00% | MEM: 44%
[worker3-haz] CPU: 100.00% | MEM: 45%
----
[worker1-zzh] CPU: 100.00% | MEM: 39%
[worker2-zrt] CPU: 100.00% | MEM: 47%
[worker3-haz] CPU: 100.00% | MEM: 47%
----
[worker1-zzh] CPU: 100.00% | MEM: 42%
[worker2-zrt] CPU: 100.00% | MEM: 53%
[worker3-haz] CPU: 100.00% | MEM: 45%
----
[worker1-zzh] CPU: 100.00% | MEM: 43%
[worker2-zrt] CPU: 100.00% | MEM: 57%
[worker3-haz] CPU: 100.00% | MEM: 47%
----
[worker1-zzh] CPU: 100.00% | MEM: 41%
[worker2-zrt] CPU: 100.00% | MEM: 48%
[worker3-haz] CPU: 100.00% | MEM: 45%
----
[worker1-zzh] CPU: 100.00% | MEM: 41%
[worker2-zrt] CPU: 100.00% | MEM: 44%
[worker3-haz] CPU: 100.00% | MEM: 46%
----
[worker1-zzh] CPU: 100.00% | MEM: 39%
[worker2-zrt] CPU: 100.00% | MEM: 44%
[worker3-haz] CPU: 100.00% | MEM: 42%
----
[worker1-zzh] CPU: 100.00% | MEM: 41%
[worker2-zrt] CPU: 100.00% | MEM: 49%
[worker3-haz] CPU: 100.00% | MEM: 48%
----
[worker1-zzh] CPU: 100.00% | MEM: 41%
[worker2-zrt] CPU: 100.00% | MEM: 55%
[worker3-haz] CPU: 100.00% | MEM: 45%
----
[worker1-zzh] CPU: 100.00% | MEM: 38%
[worker2-zrt] CPU: 100.00% | MEM: 57%
[worker3-haz] CPU: 100.00% | MEM: 52%
----
[worker1-zzh] CPU: 100.00% | MEM: 41%
[worker2-zrt] CPU: 100.00% | MEM: 52%
[worker3-haz] CPU: 100.00% | MEM: 48%
----
[worker1-zzh] CPU: 100.00% | MEM: 36%
[worker2-zrt] CPU: 100.00% | MEM: 42%
[worker3-haz] CPU: 100.00% | MEM: 47%
----
[worker1-zzh] CPU: 100.00% | MEM: 41%
[worker2-zrt] CPU: 100.00% | MEM: 45%
[worker3-haz] CPU: 100.00% | MEM: 49%
----
[worker1-zzh] CPU: 100.00% | MEM: 39%
[worker2-zrt] CPU: 100.00% | MEM: 49%
[worker3-haz] CPU: 100.00% | MEM: 42%
----
[worker1-zzh] CPU: 100.00% | MEM: 41%
[worker2-zrt] CPU: 100.00% | MEM: 54%
[worker3-haz] CPU: 100.00% | MEM: 51%
----
[worker1-zzh] CPU: 100.00% | MEM: 41%
[worker2-zrt] CPU: 100.00% | MEM: 58%
[worker3-haz] CPU: 100.00% | MEM: 50%
----
[worker1-zzh] CPU: 100.00% | MEM: 39%
[worker2-zrt] CPU: 100.00% | MEM: 54%
[worker3-haz] CPU: 100.00% | MEM: 44%
----
[worker1-zzh] CPU: 100.00% | MEM: 43%
[worker2-zrt] CPU: 100.00% | MEM: 44%
[worker3-haz] CPU: 100.00% | MEM: 50%
----
[worker1-zzh] CPU: 100.00% | MEM: 43%
[worker2-zrt] CPU: 100.00% | MEM: 45%
[worker3-haz] CPU: 100.00% | MEM: 46%
----
[worker1-zzh] CPU: 100.00% | MEM: 42%
[worker2-zrt] CPU: 100.00% | MEM: 50%
[worker3-haz] CPU: 100.00% | MEM: 52%
----
[worker1-zzh] CPU: 100.00% | MEM: 44%
[worker2-zrt] CPU: 100.00% | MEM: 56%
[worker3-haz] CPU: 100.00% | MEM: 49%
----
[worker1-zzh] CPU: 100.00% | MEM: 43%
[worker2-zrt] CPU: 100.00% | MEM: 58%
[worker3-haz] CPU: 100.00% | MEM: 50%
----
[worker1-zzh] CPU: 100.00% | MEM: 42%
[worker2-zrt] CPU: 100.00% | MEM: 44%
[worker3-haz] CPU: 100.00% | MEM: 48%
----
[worker1-zzh] CPU: 100.00% | MEM: 44%
[worker2-zrt] CPU: 100.00% | MEM: 43%
[worker3-haz] CPU: 100.00% | MEM: 43%
----
[worker1-zzh] CPU: 100.00% | MEM: 41%
[worker2-zrt] CPU: 100.00% | MEM: 47%
[worker3-haz] CPU: 100.00% | MEM: 46%
----
[worker1-zzh] CPU: 100.00% | MEM: 43%
[worker2-zrt] CPU: 100.00% | MEM: 50%
[worker3-haz] CPU: 100.00% | MEM: 41%
----
[worker1-zzh] CPU: 100.00% | MEM: 38%
[worker2-zrt] CPU: 100.00% | MEM: 56%
[worker3-haz] CPU: 100.00% | MEM: 45%
----
[worker1-zzh] CPU: 100.00% | MEM: 40%
[worker2-zrt] CPU: 100.00% | MEM: 56%
[worker3-haz] CPU: 100.00% | MEM: 42%
----
[worker1-zzh] CPU: 100.00% | MEM: 44%
[worker2-zrt] CPU: 100.00% | MEM: 42%
[worker3-haz] CPU: 100.00% | MEM: 45%
----
[worker1-zzh] CPU: 100.00% | MEM: 39%
[worker2-zrt] CPU: 100.00% | MEM: 44%
[worker3-haz] CPU: 100.00% | MEM: 42%
----
[worker1-zzh] CPU: 100.00% | MEM: 45%
[worker2-zrt] CPU: 100.00% | MEM: 49%
[worker3-haz] CPU: 100.00% | MEM: 44%
----
[worker1-zzh] CPU: 100.00% | MEM: 39%
[worker2-zrt] CPU: 100.00% | MEM: 52%
[worker3-haz] CPU: 100.00% | MEM: 43%
----
[worker1-zzh] CPU: 100.00% | MEM: 44%
[worker2-zrt] CPU: 100.00% | MEM: 54%
[worker3-haz] CPU: 100.00% | MEM: 46%
----
[worker1-zzh] CPU: 100.00% | MEM: 41%
[worker2-zrt] CPU: 100.00% | MEM: 54%
[worker3-haz] CPU: 100.00% | MEM: 42%
----
[worker1-zzh] CPU: 100.00% | MEM: 38%
[worker2-zrt] CPU: 100.00% | MEM: 43%
[worker3-haz] CPU: 100.00% | MEM: 50%
----
[worker1-zzh] CPU: 100.00% | MEM: 38%
[worker2-zrt] CPU: 100.00% | MEM: 45%
[worker3-haz] CPU: 100.00% | MEM: 41%
----
[worker1-zzh] CPU: 100.00% | MEM: 41%
[worker2-zrt] CPU: 100.00% | MEM: 50%
[worker3-haz] CPU: 100.00% | MEM: 52%
----
[worker1-zzh] CPU: 100.00% | MEM: 37%
[worker2-zrt] CPU: 100.00% | MEM: 50%
[worker3-haz] CPU: 100.00% | MEM: 39%
----
[worker1-zzh] CPU: 100.00% | MEM: 46%
[worker2-zrt] CPU: 100.00% | MEM: 56%
[worker3-haz] CPU: 100.00% | MEM: 47%
----
[worker1-zzh] CPU: 100.00% | MEM: 41%
[worker2-zrt] CPU: 100.00% | MEM: 49%
[worker3-haz] CPU: 100.00% | MEM: 40%
----
[worker1-zzh] CPU: 100.00% | MEM: 43%
[worker2-zrt] CPU: 100.00% | MEM: 42%
[worker3-haz] CPU: 100.00% | MEM: 50%
----
[worker1-zzh] CPU: 100.00% | MEM: 35%
[worker2-zrt] CPU: 100.00% | MEM: 46%
[worker3-haz] CPU: 100.00% | MEM: 45%
----
[worker1-zzh] CPU: 100.00% | MEM: 42%
[worker2-zrt] CPU: 100.00% | MEM: 50%
[worker3-haz] CPU: 100.00% | MEM: 50%
----
[worker1-zzh] CPU: 100.00% | MEM: 41%
[worker2-zrt] CPU: 100.00% | MEM: 51%
[worker3-haz] CPU: 100.00% | MEM: 48%
----
[worker1-zzh] CPU: 100.00% | MEM: 42%
[worker2-zrt] CPU: 100.00% | MEM: 50%
[worker3-haz] CPU: 100.00% | MEM: 47%
----
[worker1-zzh] CPU: 100.00% | MEM: 39%
[worker2-zrt] CPU: 100.00% | MEM: 54%
[worker3-haz] CPU: 100.00% | MEM: 49%
----
[worker1-zzh] CPU: 100.00% | MEM: 40%
[worker2-zrt] CPU: 100.00% | MEM: 51%
[worker3-haz] CPU: 100.00% | MEM: 47%
----
[worker1-zzh] CPU: 100.00% | MEM: 42%
[worker2-zrt] CPU: 100.00% | MEM: 45%
[worker3-haz] CPU: 21.00% | MEM: 32%
----
[worker1-zzh] CPU: 100.00% | MEM: 41%
[worker2-zrt] CPU: 100.00% | MEM: 49%
[worker3-haz] CPU: 24.00% | MEM: 32%
----
[worker1-zzh] CPU: 100.00% | MEM: 37%
[worker2-zrt] CPU: 100.00% | MEM: 50%
[worker3-haz] CPU: 27.00% | MEM: 32%
----
[worker1-zzh] CPU: 100.00% | MEM: 38%
[worker2-zrt] CPU: 100.00% | MEM: 52%
[worker3-haz] CPU: 14.00% | MEM: 32%
----
[worker1-zzh] CPU: 100.00% | MEM: 40%
[worker2-zrt] CPU: 100.00% | MEM: 56%
[worker3-haz] CPU: 12.00% | MEM: 32%
----
[worker1-zzh] CPU: 100.00% | MEM: 39%
[worker2-zrt] CPU: 100.00% | MEM: 50%
[worker3-haz] CPU: 12.00% | MEM: 32%
----
[worker1-zzh] CPU: 100.00% | MEM: 40%
[worker2-zrt] CPU: 100.00% | MEM: 44%
[worker3-haz] CPU: 12.00% | MEM: 32%
----
[worker1-zzh] CPU: 100.00% | MEM: 43%
[worker2-zrt] CPU: 100.00% | MEM: 47%
[worker3-haz] CPU: 12.00% | MEM: 32%
----
[worker1-zzh] CPU: 100.00% | MEM: 39%
[worker2-zrt] CPU: 100.00% | MEM: 50%
[worker3-haz] CPU: 12.00% | MEM: 32%
----
[worker1-zzh] CPU: 100.00% | MEM: 42%
[worker2-zrt] CPU: 100.00% | MEM: 51%
[worker3-haz] CPU: 12.00% | MEM: 32%
----
[worker1-zzh] CPU: 100.00% | MEM: 40%
[worker2-zrt] CPU: 100.00% | MEM: 53%
[worker3-haz] CPU: 12.00% | MEM: 32%
----
[worker1-zzh] CPU: 100.00% | MEM: 40%
[worker2-zrt] CPU: 100.00% | MEM: 52%
[worker3-haz] CPU: 15.00% | MEM: 32%
----
[worker1-zzh] CPU: 100.00% | MEM: 36%
[worker2-zrt] CPU: 100.00% | MEM: 53%
[worker3-haz] CPU: 12.00% | MEM: 32%
----
[worker1-zzh] CPU: 100.00% | MEM: 37%
[worker2-zrt] CPU: 100.00% | MEM: 47%
[worker3-haz] CPU: 35.00% | MEM: 32%
----
[worker1-zzh] CPU: 100.00% | MEM: 44%
[worker2-zrt] CPU: 100.00% | MEM: 46%
[worker3-haz] CPU: 34.00% | MEM: 32%
----
[worker1-zzh] CPU: 100.00% | MEM: 40%
[worker2-zrt] CPU: 100.00% | MEM: 50%
[worker3-haz] CPU: 23.00% | MEM: 32%
----
[worker1-zzh] CPU: 100.00% | MEM: 37%
[worker2-zrt] CPU: 100.00% | MEM: 50%
[worker3-haz] CPU: 24.00% | MEM: 32%
----
[worker1-zzh] CPU: 100.00% | MEM: 38%
[worker2-zrt] CPU: 100.00% | MEM: 53%
[worker3-haz] CPU: 25.00% | MEM: 32%
----
[worker1-zzh] CPU: 100.00% | MEM: 39%
[worker2-zrt] CPU: 100.00% | MEM: 52%
[worker3-haz] CPU: 26.00% | MEM: 32%
----
[worker1-zzh] CPU: 100.00% | MEM: 36%
[worker2-zrt] CPU: 100.00% | MEM: 51%
[worker3-haz] CPU: 26.00% | MEM: 32%
----
[worker1-zzh] CPU: 100.00% | MEM: 40%
[worker2-zrt] CPU: 100.00% | MEM: 45%
[worker3-haz] CPU: 26.00% | MEM: 32%
----
[worker1-zzh] CPU: 100.00% | MEM: 43%
[worker2-zrt] CPU: 100.00% | MEM: 46%
[worker3-haz] CPU: 25.00% | MEM: 32%
----
[worker1-zzh] CPU: 100.00% | MEM: 37%
[worker2-zrt] CPU: 100.00% | MEM: 50%
[worker3-haz] CPU: 24.00% | MEM: 32%
----
[worker1-zzh] CPU: 100.00% | MEM: 41%
[worker2-zrt] CPU: 100.00% | MEM: 50%
[worker3-haz] CPU: 23.00% | MEM: 32%
----
[worker1-zzh] CPU: 100.00% | MEM: 42%
[worker2-zrt] CPU: 100.00% | MEM: 51%
[worker3-haz] CPU: 40.00% | MEM: 32%
----
[worker1-zzh] CPU: 100.00% | MEM: 39%
[worker2-zrt] CPU: 100.00% | MEM: 51%
[worker3-haz] CPU: 13.00% | MEM: 32%
----
[worker1-zzh] CPU: 100.00% | MEM: 39%
[worker2-zrt] CPU: 100.00% | MEM: 49%
[worker3-haz] CPU: 14.00% | MEM: 32%
----
[worker1-zzh] CPU: 100.00% | MEM: 42%
[worker2-zrt] CPU: 100.00% | MEM: 47%
[worker3-haz] CPU: 13.00% | MEM: 32%
----
[worker1-zzh] CPU: 100.00% | MEM: 45%
[worker2-zrt] CPU: 100.00% | MEM: 48%
[worker3-haz] CPU: 12.00% | MEM: 32%
----
[worker1-zzh] CPU: 100.00% | MEM: 39%
[worker2-zrt] CPU: 100.00% | MEM: 51%
[worker3-haz] CPU: 12.00% | MEM: 32%
----
[worker1-zzh] CPU: 100.00% | MEM: 38%
[worker2-zrt] CPU: 100.00% | MEM: 52%
[worker3-haz] CPU: 35.00% | MEM: 32%
----
[worker1-zzh] CPU: 100.00% | MEM: 38%
[worker2-zrt] CPU: 100.00% | MEM: 51%
[worker3-haz] CPU: 24.00% | MEM: 32%
----
[worker1-zzh] CPU: 100.00% | MEM: 41%
[worker2-zrt] CPU: 100.00% | MEM: 50%
[worker3-haz] CPU: 50.00% | MEM: 32%
----
[worker1-zzh] CPU: 100.00% | MEM: 37%
[worker2-zrt] CPU: 100.00% | MEM: 49%
[worker3-haz] CPU: 48.00% | MEM: 32%
----
[worker1-zzh] CPU: 100.00% | MEM: 42%
[worker2-zrt] CPU: 100.00% | MEM: 48%
[worker3-haz] CPU: 53.00% | MEM: 32%
----
[worker1-zzh] CPU: 100.00% | MEM: 37%
[worker2-zrt] CPU: 100.00% | MEM: 51%
[worker3-haz] CPU: 57.00% | MEM: 32%
----
[worker1-zzh] CPU: 100.00% | MEM: 41%
[worker2-zrt] CPU: 100.00% | MEM: 47%
[worker3-haz] CPU: 43.00% | MEM: 32%
----
[worker1-zzh] CPU: 100.00% | MEM: 39%
[worker2-zrt] CPU: 100.00% | MEM: 53%
[worker3-haz] CPU: 24.00% | MEM: 32%
----
[worker1-zzh] CPU: 100.00% | MEM: 41%
[worker2-zrt] CPU: 100.00% | MEM: 45%
[worker3-haz] CPU: 24.00% | MEM: 32%
----
[worker1-zzh] CPU: 100.00% | MEM: 43%
[worker2-zrt] CPU: 100.00% | MEM: 48%
[worker3-haz] CPU: 23.00% | MEM: 32%
----
[worker1-zzh] CPU: 100.00% | MEM: 37%
[worker2-zrt] CPU: 100.00% | MEM: 48%
[worker3-haz] CPU: 18.00% | MEM: 32%
----
[worker1-zzh] CPU: 100.00% | MEM: 40%
[worker2-zrt] CPU: 100.00% | MEM: 52%
[worker3-haz] CPU: 28.00% | MEM: 32%
----
[worker1-zzh] CPU: 100.00% | MEM: 34%
[worker2-zrt] CPU: 100.00% | MEM: 49%
[worker3-haz] CPU: 24.00% | MEM: 32%
----
[worker1-zzh] CPU: 100.00% | MEM: 40%
[worker2-zrt] CPU: 100.00% | MEM: 52%
[worker3-haz] CPU: 12.00% | MEM: 32%
----
[worker1-zzh] CPU: 100.00% | MEM: 38%
[worker2-zrt] CPU: 100.00% | MEM: 52%
[worker3-haz] CPU: 13.00% | MEM: 32%
----
[worker1-zzh] CPU: 100.00% | MEM: 40%
[worker2-zrt] CPU: 100.00% | MEM: 45%
[worker3-haz] CPU: 14.00% | MEM: 32%
----
[worker1-zzh] CPU: 100.00% | MEM: 45%
[worker2-zrt] CPU: 100.00% | MEM: 47%
[worker3-haz] CPU: 13.00% | MEM: 32%
----
[worker1-zzh] CPU: 100.00% | MEM: 36%
[worker2-zrt] CPU: 100.00% | MEM: 48%
[worker3-haz] CPU: 12.00% | MEM: 32%
----
[worker1-zzh] CPU: 100.00% | MEM: 40%
[worker2-zrt] CPU: 100.00% | MEM: 51%
[worker3-haz] CPU: 12.00% | MEM: 32%
----
[worker1-zzh] CPU: 100.00% | MEM: 41%
[worker2-zrt] CPU: 100.00% | MEM: 49%
[worker3-haz] CPU: 12.00% | MEM: 32%
----
[worker1-zzh] CPU: 100.00% | MEM: 37%
[worker2-zrt] CPU: 100.00% | MEM: 52%
[worker3-haz] CPU: 13.00% | MEM: 32%
----
[worker1-zzh] CPU: 100.00% | MEM: 40%
[worker2-zrt] CPU: 100.00% | MEM: 52%
[worker3-haz] CPU: 43.00% | MEM: 32%
----
[worker1-zzh] CPU: 100.00% | MEM: 44%
[worker2-zrt] CPU: 100.00% | MEM: 47%
[worker3-haz] CPU: 12.00% | MEM: 32%
----
[worker1-zzh] CPU: 100.00% | MEM: 40%
[worker2-zrt] CPU: 100.00% | MEM: 48%
[worker3-haz] CPU: 25.00% | MEM: 32%
----
[worker1-zzh] CPU: 100.00% | MEM: 34%
[worker2-zrt] CPU: 100.00% | MEM: 50%
[worker3-haz] CPU: 23.00% | MEM: 32%
----
[worker1-zzh] CPU: 100.00% | MEM: 43%
[worker2-zrt] CPU: 100.00% | MEM: 50%
[worker3-haz] CPU: 18.00% | MEM: 32%
----
[worker1-zzh] CPU: 100.00% | MEM: 40%
[worker2-zrt] CPU: 100.00% | MEM: 52%
[worker3-haz] CPU: 30.00% | MEM: 32%
----
[worker1-zzh] CPU: 100.00% | MEM: 39%
[worker2-zrt] CPU: 100.00% | MEM: 50%
[worker3-haz] CPU: 25.00% | MEM: 32%
----
[worker1-zzh] CPU: 100.00% | MEM: 40%
[worker2-zrt] CPU: 100.00% | MEM: 49%
[worker3-haz] CPU: 25.00% | MEM: 32%
----
[worker1-zzh] CPU: 100.00% | MEM: 39%
[worker2-zrt] CPU: 100.00% | MEM: 47%
[worker3-haz] CPU: 18.00% | MEM: 32%
----
[worker1-zzh] CPU: 100.00% | MEM: 43%
[worker2-zrt] CPU: 100.00% | MEM: 47%
[worker3-haz] CPU: 30.00% | MEM: 32%
----
[worker1-zzh] CPU: 100.00% | MEM: 38%
[worker2-zrt] CPU: 100.00% | MEM: 49%
[worker3-haz] CPU: 44.00% | MEM: 32%
----
[worker1-zzh] CPU: 100.00% | MEM: 41%
[worker2-zrt] CPU: 100.00% | MEM: 51%
[worker3-haz] CPU: 29.00% | MEM: 32%
----
[worker1-zzh] CPU: 100.00% | MEM: 44%
[worker2-zrt] CPU: 100.00% | MEM: 52%
[worker3-haz] CPU: 22.00% | MEM: 32%
----
[worker1-zzh] CPU: 100.00% | MEM: 34%
[worker2-zrt] CPU: 100.00% | MEM: 51%
[worker3-haz] CPU: 12.00% | MEM: 32%
----
[worker1-zzh] CPU: 100.00% | MEM: 37%
[worker2-zrt] CPU: 100.00% | MEM: 46%
[worker3-haz] CPU: 13.00% | MEM: 32%
----
[worker1-zzh] CPU: 100.00% | MEM: 41%
[worker2-zrt] CPU: 100.00% | MEM: 47%
[worker3-haz] CPU: 12.00% | MEM: 32%
----
[worker1-zzh] CPU: 100.00% | MEM: 42%
[worker2-zrt] CPU: 100.00% | MEM: 48%
[worker3-haz] CPU: 13.00% | MEM: 32%
----
[worker1-zzh] CPU: 100.00% | MEM: 43%
[worker2-zrt] CPU: 100.00% | MEM: 49%
[worker3-haz] CPU: 23.00% | MEM: 32%
----
[worker1-zzh] CPU: 100.00% | MEM: 36%
[worker2-zrt] CPU: 100.00% | MEM: 51%
[worker3-haz] CPU: 27.00% | MEM: 32%
----
[worker1-zzh] CPU: 100.00% | MEM: 45%
[worker2-zrt] CPU: 100.00% | MEM: 54%
[worker3-haz] CPU: 35.00% | MEM: 32%
----
[worker1-zzh] CPU: 100.00% | MEM: 43%
[worker2-zrt] CPU: 100.00% | MEM: 47%
[worker3-haz] CPU: 11.00% | MEM: 32%
----
[worker1-zzh] CPU: 100.00% | MEM: 36%
[worker2-zrt] CPU: 100.00% | MEM: 45%
[worker3-haz] CPU: 12.00% | MEM: 32%
----
[worker1-zzh] CPU: 100.00% | MEM: 43%
[worker2-zrt] CPU: 100.00% | MEM: 47%
[worker3-haz] CPU: 12.00% | MEM: 32%
----
[worker1-zzh] CPU: 100.00% | MEM: 47%
[worker2-zrt] CPU: 100.00% | MEM: 50%
[worker3-haz] CPU: 11.00% | MEM: 32%
----
[worker1-zzh] CPU: 100.00% | MEM: 36%
[worker2-zrt] CPU: 100.00% | MEM: 48%
[worker3-haz] CPU: 42.00% | MEM: 32%
----
[worker1-zzh] CPU: 100.00% | MEM: 37%
[worker2-zrt] CPU: 100.00% | MEM: 55%
[worker3-haz] CPU: 18.00% | MEM: 32%
----
[worker1-zzh] CPU: 100.00% | MEM: 42%
[worker2-zrt] CPU: 100.00% | MEM: 53%
[worker3-haz] CPU: 23.00% | MEM: 32%
----
[worker1-zzh] CPU: 100.00% | MEM: 44%
[worker2-zrt] CPU: 100.00% | MEM: 47%
[worker3-haz] CPU: 20.00% | MEM: 32%
----
[worker1-zzh] CPU: 100.00% | MEM: 35%
[worker2-zrt] CPU: 100.00% | MEM: 46%
[worker3-haz] CPU: 18.00% | MEM: 32%
----
[worker1-zzh] CPU: 100.00% | MEM: 41%
[worker2-zrt] CPU: 100.00% | MEM: 48%
[worker3-haz] CPU: 36.00% | MEM: 32%
----
[worker1-zzh] CPU: 100.00% | MEM: 39%
[worker2-zrt] CPU: 100.00% | MEM: 52%
[worker3-haz] CPU: 22.00% | MEM: 32%
----
[worker1-zzh] CPU: 100.00% | MEM: 34%
[worker2-zrt] CPU: 100.00% | MEM: 50%
[worker3-haz] CPU: 24.00% | MEM: 32%
----
[worker1-zzh] CPU: 100.00% | MEM: 38%
[worker2-zrt] CPU: 100.00% | MEM: 53%
[worker3-haz] CPU: 23.00% | MEM: 32%
----
[worker1-zzh] CPU: 100.00% | MEM: 41%
[worker2-zrt] CPU: 100.00% | MEM: 49%
[worker3-haz] CPU: 23.00% | MEM: 32%
----
[worker1-zzh] CPU: 100.00% | MEM: 42%
[worker2-zrt] CPU: 100.00% | MEM: 44%
[worker3-haz] CPU: 12.00% | MEM: 32%
----
[worker1-zzh] CPU: 100.00% | MEM: 37%
[worker2-zrt] CPU: 100.00% | MEM: 48%
[worker3-haz] CPU: 13.00% | MEM: 32%
----
[worker1-zzh] CPU: 100.00% | MEM: 39%
[worker2-zrt] CPU: 100.00% | MEM: 49%
[worker3-haz] CPU: 12.00% | MEM: 32%
----
[worker1-zzh] CPU: 100.00% | MEM: 38%
[worker2-zrt] CPU: 100.00% | MEM: 47%
[worker3-haz] CPU: 13.00% | MEM: 32%
----
[worker1-zzh] CPU: 100.00% | MEM: 42%
[worker2-zrt] CPU: 100.00% | MEM: 53%
[worker3-haz] CPU: 14.00% | MEM: 32%
----
[worker1-zzh] CPU: 100.00% | MEM: 37%
[worker2-zrt] CPU: 100.00% | MEM: 54%
[worker3-haz] CPU: 16.00% | MEM: 32%
----
[worker1-zzh] CPU: 100.00% | MEM: 43%
[worker2-zrt] CPU: 100.00% | MEM: 47%
[worker3-haz] CPU: 35.00% | MEM: 32%
----
[worker1-zzh] CPU: 100.00% | MEM: 41%
[worker2-zrt] CPU: 100.00% | MEM: 47%
[worker3-haz] CPU: 31.00% | MEM: 32%
----
[worker1-zzh] CPU: 100.00% | MEM: 39%
[worker2-zrt] CPU: 100.00% | MEM: 48%
[worker3-haz] CPU: 31.00% | MEM: 32%
----
[worker1-zzh] CPU: 100.00% | MEM: 40%
[worker2-zrt] CPU: 100.00% | MEM: 49%
[worker3-haz] CPU: 28.00% | MEM: 32%
----
[worker1-zzh] CPU: 100.00% | MEM: 43%
[worker2-zrt] CPU: 100.00% | MEM: 51%
[worker3-haz] CPU: 12.00% | MEM: 32%
----
[worker1-zzh] CPU: 100.00% | MEM: 35%
[worker2-zrt] CPU: 100.00% | MEM: 53%
[worker3-haz] CPU: 13.00% | MEM: 32%
----
[worker1-zzh] CPU: 100.00% | MEM: 37%
[worker2-zrt] CPU: 100.00% | MEM: 51%
[worker3-haz] CPU: 12.00% | MEM: 32%
----
[worker1-zzh] CPU: 100.00% | MEM: 39%
[worker2-zrt] CPU: 100.00% | MEM: 48%
[worker3-haz] CPU: 16.00% | MEM: 32%
----
[worker1-zzh] CPU: 100.00% | MEM: 39%
[worker2-zrt] CPU: 100.00% | MEM: 46%
[worker3-haz] CPU: 13.00% | MEM: 32%
----
[worker1-zzh] CPU: 100.00% | MEM: 41%
[worker2-zrt] CPU: 100.00% | MEM: 51%
[worker3-haz] CPU: 18.00% | MEM: 32%
----
[worker1-zzh] CPU: 100.00% | MEM: 44%
[worker2-zrt] CPU: 100.00% | MEM: 50%
[worker3-haz] CPU: 23.00% | MEM: 32%
----
[worker1-zzh] CPU: 100.00% | MEM: 39%
[worker2-zrt] CPU: 100.00% | MEM: 49%
[worker3-haz] CPU: 24.00% | MEM: 32%
----
[worker1-zzh] CPU: 100.00% | MEM: 39%
[worker2-zrt] CPU: 100.00% | MEM: 55%
[worker3-haz] CPU: 26.00% | MEM: 32%
----
[worker1-zzh] CPU: 100.00% | MEM: 39%
[worker2-zrt] CPU: 100.00% | MEM: 51%
[worker3-haz] CPU: 24.00% | MEM: 32%
----
[worker1-zzh] CPU: 100.00% | MEM: 42%
[worker2-zrt] CPU: 100.00% | MEM: 46%
[worker3-haz] CPU: 30.00% | MEM: 32%
----
[worker1-zzh] CPU: 100.00% | MEM: 41%
[worker2-zrt] CPU: 100.00% | MEM: 46%
[worker3-haz] CPU: 13.00% | MEM: 32%
----
[worker1-zzh] CPU: 100.00% | MEM: 42%
[worker2-zrt] CPU: 100.00% | MEM: 50%
[worker3-haz] CPU: 13.00% | MEM: 32%
----
[worker1-zzh] CPU: 100.00% | MEM: 38%
[worker2-zrt] CPU: 100.00% | MEM: 50%
[worker3-haz] CPU: 15.00% | MEM: 32%
----
[worker1-zzh] CPU: 100.00% | MEM: 36%
[worker2-zrt] CPU: 100.00% | MEM: 51%
[worker3-haz] CPU: 12.00% | MEM: 32%
----
[worker1-zzh] CPU: 100.00% | MEM: 41%
[worker2-zrt] CPU: 100.00% | MEM: 51%
[worker3-haz] CPU: 22.00% | MEM: 32%
----
[worker1-zzh] CPU: 100.00% | MEM: 41%
[worker2-zrt] CPU: 100.00% | MEM: 49%
[worker3-haz] CPU: 17.00% | MEM: 32%
----
[worker1-zzh] CPU: 100.00% | MEM: 37%
[worker2-zrt] CPU: 100.00% | MEM: 44%
[worker3-haz] CPU: 18.00% | MEM: 32%
----
[worker1-zzh] CPU: 100.00% | MEM: 43%
[worker2-zrt] CPU: 100.00% | MEM: 47%
[worker3-haz] CPU: 24.00% | MEM: 32%
----
[worker1-zzh] CPU: 100.00% | MEM: 40%
[worker2-zrt] CPU: 100.00% | MEM: 51%
[worker3-haz] CPU: 33.00% | MEM: 32%
----
[worker1-zzh] CPU: 100.00% | MEM: 42%
[worker2-zrt] CPU: 100.00% | MEM: 51%
[worker3-haz] CPU: 37.00% | MEM: 32%
----
[worker1-zzh] CPU: 100.00% | MEM: 43%
[worker2-zrt] CPU: 100.00% | MEM: 52%
[worker3-haz] CPU: 35.00% | MEM: 32%
----
[worker1-zzh] CPU: 100.00% | MEM: 42%
[worker2-zrt] CPU: 100.00% | MEM: 45%
[worker3-haz] CPU: 40.00% | MEM: 32%
----
[worker1-zzh] CPU: 100.00% | MEM: 40%
[worker2-zrt] CPU: 100.00% | MEM: 46%
[worker3-haz] CPU: 37.00% | MEM: 32%
----
[worker1-zzh] CPU: 100.00% | MEM: 41%
[worker2-zrt] CPU: 100.00% | MEM: 49%
[worker3-haz] CPU: 50.00% | MEM: 32%
----
[worker1-zzh] CPU: 100.00% | MEM: 43%
[worker2-zrt] CPU: 100.00% | MEM: 52%
[worker3-haz] CPU: 33.00% | MEM: 32%
----
[worker1-zzh] CPU: 100.00% | MEM: 38%
[worker2-zrt] CPU: 100.00% | MEM: 54%
[worker3-haz] CPU: 36.00% | MEM: 32%
----
[worker1-zzh] CPU: 100.00% | MEM: 35%
[worker2-zrt] CPU: 100.00% | MEM: 53%
[worker3-haz] CPU: 53.00% | MEM: 32%
----
[worker1-zzh] CPU: 100.00% | MEM: 36%
[worker2-zrt] CPU: 100.00% | MEM: 49%
[worker3-haz] CPU: 18.00% | MEM: 32%
----
[worker1-zzh] CPU: 100.00% | MEM: 40%
[worker2-zrt] CPU: 100.00% | MEM: 47%
[worker3-haz] CPU: 20.00% | MEM: 32%
----
[worker1-zzh] CPU: 100.00% | MEM: 41%
[worker2-zrt] CPU: 100.00% | MEM: 50%
[worker3-haz] CPU: 28.00% | MEM: 32%
----
[worker1-zzh] CPU: 100.00% | MEM: 37%
[worker2-zrt] CPU: 100.00% | MEM: 51%
[worker3-haz] CPU: 13.00% | MEM: 32%
----
[worker1-zzh] CPU: 100.00% | MEM: 37%
[worker2-zrt] CPU: 100.00% | MEM: 51%
[worker3-haz] CPU: 11.00% | MEM: 32%
----
[worker1-zzh] CPU: 100.00% | MEM: 39%
[worker2-zrt] CPU: 100.00% | MEM: 48%
[worker3-haz] CPU: 12.00% | MEM: 32%
----
[worker1-zzh] CPU: 100.00% | MEM: 34%
[worker2-zrt] CPU: 100.00% | MEM: 49%
[worker3-haz] CPU: 12.00% | MEM: 32%
----
[worker1-zzh] CPU: 100.00% | MEM: 41%
[worker2-zrt] CPU: 100.00% | MEM: 46%
[worker3-haz] CPU: 12.00% | MEM: 32%
----
[worker1-zzh] CPU: 100.00% | MEM: 42%
[worker2-zrt] CPU: 100.00% | MEM: 47%
[worker3-haz] CPU: 12.00% | MEM: 32%
----
[worker1-zzh] CPU: 100.00% | MEM: 33%
[worker2-zrt] CPU: 100.00% | MEM: 49%
[worker3-haz] CPU: 13.00% | MEM: 32%
----
[worker1-zzh] CPU: 100.00% | MEM: 38%
[worker2-zrt] CPU: 100.00% | MEM: 52%
[worker3-haz] CPU: 39.00% | MEM: 32%
----
[worker1-zzh] CPU: 100.00% | MEM: 39%
[worker2-zrt] CPU: 100.00% | MEM: 50%
[worker3-haz] CPU: 38.00% | MEM: 32%
----
[worker1-zzh] CPU: 100.00% | MEM: 42%
[worker2-zrt] CPU: 100.00% | MEM: 47%
[worker3-haz] CPU: 43.00% | MEM: 32%
----
[worker1-zzh] CPU: 100.00% | MEM: 39%
[worker2-zrt] CPU: 100.00% | MEM: 49%
[worker3-haz] CPU: 35.00% | MEM: 32%
----
[worker1-zzh] CPU: 100.00% | MEM: 40%
[worker2-zrt] CPU: 100.00% | MEM: 47%
[worker3-haz] CPU: 12.00% | MEM: 32%
----
[worker1-zzh] CPU: 100.00% | MEM: 42%
[worker2-zrt] CPU: 100.00% | MEM: 48%
[worker3-haz] CPU: 13.00% | MEM: 32%
----
[worker1-zzh] CPU: 100.00% | MEM: 39%
[worker2-zrt] CPU: 100.00% | MEM: 50%
[worker3-haz] CPU: 12.00% | MEM: 32%
----
[worker1-zzh] CPU: 100.00% | MEM: 33%
[worker2-zrt] CPU: 100.00% | MEM: 55%
[worker3-haz] CPU: 12.00% | MEM: 32%
----
[worker1-zzh] CPU: 100.00% | MEM: 39%
[worker2-zrt] CPU: 100.00% | MEM: 50%
[worker3-haz] CPU: 12.00% | MEM: 32%
----
[worker1-zzh] CPU: 100.00% | MEM: 42%
[worker2-zrt] CPU: 100.00% | MEM: 46%
[worker3-haz] CPU: 12.00% | MEM: 32%
----
[worker1-zzh] CPU: 100.00% | MEM: 40%
[worker2-zrt] CPU: 100.00% | MEM: 47%
[worker3-haz] CPU: 14.00% | MEM: 32%
----
[worker1-zzh] CPU: 100.00% | MEM: 35%
[worker2-zrt] CPU: 100.00% | MEM: 45%
[worker3-haz] CPU: 12.00% | MEM: 32%
----
[worker1-zzh] CPU: 100.00% | MEM: 39%
[worker2-zrt] CPU: 100.00% | MEM: 48%
[worker3-haz] CPU: 57.00% | MEM: 32%
----
[worker1-zzh] CPU: 100.00% | MEM: 38%
[worker2-zrt] CPU: 100.00% | MEM: 52%
[worker3-haz] CPU: 35.00% | MEM: 32%
----
[worker1-zzh] CPU: 100.00% | MEM: 38%
[worker2-zrt] CPU: 100.00% | MEM: 54%
[worker3-haz] CPU: 19.00% | MEM: 32%
----
[worker1-zzh] CPU: 100.00% | MEM: 41%
[worker2-zrt] CPU: 100.00% | MEM: 51%
[worker3-haz] CPU: 35.00% | MEM: 32%
----
[worker1-zzh] CPU: 100.00% | MEM: 37%
[worker2-zrt] CPU: 100.00% | MEM: 48%
[worker3-haz] CPU: 13.00% | MEM: 32%
----
[worker1-zzh] CPU: 100.00% | MEM: 43%
[worker2-zrt] CPU: 100.00% | MEM: 46%
[worker3-haz] CPU: 12.00% | MEM: 32%
----
[worker1-zzh] CPU: 100.00% | MEM: 38%
[worker2-zrt] CPU: 100.00% | MEM: 47%
[worker3-haz] CPU: 18.00% | MEM: 32%
----
[worker1-zzh] CPU: 100.00% | MEM: 34%
[worker2-zrt] CPU: 100.00% | MEM: 51%
[worker3-haz] CPU: 20.00% | MEM: 32%
----
[worker1-zzh] CPU: 100.00% | MEM: 39%
[worker2-zrt] CPU: 100.00% | MEM: 53%
[worker3-haz] CPU: 25.00% | MEM: 32%
----
[worker1-zzh] CPU: 100.00% | MEM: 46%
[worker2-zrt] CPU: 100.00% | MEM: 55%
[worker3-haz] CPU: 11.00% | MEM: 32%
----
[worker1-zzh] CPU: 100.00% | MEM: 45%
[worker2-zrt] CPU: 100.00% | MEM: 47%
[worker3-haz] CPU: 12.00% | MEM: 32%
----
[worker1-zzh] CPU: 100.00% | MEM: 40%
[worker2-zrt] CPU: 100.00% | MEM: 46%
[worker3-haz] CPU: 12.00% | MEM: 32%
----
[worker1-zzh] CPU: 100.00% | MEM: 37%
[worker2-zrt] CPU: 100.00% | MEM: 46%
[worker3-haz] CPU: 12.00% | MEM: 32%
----
[worker1-zzh] CPU: 100.00% | MEM: 42%
[worker2-zrt] CPU: 100.00% | MEM: 48%
[worker3-haz] CPU: 13.00% | MEM: 32%
----
[worker1-zzh] CPU: 100.00% | MEM: 42%
[worker2-zrt] CPU: 100.00% | MEM: 49%
[worker3-haz] CPU: 24.00% | MEM: 32%
----
[worker1-zzh] CPU: 100.00% | MEM: 38%
[worker2-zrt] CPU: 100.00% | MEM: 53%
[worker3-haz] CPU: 28.00% | MEM: 32%
----
[worker1-zzh] CPU: 100.00% | MEM: 39%
[worker2-zrt] CPU: 100.00% | MEM: 52%
[worker3-haz] CPU: 23.00% | MEM: 32%
----
[worker1-zzh] CPU: 100.00% | MEM: 42%
[worker2-zrt] CPU: 100.00% | MEM: 48%
[worker3-haz] CPU: 47.00% | MEM: 32%
----
[worker1-zzh] CPU: 50.00% | MEM: 28%
[worker2-zrt] CPU: 100.00% | MEM: 48%
[worker3-haz] CPU: 29.00% | MEM: 32%
----
[worker1-zzh] CPU: 30.00% | MEM: 28%
[worker2-zrt] CPU: 100.00% | MEM: 45%
[worker3-haz] CPU: 29.00% | MEM: 32%
----
[worker1-zzh] CPU: 38.00% | MEM: 28%
[worker2-zrt] CPU: 100.00% | MEM: 47%
[worker3-haz] CPU: 46.00% | MEM: 32%
----
[worker1-zzh] CPU: 38.00% | MEM: 28%
[worker2-zrt] CPU: 99.00% | MEM: 36%
[worker3-haz] CPU: 41.00% | MEM: 32%
----
[worker1-zzh] CPU: 74.00% | MEM: 34%
[worker2-zrt] CPU: 75.00% | MEM: 36%
[worker3-haz] CPU: 25.00% | MEM: 32%
----
[worker1-zzh] CPU: 64.00% | MEM: 35%
[worker2-zrt] CPU: 50.00% | MEM: 36%
[worker3-haz] CPU: 17.00% | MEM: 32%
----
[worker1-zzh] CPU: 83.00% | MEM: 36%
[worker2-zrt] CPU: 57.00% | MEM: 36%
[worker3-haz] CPU: 23.00% | MEM: 32%
----
[worker1-zzh] CPU: 72.00% | MEM: 36%
[worker2-zrt] CPU: 62.00% | MEM: 36%
[worker3-haz] CPU: 30.00% | MEM: 32%
----
[worker1-zzh] CPU: 66.00% | MEM: 36%
[worker2-zrt] CPU: 95.00% | MEM: 36%
[worker3-haz] CPU: 47.00% | MEM: 32%
----
[worker1-zzh] CPU: 26.00% | MEM: 37%
[worker2-zrt] CPU: 85.00% | MEM: 36%
[worker3-haz] CPU: 57.00% | MEM: 32%
----
[worker1-zzh] CPU: 84.00% | MEM: 36%
[worker2-zrt] CPU: 89.00% | MEM: 36%
[worker3-haz] CPU: 58.00% | MEM: 32%
----
[worker1-zzh] CPU: 74.00% | MEM: 36%
[worker2-zrt] CPU: 88.00% | MEM: 36%
[worker3-haz] CPU: 47.00% | MEM: 32%
----
[worker1-zzh] CPU: 79.00% | MEM: 36%
[worker2-zrt] CPU: 95.00% | MEM: 36%
[worker3-haz] CPU: 40.00% | MEM: 32%
----
[worker1-zzh] CPU: 65.00% | MEM: 35%
[worker2-zrt] CPU: 74.00% | MEM: 36%
[worker3-haz] CPU: 55.00% | MEM: 32%
----
[worker1-zzh] CPU: 43.00% | MEM: 35%
[worker2-zrt] CPU: 66.00% | MEM: 36%
[worker3-haz] CPU: 54.00% | MEM: 32%
----
[worker1-zzh] CPU: 36.00% | MEM: 35%
[worker2-zrt] CPU: 74.00% | MEM: 36%
[worker3-haz] CPU: 45.00% | MEM: 32%
----
[worker1-zzh] CPU: 56.00% | MEM: 27%
[worker2-zrt] CPU: 76.00% | MEM: 36%
