===== Running MapReduce Job =====
Input : /wiki500mb
Output: /_500mb
Slowstart: 0.8
Date  : 2025年 11月 28日 星期五 13:24:50 CST
=================================
2025-11-28 13:24:55,675 INFO client.DefaultNoHARMFailoverProxyProvider: Connecting to ResourceManager at master-wxl/192.168.10.104:8032
2025-11-28 13:24:56,346 INFO mapreduce.JobResourceUploader: Disabling Erasure Coding for path: /tmp/hadoop-yarn/staging/hadoop/.staging/job_1764264570892_0018
2025-11-28 13:24:57,432 INFO input.FileInputFormat: Total input files to process : 500
2025-11-28 13:24:57,839 INFO mapreduce.JobSubmitter: number of splits:500
2025-11-28 13:24:58,078 INFO mapreduce.JobSubmitter: Submitting tokens for job: job_1764264570892_0018
2025-11-28 13:24:58,078 INFO mapreduce.JobSubmitter: Executing with tokens: []
2025-11-28 13:24:58,299 INFO conf.Configuration: resource-types.xml not found
2025-11-28 13:24:58,300 INFO resource.ResourceUtils: Unable to find 'resource-types.xml'.
2025-11-28 13:24:58,409 INFO impl.YarnClientImpl: Submitted application application_1764264570892_0018
2025-11-28 13:24:58,495 INFO mapreduce.Job: The url to track the job: http://master-wxl:8088/proxy/application_1764264570892_0018/
2025-11-28 13:24:58,495 INFO mapreduce.Job: Running job: job_1764264570892_0018
2025-11-28 13:25:02,597 INFO mapreduce.Job: Job job_1764264570892_0018 running in uber mode : false
2025-11-28 13:25:02,598 INFO mapreduce.Job:  map 0% reduce 0%
2025-11-28 13:25:15,804 INFO mapreduce.Job:  map 2% reduce 0%
2025-11-28 13:25:25,940 INFO mapreduce.Job:  map 3% reduce 0%
2025-11-28 13:25:34,045 INFO mapreduce.Job:  map 4% reduce 0%
2025-11-28 13:25:38,104 INFO mapreduce.Job:  map 5% reduce 0%
2025-11-28 13:25:48,249 INFO mapreduce.Job:  map 6% reduce 0%
2025-11-28 13:25:52,301 INFO mapreduce.Job:  map 7% reduce 0%
2025-11-28 13:25:59,391 INFO mapreduce.Job:  map 8% reduce 0%
2025-11-28 13:26:10,543 INFO mapreduce.Job:  map 9% reduce 0%
2025-11-28 13:26:11,557 INFO mapreduce.Job:  map 10% reduce 0%
2025-11-28 13:26:20,659 INFO mapreduce.Job:  map 11% reduce 0%
2025-11-28 13:26:22,683 INFO mapreduce.Job:  map 12% reduce 0%
2025-11-28 13:26:26,731 INFO mapreduce.Job:  map 13% reduce 0%
2025-11-28 13:26:32,804 INFO mapreduce.Job:  map 14% reduce 0%
2025-11-28 13:26:33,817 INFO mapreduce.Job:  map 15% reduce 0%
2025-11-28 13:26:41,910 INFO mapreduce.Job:  map 16% reduce 0%
2025-11-28 13:26:45,951 INFO mapreduce.Job:  map 17% reduce 0%
2025-11-28 13:26:57,078 INFO mapreduce.Job:  map 18% reduce 0%
2025-11-28 13:26:59,100 INFO mapreduce.Job:  map 19% reduce 0%
2025-11-28 13:27:08,202 INFO mapreduce.Job:  map 20% reduce 0%
2025-11-28 13:27:17,311 INFO mapreduce.Job:  map 21% reduce 0%
2025-11-28 13:27:19,334 INFO mapreduce.Job:  map 22% reduce 0%
2025-11-28 13:27:30,466 INFO mapreduce.Job:  map 23% reduce 0%
2025-11-28 13:27:31,477 INFO mapreduce.Job:  map 24% reduce 0%
2025-11-28 13:27:41,588 INFO mapreduce.Job:  map 25% reduce 0%
2025-11-28 13:27:45,781 INFO mapreduce.Job:  map 26% reduce 0%
2025-11-28 13:27:50,838 INFO mapreduce.Job:  map 27% reduce 0%
2025-11-28 13:27:54,894 INFO mapreduce.Job:  map 28% reduce 0%
2025-11-28 13:28:01,978 INFO mapreduce.Job:  map 29% reduce 0%
2025-11-28 13:28:05,012 INFO mapreduce.Job:  map 30% reduce 0%
2025-11-28 13:28:10,069 INFO mapreduce.Job:  map 31% reduce 0%
2025-11-28 13:28:16,145 INFO mapreduce.Job:  map 32% reduce 0%
2025-11-28 13:28:24,246 INFO mapreduce.Job:  map 33% reduce 0%
2025-11-28 13:28:27,281 INFO mapreduce.Job:  map 34% reduce 0%
2025-11-28 13:28:35,370 INFO mapreduce.Job:  map 35% reduce 0%
2025-11-28 13:28:44,490 INFO mapreduce.Job:  map 36% reduce 0%
2025-11-28 13:28:48,691 INFO mapreduce.Job:  map 37% reduce 0%
2025-11-28 13:28:56,782 INFO mapreduce.Job:  map 38% reduce 0%
2025-11-28 13:29:03,865 INFO mapreduce.Job:  map 39% reduce 0%
2025-11-28 13:29:09,939 INFO mapreduce.Job:  map 40% reduce 0%
2025-11-28 13:29:16,032 INFO mapreduce.Job:  map 41% reduce 0%
2025-11-28 13:29:21,093 INFO mapreduce.Job:  map 42% reduce 0%
2025-11-28 13:29:26,149 INFO mapreduce.Job:  map 43% reduce 0%
2025-11-28 13:29:31,201 INFO mapreduce.Job:  map 44% reduce 0%
2025-11-28 13:29:37,273 INFO mapreduce.Job:  map 45% reduce 0%
2025-11-28 13:29:42,329 INFO mapreduce.Job:  map 46% reduce 0%
2025-11-28 13:29:45,360 INFO mapreduce.Job:  map 47% reduce 0%
2025-11-28 13:29:51,745 INFO mapreduce.Job:  map 48% reduce 0%
2025-11-28 13:29:57,816 INFO mapreduce.Job:  map 49% reduce 0%
2025-11-28 13:30:03,886 INFO mapreduce.Job:  map 50% reduce 0%
2025-11-28 13:30:11,986 INFO mapreduce.Job:  map 51% reduce 0%
2025-11-28 13:30:15,026 INFO mapreduce.Job:  map 52% reduce 0%
2025-11-28 13:30:24,139 INFO mapreduce.Job:  map 53% reduce 0%
2025-11-28 13:30:28,207 INFO mapreduce.Job:  map 54% reduce 0%
2025-11-28 13:30:34,282 INFO mapreduce.Job:  map 55% reduce 0%
2025-11-28 13:30:42,370 INFO mapreduce.Job:  map 56% reduce 0%
2025-11-28 13:30:45,403 INFO mapreduce.Job:  map 57% reduce 0%
2025-11-28 13:30:54,512 INFO mapreduce.Job:  map 58% reduce 0%
2025-11-28 13:30:56,532 INFO mapreduce.Job:  map 59% reduce 0%
2025-11-28 13:31:01,593 INFO mapreduce.Job:  map 60% reduce 0%
2025-11-28 13:31:06,675 INFO mapreduce.Job:  map 61% reduce 0%
2025-11-28 13:31:09,713 INFO mapreduce.Job:  map 62% reduce 0%
2025-11-28 13:31:17,805 INFO mapreduce.Job:  map 63% reduce 0%
2025-11-28 13:31:19,826 INFO mapreduce.Job:  map 64% reduce 0%
2025-11-28 13:31:28,930 INFO mapreduce.Job:  map 65% reduce 0%
2025-11-28 13:31:36,020 INFO mapreduce.Job:  map 66% reduce 0%
2025-11-28 13:31:42,096 INFO mapreduce.Job:  map 67% reduce 0%
2025-11-28 13:31:49,262 INFO mapreduce.Job:  map 68% reduce 0%
2025-11-28 13:31:52,302 INFO mapreduce.Job:  map 69% reduce 0%
2025-11-28 13:32:01,413 INFO mapreduce.Job:  map 70% reduce 0%
2025-11-28 13:32:06,465 INFO mapreduce.Job:  map 71% reduce 0%
2025-11-28 13:32:13,550 INFO mapreduce.Job:  map 72% reduce 0%
2025-11-28 13:32:18,614 INFO mapreduce.Job:  map 73% reduce 0%
2025-11-28 13:32:23,674 INFO mapreduce.Job:  map 74% reduce 0%
2025-11-28 13:32:27,719 INFO mapreduce.Job:  map 75% reduce 0%
2025-11-28 13:32:33,807 INFO mapreduce.Job:  map 76% reduce 0%
2025-11-28 13:32:36,849 INFO mapreduce.Job:  map 77% reduce 0%
2025-11-28 13:32:43,925 INFO mapreduce.Job:  map 78% reduce 0%
2025-11-28 13:32:49,101 INFO mapreduce.Job:  map 79% reduce 0%
2025-11-28 13:32:54,154 INFO mapreduce.Job:  map 80% reduce 0%
2025-11-28 13:33:00,222 INFO mapreduce.Job:  map 81% reduce 0%
2025-11-28 13:33:06,287 INFO mapreduce.Job:  map 82% reduce 0%
2025-11-28 13:33:15,419 INFO mapreduce.Job:  map 83% reduce 0%
2025-11-28 13:33:18,450 INFO mapreduce.Job:  map 83% reduce 28%
2025-11-28 13:33:21,484 INFO mapreduce.Job:  map 84% reduce 28%
2025-11-28 13:33:25,526 INFO mapreduce.Job:  map 85% reduce 28%
2025-11-28 13:33:34,681 INFO mapreduce.Job:  map 86% reduce 28%
2025-11-28 13:33:37,719 INFO mapreduce.Job:  map 87% reduce 28%
2025-11-28 13:33:41,767 INFO mapreduce.Job:  map 87% reduce 29%
2025-11-28 13:33:45,819 INFO mapreduce.Job:  map 88% reduce 29%
2025-11-28 13:33:50,912 INFO mapreduce.Job:  map 89% reduce 29%
2025-11-28 13:33:53,942 INFO mapreduce.Job:  map 89% reduce 30%
2025-11-28 13:33:55,967 INFO mapreduce.Job:  map 90% reduce 30%
2025-11-28 13:34:00,018 INFO mapreduce.Job:  map 91% reduce 30%
2025-11-28 13:34:05,077 INFO mapreduce.Job:  map 92% reduce 30%
2025-11-28 13:34:06,088 INFO mapreduce.Job:  map 92% reduce 31%
2025-11-28 13:34:09,124 INFO mapreduce.Job:  map 93% reduce 31%
2025-11-28 13:34:15,191 INFO mapreduce.Job:  map 94% reduce 31%
2025-11-28 13:34:22,274 INFO mapreduce.Job:  map 95% reduce 31%
2025-11-28 13:34:24,296 INFO mapreduce.Job:  map 95% reduce 32%
2025-11-28 13:34:26,316 INFO mapreduce.Job:  map 96% reduce 32%
2025-11-28 13:34:32,382 INFO mapreduce.Job:  map 97% reduce 32%
2025-11-28 13:34:38,448 INFO mapreduce.Job:  map 98% reduce 32%
2025-11-28 13:34:42,496 INFO mapreduce.Job:  map 98% reduce 33%
2025-11-28 13:35:13,324 INFO mapreduce.Job:  map 99% reduce 33%
2025-11-28 13:35:30,532 INFO mapreduce.Job:  map 100% reduce 33%
2025-11-28 13:35:36,605 INFO mapreduce.Job:  map 100% reduce 41%
2025-11-28 13:35:42,954 INFO mapreduce.Job:  map 100% reduce 100%
2025-11-28 13:35:43,985 INFO mapreduce.Job: Job job_1764264570892_0018 completed successfully
2025-11-28 13:35:44,080 INFO mapreduce.Job: Counters: 56
	File System Counters
		FILE: Number of bytes read=251889013
		FILE: Number of bytes written=642111458
		FILE: Number of read operations=0
		FILE: Number of large read operations=0
		FILE: Number of write operations=0
		HDFS: Number of bytes read=519258733
		HDFS: Number of bytes written=47092714
		HDFS: Number of read operations=1505
		HDFS: Number of large read operations=0
		HDFS: Number of write operations=2
		HDFS: Number of bytes read erasure-coded=0
	Job Counters 
		Killed map tasks=4
		Launched map tasks=503
		Launched reduce tasks=1
		Data-local map tasks=502
		Rack-local map tasks=1
		Total time spent by all maps in occupied slots (ms)=20151920
		Total time spent by all reduces in occupied slots (ms)=326360
		Total time spent by all map tasks (ms)=10075960
		Total time spent by all reduce tasks (ms)=163180
		Total vcore-milliseconds taken by all map tasks=10075960
		Total vcore-milliseconds taken by all reduce tasks=163180
		Total megabyte-milliseconds taken by all map tasks=10317783040
		Total megabyte-milliseconds taken by all reduce tasks=167096320
	Map-Reduce Framework
		Map input records=2870091
		Map output records=80936717
		Map output bytes=842322768
		Map output materialized bytes=251892007
		Input split bytes=54000
		Combine input records=80936717
		Combine output records=16369856
		Reduce input groups=3027590
		Reduce shuffle bytes=251892007
		Reduce input records=16369856
		Reduce output records=3027590
		Spilled Records=32739712
		Shuffled Maps =500
		Failed Shuffles=0
		Merged Map outputs=500
		GC time elapsed (ms)=170087
		CPU time spent (ms)=592830
		Physical memory (bytes) snapshot=163133726720
		Virtual memory (bytes) snapshot=1297421905920
		Total committed heap usage (bytes)=153438650368
		Peak Map Physical memory (bytes)=489218048
		Peak Map Virtual memory (bytes)=2804514816
		Peak Reduce Physical memory (bytes)=644661248
		Peak Reduce Virtual memory (bytes)=2551296000
	Shuffle Errors
		BAD_ID=0
		CONNECTION=0
		IO_ERROR=0
		WRONG_LENGTH=0
		WRONG_MAP=0
		WRONG_REDUCE=0
	File Input Format Counters 
		Bytes Read=519204733
	File Output Format Counters 
		Bytes Written=47092714
