===== Real Performance Monitor Started at 2025年 11月 28日 星期五 13:24:49 CST =====
[worker1-zzh] CPU: 10.00% | MEM: 24%
[worker2-zrt] CPU: 40.00% | MEM: 37%
[worker3-haz] CPU: 36.00% | MEM: 32%
----
[worker1-zzh] CPU: 65.00% | MEM: 27%
[worker2-zrt] CPU: 57.00% | MEM: 37%
[worker3-haz] CPU: 29.00% | MEM: 32%
----
[worker1-zzh] CPU: 100.00% | MEM: 49%
[worker2-zrt] CPU: 100.00% | MEM: 43%
[worker3-haz] CPU: 27.00% | MEM: 32%
----
[worker1-zzh] CPU: 97.00% | MEM: 32%
[worker2-zrt] CPU: 100.00% | MEM: 46%
[worker3-haz] CPU: 36.00% | MEM: 32%
----
[worker1-zzh] CPU: 100.00% | MEM: 40%
[worker2-zrt] CPU: 100.00% | MEM: 48%
[worker3-haz] CPU: 28.00% | MEM: 32%
----
[worker1-zzh] CPU: 100.00% | MEM: 37%
[worker2-zrt] CPU: 100.00% | MEM: 53%
[worker3-haz] CPU: 27.00% | MEM: 32%
----
[worker1-zzh] CPU: 100.00% | MEM: 48%
[worker2-zrt] CPU: 100.00% | MEM: 63%
[worker3-haz] CPU: 32.00% | MEM: 32%
----
[worker1-zzh] CPU: 100.00% | MEM: 30%
[worker2-zrt] CPU: 100.00% | MEM: 57%
[worker3-haz] CPU: 28.00% | MEM: 32%
----
[worker1-zzh] CPU: 100.00% | MEM: 39%
[worker2-zrt] CPU: 100.00% | MEM: 39%
[worker3-haz] CPU: 33.00% | MEM: 32%
----
[worker1-zzh] CPU: 100.00% | MEM: 35%
[worker2-zrt] CPU: 100.00% | MEM: 44%
[worker3-haz] CPU: 31.00% | MEM: 32%
----
[worker1-zzh] CPU: 100.00% | MEM: 46%
[worker2-zrt] CPU: 100.00% | MEM: 47%
[worker3-haz] CPU: 36.00% | MEM: 32%
----
[worker1-zzh] CPU: 100.00% | MEM: 32%
[worker2-zrt] CPU: 100.00% | MEM: 50%
[worker3-haz] CPU: 31.00% | MEM: 32%
----
[worker1-zzh] CPU: 100.00% | MEM: 37%
[worker2-zrt] CPU: 100.00% | MEM: 56%
[worker3-haz] CPU: 32.00% | MEM: 32%
----
[worker1-zzh] CPU: 100.00% | MEM: 40%
[worker2-zrt] CPU: 100.00% | MEM: 63%
[worker3-haz] CPU: 30.00% | MEM: 32%
----
[worker1-zzh] CPU: 100.00% | MEM: 41%
[worker2-zrt] CPU: 100.00% | MEM: 51%
[worker3-haz] CPU: 28.00% | MEM: 32%
----
[worker1-zzh] CPU: 100.00% | MEM: 40%
[worker2-zrt] CPU: 100.00% | MEM: 43%
[worker3-haz] CPU: 29.00% | MEM: 32%
----
[worker1-zzh] CPU: 100.00% | MEM: 35%
[worker2-zrt] CPU: 100.00% | MEM: 44%
[worker3-haz] CPU: 28.00% | MEM: 32%
----
[worker1-zzh] CPU: 100.00% | MEM: 41%
[worker2-zrt] CPU: 100.00% | MEM: 47%
[worker3-haz] CPU: 32.00% | MEM: 32%
----
[worker1-zzh] CPU: 100.00% | MEM: 41%
[worker2-zrt] CPU: 100.00% | MEM: 53%
[worker3-haz] CPU: 37.00% | MEM: 32%
----
[worker1-zzh] CPU: 100.00% | MEM: 35%
[worker2-zrt] CPU: 100.00% | MEM: 58%
[worker3-haz] CPU: 31.00% | MEM: 32%
----
[worker1-zzh] CPU: 100.00% | MEM: 39%
[worker2-zrt] CPU: 100.00% | MEM: 58%
[worker3-haz] CPU: 29.00% | MEM: 32%
----
[worker1-zzh] CPU: 100.00% | MEM: 39%
[worker2-zrt] CPU: 100.00% | MEM: 50%
[worker3-haz] CPU: 30.00% | MEM: 32%
----
[worker1-zzh] CPU: 100.00% | MEM: 41%
[worker2-zrt] CPU: 100.00% | MEM: 42%
[worker3-haz] CPU: 38.00% | MEM: 32%
----
[worker1-zzh] CPU: 100.00% | MEM: 38%
[worker2-zrt] CPU: 100.00% | MEM: 46%
[worker3-haz] CPU: 54.00% | MEM: 32%
----
[worker1-zzh] CPU: 100.00% | MEM: 41%
[worker2-zrt] CPU: 100.00% | MEM: 50%
[worker3-haz] CPU: 38.00% | MEM: 32%
----
[worker1-zzh] CPU: 100.00% | MEM: 37%
[worker2-zrt] CPU: 100.00% | MEM: 58%
[worker3-haz] CPU: 66.00% | MEM: 32%
----
[worker1-zzh] CPU: 100.00% | MEM: 45%
[worker2-zrt] CPU: 100.00% | MEM: 54%
[worker3-haz] CPU: 43.00% | MEM: 32%
----
[worker1-zzh] CPU: 100.00% | MEM: 38%
[worker2-zrt] CPU: 100.00% | MEM: 49%
[worker3-haz] CPU: 65.00% | MEM: 32%
----
[worker1-zzh] CPU: 100.00% | MEM: 42%
[worker2-zrt] CPU: 100.00% | MEM: 45%
[worker3-haz] CPU: 66.00% | MEM: 32%
----
[worker1-zzh] CPU: 100.00% | MEM: 43%
[worker2-zrt] CPU: 100.00% | MEM: 48%
[worker3-haz] CPU: 46.00% | MEM: 32%
----
[worker1-zzh] CPU: 100.00% | MEM: 38%
[worker2-zrt] CPU: 100.00% | MEM: 53%
[worker3-haz] CPU: 46.00% | MEM: 32%
----
[worker1-zzh] CPU: 100.00% | MEM: 42%
[worker2-zrt] CPU: 100.00% | MEM: 58%
[worker3-haz] CPU: 39.00% | MEM: 32%
----
[worker1-zzh] CPU: 100.00% | MEM: 39%
[worker2-zrt] CPU: 100.00% | MEM: 50%
[worker3-haz] CPU: 53.00% | MEM: 32%
----
[worker1-zzh] CPU: 100.00% | MEM: 40%
[worker2-zrt] CPU: 100.00% | MEM: 46%
[worker3-haz] CPU: 60.00% | MEM: 32%
----
[worker1-zzh] CPU: 100.00% | MEM: 36%
[worker2-zrt] CPU: 100.00% | MEM: 45%
[worker3-haz] CPU: 73.00% | MEM: 32%
----
[worker1-zzh] CPU: 100.00% | MEM: 42%
[worker2-zrt] CPU: 100.00% | MEM: 48%
[worker3-haz] CPU: 41.00% | MEM: 32%
----
[worker1-zzh] CPU: 100.00% | MEM: 39%
[worker2-zrt] CPU: 100.00% | MEM: 53%
[worker3-haz] CPU: 49.00% | MEM: 32%
----
[worker1-zzh] CPU: 100.00% | MEM: 40%
[worker2-zrt] CPU: 100.00% | MEM: 58%
[worker3-haz] CPU: 52.00% | MEM: 32%
----
[worker1-zzh] CPU: 100.00% | MEM: 49%
[worker2-zrt] CPU: 100.00% | MEM: 53%
[worker3-haz] CPU: 46.00% | MEM: 32%
----
[worker1-zzh] CPU: 100.00% | MEM: 40%
[worker2-zrt] CPU: 100.00% | MEM: 46%
[worker3-haz] CPU: 52.00% | MEM: 32%
----
[worker1-zzh] CPU: 100.00% | MEM: 43%
[worker2-zrt] CPU: 100.00% | MEM: 44%
[worker3-haz] CPU: 51.00% | MEM: 32%
----
[worker1-zzh] CPU: 100.00% | MEM: 46%
[worker2-zrt] CPU: 100.00% | MEM: 47%
[worker3-haz] CPU: 31.00% | MEM: 32%
----
[worker1-zzh] CPU: 9.00% | MEM: 33%
[worker2-zrt] CPU: 100.00% | MEM: 51%
[worker3-haz] CPU: 31.00% | MEM: 32%
----
[worker1-zzh] CPU: 11.00% | MEM: 33%
[worker2-zrt] CPU: 100.00% | MEM: 56%
[worker3-haz] CPU: 29.00% | MEM: 32%
----
[worker1-zzh] CPU: 11.00% | MEM: 33%
[worker2-zrt] CPU: 100.00% | MEM: 57%
[worker3-haz] CPU: 38.00% | MEM: 32%
----
[worker1-zzh] CPU: 25.00% | MEM: 34%
[worker2-zrt] CPU: 100.00% | MEM: 40%
[worker3-haz] CPU: 44.00% | MEM: 32%
----
[worker1-zzh] CPU: 48.00% | MEM: 35%
