===== Running MapReduce Job =====
Input : /wiki500mb
Output: /_500mb
Slowstart: 0.5
Date  : 2025年 11月 28日 星期五 13:13:18 CST
=================================
2025-11-28 13:13:24,261 INFO client.DefaultNoHARMFailoverProxyProvider: Connecting to ResourceManager at master-wxl/192.168.10.104:8032
2025-11-28 13:13:24,751 INFO mapreduce.JobResourceUploader: Disabling Erasure Coding for path: /tmp/hadoop-yarn/staging/hadoop/.staging/job_1764264570892_0017
2025-11-28 13:13:26,396 INFO input.FileInputFormat: Total input files to process : 500
2025-11-28 13:13:26,878 INFO mapreduce.JobSubmitter: number of splits:500
2025-11-28 13:13:27,337 INFO mapreduce.JobSubmitter: Submitting tokens for job: job_1764264570892_0017
2025-11-28 13:13:27,338 INFO mapreduce.JobSubmitter: Executing with tokens: []
2025-11-28 13:13:27,758 INFO conf.Configuration: resource-types.xml not found
2025-11-28 13:13:27,759 INFO resource.ResourceUtils: Unable to find 'resource-types.xml'.
2025-11-28 13:13:27,838 INFO impl.YarnClientImpl: Submitted application application_1764264570892_0017
2025-11-28 13:13:27,898 INFO mapreduce.Job: The url to track the job: http://master-wxl:8088/proxy/application_1764264570892_0017/
2025-11-28 13:13:27,899 INFO mapreduce.Job: Running job: job_1764264570892_0017
2025-11-28 13:13:46,590 INFO mapreduce.Job: Job job_1764264570892_0017 running in uber mode : false
2025-11-28 13:13:46,591 INFO mapreduce.Job:  map 0% reduce 0%
2025-11-28 13:14:03,162 INFO mapreduce.Job:  map 1% reduce 0%
2025-11-28 13:14:04,316 INFO mapreduce.Job:  map 2% reduce 0%
2025-11-28 13:14:17,916 INFO mapreduce.Job:  map 3% reduce 0%
2025-11-28 13:14:18,940 INFO mapreduce.Job:  map 4% reduce 0%
2025-11-28 13:14:28,313 INFO mapreduce.Job:  map 5% reduce 0%
2025-11-28 13:14:33,499 INFO mapreduce.Job:  map 6% reduce 0%
2025-11-28 13:14:38,821 INFO mapreduce.Job:  map 7% reduce 0%
2025-11-28 13:14:46,004 INFO mapreduce.Job:  map 8% reduce 0%
2025-11-28 13:14:52,585 INFO mapreduce.Job:  map 9% reduce 0%
2025-11-28 13:14:55,658 INFO mapreduce.Job:  map 10% reduce 0%
2025-11-28 13:14:58,741 INFO mapreduce.Job:  map 11% reduce 0%
2025-11-28 13:15:00,814 INFO mapreduce.Job:  map 12% reduce 0%
2025-11-28 13:15:04,947 INFO mapreduce.Job:  map 13% reduce 0%
2025-11-28 13:15:13,305 INFO mapreduce.Job:  map 14% reduce 0%
2025-11-28 13:15:15,405 INFO mapreduce.Job:  map 15% reduce 0%
2025-11-28 13:15:28,046 INFO mapreduce.Job:  map 16% reduce 0%
2025-11-28 13:15:29,065 INFO mapreduce.Job:  map 17% reduce 0%
2025-11-28 13:15:41,489 INFO mapreduce.Job:  map 18% reduce 0%
2025-11-28 13:15:43,558 INFO mapreduce.Job:  map 19% reduce 0%
2025-11-28 13:15:51,832 INFO mapreduce.Job:  map 20% reduce 0%
2025-11-28 13:15:55,950 INFO mapreduce.Job:  map 21% reduce 0%
2025-11-28 13:16:05,239 INFO mapreduce.Job:  map 22% reduce 0%
2025-11-28 13:16:09,342 INFO mapreduce.Job:  map 23% reduce 0%
2025-11-28 13:16:14,451 INFO mapreduce.Job:  map 24% reduce 0%
2025-11-28 13:16:19,638 INFO mapreduce.Job:  map 25% reduce 0%
2025-11-28 13:16:22,999 INFO mapreduce.Job:  map 26% reduce 0%
2025-11-28 13:16:30,237 INFO mapreduce.Job:  map 27% reduce 0%
2025-11-28 13:16:36,459 INFO mapreduce.Job:  map 28% reduce 0%
2025-11-28 13:16:42,659 INFO mapreduce.Job:  map 29% reduce 0%
2025-11-28 13:16:47,815 INFO mapreduce.Job:  map 30% reduce 0%
2025-11-28 13:16:56,385 INFO mapreduce.Job:  map 31% reduce 0%
2025-11-28 13:17:00,468 INFO mapreduce.Job:  map 32% reduce 0%
2025-11-28 13:17:08,712 INFO mapreduce.Job:  map 33% reduce 0%
2025-11-28 13:17:13,885 INFO mapreduce.Job:  map 34% reduce 0%
2025-11-28 13:17:23,144 INFO mapreduce.Job:  map 35% reduce 0%
2025-11-28 13:17:28,247 INFO mapreduce.Job:  map 36% reduce 0%
2025-11-28 13:17:29,267 INFO mapreduce.Job:  map 37% reduce 0%
2025-11-28 13:17:36,455 INFO mapreduce.Job:  map 38% reduce 0%
2025-11-28 13:17:39,770 INFO mapreduce.Job:  map 39% reduce 0%
2025-11-28 13:17:43,878 INFO mapreduce.Job:  map 40% reduce 0%
2025-11-28 13:17:49,017 INFO mapreduce.Job:  map 41% reduce 0%
2025-11-28 13:17:56,335 INFO mapreduce.Job:  map 42% reduce 0%
2025-11-28 13:18:02,498 INFO mapreduce.Job:  map 43% reduce 0%
2025-11-28 13:18:09,794 INFO mapreduce.Job:  map 44% reduce 0%
2025-11-28 13:18:15,986 INFO mapreduce.Job:  map 45% reduce 0%
2025-11-28 13:18:23,205 INFO mapreduce.Job:  map 46% reduce 0%
2025-11-28 13:18:30,543 INFO mapreduce.Job:  map 47% reduce 0%
2025-11-28 13:18:35,599 INFO mapreduce.Job:  map 48% reduce 0%
2025-11-28 13:18:42,813 INFO mapreduce.Job:  map 49% reduce 0%
2025-11-28 13:18:47,932 INFO mapreduce.Job:  map 50% reduce 0%
2025-11-28 13:18:51,040 INFO mapreduce.Job:  map 51% reduce 0%
2025-11-28 13:18:58,324 INFO mapreduce.Job:  map 52% reduce 0%
2025-11-28 13:19:01,425 INFO mapreduce.Job:  map 53% reduce 0%
2025-11-28 13:19:04,546 INFO mapreduce.Job:  map 54% reduce 0%
2025-11-28 13:19:13,805 INFO mapreduce.Job:  map 55% reduce 0%
2025-11-28 13:19:16,983 INFO mapreduce.Job:  map 56% reduce 0%
2025-11-28 13:19:27,315 INFO mapreduce.Job:  map 57% reduce 0%
2025-11-28 13:19:30,397 INFO mapreduce.Job:  map 58% reduce 0%
2025-11-28 13:19:41,691 INFO mapreduce.Job:  map 59% reduce 0%
2025-11-28 13:19:45,848 INFO mapreduce.Job:  map 60% reduce 0%
2025-11-28 13:19:54,298 INFO mapreduce.Job:  map 61% reduce 18%
2025-11-28 13:19:59,413 INFO mapreduce.Job:  map 62% reduce 18%
2025-11-28 13:20:02,476 INFO mapreduce.Job:  map 63% reduce 21%
2025-11-28 13:20:08,647 INFO mapreduce.Job:  map 64% reduce 21%
2025-11-28 13:20:13,817 INFO mapreduce.Job:  map 65% reduce 21%
2025-11-28 13:20:16,888 INFO mapreduce.Job:  map 66% reduce 21%
2025-11-28 13:20:20,934 INFO mapreduce.Job:  map 66% reduce 22%
2025-11-28 13:20:24,024 INFO mapreduce.Job:  map 67% reduce 22%
2025-11-28 13:20:31,166 INFO mapreduce.Job:  map 68% reduce 22%
2025-11-28 13:20:34,300 INFO mapreduce.Job:  map 68% reduce 23%
2025-11-28 13:20:37,368 INFO mapreduce.Job:  map 69% reduce 23%
2025-11-28 13:20:45,564 INFO mapreduce.Job:  map 70% reduce 23%
2025-11-28 13:20:51,761 INFO mapreduce.Job:  map 71% reduce 23%
2025-11-28 13:20:54,857 INFO mapreduce.Job:  map 71% reduce 24%
2025-11-28 13:20:58,938 INFO mapreduce.Job:  map 72% reduce 24%
2025-11-28 13:21:03,033 INFO mapreduce.Job:  map 73% reduce 24%
2025-11-28 13:21:07,141 INFO mapreduce.Job:  map 74% reduce 24%
2025-11-28 13:21:13,346 INFO mapreduce.Job:  map 75% reduce 24%
2025-11-28 13:21:16,432 INFO mapreduce.Job:  map 75% reduce 25%
2025-11-28 13:21:19,540 INFO mapreduce.Job:  map 76% reduce 25%
2025-11-28 13:21:23,650 INFO mapreduce.Job:  map 77% reduce 25%
2025-11-28 13:21:26,728 INFO mapreduce.Job:  map 78% reduce 25%
2025-11-28 13:21:29,825 INFO mapreduce.Job:  map 78% reduce 26%
2025-11-28 13:21:36,040 INFO mapreduce.Job:  map 79% reduce 26%
2025-11-28 13:21:40,134 INFO mapreduce.Job:  map 80% reduce 26%
2025-11-28 13:21:44,219 INFO mapreduce.Job:  map 80% reduce 27%
2025-11-28 13:21:49,345 INFO mapreduce.Job:  map 81% reduce 27%
2025-11-28 13:21:54,470 INFO mapreduce.Job:  map 82% reduce 27%
2025-11-28 13:22:02,665 INFO mapreduce.Job:  map 83% reduce 27%
2025-11-28 13:22:05,755 INFO mapreduce.Job:  map 83% reduce 28%
2025-11-28 13:22:08,830 INFO mapreduce.Job:  map 84% reduce 28%
2025-11-28 13:22:13,979 INFO mapreduce.Job:  map 85% reduce 28%
2025-11-28 13:22:19,134 INFO mapreduce.Job:  map 86% reduce 28%
2025-11-28 13:22:24,272 INFO mapreduce.Job:  map 87% reduce 28%
2025-11-28 13:22:26,308 INFO mapreduce.Job:  map 87% reduce 29%
2025-11-28 13:22:29,376 INFO mapreduce.Job:  map 88% reduce 29%
2025-11-28 13:22:36,524 INFO mapreduce.Job:  map 89% reduce 29%
2025-11-28 13:22:39,626 INFO mapreduce.Job:  map 89% reduce 30%
2025-11-28 13:22:41,662 INFO mapreduce.Job:  map 90% reduce 30%
2025-11-28 13:22:50,913 INFO mapreduce.Job:  map 91% reduce 30%
2025-11-28 13:22:55,549 INFO mapreduce.Job:  map 92% reduce 30%
2025-11-28 13:22:59,651 INFO mapreduce.Job:  map 92% reduce 31%
2025-11-28 13:23:03,794 INFO mapreduce.Job:  map 93% reduce 31%
2025-11-28 13:23:09,026 INFO mapreduce.Job:  map 94% reduce 31%
2025-11-28 13:23:12,117 INFO mapreduce.Job:  map 95% reduce 31%
2025-11-28 13:23:19,410 INFO mapreduce.Job:  map 96% reduce 31%
2025-11-28 13:23:20,439 INFO mapreduce.Job:  map 96% reduce 32%
2025-11-28 13:23:22,492 INFO mapreduce.Job:  map 97% reduce 32%
2025-11-28 13:23:28,656 INFO mapreduce.Job:  map 98% reduce 32%
2025-11-28 13:23:32,930 INFO mapreduce.Job:  map 99% reduce 32%
2025-11-28 13:23:33,970 INFO mapreduce.Job:  map 99% reduce 33%
2025-11-28 13:23:57,547 INFO mapreduce.Job:  map 100% reduce 33%
2025-11-28 13:24:11,868 INFO mapreduce.Job:  map 100% reduce 43%
2025-11-28 13:24:17,983 INFO mapreduce.Job:  map 100% reduce 48%
2025-11-28 13:24:24,120 INFO mapreduce.Job:  map 100% reduce 59%
2025-11-28 13:24:30,290 INFO mapreduce.Job:  map 100% reduce 67%
2025-11-28 13:24:36,432 INFO mapreduce.Job:  map 100% reduce 77%
2025-11-28 13:24:42,566 INFO mapreduce.Job:  map 100% reduce 92%
2025-11-28 13:24:46,697 INFO mapreduce.Job:  map 100% reduce 100%
2025-11-28 13:24:48,776 INFO mapreduce.Job: Job job_1764264570892_0017 completed successfully
2025-11-28 13:24:48,917 INFO mapreduce.Job: Counters: 55
	File System Counters
		FILE: Number of bytes read=251889013
		FILE: Number of bytes written=642111458
		FILE: Number of read operations=0
		FILE: Number of large read operations=0
		FILE: Number of write operations=0
		HDFS: Number of bytes read=519258733
		HDFS: Number of bytes written=47092714
		HDFS: Number of read operations=1505
		HDFS: Number of large read operations=0
		HDFS: Number of write operations=2
		HDFS: Number of bytes read erasure-coded=0
	Job Counters 
		Killed map tasks=3
		Launched map tasks=502
		Launched reduce tasks=1
		Data-local map tasks=502
		Total time spent by all maps in occupied slots (ms)=19131516
		Total time spent by all reduces in occupied slots (ms)=704694
		Total time spent by all map tasks (ms)=9565758
		Total time spent by all reduce tasks (ms)=352347
		Total vcore-milliseconds taken by all map tasks=9565758
		Total vcore-milliseconds taken by all reduce tasks=352347
		Total megabyte-milliseconds taken by all map tasks=9795336192
		Total megabyte-milliseconds taken by all reduce tasks=360803328
	Map-Reduce Framework
		Map input records=2870091
		Map output records=80936717
		Map output bytes=842322768
		Map output materialized bytes=251892007
		Input split bytes=54000
		Combine input records=80936717
		Combine output records=16369856
		Reduce input groups=3027590
		Reduce shuffle bytes=251892007
		Reduce input records=16369856
		Reduce output records=3027590
		Spilled Records=32739712
		Shuffled Maps =500
		Failed Shuffles=0
		Merged Map outputs=500
		GC time elapsed (ms)=173448
		CPU time spent (ms)=619500
		Physical memory (bytes) snapshot=162321481728
		Virtual memory (bytes) snapshot=1296620838912
		Total committed heap usage (bytes)=152748163072
		Peak Map Physical memory (bytes)=488591360
		Peak Map Virtual memory (bytes)=2803539968
		Peak Reduce Physical memory (bytes)=663007232
		Peak Reduce Virtual memory (bytes)=2804621312
	Shuffle Errors
		BAD_ID=0
		CONNECTION=0
		IO_ERROR=0
		WRONG_LENGTH=0
		WRONG_MAP=0
		WRONG_REDUCE=0
	File Input Format Counters 
		Bytes Read=519204733
	File Output Format Counters 
		Bytes Written=47092714
