===== Real Performance Monitor Started at 2025年 11月 28日 星期五 13:13:17 CST =====
[worker1-zzh] CPU: 36.00% | MEM: 24%
[worker2-zrt] CPU: 46.00% | MEM: 37%
[worker3-haz] CPU: 50.00% | MEM: 33%
----
[worker1-zzh] CPU: 22.00% | MEM: 24%
[worker2-zrt] CPU: 87.00% | MEM: 39%
[worker3-haz] CPU: 38.00% | MEM: 32%
----
[worker1-zzh] CPU: 29.00% | MEM: 24%
[worker2-zrt] CPU: 99.00% | MEM: 40%
[worker3-haz] CPU: 43.00% | MEM: 32%
----
[worker1-zzh] CPU: 100.00% | MEM: 36%
[worker2-zrt] CPU: 100.00% | MEM: 46%
[worker3-haz] CPU: 39.00% | MEM: 32%
----
[worker1-zzh] CPU: 100.00% | MEM: 38%
[worker2-zrt] CPU: 100.00% | MEM: 49%
[worker3-haz] CPU: 59.00% | MEM: 32%
----
[worker1-zzh] CPU: 100.00% | MEM: 47%
[worker2-zrt] CPU: 100.00% | MEM: 53%
[worker3-haz] CPU: 87.00% | MEM: 32%
----
[worker1-zzh] CPU: 100.00% | MEM: 34%
[worker2-zrt] CPU: 100.00% | MEM: 63%
[worker3-haz] CPU: 86.00% | MEM: 32%
----
[worker1-zzh] CPU: 100.00% | MEM: 35%
[worker2-zrt] CPU: 100.00% | MEM: 45%
[worker3-haz] CPU: 62.00% | MEM: 32%
----
[worker1-zzh] CPU: 100.00% | MEM: 44%
[worker2-zrt] CPU: 100.00% | MEM: 49%
[worker3-haz] CPU: 70.00% | MEM: 32%
----
[worker1-zzh] CPU: 100.00% | MEM: 41%
[worker2-zrt] CPU: 100.00% | MEM: 52%
[worker3-haz] CPU: 67.00% | MEM: 32%
----
[worker1-zzh] CPU: 100.00% | MEM: 33%
[worker2-zrt] CPU: 100.00% | MEM: 62%
[worker3-haz] CPU: 60.00% | MEM: 32%
----
[worker1-zzh] CPU: 100.00% | MEM: 40%
[worker2-zrt] CPU: 100.00% | MEM: 50%
[worker3-haz] CPU: 50.00% | MEM: 32%
----
[worker1-zzh] CPU: 100.00% | MEM: 36%
[worker2-zrt] CPU: 100.00% | MEM: 47%
[worker3-haz] CPU: 71.00% | MEM: 32%
----
[worker1-zzh] CPU: 100.00% | MEM: 36%
[worker2-zrt] CPU: 100.00% | MEM: 50%
[worker3-haz] CPU: 44.00% | MEM: 32%
----
[worker1-zzh] CPU: 100.00% | MEM: 39%
[worker2-zrt] CPU: 100.00% | MEM: 54%
[worker3-haz] CPU: 62.00% | MEM: 32%
----
[worker1-zzh] CPU: 100.00% | MEM: 40%
[worker2-zrt] CPU: 100.00% | MEM: 64%
[worker3-haz] CPU: 42.00% | MEM: 32%
----
[worker1-zzh] CPU: 100.00% | MEM: 32%
[worker2-zrt] CPU: 100.00% | MEM: 50%
[worker3-haz] CPU: 75.00% | MEM: 32%
----
[worker1-zzh] CPU: 100.00% | MEM: 37%
[worker2-zrt] CPU: 100.00% | MEM: 46%
[worker3-haz] CPU: 29.00% | MEM: 32%
----
[worker1-zzh] CPU: 100.00% | MEM: 43%
[worker2-zrt] CPU: 100.00% | MEM: 49%
[worker3-haz] CPU: 53.00% | MEM: 32%
----
[worker1-zzh] CPU: 100.00% | MEM: 39%
[worker2-zrt] CPU: 100.00% | MEM: 53%
[worker3-haz] CPU: 60.00% | MEM: 32%
----
[worker1-zzh] CPU: 100.00% | MEM: 33%
[worker2-zrt] CPU: 100.00% | MEM: 62%
[worker3-haz] CPU: 31.00% | MEM: 32%
----
[worker1-zzh] CPU: 100.00% | MEM: 37%
[worker2-zrt] CPU: 100.00% | MEM: 54%
[worker3-haz] CPU: 31.00% | MEM: 32%
----
[worker1-zzh] CPU: 100.00% | MEM: 41%
[worker2-zrt] CPU: 100.00% | MEM: 46%
[worker3-haz] CPU: 34.00% | MEM: 32%
----
[worker1-zzh] CPU: 100.00% | MEM: 42%
[worker2-zrt] CPU: 100.00% | MEM: 49%
[worker3-haz] CPU: 66.00% | MEM: 32%
----
[worker1-zzh] CPU: 100.00% | MEM: 38%
[worker2-zrt] CPU: 100.00% | MEM: 55%
[worker3-haz] CPU: 41.00% | MEM: 32%
----
[worker1-zzh] CPU: 100.00% | MEM: 34%
[worker2-zrt] CPU: 100.00% | MEM: 62%
[worker3-haz] CPU: 61.00% | MEM: 32%
----
[worker1-zzh] CPU: 100.00% | MEM: 37%
[worker2-zrt] CPU: 100.00% | MEM: 55%
[worker3-haz] CPU: 28.00% | MEM: 32%
----
[worker1-zzh] CPU: 100.00% | MEM: 35%
[worker2-zrt] CPU: 100.00% | MEM: 50%
[worker3-haz] CPU: 37.00% | MEM: 32%
----
[worker1-zzh] CPU: 100.00% | MEM: 35%
[worker2-zrt] CPU: 100.00% | MEM: 52%
[worker3-haz] CPU: 30.00% | MEM: 32%
----
[worker1-zzh] CPU: 100.00% | MEM: 37%
[worker2-zrt] CPU: 100.00% | MEM: 56%
[worker3-haz] CPU: 30.00% | MEM: 32%
----
[worker1-zzh] CPU: 100.00% | MEM: 32%
[worker2-zrt] CPU: 100.00% | MEM: 62%
[worker3-haz] CPU: 38.00% | MEM: 32%
----
[worker1-zzh] CPU: 100.00% | MEM: 31%
[worker2-zrt] CPU: 100.00% | MEM: 54%
[worker3-haz] CPU: 50.00% | MEM: 32%
----
[worker1-zzh] CPU: 100.00% | MEM: 39%
[worker2-zrt] CPU: 100.00% | MEM: 52%
[worker3-haz] CPU: 44.00% | MEM: 32%
----
[worker1-zzh] CPU: 100.00% | MEM: 41%
[worker2-zrt] CPU: 100.00% | MEM: 55%
[worker3-haz] CPU: 44.00% | MEM: 32%
----
[worker1-zzh] CPU: 100.00% | MEM: 36%
[worker2-zrt] CPU: 100.00% | MEM: 61%
[worker3-haz] CPU: 59.00% | MEM: 32%
----
[worker1-zzh] CPU: 100.00% | MEM: 39%
[worker2-zrt] CPU: 100.00% | MEM: 55%
[worker3-haz] CPU: 47.00% | MEM: 32%
----
[worker1-zzh] CPU: 100.00% | MEM: 38%
[worker2-zrt] CPU: 100.00% | MEM: 50%
[worker3-haz] CPU: 49.00% | MEM: 32%
----
[worker1-zzh] CPU: 100.00% | MEM: 35%
[worker2-zrt] CPU: 100.00% | MEM: 54%
[worker3-haz] CPU: 45.00% | MEM: 32%
----
[worker1-zzh] CPU: 100.00% | MEM: 35%
[worker2-zrt] CPU: 100.00% | MEM: 60%
[worker3-haz] CPU: 38.00% | MEM: 32%
----
[worker1-zzh] CPU: 100.00% | MEM: 37%
[worker2-zrt] CPU: 100.00% | MEM: 60%
[worker3-haz] CPU: 46.00% | MEM: 32%
----
[worker1-zzh] CPU: 100.00% | MEM: 38%
[worker2-zrt] CPU: 100.00% | MEM: 55%
[worker3-haz] CPU: 29.00% | MEM: 32%
----
[worker1-zzh] CPU: 11.00% | MEM: 24%
[worker2-zrt] CPU: 100.00% | MEM: 51%
[worker3-haz] CPU: 35.00% | MEM: 32%
----
[worker1-zzh] CPU: 12.00% | MEM: 24%
[worker2-zrt] CPU: 100.00% | MEM: 55%
[worker3-haz] CPU: 30.00% | MEM: 32%
----
[worker1-zzh] CPU: 10.00% | MEM: 24%
[worker2-zrt] CPU: 94.00% | MEM: 48%
[worker3-haz] CPU: 31.00% | MEM: 32%
----
[worker1-zzh] CPU: 53.00% | MEM: 24%
[worker2-zrt] CPU: 100.00% | MEM: 48%
[worker3-haz] CPU: 82.00% | MEM: 32%
----
[worker1-zzh] CPU: 24.00% | MEM: 24%
[worker2-zrt] CPU: 100.00% | MEM: 48%
[worker3-haz] CPU: 51.00% | MEM: 32%
----
[worker1-zzh] CPU: 27.00% | MEM: 24%
[worker2-zrt] CPU: 87.00% | MEM: 48%
[worker3-haz] CPU: 53.00% | MEM: 32%
----
[worker1-zzh] CPU: 25.00% | MEM: 24%
[worker2-zrt] CPU: 74.00% | MEM: 42%
