===== Running MapReduce Job =====
Input : /wiki100mb
Output: /_100mb
Slowstart: 0.5
Date  : 2025年 11月 28日 星期五 19:21:43 CST
=================================
2025-11-28 19:21:45,887 INFO client.DefaultNoHARMFailoverProxyProvider: Connecting to ResourceManager at master-wxl/192.168.10.104:8032
2025-11-28 19:21:46,208 INFO mapreduce.JobResourceUploader: Disabling Erasure Coding for path: /tmp/hadoop-yarn/staging/hadoop/.staging/job_1764325814997_0012
2025-11-28 19:21:46,589 INFO input.FileInputFormat: Total input files to process : 100
2025-11-28 19:21:46,857 INFO mapreduce.JobSubmitter: number of splits:100
2025-11-28 19:21:47,146 INFO mapreduce.JobSubmitter: Submitting tokens for job: job_1764325814997_0012
2025-11-28 19:21:47,146 INFO mapreduce.JobSubmitter: Executing with tokens: []
2025-11-28 19:21:47,295 INFO conf.Configuration: resource-types.xml not found
2025-11-28 19:21:47,295 INFO resource.ResourceUtils: Unable to find 'resource-types.xml'.
2025-11-28 19:21:47,362 INFO impl.YarnClientImpl: Submitted application application_1764325814997_0012
2025-11-28 19:21:47,422 INFO mapreduce.Job: The url to track the job: http://master-wxl:8088/proxy/application_1764325814997_0012/
2025-11-28 19:21:47,422 INFO mapreduce.Job: Running job: job_1764325814997_0012
2025-11-28 19:21:51,482 INFO mapreduce.Job: Job job_1764325814997_0012 running in uber mode : false
2025-11-28 19:21:51,483 INFO mapreduce.Job:  map 0% reduce 0%
2025-11-28 19:22:01,666 INFO mapreduce.Job:  map 2% reduce 0%
2025-11-28 19:22:02,682 INFO mapreduce.Job:  map 8% reduce 0%
2025-11-28 19:22:12,807 INFO mapreduce.Job:  map 16% reduce 0%
2025-11-28 19:22:21,919 INFO mapreduce.Job:  map 20% reduce 0%
2025-11-28 19:22:22,932 INFO mapreduce.Job:  map 24% reduce 0%
2025-11-28 19:22:32,043 INFO mapreduce.Job:  map 32% reduce 0%
2025-11-28 19:22:39,127 INFO mapreduce.Job:  map 34% reduce 0%
2025-11-28 19:22:41,151 INFO mapreduce.Job:  map 35% reduce 0%
2025-11-28 19:22:42,164 INFO mapreduce.Job:  map 40% reduce 0%
2025-11-28 19:22:46,209 INFO mapreduce.Job:  map 41% reduce 0%
2025-11-28 19:22:47,221 INFO mapreduce.Job:  map 42% reduce 0%
2025-11-28 19:22:50,283 INFO mapreduce.Job:  map 44% reduce 0%
2025-11-28 19:22:51,295 INFO mapreduce.Job:  map 46% reduce 0%
2025-11-28 19:22:52,310 INFO mapreduce.Job:  map 49% reduce 0%
2025-11-28 19:22:54,332 INFO mapreduce.Job:  map 51% reduce 0%
2025-11-28 19:22:55,343 INFO mapreduce.Job:  map 56% reduce 0%
2025-11-28 19:22:56,354 INFO mapreduce.Job:  map 57% reduce 0%
2025-11-28 19:23:00,412 INFO mapreduce.Job:  map 60% reduce 0%
2025-11-28 19:23:01,426 INFO mapreduce.Job:  map 63% reduce 0%
2025-11-28 19:23:02,440 INFO mapreduce.Job:  map 64% reduce 0%
2025-11-28 19:23:04,464 INFO mapreduce.Job:  map 66% reduce 0%
2025-11-28 19:23:06,487 INFO mapreduce.Job:  map 67% reduce 0%
2025-11-28 19:23:07,504 INFO mapreduce.Job:  map 68% reduce 0%
2025-11-28 19:23:09,534 INFO mapreduce.Job:  map 71% reduce 0%
2025-11-28 19:23:10,546 INFO mapreduce.Job:  map 73% reduce 0%
2025-11-28 19:23:12,583 INFO mapreduce.Job:  map 75% reduce 0%
2025-11-28 19:23:17,639 INFO mapreduce.Job:  map 78% reduce 0%
2025-11-28 19:23:18,650 INFO mapreduce.Job:  map 80% reduce 26%
2025-11-28 19:23:19,664 INFO mapreduce.Job:  map 82% reduce 26%
2025-11-28 19:23:24,719 INFO mapreduce.Job:  map 82% reduce 27%
2025-11-28 19:23:25,732 INFO mapreduce.Job:  map 84% reduce 27%
2025-11-28 19:23:26,746 INFO mapreduce.Job:  map 87% reduce 27%
2025-11-28 19:23:27,757 INFO mapreduce.Job:  map 89% reduce 27%
2025-11-28 19:23:28,768 INFO mapreduce.Job:  map 90% reduce 27%
2025-11-28 19:23:30,792 INFO mapreduce.Job:  map 90% reduce 30%
2025-11-28 19:23:45,962 INFO mapreduce.Job:  map 91% reduce 30%
2025-11-28 19:23:54,054 INFO mapreduce.Job:  map 92% reduce 30%
2025-11-28 19:24:01,139 INFO mapreduce.Job:  map 93% reduce 30%
2025-11-28 19:24:07,209 INFO mapreduce.Job:  map 93% reduce 31%
2025-11-28 19:24:09,232 INFO mapreduce.Job:  map 94% reduce 31%
2025-11-28 19:24:11,254 INFO mapreduce.Job:  map 95% reduce 31%
2025-11-28 19:24:13,278 INFO mapreduce.Job:  map 97% reduce 31%
2025-11-28 19:24:16,311 INFO mapreduce.Job:  map 99% reduce 31%
2025-11-28 19:24:17,321 INFO mapreduce.Job:  map 100% reduce 31%
2025-11-28 19:24:19,379 INFO mapreduce.Job:  map 100% reduce 67%
2025-11-28 19:24:20,391 INFO mapreduce.Job:  map 100% reduce 100%
2025-11-28 19:24:20,411 INFO mapreduce.Job: Job job_1764325814997_0012 completed successfully
2025-11-28 19:24:20,472 INFO mapreduce.Job: Counters: 55
	File System Counters
		FILE: Number of bytes read=45809982
		FILE: Number of bytes written=119507396
		FILE: Number of read operations=0
		FILE: Number of large read operations=0
		FILE: Number of write operations=0
		HDFS: Number of bytes read=102952540
		HDFS: Number of bytes written=9704043
		HDFS: Number of read operations=305
		HDFS: Number of large read operations=0
		HDFS: Number of write operations=2
		HDFS: Number of bytes read erasure-coded=0
	Job Counters 
		Killed map tasks=4
		Launched map tasks=103
		Launched reduce tasks=1
		Data-local map tasks=103
		Total time spent by all maps in occupied slots (ms)=4008296
		Total time spent by all reduces in occupied slots (ms)=157002
		Total time spent by all map tasks (ms)=2004148
		Total time spent by all reduce tasks (ms)=78501
		Total vcore-milliseconds taken by all map tasks=2004148
		Total vcore-milliseconds taken by all reduce tasks=78501
		Total megabyte-milliseconds taken by all map tasks=2052247552
		Total megabyte-milliseconds taken by all reduce tasks=80385024
	Map-Reduce Framework
		Map input records=325576
		Map output records=16208667
		Map output bytes=167752154
		Map output materialized bytes=45810576
		Input split bytes=10800
		Combine input records=16208667
		Combine output records=3055995
		Reduce input groups=781397
		Reduce shuffle bytes=45810576
		Reduce input records=3055995
		Reduce output records=781397
		Spilled Records=6111990
		Shuffled Maps =100
		Failed Shuffles=0
		Merged Map outputs=100
		GC time elapsed (ms)=29750
		CPU time spent (ms)=129370
		Physical memory (bytes) snapshot=32817307648
		Virtual memory (bytes) snapshot=262324252672
		Total committed heap usage (bytes)=30687100928
		Peak Map Physical memory (bytes)=478105600
		Peak Map Virtual memory (bytes)=2802118656
		Peak Reduce Physical memory (bytes)=342491136
		Peak Reduce Virtual memory (bytes)=2559979520
	Shuffle Errors
		BAD_ID=0
		CONNECTION=0
		IO_ERROR=0
		WRONG_LENGTH=0
		WRONG_MAP=0
		WRONG_REDUCE=0
	File Input Format Counters 
		Bytes Read=102941740
	File Output Format Counters 
		Bytes Written=9704043
[INFO] MapReduce job finished.
[INFO] Monitor stopped.
