===== Real Performance Monitor Started at 2025年 11月 28日 星期五 19:21:42 CST =====
[worker1-zzh] CPU: 9.00% | MEM: 22%
[worker2-zrt] CPU: 37.00% | MEM: 28%
[worker3-haz] CPU: 11.00% | MEM: 19%
----
[worker1-zzh] CPU: 50.00% | MEM: 29%
[worker2-zrt] CPU: 100.00% | MEM: 31%
[worker3-haz] CPU: 13.00% | MEM: 20%
----
[worker1-zzh] CPU: 100.00% | MEM: 32%
[worker2-zrt] CPU: 100.00% | MEM: 36%
[worker3-haz] CPU: 10.00% | MEM: 20%
----
[worker1-zzh] CPU: 100.00% | MEM: 47%
[worker2-zrt] CPU: 100.00% | MEM: 38%
[worker3-haz] CPU: 13.00% | MEM: 20%
----
[worker1-zzh] CPU: 99.00% | MEM: 26%
[worker2-zrt] CPU: 100.00% | MEM: 43%
[worker3-haz] CPU: 11.00% | MEM: 20%
----
[worker1-zzh] CPU: 100.00% | MEM: 36%
[worker2-zrt] CPU: 100.00% | MEM: 55%
[worker3-haz] CPU: 17.00% | MEM: 20%
----
[worker1-zzh] CPU: 100.00% | MEM: 41%
[worker2-zrt] CPU: 100.00% | MEM: 48%
[worker3-haz] CPU: 11.00% | MEM: 20%
----
[worker1-zzh] CPU: 100.00% | MEM: 37%
[worker2-zrt] CPU: 100.00% | MEM: 31%
[worker3-haz] CPU: 14.00% | MEM: 20%
----
[worker1-zzh] CPU: 100.00% | MEM: 31%
[worker2-zrt] CPU: 100.00% | MEM: 36%
[worker3-haz] CPU: 12.00% | MEM: 20%
----
[worker1-zzh] CPU: 11.00% | MEM: 27%
[worker2-zrt] CPU: 100.00% | MEM: 39%
[worker3-haz] CPU: 14.00% | MEM: 20%
----
[worker1-zzh] CPU: 11.00% | MEM: 27%
[worker2-zrt] CPU: 100.00% | MEM: 42%
[worker3-haz] CPU: 10.00% | MEM: 20%
----
[worker1-zzh] CPU: 10.00% | MEM: 27%
[worker2-zrt] CPU: 100.00% | MEM: 43%
[worker3-haz] CPU: 15.00% | MEM: 20%
----
[worker1-zzh] CPU: 9.00% | MEM: 28%
[worker2-zrt] CPU: 100.00% | MEM: 45%
[worker3-haz] CPU: 14.00% | MEM: 20%
----
[worker1-zzh] CPU: 12.00% | MEM: 28%
[worker2-zrt] CPU: 43.00% | MEM: 28%
