===== Running MapReduce Job =====
Input : /wiki500mb
Output: /_500mb
Slowstart: 0.5
Date  : 2025年 11月 28日 星期五 20:38:37 CST
=================================
2025-11-28 20:38:40,024 INFO client.DefaultNoHARMFailoverProxyProvider: Connecting to ResourceManager at master-wxl/192.168.10.104:8032
2025-11-28 20:38:40,389 INFO mapreduce.JobResourceUploader: Disabling Erasure Coding for path: /tmp/hadoop-yarn/staging/hadoop/.staging/job_1764325814997_0025
2025-11-28 20:38:41,059 INFO input.FileInputFormat: Total input files to process : 500
2025-11-28 20:38:41,928 INFO mapreduce.JobSubmitter: number of splits:500
2025-11-28 20:38:42,151 INFO mapreduce.JobSubmitter: Submitting tokens for job: job_1764325814997_0025
2025-11-28 20:38:42,151 INFO mapreduce.JobSubmitter: Executing with tokens: []
2025-11-28 20:38:42,367 INFO conf.Configuration: resource-types.xml not found
2025-11-28 20:38:42,368 INFO resource.ResourceUtils: Unable to find 'resource-types.xml'.
2025-11-28 20:38:42,431 INFO impl.YarnClientImpl: Submitted application application_1764325814997_0025
2025-11-28 20:38:42,465 INFO mapreduce.Job: The url to track the job: http://master-wxl:8088/proxy/application_1764325814997_0025/
2025-11-28 20:38:42,465 INFO mapreduce.Job: Running job: job_1764325814997_0025
2025-11-28 20:38:55,992 INFO mapreduce.Job: Job job_1764325814997_0025 running in uber mode : false
2025-11-28 20:38:55,993 INFO mapreduce.Job:  map 0% reduce 0%
2025-11-28 20:39:10,378 INFO mapreduce.Job:  map 2% reduce 0%
2025-11-28 20:39:23,338 INFO mapreduce.Job:  map 3% reduce 0%
2025-11-28 20:39:24,369 INFO mapreduce.Job:  map 4% reduce 0%
2025-11-28 20:39:37,748 INFO mapreduce.Job:  map 5% reduce 0%
2025-11-28 20:39:38,927 INFO mapreduce.Job:  map 6% reduce 0%
2025-11-28 20:39:49,358 INFO mapreduce.Job:  map 7% reduce 0%
2025-11-28 20:39:50,454 INFO mapreduce.Job:  map 8% reduce 0%
2025-11-28 20:39:55,573 INFO mapreduce.Job:  map 9% reduce 0%
2025-11-28 20:40:02,203 INFO mapreduce.Job:  map 10% reduce 0%
2025-11-28 20:40:04,293 INFO mapreduce.Job:  map 11% reduce 0%
2025-11-28 20:40:08,430 INFO mapreduce.Job:  map 12% reduce 0%
2025-11-28 20:40:13,552 INFO mapreduce.Job:  map 13% reduce 0%
2025-11-28 20:40:18,024 INFO mapreduce.Job:  map 14% reduce 0%
2025-11-28 20:40:25,337 INFO mapreduce.Job:  map 15% reduce 0%
2025-11-28 20:40:29,495 INFO mapreduce.Job:  map 16% reduce 0%
2025-11-28 20:40:36,787 INFO mapreduce.Job:  map 17% reduce 0%
2025-11-28 20:40:42,002 INFO mapreduce.Job:  map 18% reduce 0%
2025-11-28 20:40:50,188 INFO mapreduce.Job:  map 19% reduce 0%
2025-11-28 20:40:54,401 INFO mapreduce.Job:  map 20% reduce 0%
2025-11-28 20:41:01,703 INFO mapreduce.Job:  map 21% reduce 0%
2025-11-28 20:41:05,840 INFO mapreduce.Job:  map 22% reduce 0%
2025-11-28 20:41:10,979 INFO mapreduce.Job:  map 23% reduce 0%
2025-11-28 20:41:15,138 INFO mapreduce.Job:  map 24% reduce 0%
2025-11-28 20:41:17,167 INFO mapreduce.Job:  map 25% reduce 0%
2025-11-28 20:41:21,754 INFO mapreduce.Job:  map 26% reduce 0%
2025-11-28 20:41:27,925 INFO mapreduce.Job:  map 27% reduce 0%
2025-11-28 20:41:32,043 INFO mapreduce.Job:  map 28% reduce 0%
2025-11-28 20:41:39,657 INFO mapreduce.Job:  map 29% reduce 0%
2025-11-28 20:41:44,857 INFO mapreduce.Job:  map 30% reduce 0%
2025-11-28 20:41:52,028 INFO mapreduce.Job:  map 31% reduce 0%
2025-11-28 20:41:57,178 INFO mapreduce.Job:  map 32% reduce 0%
2025-11-28 20:42:04,445 INFO mapreduce.Job:  map 33% reduce 0%
2025-11-28 20:42:09,562 INFO mapreduce.Job:  map 34% reduce 0%
2025-11-28 20:42:14,675 INFO mapreduce.Job:  map 35% reduce 0%
2025-11-28 20:42:19,820 INFO mapreduce.Job:  map 36% reduce 0%
2025-11-28 20:42:22,885 INFO mapreduce.Job:  map 37% reduce 0%
2025-11-28 20:42:28,001 INFO mapreduce.Job:  map 38% reduce 0%
2025-11-28 20:42:31,052 INFO mapreduce.Job:  map 39% reduce 0%
2025-11-28 20:42:35,227 INFO mapreduce.Job:  map 40% reduce 0%
2025-11-28 20:42:42,465 INFO mapreduce.Job:  map 41% reduce 0%
2025-11-28 20:42:47,723 INFO mapreduce.Job:  map 42% reduce 0%
2025-11-28 20:42:53,944 INFO mapreduce.Job:  map 43% reduce 0%
2025-11-28 20:43:00,156 INFO mapreduce.Job:  map 44% reduce 0%
2025-11-28 20:43:06,317 INFO mapreduce.Job:  map 45% reduce 0%
2025-11-28 20:43:12,552 INFO mapreduce.Job:  map 46% reduce 0%
2025-11-28 20:43:17,696 INFO mapreduce.Job:  map 47% reduce 0%
2025-11-28 20:43:22,844 INFO mapreduce.Job:  map 48% reduce 0%
2025-11-28 20:43:29,036 INFO mapreduce.Job:  map 49% reduce 0%
2025-11-28 20:43:33,130 INFO mapreduce.Job:  map 50% reduce 0%
2025-11-28 20:43:37,451 INFO mapreduce.Job:  map 51% reduce 0%
2025-11-28 20:43:41,954 INFO mapreduce.Job:  map 52% reduce 0%
2025-11-28 20:43:46,106 INFO mapreduce.Job:  map 53% reduce 0%
2025-11-28 20:43:53,243 INFO mapreduce.Job:  map 54% reduce 0%
2025-11-28 20:43:57,401 INFO mapreduce.Job:  map 55% reduce 0%
2025-11-28 20:43:58,420 INFO mapreduce.Job:  map 55% reduce 18%
2025-11-28 20:44:04,622 INFO mapreduce.Job:  map 56% reduce 18%
2025-11-28 20:44:09,778 INFO mapreduce.Job:  map 57% reduce 18%
2025-11-28 20:44:10,820 INFO mapreduce.Job:  map 57% reduce 19%
2025-11-28 20:44:15,959 INFO mapreduce.Job:  map 58% reduce 19%
2025-11-28 20:44:23,275 INFO mapreduce.Job:  map 59% reduce 19%
2025-11-28 20:44:27,390 INFO mapreduce.Job:  map 60% reduce 19%
2025-11-28 20:44:28,438 INFO mapreduce.Job:  map 60% reduce 20%
2025-11-28 20:44:31,558 INFO mapreduce.Job:  map 61% reduce 20%
2025-11-28 20:44:38,914 INFO mapreduce.Job:  map 62% reduce 20%
2025-11-28 20:44:41,011 INFO mapreduce.Job:  map 62% reduce 21%
2025-11-28 20:44:43,049 INFO mapreduce.Job:  map 63% reduce 21%
2025-11-28 20:44:48,158 INFO mapreduce.Job:  map 64% reduce 21%
2025-11-28 20:44:50,206 INFO mapreduce.Job:  map 65% reduce 21%
2025-11-28 20:44:57,357 INFO mapreduce.Job:  map 66% reduce 21%
2025-11-28 20:44:58,371 INFO mapreduce.Job:  map 66% reduce 22%
2025-11-28 20:45:00,552 INFO mapreduce.Job:  map 67% reduce 22%
2025-11-28 20:45:08,764 INFO mapreduce.Job:  map 68% reduce 22%
2025-11-28 20:45:10,867 INFO mapreduce.Job:  map 68% reduce 23%
2025-11-28 20:45:12,991 INFO mapreduce.Job:  map 69% reduce 23%
2025-11-28 20:45:21,220 INFO mapreduce.Job:  map 70% reduce 23%
2025-11-28 20:45:25,341 INFO mapreduce.Job:  map 71% reduce 23%
2025-11-28 20:45:28,534 INFO mapreduce.Job:  map 71% reduce 24%
2025-11-28 20:45:31,640 INFO mapreduce.Job:  map 72% reduce 24%
2025-11-28 20:45:36,461 INFO mapreduce.Job:  map 73% reduce 24%
2025-11-28 20:45:43,974 INFO mapreduce.Job:  map 74% reduce 24%
2025-11-28 20:45:47,075 INFO mapreduce.Job:  map 75% reduce 25%
2025-11-28 20:45:55,322 INFO mapreduce.Job:  map 76% reduce 25%
2025-11-28 20:45:57,361 INFO mapreduce.Job:  map 77% reduce 25%
2025-11-28 20:46:04,739 INFO mapreduce.Job:  map 77% reduce 26%
2025-11-28 20:46:06,016 INFO mapreduce.Job:  map 78% reduce 26%
2025-11-28 20:46:09,110 INFO mapreduce.Job:  map 79% reduce 26%
2025-11-28 20:46:13,179 INFO mapreduce.Job:  map 80% reduce 26%
2025-11-28 20:46:17,244 INFO mapreduce.Job:  map 80% reduce 27%
2025-11-28 20:46:19,290 INFO mapreduce.Job:  map 81% reduce 27%
2025-11-28 20:46:24,940 INFO mapreduce.Job:  map 82% reduce 27%
2025-11-28 20:46:31,167 INFO mapreduce.Job:  map 83% reduce 27%
2025-11-28 20:46:35,345 INFO mapreduce.Job:  map 84% reduce 28%
2025-11-28 20:46:41,555 INFO mapreduce.Job:  map 85% reduce 28%
2025-11-28 20:46:46,648 INFO mapreduce.Job:  map 86% reduce 28%
2025-11-28 20:46:47,670 INFO mapreduce.Job:  map 86% reduce 29%
2025-11-28 20:46:52,799 INFO mapreduce.Job:  map 87% reduce 29%
2025-11-28 20:46:56,912 INFO mapreduce.Job:  map 88% reduce 29%
2025-11-28 20:47:04,114 INFO mapreduce.Job:  map 89% reduce 29%
2025-11-28 20:47:06,359 INFO mapreduce.Job:  map 89% reduce 30%
2025-11-28 20:47:08,406 INFO mapreduce.Job:  map 90% reduce 30%
2025-11-28 20:47:14,570 INFO mapreduce.Job:  map 91% reduce 30%
2025-11-28 20:47:19,679 INFO mapreduce.Job:  map 92% reduce 30%
2025-11-28 20:47:23,761 INFO mapreduce.Job:  map 92% reduce 31%
2025-11-28 20:47:24,783 INFO mapreduce.Job:  map 93% reduce 31%
2025-11-28 20:47:29,902 INFO mapreduce.Job:  map 94% reduce 31%
2025-11-28 20:47:33,969 INFO mapreduce.Job:  map 95% reduce 31%
2025-11-28 20:47:40,105 INFO mapreduce.Job:  map 96% reduce 31%
2025-11-28 20:47:42,195 INFO mapreduce.Job:  map 97% reduce 32%
2025-11-28 20:47:48,382 INFO mapreduce.Job:  map 98% reduce 32%
2025-11-28 20:47:51,575 INFO mapreduce.Job:  map 99% reduce 32%
2025-11-28 20:47:53,600 INFO mapreduce.Job:  map 99% reduce 33%
2025-11-28 20:48:20,427 INFO mapreduce.Job:  map 100% reduce 33%
2025-11-28 20:48:29,733 INFO mapreduce.Job:  map 100% reduce 67%
2025-11-28 20:48:33,985 INFO mapreduce.Job:  map 100% reduce 100%
2025-11-28 20:48:35,014 INFO mapreduce.Job: Job job_1764325814997_0025 completed successfully
2025-11-28 20:48:35,143 INFO mapreduce.Job: Counters: 55
	File System Counters
		FILE: Number of bytes read=251889013
		FILE: Number of bytes written=642111458
		FILE: Number of read operations=0
		FILE: Number of large read operations=0
		FILE: Number of write operations=0
		HDFS: Number of bytes read=519258733
		HDFS: Number of bytes written=47092714
		HDFS: Number of read operations=1505
		HDFS: Number of large read operations=0
		HDFS: Number of write operations=2
		HDFS: Number of bytes read erasure-coded=0
	Job Counters 
		Killed map tasks=3
		Launched map tasks=503
		Launched reduce tasks=1
		Data-local map tasks=503
		Total time spent by all maps in occupied slots (ms)=17610562
		Total time spent by all reduces in occupied slots (ms)=588344
		Total time spent by all map tasks (ms)=8805281
		Total time spent by all reduce tasks (ms)=294172
		Total vcore-milliseconds taken by all map tasks=8805281
		Total vcore-milliseconds taken by all reduce tasks=294172
		Total megabyte-milliseconds taken by all map tasks=9016607744
		Total megabyte-milliseconds taken by all reduce tasks=301232128
	Map-Reduce Framework
		Map input records=2870091
		Map output records=80936717
		Map output bytes=842322768
		Map output materialized bytes=251892007
		Input split bytes=54000
		Combine input records=80936717
		Combine output records=16369856
		Reduce input groups=3027590
		Reduce shuffle bytes=251892007
		Reduce input records=16369856
		Reduce output records=3027590
		Spilled Records=32739712
		Shuffled Maps =500
		Failed Shuffles=0
		Merged Map outputs=500
		GC time elapsed (ms)=157750
		CPU time spent (ms)=636450
		Physical memory (bytes) snapshot=162521022464
		Virtual memory (bytes) snapshot=1296115437568
		Total committed heap usage (bytes)=151850582016
		Peak Map Physical memory (bytes)=514277376
		Peak Map Virtual memory (bytes)=2804420608
		Peak Reduce Physical memory (bytes)=670728192
		Peak Reduce Virtual memory (bytes)=2566275072
	Shuffle Errors
		BAD_ID=0
		CONNECTION=0
		IO_ERROR=0
		WRONG_LENGTH=0
		WRONG_MAP=0
		WRONG_REDUCE=0
	File Input Format Counters 
		Bytes Read=519204733
	File Output Format Counters 
		Bytes Written=47092714
[INFO] MapReduce job finished.
[INFO] Monitor stopped.
