===== Running MapReduce Job =====
Input : /wiki5G
Output: /_5G
Slowstart: 0.8
Date  : 2025年 11月 28日 星期五 07:53:18 CST
=================================
2025-11-28 07:53:22,338 INFO client.DefaultNoHARMFailoverProxyProvider: Connecting to ResourceManager at master-wxl/192.168.10.104:8032
2025-11-28 07:53:22,672 INFO mapreduce.JobResourceUploader: Disabling Erasure Coding for path: /tmp/hadoop-yarn/staging/hadoop/.staging/job_1764264570892_0014
2025-11-28 07:53:23,494 INFO input.FileInputFormat: Total input files to process : 5143
2025-11-28 07:53:25,392 INFO mapreduce.JobSubmitter: number of splits:5143
2025-11-28 07:53:31,823 INFO mapreduce.JobSubmitter: Submitting tokens for job: job_1764264570892_0014
2025-11-28 07:53:31,824 INFO mapreduce.JobSubmitter: Executing with tokens: []
2025-11-28 07:53:32,003 INFO conf.Configuration: resource-types.xml not found
2025-11-28 07:53:32,004 INFO resource.ResourceUtils: Unable to find 'resource-types.xml'.
2025-11-28 07:53:32,073 INFO impl.YarnClientImpl: Submitted application application_1764264570892_0014
2025-11-28 07:53:32,116 INFO mapreduce.Job: The url to track the job: http://master-wxl:8088/proxy/application_1764264570892_0014/
2025-11-28 07:53:32,119 INFO mapreduce.Job: Running job: job_1764264570892_0014
2025-11-28 07:53:41,586 INFO mapreduce.Job: Job job_1764264570892_0014 running in uber mode : false
2025-11-28 07:53:41,587 INFO mapreduce.Job:  map 0% reduce 0%
2025-11-28 07:54:12,217 INFO mapreduce.Job:  map 1% reduce 0%
2025-11-28 07:54:58,453 INFO mapreduce.Job:  map 2% reduce 0%
2025-11-28 07:55:46,771 INFO mapreduce.Job:  map 3% reduce 0%
2025-11-28 07:56:25,547 INFO mapreduce.Job:  map 4% reduce 0%
2025-11-28 07:57:08,397 INFO mapreduce.Job:  map 5% reduce 0%
2025-11-28 07:57:52,386 INFO mapreduce.Job:  map 6% reduce 0%
2025-11-28 07:58:37,288 INFO mapreduce.Job:  map 7% reduce 0%
2025-11-28 07:59:18,083 INFO mapreduce.Job:  map 8% reduce 0%
2025-11-28 08:00:04,060 INFO mapreduce.Job:  map 9% reduce 0%
2025-11-28 08:00:47,865 INFO mapreduce.Job:  map 10% reduce 0%
2025-11-28 08:01:37,871 INFO mapreduce.Job:  map 11% reduce 0%
2025-11-28 08:02:15,756 INFO mapreduce.Job:  map 12% reduce 0%
2025-11-28 08:02:57,570 INFO mapreduce.Job:  map 13% reduce 0%
2025-11-28 08:03:39,312 INFO mapreduce.Job:  map 14% reduce 0%
2025-11-28 08:04:29,280 INFO mapreduce.Job:  map 15% reduce 0%
2025-11-28 08:05:07,969 INFO mapreduce.Job:  map 16% reduce 0%
2025-11-28 08:05:50,623 INFO mapreduce.Job:  map 17% reduce 0%
2025-11-28 08:06:36,397 INFO mapreduce.Job:  map 18% reduce 0%
2025-11-28 08:07:21,293 INFO mapreduce.Job:  map 19% reduce 0%
2025-11-28 08:08:00,911 INFO mapreduce.Job:  map 20% reduce 0%
2025-11-28 08:08:48,710 INFO mapreduce.Job:  map 21% reduce 0%
2025-11-28 08:09:30,514 INFO mapreduce.Job:  map 22% reduce 0%
2025-11-28 08:10:18,290 INFO mapreduce.Job:  map 23% reduce 0%
2025-11-28 08:10:55,950 INFO mapreduce.Job:  map 24% reduce 0%
2025-11-28 08:11:42,832 INFO mapreduce.Job:  map 25% reduce 0%
2025-11-28 08:12:24,492 INFO mapreduce.Job:  map 26% reduce 0%
2025-11-28 08:13:10,205 INFO mapreduce.Job:  map 27% reduce 0%
2025-11-28 08:13:52,011 INFO mapreduce.Job:  map 28% reduce 0%
2025-11-28 08:14:40,018 INFO mapreduce.Job:  map 29% reduce 0%
2025-11-28 08:15:24,756 INFO mapreduce.Job:  map 30% reduce 0%
2025-11-28 08:16:05,489 INFO mapreduce.Job:  map 31% reduce 0%
2025-11-28 08:16:49,157 INFO mapreduce.Job:  map 32% reduce 0%
2025-11-28 08:17:32,914 INFO mapreduce.Job:  map 33% reduce 0%
2025-11-28 08:18:17,596 INFO mapreduce.Job:  map 34% reduce 0%
2025-11-28 08:19:00,402 INFO mapreduce.Job:  map 35% reduce 0%
2025-11-28 08:19:44,080 INFO mapreduce.Job:  map 36% reduce 0%
2025-11-28 08:20:30,808 INFO mapreduce.Job:  map 37% reduce 0%
2025-11-28 08:21:12,460 INFO mapreduce.Job:  map 38% reduce 0%
2025-11-28 08:21:58,169 INFO mapreduce.Job:  map 39% reduce 0%
2025-11-28 08:22:44,277 INFO mapreduce.Job:  map 40% reduce 0%
2025-11-28 08:23:26,998 INFO mapreduce.Job:  map 41% reduce 0%
2025-11-28 08:24:10,625 INFO mapreduce.Job:  map 42% reduce 0%
2025-11-28 08:24:54,244 INFO mapreduce.Job:  map 43% reduce 0%
2025-11-28 08:25:37,993 INFO mapreduce.Job:  map 44% reduce 0%
2025-11-28 08:26:21,586 INFO mapreduce.Job:  map 45% reduce 0%
2025-11-28 08:27:03,224 INFO mapreduce.Job:  map 46% reduce 0%
2025-11-28 08:27:44,714 INFO mapreduce.Job:  map 47% reduce 0%
2025-11-28 08:28:31,420 INFO mapreduce.Job:  map 48% reduce 0%
2025-11-28 08:29:09,982 INFO mapreduce.Job:  map 49% reduce 0%
2025-11-28 08:29:51,677 INFO mapreduce.Job:  map 50% reduce 0%
2025-11-28 08:30:37,381 INFO mapreduce.Job:  map 51% reduce 0%
2025-11-28 08:31:23,027 INFO mapreduce.Job:  map 52% reduce 0%
2025-11-28 08:32:02,623 INFO mapreduce.Job:  map 53% reduce 0%
2025-11-28 08:32:46,181 INFO mapreduce.Job:  map 54% reduce 0%
2025-11-28 08:33:26,777 INFO mapreduce.Job:  map 55% reduce 0%
2025-11-28 08:34:11,422 INFO mapreduce.Job:  map 56% reduce 0%
2025-11-28 08:34:52,961 INFO mapreduce.Job:  map 57% reduce 0%
2025-11-28 08:35:35,516 INFO mapreduce.Job:  map 58% reduce 0%
2025-11-28 08:36:19,364 INFO mapreduce.Job:  map 59% reduce 0%
2025-11-28 08:36:58,871 INFO mapreduce.Job:  map 60% reduce 0%
2025-11-28 08:37:48,559 INFO mapreduce.Job:  map 61% reduce 0%
2025-11-28 08:38:32,247 INFO mapreduce.Job:  map 62% reduce 0%
2025-11-28 08:39:15,926 INFO mapreduce.Job:  map 63% reduce 0%
2025-11-28 08:39:58,529 INFO mapreduce.Job:  map 64% reduce 0%
2025-11-28 08:40:45,164 INFO mapreduce.Job:  map 65% reduce 0%
2025-11-28 08:41:26,804 INFO mapreduce.Job:  map 66% reduce 0%
2025-11-28 08:42:10,395 INFO mapreduce.Job:  map 67% reduce 0%
2025-11-28 08:42:51,946 INFO mapreduce.Job:  map 68% reduce 0%
2025-11-28 08:43:31,463 INFO mapreduce.Job:  map 69% reduce 0%
2025-11-28 08:44:17,952 INFO mapreduce.Job:  map 70% reduce 0%
2025-11-28 08:45:00,467 INFO mapreduce.Job:  map 71% reduce 0%
2025-11-28 08:45:47,007 INFO mapreduce.Job:  map 72% reduce 0%
2025-11-28 08:46:28,470 INFO mapreduce.Job:  map 73% reduce 0%
2025-11-28 08:47:10,036 INFO mapreduce.Job:  map 74% reduce 0%
2025-11-28 08:47:52,535 INFO mapreduce.Job:  map 75% reduce 0%
2025-11-28 08:48:38,097 INFO mapreduce.Job:  map 76% reduce 0%
2025-11-28 08:49:22,581 INFO mapreduce.Job:  map 77% reduce 0%
2025-11-28 08:50:03,099 INFO mapreduce.Job:  map 78% reduce 0%
2025-11-28 08:50:45,786 INFO mapreduce.Job:  map 79% reduce 0%
2025-11-28 08:51:31,318 INFO mapreduce.Job:  map 80% reduce 0%
2025-11-28 08:52:13,194 INFO mapreduce.Job:  map 81% reduce 0%
2025-11-28 08:52:24,500 INFO mapreduce.Job:  map 81% reduce 5%
2025-11-28 08:52:59,001 INFO mapreduce.Job:  map 82% reduce 5%
2025-11-28 08:53:39,676 INFO mapreduce.Job:  map 82% reduce 9%
2025-11-28 08:53:43,718 INFO mapreduce.Job:  map 83% reduce 9%
2025-11-28 08:54:31,342 INFO mapreduce.Job:  map 84% reduce 9%
2025-11-28 08:54:56,793 INFO mapreduce.Job:  map 84% reduce 11%
2025-11-28 08:55:03,081 INFO mapreduce.Job:  map 84% reduce 13%
2025-11-28 08:55:19,266 INFO mapreduce.Job:  map 85% reduce 13%
2025-11-28 08:55:36,593 INFO mapreduce.Job:  map 85% reduce 0%
2025-11-28 08:55:37,654 INFO mapreduce.Job:  map 62% reduce 0%
2025-11-28 08:56:11,398 INFO mapreduce.Job:  map 63% reduce 0%
2025-11-28 08:57:12,260 INFO mapreduce.Job:  map 64% reduce 0%
2025-11-28 08:58:15,167 INFO mapreduce.Job:  map 65% reduce 0%
2025-11-28 08:59:11,857 INFO mapreduce.Job:  map 66% reduce 0%
2025-11-28 09:00:08,581 INFO mapreduce.Job:  map 67% reduce 0%
2025-11-28 09:01:10,387 INFO mapreduce.Job:  map 68% reduce 0%
2025-11-28 09:02:06,159 INFO mapreduce.Job:  map 69% reduce 0%
2025-11-28 09:03:05,968 INFO mapreduce.Job:  map 70% reduce 0%
2025-11-28 09:04:09,738 INFO mapreduce.Job:  map 71% reduce 0%
2025-11-28 09:05:08,740 INFO mapreduce.Job:  map 72% reduce 0%
2025-11-28 09:06:04,407 INFO mapreduce.Job:  map 73% reduce 0%
2025-11-28 09:07:08,289 INFO mapreduce.Job:  map 74% reduce 0%
2025-11-28 09:08:11,150 INFO mapreduce.Job:  map 75% reduce 0%
2025-11-28 09:09:07,095 INFO mapreduce.Job:  map 76% reduce 0%
2025-11-28 09:10:09,000 INFO mapreduce.Job:  map 77% reduce 0%
2025-11-28 09:11:10,150 INFO mapreduce.Job:  map 78% reduce 0%
2025-11-28 09:12:07,831 INFO mapreduce.Job:  map 79% reduce 0%
2025-11-28 09:13:07,766 INFO mapreduce.Job:  map 80% reduce 0%
2025-11-28 09:14:09,616 INFO mapreduce.Job:  map 81% reduce 0%
2025-11-28 09:15:06,446 INFO mapreduce.Job:  map 82% reduce 0%
2025-11-28 09:16:09,279 INFO mapreduce.Job:  map 83% reduce 0%
2025-11-28 09:17:08,184 INFO mapreduce.Job:  map 84% reduce 0%
2025-11-28 09:18:06,066 INFO mapreduce.Job:  map 85% reduce 0%
2025-11-28 09:18:46,586 INFO mapreduce.Job:  map 85% reduce 5%
2025-11-28 09:19:04,918 INFO mapreduce.Job:  map 85% reduce 8%
2025-11-28 09:19:10,987 INFO mapreduce.Job:  map 85% reduce 9%
2025-11-28 09:19:16,035 INFO mapreduce.Job:  map 86% reduce 9%
2025-11-28 09:19:29,197 INFO mapreduce.Job:  map 86% reduce 10%
2025-11-28 09:19:35,276 INFO mapreduce.Job:  map 86% reduce 13%
2025-11-28 09:19:59,561 INFO mapreduce.Job:  map 86% reduce 18%
2025-11-28 09:20:21,021 INFO mapreduce.Job:  map 87% reduce 18%
2025-11-28 09:20:23,047 INFO mapreduce.Job:  map 87% reduce 22%
2025-11-28 09:20:47,331 INFO mapreduce.Job:  map 87% reduce 23%
2025-11-28 09:20:53,394 INFO mapreduce.Job:  map 87% reduce 26%
2025-11-28 09:21:11,838 INFO mapreduce.Job:  map 87% reduce 27%
2025-11-28 09:21:17,974 INFO mapreduce.Job:  map 87% reduce 28%
2025-11-28 09:21:30,338 INFO mapreduce.Job:  map 87% reduce 29%
2025-11-28 09:21:36,434 INFO mapreduce.Job:  map 88% reduce 29%
2025-11-28 09:22:31,171 INFO mapreduce.Job:  map 89% reduce 29%
2025-11-28 09:22:36,226 INFO mapreduce.Job:  map 89% reduce 30%
2025-11-28 09:23:32,854 INFO mapreduce.Job:  map 90% reduce 30%
2025-11-28 09:24:29,641 INFO mapreduce.Job:  map 91% reduce 30%
2025-11-28 09:25:31,596 INFO mapreduce.Job:  map 92% reduce 30%
2025-11-28 09:25:36,646 INFO mapreduce.Job:  map 92% reduce 31%
2025-11-28 09:26:29,380 INFO mapreduce.Job:  map 93% reduce 31%
2025-11-28 09:27:29,325 INFO mapreduce.Job:  map 94% reduce 31%
2025-11-28 09:28:27,188 INFO mapreduce.Job:  map 95% reduce 31%
2025-11-28 09:28:37,302 INFO mapreduce.Job:  map 95% reduce 32%
2025-11-28 09:29:28,004 INFO mapreduce.Job:  map 96% reduce 32%
2025-11-28 09:30:28,899 INFO mapreduce.Job:  map 97% reduce 32%
2025-11-28 09:31:26,865 INFO mapreduce.Job:  map 98% reduce 32%
2025-11-28 09:31:36,985 INFO mapreduce.Job:  map 98% reduce 33%
2025-11-28 09:32:28,642 INFO mapreduce.Job:  map 99% reduce 33%
2025-11-28 09:33:28,605 INFO mapreduce.Job:  map 100% reduce 33%
2025-11-28 09:34:31,457 INFO mapreduce.Job:  map 100% reduce 43%
2025-11-28 09:34:37,659 INFO mapreduce.Job:  map 100% reduce 69%
2025-11-28 09:34:43,827 INFO mapreduce.Job:  map 100% reduce 75%
2025-11-28 09:34:49,975 INFO mapreduce.Job:  map 100% reduce 82%
2025-11-28 09:34:56,216 INFO mapreduce.Job:  map 100% reduce 87%
2025-11-28 09:35:01,440 INFO mapreduce.Job:  map 100% reduce 91%
2025-11-28 09:35:07,713 INFO mapreduce.Job:  map 100% reduce 97%
2025-11-28 09:35:19,751 INFO mapreduce.Job:  map 100% reduce 98%
2025-11-28 09:35:26,298 INFO mapreduce.Job:  map 100% reduce 100%
2025-11-28 09:35:29,487 INFO mapreduce.Job: Job job_1764264570892_0014 completed successfully
2025-11-28 09:35:29,566 INFO mapreduce.Job: Counters: 56
	File System Counters
		FILE: Number of bytes read=2701958926
		FILE: Number of bytes written=6824242325
		FILE: Number of read operations=0
		FILE: Number of large read operations=0
		FILE: Number of write operations=0
		HDFS: Number of bytes read=5350212069
		HDFS: Number of bytes written=472709110
		HDFS: Number of read operations=15434
		HDFS: Number of large read operations=0
		HDFS: Number of write operations=2
		HDFS: Number of bytes read erasure-coded=0
	Job Counters 
		Killed map tasks=1175
		Launched map tasks=6318
		Launched reduce tasks=1
		Other local map tasks=1171
		Data-local map tasks=785
		Total time spent by all maps in occupied slots (ms)=76180862
		Total time spent by all reduces in occupied slots (ms)=2035450
		Total time spent by all map tasks (ms)=38090431
		Total time spent by all reduce tasks (ms)=1017725
		Total vcore-milliseconds taken by all map tasks=38090431
		Total vcore-milliseconds taken by all reduce tasks=1017725
		Total megabyte-milliseconds taken by all map tasks=39004601344
		Total megabyte-milliseconds taken by all reduce tasks=1042150400
	Map-Reduce Framework
		Map input records=41400945
		Map output records=816656967
		Map output bytes=8604695580
		Map output materialized bytes=2701989736
		Input split bytes=575389
		Combine input records=816656967
		Combine output records=169771643
		Reduce input groups=22221999
		Reduce shuffle bytes=2701989736
		Reduce input records=169771643
		Reduce output records=22221999
		Spilled Records=339543286
		Shuffled Maps =5143
		Failed Shuffles=0
		Merged Map outputs=5143
		GC time elapsed (ms)=1801625
		CPU time spent (ms)=6061560
		Physical memory (bytes) snapshot=1666650038272
		Virtual memory (bytes) snapshot=13324155621376
		Total committed heap usage (bytes)=1562666074112
		Peak Map Physical memory (bytes)=495411200
		Peak Map Virtual memory (bytes)=2804482048
		Peak Reduce Physical memory (bytes)=945319936
		Peak Reduce Virtual memory (bytes)=2576584704
	Shuffle Errors
		BAD_ID=0
		CONNECTION=0
		IO_ERROR=0
		WRONG_LENGTH=0
		WRONG_MAP=0
		WRONG_REDUCE=0
	File Input Format Counters 
		Bytes Read=5349636680
	File Output Format Counters 
		Bytes Written=472709110
