===== Running MapReduce Job =====
Input : /wiki1G/*
Output: /_1G
Slowstart: 1.0
Date  : 2025年 11月 28日 星期五 02:36:31 CST
=================================
2025-11-28 02:36:34,670 INFO client.DefaultNoHARMFailoverProxyProvider: Connecting to ResourceManager at master-wxl/192.168.10.104:8032
2025-11-28 02:36:35,003 INFO mapreduce.JobResourceUploader: Disabling Erasure Coding for path: /tmp/hadoop-yarn/staging/hadoop/.staging/job_1764264570892_0008
2025-11-28 02:36:35,911 INFO input.FileInputFormat: Total input files to process : 1000
2025-11-28 02:36:36,789 INFO mapreduce.JobSubmitter: number of splits:1000
2025-11-28 02:36:37,255 INFO mapreduce.JobSubmitter: Submitting tokens for job: job_1764264570892_0008
2025-11-28 02:36:37,255 INFO mapreduce.JobSubmitter: Executing with tokens: []
2025-11-28 02:36:37,403 INFO conf.Configuration: resource-types.xml not found
2025-11-28 02:36:37,404 INFO resource.ResourceUtils: Unable to find 'resource-types.xml'.
2025-11-28 02:36:37,457 INFO impl.YarnClientImpl: Submitted application application_1764264570892_0008
2025-11-28 02:36:37,493 INFO mapreduce.Job: The url to track the job: http://master-wxl:8088/proxy/application_1764264570892_0008/
2025-11-28 02:36:37,493 INFO mapreduce.Job: Running job: job_1764264570892_0008
2025-11-28 02:36:42,567 INFO mapreduce.Job: Job job_1764264570892_0008 running in uber mode : false
2025-11-28 02:36:42,568 INFO mapreduce.Job:  map 0% reduce 0%
2025-11-28 02:36:54,810 INFO mapreduce.Job:  map 1% reduce 0%
2025-11-28 02:37:04,950 INFO mapreduce.Job:  map 2% reduce 0%
2025-11-28 02:37:14,079 INFO mapreduce.Job:  map 3% reduce 0%
2025-11-28 02:37:25,228 INFO mapreduce.Job:  map 4% reduce 0%
2025-11-28 02:37:36,361 INFO mapreduce.Job:  map 5% reduce 0%
2025-11-28 02:37:44,457 INFO mapreduce.Job:  map 6% reduce 0%
2025-11-28 02:37:46,506 INFO mapreduce.Job:  map 7% reduce 0%
2025-11-28 02:37:53,590 INFO mapreduce.Job:  map 8% reduce 0%
2025-11-28 02:37:59,661 INFO mapreduce.Job:  map 9% reduce 0%
2025-11-28 02:38:09,818 INFO mapreduce.Job:  map 10% reduce 0%
2025-11-28 02:38:18,943 INFO mapreduce.Job:  map 11% reduce 0%
2025-11-28 02:38:27,041 INFO mapreduce.Job:  map 12% reduce 0%
2025-11-28 02:38:37,164 INFO mapreduce.Job:  map 13% reduce 0%
2025-11-28 02:38:46,276 INFO mapreduce.Job:  map 14% reduce 0%
2025-11-28 02:38:53,533 INFO mapreduce.Job:  map 15% reduce 0%
2025-11-28 02:38:56,570 INFO mapreduce.Job:  map 16% reduce 0%
2025-11-28 02:39:05,670 INFO mapreduce.Job:  map 17% reduce 0%
2025-11-28 02:39:13,760 INFO mapreduce.Job:  map 18% reduce 0%
2025-11-28 02:39:20,854 INFO mapreduce.Job:  map 19% reduce 0%
2025-11-28 02:39:24,903 INFO mapreduce.Job:  map 20% reduce 0%
2025-11-28 02:39:38,063 INFO mapreduce.Job:  map 21% reduce 0%
2025-11-28 02:39:48,184 INFO mapreduce.Job:  map 22% reduce 0%
2025-11-28 02:39:51,222 INFO mapreduce.Job:  map 23% reduce 0%
2025-11-28 02:39:58,316 INFO mapreduce.Job:  map 24% reduce 0%
2025-11-28 02:40:07,421 INFO mapreduce.Job:  map 25% reduce 0%
2025-11-28 02:40:15,509 INFO mapreduce.Job:  map 26% reduce 0%
2025-11-28 02:40:20,605 INFO mapreduce.Job:  map 27% reduce 0%
2025-11-28 02:40:26,672 INFO mapreduce.Job:  map 28% reduce 0%
2025-11-28 02:40:37,790 INFO mapreduce.Job:  map 29% reduce 0%
2025-11-28 02:40:46,901 INFO mapreduce.Job:  map 30% reduce 0%
2025-11-28 02:40:49,935 INFO mapreduce.Job:  map 31% reduce 0%
2025-11-28 02:41:01,056 INFO mapreduce.Job:  map 32% reduce 0%
2025-11-28 02:41:08,141 INFO mapreduce.Job:  map 33% reduce 0%
2025-11-28 02:41:16,257 INFO mapreduce.Job:  map 34% reduce 0%
2025-11-28 02:41:18,282 INFO mapreduce.Job:  map 35% reduce 0%
2025-11-28 02:41:28,393 INFO mapreduce.Job:  map 36% reduce 0%
2025-11-28 02:41:37,506 INFO mapreduce.Job:  map 37% reduce 0%
2025-11-28 02:41:45,611 INFO mapreduce.Job:  map 38% reduce 0%
2025-11-28 02:41:52,687 INFO mapreduce.Job:  map 39% reduce 0%
2025-11-28 02:42:02,790 INFO mapreduce.Job:  map 40% reduce 0%
2025-11-28 02:42:12,904 INFO mapreduce.Job:  map 41% reduce 0%
2025-11-28 02:42:15,942 INFO mapreduce.Job:  map 42% reduce 0%
2025-11-28 02:42:24,412 INFO mapreduce.Job:  map 43% reduce 0%
2025-11-28 02:42:30,483 INFO mapreduce.Job:  map 44% reduce 0%
2025-11-28 02:42:38,577 INFO mapreduce.Job:  map 45% reduce 0%
2025-11-28 02:42:43,635 INFO mapreduce.Job:  map 46% reduce 0%
2025-11-28 02:42:53,759 INFO mapreduce.Job:  map 47% reduce 0%
2025-11-28 02:43:05,917 INFO mapreduce.Job:  map 48% reduce 0%
2025-11-28 02:43:12,010 INFO mapreduce.Job:  map 49% reduce 0%
2025-11-28 02:43:15,048 INFO mapreduce.Job:  map 50% reduce 0%
2025-11-28 02:43:25,226 INFO mapreduce.Job:  map 51% reduce 0%
2025-11-28 02:43:34,359 INFO mapreduce.Job:  map 52% reduce 0%
2025-11-28 02:43:40,447 INFO mapreduce.Job:  map 53% reduce 0%
2025-11-28 02:43:44,498 INFO mapreduce.Job:  map 54% reduce 0%
2025-11-28 02:43:53,624 INFO mapreduce.Job:  map 55% reduce 0%
2025-11-28 02:44:04,847 INFO mapreduce.Job:  map 56% reduce 0%
2025-11-28 02:44:13,000 INFO mapreduce.Job:  map 57% reduce 0%
2025-11-28 02:44:54,791 INFO mapreduce.Job:  map 58% reduce 0%
2025-11-28 02:45:46,913 INFO mapreduce.Job:  map 59% reduce 0%
2025-11-28 02:45:54,943 INFO mapreduce.Job:  map 60% reduce 0%
2025-11-28 02:45:59,703 INFO mapreduce.Job:  map 61% reduce 0%
2025-11-28 02:46:09,856 INFO mapreduce.Job:  map 62% reduce 0%
2025-11-28 02:46:17,952 INFO mapreduce.Job:  map 63% reduce 0%
2025-11-28 02:46:28,066 INFO mapreduce.Job:  map 64% reduce 0%
2025-11-28 02:46:33,126 INFO mapreduce.Job:  map 65% reduce 0%
2025-11-28 02:46:41,261 INFO mapreduce.Job:  map 66% reduce 0%
2025-11-28 02:46:51,370 INFO mapreduce.Job:  map 67% reduce 0%
2025-11-28 02:46:58,448 INFO mapreduce.Job:  map 68% reduce 0%
2025-11-28 02:47:02,499 INFO mapreduce.Job:  map 69% reduce 0%
2025-11-28 02:47:11,601 INFO mapreduce.Job:  map 70% reduce 0%
2025-11-28 02:47:19,688 INFO mapreduce.Job:  map 71% reduce 0%
2025-11-28 02:47:26,766 INFO mapreduce.Job:  map 72% reduce 0%
2025-11-28 02:47:31,833 INFO mapreduce.Job:  map 73% reduce 0%
2025-11-28 02:47:45,138 INFO mapreduce.Job:  map 74% reduce 0%
2025-11-28 02:47:55,248 INFO mapreduce.Job:  map 75% reduce 0%
2025-11-28 02:48:00,304 INFO mapreduce.Job:  map 76% reduce 0%
2025-11-28 02:48:09,557 INFO mapreduce.Job:  map 77% reduce 0%
2025-11-28 02:48:16,629 INFO mapreduce.Job:  map 78% reduce 0%
2025-11-28 02:48:24,719 INFO mapreduce.Job:  map 79% reduce 0%
2025-11-28 02:48:29,781 INFO mapreduce.Job:  map 80% reduce 0%
2025-11-28 02:48:37,869 INFO mapreduce.Job:  map 81% reduce 0%
2025-11-28 02:48:44,973 INFO mapreduce.Job:  map 82% reduce 0%
2025-11-28 02:48:53,061 INFO mapreduce.Job:  map 83% reduce 0%
2025-11-28 02:48:59,134 INFO mapreduce.Job:  map 84% reduce 0%
2025-11-28 02:49:08,234 INFO mapreduce.Job:  map 85% reduce 0%
2025-11-28 02:49:18,354 INFO mapreduce.Job:  map 86% reduce 0%
2025-11-28 02:49:27,597 INFO mapreduce.Job:  map 87% reduce 0%
2025-11-28 02:49:31,640 INFO mapreduce.Job:  map 88% reduce 0%
2025-11-28 02:49:41,756 INFO mapreduce.Job:  map 89% reduce 0%
2025-11-28 02:49:49,844 INFO mapreduce.Job:  map 90% reduce 0%
2025-11-28 02:49:56,927 INFO mapreduce.Job:  map 91% reduce 0%
2025-11-28 02:50:01,992 INFO mapreduce.Job:  map 92% reduce 0%
2025-11-28 02:50:10,118 INFO mapreduce.Job:  map 93% reduce 0%
2025-11-28 02:50:18,211 INFO mapreduce.Job:  map 94% reduce 0%
2025-11-28 02:50:27,317 INFO mapreduce.Job:  map 95% reduce 0%
2025-11-28 02:50:36,419 INFO mapreduce.Job:  map 96% reduce 0%
2025-11-28 02:50:46,535 INFO mapreduce.Job:  map 97% reduce 0%
2025-11-28 02:50:53,614 INFO mapreduce.Job:  map 98% reduce 0%
2025-11-28 02:50:57,654 INFO mapreduce.Job:  map 99% reduce 0%
2025-11-28 02:51:06,757 INFO mapreduce.Job:  map 100% reduce 0%
2025-11-28 02:51:36,894 INFO mapreduce.Job:  map 100% reduce 25%
2025-11-28 02:51:41,955 INFO mapreduce.Job:  map 100% reduce 28%
2025-11-28 02:51:54,218 INFO mapreduce.Job:  map 100% reduce 35%
2025-11-28 02:52:00,352 INFO mapreduce.Job:  map 100% reduce 72%
2025-11-28 02:52:06,632 INFO mapreduce.Job:  map 100% reduce 95%
2025-11-28 02:52:09,763 INFO mapreduce.Job:  map 100% reduce 100%
2025-11-28 02:52:11,816 INFO mapreduce.Job: Job job_1764264570892_0008 completed successfully
2025-11-28 02:52:11,888 INFO mapreduce.Job: Counters: 55
	File System Counters
		FILE: Number of bytes read=463624734
		FILE: Number of bytes written=1203451209
		FILE: Number of read operations=0
		FILE: Number of large read operations=0
		FILE: Number of write operations=0
		HDFS: Number of bytes read=1037852969
		HDFS: Number of bytes written=72865185
		HDFS: Number of read operations=3005
		HDFS: Number of large read operations=0
		HDFS: Number of write operations=2
		HDFS: Number of bytes read erasure-coded=0
	Job Counters 
		Killed map tasks=2
		Launched map tasks=1002
		Launched reduce tasks=1
		Data-local map tasks=1002
		Total time spent by all maps in occupied slots (ms)=45506760
		Total time spent by all reduces in occupied slots (ms)=94814
		Total time spent by all map tasks (ms)=22753380
		Total time spent by all reduce tasks (ms)=47407
		Total vcore-milliseconds taken by all map tasks=22753380
		Total vcore-milliseconds taken by all reduce tasks=47407
		Total megabyte-milliseconds taken by all map tasks=23299461120
		Total megabyte-milliseconds taken by all reduce tasks=48544768
	Map-Reduce Framework
		Map input records=5343981
		Map output records=164399722
		Map output bytes=1694378495
		Map output materialized bytes=463630722
		Input split bytes=105000
		Combine input records=164399722
		Combine output records=30510871
		Reduce input groups=4642162
		Reduce shuffle bytes=463630722
		Reduce input records=30510871
		Reduce output records=4642162
		Spilled Records=61021742
		Shuffled Maps =1000
		Failed Shuffles=0
		Merged Map outputs=1000
		GC time elapsed (ms)=389256
		CPU time spent (ms)=1341170
		Physical memory (bytes) snapshot=330334724096
		Virtual memory (bytes) snapshot=2586236547072
		Total committed heap usage (bytes)=307386384384
		Peak Map Physical memory (bytes)=510337024
		Peak Map Virtual memory (bytes)=2803998720
		Peak Reduce Physical memory (bytes)=720637952
		Peak Reduce Virtual memory (bytes)=2557599744
	Shuffle Errors
		BAD_ID=0
		CONNECTION=0
		IO_ERROR=0
		WRONG_LENGTH=0
		WRONG_MAP=0
		WRONG_REDUCE=0
	File Input Format Counters 
		Bytes Read=1037747969
	File Output Format Counters 
		Bytes Written=72865185
