===== Running MapReduce Job =====
Input : /wiki100mb
Output: /_100mb
Slowstart: 0.2
Date  : 2025年 11月 28日 星期五 19:16:29 CST
=================================
2025-11-28 19:16:32,191 INFO client.DefaultNoHARMFailoverProxyProvider: Connecting to ResourceManager at master-wxl/192.168.10.104:8032
2025-11-28 19:16:32,523 INFO mapreduce.JobResourceUploader: Disabling Erasure Coding for path: /tmp/hadoop-yarn/staging/hadoop/.staging/job_1764325814997_0010
2025-11-28 19:16:32,895 INFO input.FileInputFormat: Total input files to process : 100
2025-11-28 19:16:33,062 INFO mapreduce.JobSubmitter: number of splits:100
2025-11-28 19:16:33,286 INFO mapreduce.JobSubmitter: Submitting tokens for job: job_1764325814997_0010
2025-11-28 19:16:33,286 INFO mapreduce.JobSubmitter: Executing with tokens: []
2025-11-28 19:16:33,459 INFO conf.Configuration: resource-types.xml not found
2025-11-28 19:16:33,460 INFO resource.ResourceUtils: Unable to find 'resource-types.xml'.
2025-11-28 19:16:33,517 INFO impl.YarnClientImpl: Submitted application application_1764325814997_0010
2025-11-28 19:16:33,562 INFO mapreduce.Job: The url to track the job: http://master-wxl:8088/proxy/application_1764325814997_0010/
2025-11-28 19:16:33,562 INFO mapreduce.Job: Running job: job_1764325814997_0010
2025-11-28 19:16:48,080 INFO mapreduce.Job: Job job_1764325814997_0010 running in uber mode : false
2025-11-28 19:16:48,081 INFO mapreduce.Job:  map 0% reduce 0%
2025-11-28 19:17:00,113 INFO mapreduce.Job:  map 1% reduce 0%
2025-11-28 19:17:01,384 INFO mapreduce.Job:  map 3% reduce 0%
2025-11-28 19:17:02,500 INFO mapreduce.Job:  map 10% reduce 0%
2025-11-28 19:17:05,582 INFO mapreduce.Job:  map 11% reduce 0%
2025-11-28 19:17:12,102 INFO mapreduce.Job:  map 12% reduce 0%
2025-11-28 19:17:13,119 INFO mapreduce.Job:  map 15% reduce 0%
2025-11-28 19:17:15,151 INFO mapreduce.Job:  map 20% reduce 0%
2025-11-28 19:17:16,291 INFO mapreduce.Job:  map 21% reduce 0%
2025-11-28 19:17:18,355 INFO mapreduce.Job:  map 22% reduce 0%
2025-11-28 19:17:21,620 INFO mapreduce.Job:  map 23% reduce 0%
2025-11-28 19:17:24,836 INFO mapreduce.Job:  map 25% reduce 0%
2025-11-28 19:17:26,871 INFO mapreduce.Job:  map 26% reduce 0%
2025-11-28 19:17:27,894 INFO mapreduce.Job:  map 30% reduce 0%
2025-11-28 19:17:29,940 INFO mapreduce.Job:  map 31% reduce 0%
2025-11-28 19:17:30,986 INFO mapreduce.Job:  map 32% reduce 0%
2025-11-28 19:17:35,087 INFO mapreduce.Job:  map 34% reduce 0%
2025-11-28 19:17:37,267 INFO mapreduce.Job:  map 35% reduce 11%
2025-11-28 19:17:38,279 INFO mapreduce.Job:  map 37% reduce 11%
2025-11-28 19:17:39,295 INFO mapreduce.Job:  map 39% reduce 11%
2025-11-28 19:17:40,309 INFO mapreduce.Job:  map 40% reduce 11%
2025-11-28 19:17:41,332 INFO mapreduce.Job:  map 41% reduce 11%
2025-11-28 19:17:42,356 INFO mapreduce.Job:  map 42% reduce 11%
2025-11-28 19:17:43,429 INFO mapreduce.Job:  map 42% reduce 14%
2025-11-28 19:17:44,449 INFO mapreduce.Job:  map 44% reduce 14%
2025-11-28 19:17:45,462 INFO mapreduce.Job:  map 48% reduce 14%
2025-11-28 19:17:46,490 INFO mapreduce.Job:  map 50% reduce 14%
2025-11-28 19:17:47,523 INFO mapreduce.Job:  map 51% reduce 14%
2025-11-28 19:17:49,583 INFO mapreduce.Job:  map 55% reduce 16%
2025-11-28 19:17:50,610 INFO mapreduce.Job:  map 57% reduce 16%
2025-11-28 19:17:54,715 INFO mapreduce.Job:  map 58% reduce 16%
2025-11-28 19:17:55,735 INFO mapreduce.Job:  map 60% reduce 19%
2025-11-28 19:17:56,757 INFO mapreduce.Job:  map 61% reduce 19%
2025-11-28 19:17:57,788 INFO mapreduce.Job:  map 62% reduce 19%
2025-11-28 19:17:58,817 INFO mapreduce.Job:  map 63% reduce 19%
2025-11-28 19:18:00,883 INFO mapreduce.Job:  map 66% reduce 19%
2025-11-28 19:18:01,896 INFO mapreduce.Job:  map 67% reduce 21%
2025-11-28 19:18:04,995 INFO mapreduce.Job:  map 68% reduce 21%
2025-11-28 19:18:06,038 INFO mapreduce.Job:  map 69% reduce 21%
2025-11-28 19:18:07,098 INFO mapreduce.Job:  map 71% reduce 23%
2025-11-28 19:18:09,156 INFO mapreduce.Job:  map 72% reduce 23%
2025-11-28 19:18:10,260 INFO mapreduce.Job:  map 73% reduce 23%
2025-11-28 19:18:11,302 INFO mapreduce.Job:  map 75% reduce 23%
2025-11-28 19:18:12,345 INFO mapreduce.Job:  map 76% reduce 23%
2025-11-28 19:18:13,409 INFO mapreduce.Job:  map 76% reduce 25%
2025-11-28 19:18:15,447 INFO mapreduce.Job:  map 77% reduce 25%
2025-11-28 19:18:16,499 INFO mapreduce.Job:  map 78% reduce 25%
2025-11-28 19:18:17,528 INFO mapreduce.Job:  map 80% reduce 25%
2025-11-28 19:18:19,583 INFO mapreduce.Job:  map 80% reduce 27%
2025-11-28 19:18:20,607 INFO mapreduce.Job:  map 82% reduce 27%
2025-11-28 19:18:21,635 INFO mapreduce.Job:  map 84% reduce 27%
2025-11-28 19:18:22,666 INFO mapreduce.Job:  map 85% reduce 27%
2025-11-28 19:18:23,719 INFO mapreduce.Job:  map 86% reduce 27%
2025-11-28 19:18:25,802 INFO mapreduce.Job:  map 87% reduce 29%
2025-11-28 19:18:26,813 INFO mapreduce.Job:  map 89% reduce 29%
2025-11-28 19:18:27,864 INFO mapreduce.Job:  map 92% reduce 29%
2025-11-28 19:18:31,976 INFO mapreduce.Job:  map 92% reduce 31%
2025-11-28 19:18:37,227 INFO mapreduce.Job:  map 93% reduce 31%
2025-11-28 19:18:41,302 INFO mapreduce.Job:  map 94% reduce 31%
2025-11-28 19:18:42,312 INFO mapreduce.Job:  map 95% reduce 31%
2025-11-28 19:18:48,463 INFO mapreduce.Job:  map 96% reduce 31%
2025-11-28 19:18:49,483 INFO mapreduce.Job:  map 96% reduce 32%
2025-11-28 19:18:53,612 INFO mapreduce.Job:  map 97% reduce 32%
2025-11-28 19:18:54,705 INFO mapreduce.Job:  map 100% reduce 32%
2025-11-28 19:18:55,744 INFO mapreduce.Job:  map 100% reduce 33%
2025-11-28 19:18:58,856 INFO mapreduce.Job:  map 100% reduce 100%
2025-11-28 19:18:59,901 INFO mapreduce.Job: Job job_1764325814997_0010 completed successfully
2025-11-28 19:19:00,014 INFO mapreduce.Job: Counters: 55
	File System Counters
		FILE: Number of bytes read=45809982
		FILE: Number of bytes written=119507396
		FILE: Number of read operations=0
		FILE: Number of large read operations=0
		FILE: Number of write operations=0
		HDFS: Number of bytes read=102952540
		HDFS: Number of bytes written=9704043
		HDFS: Number of read operations=305
		HDFS: Number of large read operations=0
		HDFS: Number of write operations=2
		HDFS: Number of bytes read erasure-coded=0
	Job Counters 
		Killed map tasks=3
		Launched map tasks=103
		Launched reduce tasks=1
		Data-local map tasks=103
		Total time spent by all maps in occupied slots (ms)=3411246
		Total time spent by all reduces in occupied slots (ms)=202958
		Total time spent by all map tasks (ms)=1705623
		Total time spent by all reduce tasks (ms)=101479
		Total vcore-milliseconds taken by all map tasks=1705623
		Total vcore-milliseconds taken by all reduce tasks=101479
		Total megabyte-milliseconds taken by all map tasks=1746557952
		Total megabyte-milliseconds taken by all reduce tasks=103914496
	Map-Reduce Framework
		Map input records=325576
		Map output records=16208667
		Map output bytes=167752154
		Map output materialized bytes=45810576
		Input split bytes=10800
		Combine input records=16208667
		Combine output records=3055995
		Reduce input groups=781397
		Reduce shuffle bytes=45810576
		Reduce input records=3055995
		Reduce output records=781397
		Spilled Records=6111990
		Shuffled Maps =100
		Failed Shuffles=0
		Merged Map outputs=100
		GC time elapsed (ms)=29536
		CPU time spent (ms)=120070
		Physical memory (bytes) snapshot=32421027840
		Virtual memory (bytes) snapshot=261613907968
		Total committed heap usage (bytes)=30502551552
		Peak Map Physical memory (bytes)=472440832
		Peak Map Virtual memory (bytes)=2803150848
		Peak Reduce Physical memory (bytes)=347377664
		Peak Reduce Virtual memory (bytes)=2559152128
	Shuffle Errors
		BAD_ID=0
		CONNECTION=0
		IO_ERROR=0
		WRONG_LENGTH=0
		WRONG_MAP=0
		WRONG_REDUCE=0
	File Input Format Counters 
		Bytes Read=102941740
	File Output Format Counters 
		Bytes Written=9704043
[INFO] MapReduce job finished.
[INFO] Monitor stopped.
