===== Real Performance Monitor Started at 2025年 11月 28日 星期五 19:40:17 CST =====
[worker1-zzh] CPU: 14.00% | MEM: 22%
[worker2-zrt] CPU: 27.00% | MEM: 26%
[worker3-haz] CPU: 14.00% | MEM: 20%
----
[worker1-zzh] CPU: 83.00% | MEM: 31%
[worker2-zrt] CPU: 100.00% | MEM: 30%
[worker3-haz] CPU: 14.00% | MEM: 20%
----
[worker1-zzh] CPU: 100.00% | MEM: 33%
[worker2-zrt] CPU: 100.00% | MEM: 35%
[worker3-haz] CPU: 15.00% | MEM: 20%
----
[worker1-zzh] CPU: 100.00% | MEM: 47%
[worker2-zrt] CPU: 100.00% | MEM: 37%
[worker3-haz] CPU: 13.00% | MEM: 20%
----
[worker1-zzh] CPU: 97.00% | MEM: 31%
[worker2-zrt] CPU: 100.00% | MEM: 41%
[worker3-haz] CPU: 11.00% | MEM: 20%
----
[worker1-zzh] CPU: 100.00% | MEM: 34%
[worker2-zrt] CPU: 100.00% | MEM: 53%
[worker3-haz] CPU: 16.00% | MEM: 20%
----
[worker1-zzh] CPU: 100.00% | MEM: 47%
[worker2-zrt] CPU: 100.00% | MEM: 40%
[worker3-haz] CPU: 33.00% | MEM: 20%
----
[worker1-zzh] CPU: 99.00% | MEM: 30%
[worker2-zrt] CPU: 100.00% | MEM: 32%
[worker3-haz] CPU: 13.00% | MEM: 20%
----
[worker1-zzh] CPU: 100.00% | MEM: 39%
[worker2-zrt] CPU: 100.00% | MEM: 36%
[worker3-haz] CPU: 17.00% | MEM: 20%
----
[worker1-zzh] CPU: 11.00% | MEM: 25%
[worker2-zrt] CPU: 100.00% | MEM: 37%
[worker3-haz] CPU: 13.00% | MEM: 20%
----
[worker1-zzh] CPU: 10.00% | MEM: 26%
[worker2-zrt] CPU: 100.00% | MEM: 41%
[worker3-haz] CPU: 19.00% | MEM: 20%
----
[worker1-zzh] CPU: 11.00% | MEM: 26%
[worker2-zrt] CPU: 100.00% | MEM: 52%
[worker3-haz] CPU: 14.00% | MEM: 20%
----
[worker1-zzh] CPU: 10.00% | MEM: 26%
[worker2-zrt] CPU: 100.00% | MEM: 47%
[worker3-haz] CPU: 36.00% | MEM: 20%
----
[worker1-zzh] CPU: 10.00% | MEM: 26%
[worker2-zrt] CPU: 31.00% | MEM: 26%
[worker3-haz] CPU: 32.00% | MEM: 20%
----
