===== Running MapReduce Job =====
Input : /wiki500mb
Output: /_500mb
Slowstart: 0.8
Date  : 2025年 11月 28日 星期五 20:58:22 CST
=================================
2025-11-28 20:58:25,597 INFO client.DefaultNoHARMFailoverProxyProvider: Connecting to ResourceManager at master-wxl/192.168.10.104:8032
2025-11-28 20:58:25,974 INFO mapreduce.JobResourceUploader: Disabling Erasure Coding for path: /tmp/hadoop-yarn/staging/hadoop/.staging/job_1764325814997_0027
2025-11-28 20:58:26,555 INFO input.FileInputFormat: Total input files to process : 500
2025-11-28 20:58:26,913 INFO mapreduce.JobSubmitter: number of splits:500
2025-11-28 20:58:27,222 INFO mapreduce.JobSubmitter: Submitting tokens for job: job_1764325814997_0027
2025-11-28 20:58:27,222 INFO mapreduce.JobSubmitter: Executing with tokens: []
2025-11-28 20:58:27,437 INFO conf.Configuration: resource-types.xml not found
2025-11-28 20:58:27,438 INFO resource.ResourceUtils: Unable to find 'resource-types.xml'.
2025-11-28 20:58:27,502 INFO impl.YarnClientImpl: Submitted application application_1764325814997_0027
2025-11-28 20:58:27,545 INFO mapreduce.Job: The url to track the job: http://master-wxl:8088/proxy/application_1764325814997_0027/
2025-11-28 20:58:27,546 INFO mapreduce.Job: Running job: job_1764325814997_0027
2025-11-28 20:58:30,648 INFO mapreduce.Job: Job job_1764325814997_0027 running in uber mode : false
2025-11-28 20:58:30,649 INFO mapreduce.Job:  map 0% reduce 0%
2025-11-28 20:58:42,857 INFO mapreduce.Job:  map 2% reduce 0%
2025-11-28 20:58:51,969 INFO mapreduce.Job:  map 3% reduce 0%
2025-11-28 20:59:02,093 INFO mapreduce.Job:  map 4% reduce 0%
2025-11-28 20:59:03,108 INFO mapreduce.Job:  map 5% reduce 0%
2025-11-28 20:59:13,227 INFO mapreduce.Job:  map 6% reduce 0%
2025-11-28 20:59:22,353 INFO mapreduce.Job:  map 7% reduce 0%
2025-11-28 20:59:23,367 INFO mapreduce.Job:  map 8% reduce 0%
2025-11-28 20:59:30,448 INFO mapreduce.Job:  map 9% reduce 0%
2025-11-28 20:59:31,462 INFO mapreduce.Job:  map 10% reduce 0%
2025-11-28 20:59:34,497 INFO mapreduce.Job:  map 11% reduce 0%
2025-11-28 20:59:41,578 INFO mapreduce.Job:  map 12% reduce 0%
2025-11-28 20:59:44,620 INFO mapreduce.Job:  map 13% reduce 0%
2025-11-28 20:59:51,709 INFO mapreduce.Job:  map 14% reduce 0%
2025-11-28 20:59:52,723 INFO mapreduce.Job:  map 15% reduce 0%
2025-11-28 21:00:00,822 INFO mapreduce.Job:  map 16% reduce 0%
2025-11-28 21:00:08,913 INFO mapreduce.Job:  map 17% reduce 0%
2025-11-28 21:00:11,946 INFO mapreduce.Job:  map 18% reduce 0%
2025-11-28 21:00:21,039 INFO mapreduce.Job:  map 19% reduce 0%
2025-11-28 21:00:22,047 INFO mapreduce.Job:  map 20% reduce 0%
2025-11-28 21:00:31,151 INFO mapreduce.Job:  map 21% reduce 0%
2025-11-28 21:00:39,246 INFO mapreduce.Job:  map 22% reduce 0%
2025-11-28 21:00:41,266 INFO mapreduce.Job:  map 23% reduce 0%
2025-11-28 21:00:48,349 INFO mapreduce.Job:  map 24% reduce 0%
2025-11-28 21:00:50,372 INFO mapreduce.Job:  map 25% reduce 0%
2025-11-28 21:00:51,386 INFO mapreduce.Job:  map 26% reduce 0%
2025-11-28 21:00:59,481 INFO mapreduce.Job:  map 27% reduce 0%
2025-11-28 21:01:01,505 INFO mapreduce.Job:  map 28% reduce 0%
2025-11-28 21:01:09,591 INFO mapreduce.Job:  map 29% reduce 0%
2025-11-28 21:01:11,616 INFO mapreduce.Job:  map 30% reduce 0%
2025-11-28 21:01:19,697 INFO mapreduce.Job:  map 31% reduce 0%
2025-11-28 21:01:25,763 INFO mapreduce.Job:  map 32% reduce 0%
2025-11-28 21:01:30,814 INFO mapreduce.Job:  map 33% reduce 0%
2025-11-28 21:01:38,895 INFO mapreduce.Job:  map 34% reduce 0%
2025-11-28 21:01:40,917 INFO mapreduce.Job:  map 35% reduce 0%
2025-11-28 21:01:49,050 INFO mapreduce.Job:  map 36% reduce 0%
2025-11-28 21:01:51,074 INFO mapreduce.Job:  map 37% reduce 0%
2025-11-28 21:01:58,146 INFO mapreduce.Job:  map 38% reduce 0%
2025-11-28 21:02:01,179 INFO mapreduce.Job:  map 39% reduce 0%
2025-11-28 21:02:05,217 INFO mapreduce.Job:  map 40% reduce 0%
2025-11-28 21:02:09,259 INFO mapreduce.Job:  map 41% reduce 0%
2025-11-28 21:02:15,331 INFO mapreduce.Job:  map 42% reduce 0%
2025-11-28 21:02:21,401 INFO mapreduce.Job:  map 43% reduce 0%
2025-11-28 21:02:27,471 INFO mapreduce.Job:  map 44% reduce 0%
2025-11-28 21:02:33,541 INFO mapreduce.Job:  map 45% reduce 0%
2025-11-28 21:02:38,604 INFO mapreduce.Job:  map 46% reduce 0%
2025-11-28 21:02:44,672 INFO mapreduce.Job:  map 47% reduce 0%
2025-11-28 21:02:50,744 INFO mapreduce.Job:  map 48% reduce 0%
2025-11-28 21:02:54,790 INFO mapreduce.Job:  map 49% reduce 0%
2025-11-28 21:02:59,840 INFO mapreduce.Job:  map 50% reduce 0%
2025-11-28 21:03:03,881 INFO mapreduce.Job:  map 51% reduce 0%
2025-11-28 21:03:09,945 INFO mapreduce.Job:  map 52% reduce 0%
2025-11-28 21:03:13,995 INFO mapreduce.Job:  map 53% reduce 0%
2025-11-28 21:03:18,035 INFO mapreduce.Job:  map 54% reduce 0%
2025-11-28 21:03:23,092 INFO mapreduce.Job:  map 55% reduce 0%
2025-11-28 21:03:28,148 INFO mapreduce.Job:  map 56% reduce 0%
2025-11-28 21:03:34,216 INFO mapreduce.Job:  map 57% reduce 0%
2025-11-28 21:03:39,285 INFO mapreduce.Job:  map 58% reduce 0%
2025-11-28 21:03:44,338 INFO mapreduce.Job:  map 59% reduce 0%
2025-11-28 21:03:52,421 INFO mapreduce.Job:  map 60% reduce 0%
2025-11-28 21:03:56,462 INFO mapreduce.Job:  map 61% reduce 0%
2025-11-28 21:04:02,524 INFO mapreduce.Job:  map 62% reduce 0%
2025-11-28 21:04:07,576 INFO mapreduce.Job:  map 63% reduce 0%
2025-11-28 21:04:12,626 INFO mapreduce.Job:  map 64% reduce 0%
2025-11-28 21:04:17,679 INFO mapreduce.Job:  map 65% reduce 0%
2025-11-28 21:04:20,710 INFO mapreduce.Job:  map 66% reduce 0%
2025-11-28 21:04:22,728 INFO mapreduce.Job:  map 67% reduce 0%
2025-11-28 21:04:28,792 INFO mapreduce.Job:  map 68% reduce 0%
2025-11-28 21:04:32,837 INFO mapreduce.Job:  map 69% reduce 0%
2025-11-28 21:04:40,919 INFO mapreduce.Job:  map 70% reduce 0%
2025-11-28 21:04:45,972 INFO mapreduce.Job:  map 71% reduce 0%
2025-11-28 21:04:53,061 INFO mapreduce.Job:  map 72% reduce 0%
2025-11-28 21:04:58,118 INFO mapreduce.Job:  map 73% reduce 0%
2025-11-28 21:05:02,159 INFO mapreduce.Job:  map 74% reduce 0%
2025-11-28 21:05:08,223 INFO mapreduce.Job:  map 75% reduce 0%
2025-11-28 21:05:11,253 INFO mapreduce.Job:  map 76% reduce 0%
2025-11-28 21:05:18,340 INFO mapreduce.Job:  map 77% reduce 0%
2025-11-28 21:05:21,371 INFO mapreduce.Job:  map 78% reduce 0%
2025-11-28 21:05:26,419 INFO mapreduce.Job:  map 79% reduce 0%
2025-11-28 21:05:30,460 INFO mapreduce.Job:  map 80% reduce 0%
2025-11-28 21:05:35,512 INFO mapreduce.Job:  map 81% reduce 0%
2025-11-28 21:05:39,552 INFO mapreduce.Job:  map 82% reduce 0%
2025-11-28 21:05:46,656 INFO mapreduce.Job:  map 83% reduce 0%
2025-11-28 21:05:52,725 INFO mapreduce.Job:  map 84% reduce 0%
2025-11-28 21:05:53,738 INFO mapreduce.Job:  map 84% reduce 28%
2025-11-28 21:05:57,777 INFO mapreduce.Job:  map 85% reduce 28%
2025-11-28 21:06:03,841 INFO mapreduce.Job:  map 86% reduce 28%
2025-11-28 21:06:05,864 INFO mapreduce.Job:  map 86% reduce 29%
2025-11-28 21:06:08,904 INFO mapreduce.Job:  map 87% reduce 29%
2025-11-28 21:06:13,962 INFO mapreduce.Job:  map 88% reduce 29%
2025-11-28 21:06:20,039 INFO mapreduce.Job:  map 89% reduce 29%
2025-11-28 21:06:24,103 INFO mapreduce.Job:  map 90% reduce 30%
2025-11-28 21:06:31,178 INFO mapreduce.Job:  map 91% reduce 30%
2025-11-28 21:06:34,210 INFO mapreduce.Job:  map 92% reduce 30%
2025-11-28 21:06:39,260 INFO mapreduce.Job:  map 93% reduce 30%
2025-11-28 21:06:42,291 INFO mapreduce.Job:  map 94% reduce 31%
2025-11-28 21:06:47,342 INFO mapreduce.Job:  map 95% reduce 31%
2025-11-28 21:06:48,353 INFO mapreduce.Job:  map 95% reduce 32%
2025-11-28 21:06:53,457 INFO mapreduce.Job:  map 96% reduce 32%
2025-11-28 21:06:58,527 INFO mapreduce.Job:  map 97% reduce 32%
2025-11-28 21:07:02,581 INFO mapreduce.Job:  map 98% reduce 32%
2025-11-28 21:07:06,632 INFO mapreduce.Job:  map 98% reduce 33%
2025-11-28 21:07:15,748 INFO mapreduce.Job:  map 99% reduce 33%
2025-11-28 21:07:37,968 INFO mapreduce.Job:  map 100% reduce 33%
2025-11-28 21:07:42,014 INFO mapreduce.Job:  map 100% reduce 61%
2025-11-28 21:07:48,137 INFO mapreduce.Job:  map 100% reduce 100%
2025-11-28 21:07:49,164 INFO mapreduce.Job: Job job_1764325814997_0027 completed successfully
2025-11-28 21:07:49,293 INFO mapreduce.Job: Counters: 55
	File System Counters
		FILE: Number of bytes read=251889013
		FILE: Number of bytes written=642111458
		FILE: Number of read operations=0
		FILE: Number of large read operations=0
		FILE: Number of write operations=0
		HDFS: Number of bytes read=519258733
		HDFS: Number of bytes written=47092714
		HDFS: Number of read operations=1505
		HDFS: Number of large read operations=0
		HDFS: Number of write operations=2
		HDFS: Number of bytes read erasure-coded=0
	Job Counters 
		Killed map tasks=3
		Launched map tasks=503
		Launched reduce tasks=1
		Data-local map tasks=503
		Total time spent by all maps in occupied slots (ms)=17576996
		Total time spent by all reduces in occupied slots (ms)=262926
		Total time spent by all map tasks (ms)=8788498
		Total time spent by all reduce tasks (ms)=131463
		Total vcore-milliseconds taken by all map tasks=8788498
		Total vcore-milliseconds taken by all reduce tasks=131463
		Total megabyte-milliseconds taken by all map tasks=8999421952
		Total megabyte-milliseconds taken by all reduce tasks=134618112
	Map-Reduce Framework
		Map input records=2870091
		Map output records=80936717
		Map output bytes=842322768
		Map output materialized bytes=251892007
		Input split bytes=54000
		Combine input records=80936717
		Combine output records=16369856
		Reduce input groups=3027590
		Reduce shuffle bytes=251892007
		Reduce input records=16369856
		Reduce output records=3027590
		Spilled Records=32739712
		Shuffled Maps =500
		Failed Shuffles=0
		Merged Map outputs=500
		GC time elapsed (ms)=143677
		CPU time spent (ms)=630200
		Physical memory (bytes) snapshot=163178561536
		Virtual memory (bytes) snapshot=1300300984320
		Total committed heap usage (bytes)=152468717568
		Peak Map Physical memory (bytes)=482365440
		Peak Map Virtual memory (bytes)=2803568640
		Peak Reduce Physical memory (bytes)=602165248
		Peak Reduce Virtual memory (bytes)=2555342848
	Shuffle Errors
		BAD_ID=0
		CONNECTION=0
		IO_ERROR=0
		WRONG_LENGTH=0
		WRONG_MAP=0
		WRONG_REDUCE=0
	File Input Format Counters 
		Bytes Read=519204733
	File Output Format Counters 
		Bytes Written=47092714
[INFO] MapReduce job finished.
[INFO] Monitor stopped.
