===== Running MapReduce Job =====
Input : /wiki100mb
Output: /_100mb
Slowstart: 0.8
Date  : 2025年 11月 28日 星期五 19:29:33 CST
=================================
2025-11-28 19:29:36,583 INFO client.DefaultNoHARMFailoverProxyProvider: Connecting to ResourceManager at master-wxl/192.168.10.104:8032
2025-11-28 19:29:36,911 INFO mapreduce.JobResourceUploader: Disabling Erasure Coding for path: /tmp/hadoop-yarn/staging/hadoop/.staging/job_1764325814997_0015
2025-11-28 19:29:37,313 INFO input.FileInputFormat: Total input files to process : 100
2025-11-28 19:29:37,453 INFO mapreduce.JobSubmitter: number of splits:100
2025-11-28 19:29:37,627 INFO mapreduce.JobSubmitter: Submitting tokens for job: job_1764325814997_0015
2025-11-28 19:29:37,627 INFO mapreduce.JobSubmitter: Executing with tokens: []
2025-11-28 19:29:37,786 INFO conf.Configuration: resource-types.xml not found
2025-11-28 19:29:37,787 INFO resource.ResourceUtils: Unable to find 'resource-types.xml'.
2025-11-28 19:29:37,850 INFO impl.YarnClientImpl: Submitted application application_1764325814997_0015
2025-11-28 19:29:37,900 INFO mapreduce.Job: The url to track the job: http://master-wxl:8088/proxy/application_1764325814997_0015/
2025-11-28 19:29:37,900 INFO mapreduce.Job: Running job: job_1764325814997_0015
2025-11-28 19:29:51,240 INFO mapreduce.Job: Job job_1764325814997_0015 running in uber mode : false
2025-11-28 19:29:51,241 INFO mapreduce.Job:  map 0% reduce 0%
2025-11-28 19:30:05,141 INFO mapreduce.Job:  map 10% reduce 0%
2025-11-28 19:30:15,000 INFO mapreduce.Job:  map 11% reduce 0%
2025-11-28 19:30:17,041 INFO mapreduce.Job:  map 14% reduce 0%
2025-11-28 19:30:18,058 INFO mapreduce.Job:  map 20% reduce 0%
2025-11-28 19:30:20,142 INFO mapreduce.Job:  map 21% reduce 0%
2025-11-28 19:30:25,491 INFO mapreduce.Job:  map 22% reduce 0%
2025-11-28 19:30:29,893 INFO mapreduce.Job:  map 27% reduce 0%
2025-11-28 19:30:30,914 INFO mapreduce.Job:  map 29% reduce 0%
2025-11-28 19:30:31,978 INFO mapreduce.Job:  map 31% reduce 0%
2025-11-28 19:30:35,043 INFO mapreduce.Job:  map 32% reduce 0%
2025-11-28 19:30:39,415 INFO mapreduce.Job:  map 33% reduce 0%
2025-11-28 19:30:41,611 INFO mapreduce.Job:  map 36% reduce 0%
2025-11-28 19:30:42,648 INFO mapreduce.Job:  map 40% reduce 0%
2025-11-28 19:30:43,680 INFO mapreduce.Job:  map 41% reduce 0%
2025-11-28 19:30:44,713 INFO mapreduce.Job:  map 43% reduce 0%
2025-11-28 19:30:45,747 INFO mapreduce.Job:  map 44% reduce 0%
2025-11-28 19:30:48,833 INFO mapreduce.Job:  map 45% reduce 0%
2025-11-28 19:30:49,941 INFO mapreduce.Job:  map 47% reduce 0%
2025-11-28 19:30:51,056 INFO mapreduce.Job:  map 49% reduce 0%
2025-11-28 19:30:53,122 INFO mapreduce.Job:  map 52% reduce 0%
2025-11-28 19:30:55,182 INFO mapreduce.Job:  map 54% reduce 0%
2025-11-28 19:30:56,203 INFO mapreduce.Job:  map 57% reduce 0%
2025-11-28 19:30:57,228 INFO mapreduce.Job:  map 59% reduce 0%
2025-11-28 19:31:00,307 INFO mapreduce.Job:  map 60% reduce 0%
2025-11-28 19:31:02,340 INFO mapreduce.Job:  map 61% reduce 0%
2025-11-28 19:31:03,361 INFO mapreduce.Job:  map 64% reduce 0%
2025-11-28 19:31:04,389 INFO mapreduce.Job:  map 65% reduce 0%
2025-11-28 19:31:07,463 INFO mapreduce.Job:  map 66% reduce 0%
2025-11-28 19:31:08,497 INFO mapreduce.Job:  map 70% reduce 0%
2025-11-28 19:31:13,718 INFO mapreduce.Job:  map 72% reduce 0%
2025-11-28 19:31:14,752 INFO mapreduce.Job:  map 74% reduce 0%
2025-11-28 19:31:15,873 INFO mapreduce.Job:  map 75% reduce 0%
2025-11-28 19:31:19,033 INFO mapreduce.Job:  map 76% reduce 0%
2025-11-28 19:31:20,054 INFO mapreduce.Job:  map 77% reduce 0%
2025-11-28 19:31:21,075 INFO mapreduce.Job:  map 80% reduce 0%
2025-11-28 19:31:25,178 INFO mapreduce.Job:  map 82% reduce 0%
2025-11-28 19:31:26,217 INFO mapreduce.Job:  map 85% reduce 0%
2025-11-28 19:31:29,383 INFO mapreduce.Job:  map 87% reduce 0%
2025-11-28 19:31:30,420 INFO mapreduce.Job:  map 88% reduce 0%
2025-11-28 19:31:31,496 INFO mapreduce.Job:  map 90% reduce 0%
2025-11-28 19:31:32,535 INFO mapreduce.Job:  map 92% reduce 0%
2025-11-28 19:31:43,870 INFO mapreduce.Job:  map 92% reduce 31%
2025-11-28 19:31:44,914 INFO mapreduce.Job:  map 93% reduce 31%
2025-11-28 19:31:47,197 INFO mapreduce.Job:  map 94% reduce 31%
2025-11-28 19:31:53,765 INFO mapreduce.Job:  map 95% reduce 31%
2025-11-28 19:31:54,784 INFO mapreduce.Job:  map 96% reduce 31%
2025-11-28 19:31:55,817 INFO mapreduce.Job:  map 96% reduce 32%
2025-11-28 19:32:00,049 INFO mapreduce.Job:  map 97% reduce 32%
2025-11-28 19:32:01,085 INFO mapreduce.Job:  map 99% reduce 32%
2025-11-28 19:32:02,094 INFO mapreduce.Job:  map 100% reduce 33%
2025-11-28 19:32:04,187 INFO mapreduce.Job:  map 100% reduce 100%
2025-11-28 19:32:05,233 INFO mapreduce.Job: Job job_1764325814997_0015 completed successfully
2025-11-28 19:32:05,365 INFO mapreduce.Job: Counters: 55
	File System Counters
		FILE: Number of bytes read=45809982
		FILE: Number of bytes written=119507396
		FILE: Number of read operations=0
		FILE: Number of large read operations=0
		FILE: Number of write operations=0
		HDFS: Number of bytes read=102952540
		HDFS: Number of bytes written=9704043
		HDFS: Number of read operations=305
		HDFS: Number of large read operations=0
		HDFS: Number of write operations=2
		HDFS: Number of bytes read erasure-coded=0
	Job Counters 
		Killed map tasks=3
		Launched map tasks=103
		Launched reduce tasks=1
		Data-local map tasks=103
		Total time spent by all maps in occupied slots (ms)=3647920
		Total time spent by all reduces in occupied slots (ms)=74104
		Total time spent by all map tasks (ms)=1823960
		Total time spent by all reduce tasks (ms)=37052
		Total vcore-milliseconds taken by all map tasks=1823960
		Total vcore-milliseconds taken by all reduce tasks=37052
		Total megabyte-milliseconds taken by all map tasks=1867735040
		Total megabyte-milliseconds taken by all reduce tasks=37941248
	Map-Reduce Framework
		Map input records=325576
		Map output records=16208667
		Map output bytes=167752154
		Map output materialized bytes=45810576
		Input split bytes=10800
		Combine input records=16208667
		Combine output records=3055995
		Reduce input groups=781397
		Reduce shuffle bytes=45810576
		Reduce input records=3055995
		Reduce output records=781397
		Spilled Records=6111990
		Shuffled Maps =100
		Failed Shuffles=0
		Merged Map outputs=100
		GC time elapsed (ms)=31245
		CPU time spent (ms)=123280
		Physical memory (bytes) snapshot=32780664832
		Virtual memory (bytes) snapshot=261570433024
		Total committed heap usage (bytes)=30745821184
		Peak Map Physical memory (bytes)=490397696
		Peak Map Virtual memory (bytes)=2802511872
		Peak Reduce Physical memory (bytes)=291151872
		Peak Reduce Virtual memory (bytes)=2563317760
	Shuffle Errors
		BAD_ID=0
		CONNECTION=0
		IO_ERROR=0
		WRONG_LENGTH=0
		WRONG_MAP=0
		WRONG_REDUCE=0
	File Input Format Counters 
		Bytes Read=102941740
	File Output Format Counters 
		Bytes Written=9704043
[INFO] MapReduce job finished.
[INFO] Monitor stopped.
