===== Real Performance Monitor Started at 2025年 11月 28日 星期五 19:29:32 CST =====
[worker1-zzh] CPU: 9.00% | MEM: 21%
[worker2-zrt] CPU: 33.00% | MEM: 27%
[worker3-haz] CPU: 11.00% | MEM: 20%
----
[worker1-zzh] CPU: 11.00% | MEM: 21%
[worker2-zrt] CPU: 96.00% | MEM: 30%
[worker3-haz] CPU: 15.00% | MEM: 20%
----
[worker1-zzh] CPU: 12.00% | MEM: 21%
[worker2-zrt] CPU: 99.00% | MEM: 33%
[worker3-haz] CPU: 13.00% | MEM: 20%
----
[worker1-zzh] CPU: 100.00% | MEM: 47%
[worker2-zrt] CPU: 100.00% | MEM: 38%
[worker3-haz] CPU: 10.00% | MEM: 20%
----
[worker1-zzh] CPU: 100.00% | MEM: 45%
[worker2-zrt] CPU: 100.00% | MEM: 40%
[worker3-haz] CPU: 15.00% | MEM: 20%
----
[worker1-zzh] CPU: 100.00% | MEM: 46%
[worker2-zrt] CPU: 100.00% | MEM: 45%
[worker3-haz] CPU: 11.00% | MEM: 20%
----
[worker1-zzh] CPU: 100.00% | MEM: 35%
[worker2-zrt] CPU: 100.00% | MEM: 54%
[worker3-haz] CPU: 11.00% | MEM: 20%
----
[worker1-zzh] CPU: 100.00% | MEM: 36%
[worker2-zrt] CPU: 100.00% | MEM: 40%
[worker3-haz] CPU: 11.00% | MEM: 20%
----
[worker1-zzh] CPU: 100.00% | MEM: 36%
[worker2-zrt] CPU: 100.00% | MEM: 36%
[worker3-haz] CPU: 15.00% | MEM: 20%
----
[worker1-zzh] CPU: 100.00% | MEM: 37%
[worker2-zrt] CPU: 100.00% | MEM: 40%
[worker3-haz] CPU: 11.00% | MEM: 20%
----
[worker1-zzh] CPU: 100.00% | MEM: 25%
[worker2-zrt] CPU: 100.00% | MEM: 45%
[worker3-haz] CPU: 15.00% | MEM: 20%
----
[worker1-zzh] CPU: 11.00% | MEM: 22%
[worker2-zrt] CPU: 100.00% | MEM: 48%
[worker3-haz] CPU: 10.00% | MEM: 20%
----
[worker1-zzh] CPU: 11.00% | MEM: 22%
[worker2-zrt] CPU: 100.00% | MEM: 45%
[worker3-haz] CPU: 13.00% | MEM: 20%
----
[worker1-zzh] CPU: 64.00% | MEM: 23%
