===== Running MapReduce Job =====
Input : /wiki500mb
Output: /_500mb
Slowstart: 0.3
Date  : 2025年 11月 28日 星期五 22:45:28 CST
=================================
2025-11-28 22:45:31,094 INFO client.DefaultNoHARMFailoverProxyProvider: Connecting to ResourceManager at master-wxl/192.168.10.104:8032
2025-11-28 22:45:31,479 INFO mapreduce.JobResourceUploader: Disabling Erasure Coding for path: /tmp/hadoop-yarn/staging/hadoop/.staging/job_1764325814997_0033
2025-11-28 22:45:32,256 INFO input.FileInputFormat: Total input files to process : 500
2025-11-28 22:45:32,527 INFO mapreduce.JobSubmitter: number of splits:500
2025-11-28 22:45:32,742 INFO mapreduce.JobSubmitter: Submitting tokens for job: job_1764325814997_0033
2025-11-28 22:45:32,742 INFO mapreduce.JobSubmitter: Executing with tokens: []
2025-11-28 22:45:32,905 INFO conf.Configuration: resource-types.xml not found
2025-11-28 22:45:32,905 INFO resource.ResourceUtils: Unable to find 'resource-types.xml'.
2025-11-28 22:45:32,954 INFO impl.YarnClientImpl: Submitted application application_1764325814997_0033
2025-11-28 22:45:32,984 INFO mapreduce.Job: The url to track the job: http://master-wxl:8088/proxy/application_1764325814997_0033/
2025-11-28 22:45:32,985 INFO mapreduce.Job: Running job: job_1764325814997_0033
2025-11-28 22:45:45,430 INFO mapreduce.Job: Job job_1764325814997_0033 running in uber mode : false
2025-11-28 22:45:45,432 INFO mapreduce.Job:  map 0% reduce 0%
2025-11-28 22:45:59,995 INFO mapreduce.Job:  map 2% reduce 0%
2025-11-28 22:46:13,091 INFO mapreduce.Job:  map 3% reduce 0%
2025-11-28 22:46:14,115 INFO mapreduce.Job:  map 4% reduce 0%
2025-11-28 22:46:25,418 INFO mapreduce.Job:  map 5% reduce 0%
2025-11-28 22:46:26,441 INFO mapreduce.Job:  map 6% reduce 0%
2025-11-28 22:46:33,592 INFO mapreduce.Job:  map 7% reduce 0%
2025-11-28 22:46:37,712 INFO mapreduce.Job:  map 8% reduce 0%
2025-11-28 22:46:39,738 INFO mapreduce.Job:  map 9% reduce 0%
2025-11-28 22:46:41,802 INFO mapreduce.Job:  map 10% reduce 0%
2025-11-28 22:46:47,973 INFO mapreduce.Job:  map 11% reduce 0%
2025-11-28 22:46:52,114 INFO mapreduce.Job:  map 12% reduce 0%
2025-11-28 22:47:00,347 INFO mapreduce.Job:  map 13% reduce 0%
2025-11-28 22:47:04,437 INFO mapreduce.Job:  map 14% reduce 0%
2025-11-28 22:47:11,647 INFO mapreduce.Job:  map 15% reduce 0%
2025-11-28 22:47:17,831 INFO mapreduce.Job:  map 16% reduce 0%
2025-11-28 22:47:23,946 INFO mapreduce.Job:  map 17% reduce 0%
2025-11-28 22:47:29,070 INFO mapreduce.Job:  map 18% reduce 0%
2025-11-28 22:47:31,138 INFO mapreduce.Job:  map 19% reduce 0%
2025-11-28 22:47:36,233 INFO mapreduce.Job:  map 20% reduce 0%
2025-11-28 22:47:37,252 INFO mapreduce.Job:  map 21% reduce 0%
2025-11-28 22:47:43,395 INFO mapreduce.Job:  map 22% reduce 0%
2025-11-28 22:47:48,564 INFO mapreduce.Job:  map 23% reduce 0%
2025-11-28 22:47:55,802 INFO mapreduce.Job:  map 24% reduce 0%
2025-11-28 22:48:00,937 INFO mapreduce.Job:  map 25% reduce 0%
2025-11-28 22:48:08,126 INFO mapreduce.Job:  map 26% reduce 0%
2025-11-28 22:48:13,237 INFO mapreduce.Job:  map 27% reduce 0%
2025-11-28 22:48:19,658 INFO mapreduce.Job:  map 28% reduce 0%
2025-11-28 22:48:24,771 INFO mapreduce.Job:  map 29% reduce 0%
2025-11-28 22:48:26,826 INFO mapreduce.Job:  map 30% reduce 0%
2025-11-28 22:48:34,051 INFO mapreduce.Job:  map 31% reduce 0%
2025-11-28 22:48:36,100 INFO mapreduce.Job:  map 32% reduce 0%
2025-11-28 22:48:43,291 INFO mapreduce.Job:  map 33% reduce 0%
2025-11-28 22:48:48,411 INFO mapreduce.Job:  map 34% reduce 0%
2025-11-28 22:48:55,604 INFO mapreduce.Job:  map 35% reduce 0%
2025-11-28 22:49:01,742 INFO mapreduce.Job:  map 36% reduce 0%
2025-11-28 22:49:04,797 INFO mapreduce.Job:  map 37% reduce 0%
2025-11-28 22:49:11,970 INFO mapreduce.Job:  map 38% reduce 0%
2025-11-28 22:49:17,171 INFO mapreduce.Job:  map 39% reduce 0%
2025-11-28 22:49:22,292 INFO mapreduce.Job:  map 40% reduce 13%
2025-11-28 22:49:25,404 INFO mapreduce.Job:  map 41% reduce 13%
2025-11-28 22:49:28,526 INFO mapreduce.Job:  map 41% reduce 14%
2025-11-28 22:49:29,546 INFO mapreduce.Job:  map 42% reduce 14%
2025-11-28 22:49:35,720 INFO mapreduce.Job:  map 43% reduce 14%
2025-11-28 22:49:42,927 INFO mapreduce.Job:  map 44% reduce 14%
2025-11-28 22:49:48,117 INFO mapreduce.Job:  map 44% reduce 15%
2025-11-28 22:49:49,138 INFO mapreduce.Job:  map 45% reduce 15%
2025-11-28 22:49:52,233 INFO mapreduce.Job:  map 46% reduce 15%
2025-11-28 22:49:59,400 INFO mapreduce.Job:  map 47% reduce 15%
2025-11-28 22:50:04,523 INFO mapreduce.Job:  map 48% reduce 15%
2025-11-28 22:50:06,580 INFO mapreduce.Job:  map 48% reduce 16%
2025-11-28 22:50:08,642 INFO mapreduce.Job:  map 49% reduce 16%
2025-11-28 22:50:14,840 INFO mapreduce.Job:  map 50% reduce 16%
2025-11-28 22:50:17,912 INFO mapreduce.Job:  map 51% reduce 16%
2025-11-28 22:50:19,974 INFO mapreduce.Job:  map 51% reduce 17%
2025-11-28 22:50:24,078 INFO mapreduce.Job:  map 52% reduce 17%
2025-11-28 22:50:30,233 INFO mapreduce.Job:  map 53% reduce 17%
2025-11-28 22:50:32,280 INFO mapreduce.Job:  map 53% reduce 18%
2025-11-28 22:50:36,398 INFO mapreduce.Job:  map 54% reduce 18%
2025-11-28 22:50:40,484 INFO mapreduce.Job:  map 55% reduce 18%
2025-11-28 22:50:48,630 INFO mapreduce.Job:  map 56% reduce 18%
2025-11-28 22:50:51,713 INFO mapreduce.Job:  map 57% reduce 19%
2025-11-28 22:50:55,801 INFO mapreduce.Job:  map 58% reduce 19%
2025-11-28 22:51:02,952 INFO mapreduce.Job:  map 59% reduce 19%
2025-11-28 22:51:04,995 INFO mapreduce.Job:  map 59% reduce 20%
2025-11-28 22:51:07,055 INFO mapreduce.Job:  map 60% reduce 20%
2025-11-28 22:51:10,113 INFO mapreduce.Job:  map 61% reduce 20%
2025-11-28 22:51:17,292 INFO mapreduce.Job:  map 62% reduce 20%
2025-11-28 22:51:21,426 INFO mapreduce.Job:  map 63% reduce 20%
2025-11-28 22:51:24,529 INFO mapreduce.Job:  map 63% reduce 21%
2025-11-28 22:51:29,695 INFO mapreduce.Job:  map 64% reduce 21%
2025-11-28 22:51:33,855 INFO mapreduce.Job:  map 65% reduce 21%
2025-11-28 22:51:37,970 INFO mapreduce.Job:  map 65% reduce 22%
2025-11-28 22:51:41,080 INFO mapreduce.Job:  map 66% reduce 22%
2025-11-28 22:51:45,206 INFO mapreduce.Job:  map 67% reduce 22%
2025-11-28 22:51:51,323 INFO mapreduce.Job:  map 68% reduce 22%
2025-11-28 22:51:54,383 INFO mapreduce.Job:  map 69% reduce 22%
2025-11-28 22:51:57,446 INFO mapreduce.Job:  map 70% reduce 23%
2025-11-28 22:52:05,625 INFO mapreduce.Job:  map 71% reduce 23%
2025-11-28 22:52:08,784 INFO mapreduce.Job:  map 72% reduce 23%
2025-11-28 22:52:09,797 INFO mapreduce.Job:  map 72% reduce 24%
2025-11-28 22:52:16,971 INFO mapreduce.Job:  map 73% reduce 24%
2025-11-28 22:52:21,100 INFO mapreduce.Job:  map 74% reduce 24%
2025-11-28 22:52:23,146 INFO mapreduce.Job:  map 74% reduce 25%
2025-11-28 22:52:28,263 INFO mapreduce.Job:  map 75% reduce 25%
2025-11-28 22:52:32,371 INFO mapreduce.Job:  map 76% reduce 25%
2025-11-28 22:52:39,500 INFO mapreduce.Job:  map 77% reduce 25%
2025-11-28 22:52:42,618 INFO mapreduce.Job:  map 78% reduce 26%
2025-11-28 22:52:44,710 INFO mapreduce.Job:  map 79% reduce 26%
2025-11-28 22:52:51,868 INFO mapreduce.Job:  map 80% reduce 26%
2025-11-28 22:52:54,948 INFO mapreduce.Job:  map 80% reduce 27%
2025-11-28 22:52:56,985 INFO mapreduce.Job:  map 81% reduce 27%
2025-11-28 22:53:03,145 INFO mapreduce.Job:  map 82% reduce 27%
2025-11-28 22:53:09,326 INFO mapreduce.Job:  map 83% reduce 27%
2025-11-28 22:53:13,419 INFO mapreduce.Job:  map 83% reduce 28%
2025-11-28 22:53:14,452 INFO mapreduce.Job:  map 84% reduce 28%
2025-11-28 22:53:20,619 INFO mapreduce.Job:  map 85% reduce 28%
2025-11-28 22:53:24,727 INFO mapreduce.Job:  map 86% reduce 28%
2025-11-28 22:53:27,784 INFO mapreduce.Job:  map 87% reduce 29%
2025-11-28 22:53:32,866 INFO mapreduce.Job:  map 88% reduce 29%
2025-11-28 22:53:38,000 INFO mapreduce.Job:  map 89% reduce 29%
2025-11-28 22:53:40,037 INFO mapreduce.Job:  map 89% reduce 30%
2025-11-28 22:53:44,160 INFO mapreduce.Job:  map 90% reduce 30%
2025-11-28 22:53:50,315 INFO mapreduce.Job:  map 91% reduce 30%
2025-11-28 22:53:56,468 INFO mapreduce.Job:  map 92% reduce 30%
2025-11-28 22:53:59,543 INFO mapreduce.Job:  map 92% reduce 31%
2025-11-28 22:54:01,615 INFO mapreduce.Job:  map 93% reduce 31%
2025-11-28 22:54:05,719 INFO mapreduce.Job:  map 94% reduce 31%
2025-11-28 22:54:10,849 INFO mapreduce.Job:  map 95% reduce 31%
2025-11-28 22:54:11,862 INFO mapreduce.Job:  map 95% reduce 32%
2025-11-28 22:54:14,923 INFO mapreduce.Job:  map 96% reduce 32%
2025-11-28 22:54:18,992 INFO mapreduce.Job:  map 97% reduce 32%
2025-11-28 22:54:24,168 INFO mapreduce.Job:  map 98% reduce 32%
2025-11-28 22:54:25,247 INFO mapreduce.Job:  map 99% reduce 33%
2025-11-28 22:54:57,009 INFO mapreduce.Job:  map 100% reduce 33%
2025-11-28 22:55:02,127 INFO mapreduce.Job:  map 100% reduce 38%
2025-11-28 22:55:08,229 INFO mapreduce.Job:  map 100% reduce 49%
2025-11-28 22:55:14,297 INFO mapreduce.Job:  map 100% reduce 60%
2025-11-28 22:55:20,427 INFO mapreduce.Job:  map 100% reduce 71%
2025-11-28 22:55:26,561 INFO mapreduce.Job:  map 100% reduce 88%
2025-11-28 22:55:30,652 INFO mapreduce.Job:  map 100% reduce 100%
2025-11-28 22:55:32,706 INFO mapreduce.Job: Job job_1764325814997_0033 completed successfully
2025-11-28 22:55:32,900 INFO mapreduce.Job: Counters: 55
	File System Counters
		FILE: Number of bytes read=251889013
		FILE: Number of bytes written=642111458
		FILE: Number of read operations=0
		FILE: Number of large read operations=0
		FILE: Number of write operations=0
		HDFS: Number of bytes read=519258733
		HDFS: Number of bytes written=47092714
		HDFS: Number of read operations=1505
		HDFS: Number of large read operations=0
		HDFS: Number of write operations=2
		HDFS: Number of bytes read erasure-coded=0
	Job Counters 
		Killed map tasks=3
		Launched map tasks=502
		Launched reduce tasks=1
		Data-local map tasks=502
		Total time spent by all maps in occupied slots (ms)=16969710
		Total time spent by all reduces in occupied slots (ms)=830070
		Total time spent by all map tasks (ms)=8484855
		Total time spent by all reduce tasks (ms)=415035
		Total vcore-milliseconds taken by all map tasks=8484855
		Total vcore-milliseconds taken by all reduce tasks=415035
		Total megabyte-milliseconds taken by all map tasks=8688491520
		Total megabyte-milliseconds taken by all reduce tasks=424995840
	Map-Reduce Framework
		Map input records=2870091
		Map output records=80936717
		Map output bytes=842322768
		Map output materialized bytes=251892007
		Input split bytes=54000
		Combine input records=80936717
		Combine output records=16369856
		Reduce input groups=3027590
		Reduce shuffle bytes=251892007
		Reduce input records=16369856
		Reduce output records=3027590
		Spilled Records=32739712
		Shuffled Maps =500
		Failed Shuffles=0
		Merged Map outputs=500
		GC time elapsed (ms)=152988
		CPU time spent (ms)=649170
		Physical memory (bytes) snapshot=163046240256
		Virtual memory (bytes) snapshot=1300852256768
		Total committed heap usage (bytes)=152320868352
		Peak Map Physical memory (bytes)=500146176
		Peak Map Virtual memory (bytes)=2803736576
		Peak Reduce Physical memory (bytes)=672649216
		Peak Reduce Virtual memory (bytes)=2802278400
	Shuffle Errors
		BAD_ID=0
		CONNECTION=0
		IO_ERROR=0
		WRONG_LENGTH=0
		WRONG_MAP=0
		WRONG_REDUCE=0
	File Input Format Counters 
		Bytes Read=519204733
	File Output Format Counters 
		Bytes Written=47092714
[INFO] MapReduce job finished.
[INFO] Monitor stopped.
