===== Real Performance Monitor Started at 2025年 11月 28日 星期五 22:45:27 CST =====
[worker1-zzh] CPU: 12.00% | MEM: 29%
[worker2-zrt] CPU: 61.00% | MEM: 31%
[worker3-haz] CPU: 16.00% | MEM: 22%
----
[worker1-zzh] CPU: 10.00% | MEM: 29%
[worker2-zrt] CPU: 98.00% | MEM: 34%
[worker3-haz] CPU: 15.00% | MEM: 22%
----
[worker1-zzh] CPU: 10.00% | MEM: 29%
[worker2-zrt] CPU: 100.00% | MEM: 37%
[worker3-haz] CPU: 16.00% | MEM: 22%
----
[worker1-zzh] CPU: 100.00% | MEM: 57%
[worker2-zrt] CPU: 100.00% | MEM: 43%
[worker3-haz] CPU: 21.00% | MEM: 22%
----
[worker1-zzh] CPU: 100.00% | MEM: 55%
[worker2-zrt] CPU: 100.00% | MEM: 46%
[worker3-haz] CPU: 15.00% | MEM: 22%
----
[worker1-zzh] CPU: 100.00% | MEM: 54%
[worker2-zrt] CPU: 100.00% | MEM: 58%
[worker3-haz] CPU: 21.00% | MEM: 22%
----
[worker1-zzh] CPU: 100.00% | MEM: 54%
[worker2-zrt] CPU: 100.00% | MEM: 48%
[worker3-haz] CPU: 16.00% | MEM: 22%
----
[worker1-zzh] CPU: 100.00% | MEM: 47%
[worker2-zrt] CPU: 100.00% | MEM: 41%
[worker3-haz] CPU: 13.00% | MEM: 22%
----
[worker1-zzh] CPU: 100.00% | MEM: 42%
[worker2-zrt] CPU: 100.00% | MEM: 44%
[worker3-haz] CPU: 12.00% | MEM: 22%
----
[worker1-zzh] CPU: 100.00% | MEM: 44%
[worker2-zrt] CPU: 100.00% | MEM: 52%
[worker3-haz] CPU: 17.00% | MEM: 22%
----
[worker1-zzh] CPU: 100.00% | MEM: 40%
[worker2-zrt] CPU: 100.00% | MEM: 53%
[worker3-haz] CPU: 15.00% | MEM: 22%
----
[worker1-zzh] CPU: 100.00% | MEM: 41%
[worker2-zrt] CPU: 100.00% | MEM: 38%
[worker3-haz] CPU: 10.00% | MEM: 22%
----
[worker1-zzh] CPU: 100.00% | MEM: 40%
[worker2-zrt] CPU: 100.00% | MEM: 43%
[worker3-haz] CPU: 12.00% | MEM: 22%
----
[worker1-zzh] CPU: 100.00% | MEM: 39%
[worker2-zrt] CPU: 100.00% | MEM: 48%
[worker3-haz] CPU: 16.00% | MEM: 22%
----
[worker1-zzh] CPU: 100.00% | MEM: 39%
[worker2-zrt] CPU: 100.00% | MEM: 57%
[worker3-haz] CPU: 12.00% | MEM: 22%
----
[worker1-zzh] CPU: 100.00% | MEM: 39%
[worker2-zrt] CPU: 100.00% | MEM: 50%
[worker3-haz] CPU: 16.00% | MEM: 22%
----
[worker1-zzh] CPU: 100.00% | MEM: 41%
[worker2-zrt] CPU: 100.00% | MEM: 41%
[worker3-haz] CPU: 16.00% | MEM: 22%
----
[worker1-zzh] CPU: 100.00% | MEM: 41%
[worker2-zrt] CPU: 100.00% | MEM: 46%
[worker3-haz] CPU: 12.00% | MEM: 22%
----
[worker1-zzh] CPU: 100.00% | MEM: 39%
[worker2-zrt] CPU: 100.00% | MEM: 50%
[worker3-haz] CPU: 15.00% | MEM: 22%
----
[worker1-zzh] CPU: 100.00% | MEM: 38%
[worker2-zrt] CPU: 100.00% | MEM: 51%
[worker3-haz] CPU: 13.00% | MEM: 22%
----
[worker1-zzh] CPU: 100.00% | MEM: 37%
[worker2-zrt] CPU: 100.00% | MEM: 43%
[worker3-haz] CPU: 12.00% | MEM: 22%
----
[worker1-zzh] CPU: 100.00% | MEM: 42%
[worker2-zrt] CPU: 100.00% | MEM: 48%
[worker3-haz] CPU: 12.00% | MEM: 22%
----
[worker1-zzh] CPU: 100.00% | MEM: 41%
[worker2-zrt] CPU: 100.00% | MEM: 53%
[worker3-haz] CPU: 14.00% | MEM: 22%
----
[worker1-zzh] CPU: 100.00% | MEM: 41%
[worker2-zrt] CPU: 100.00% | MEM: 49%
[worker3-haz] CPU: 13.00% | MEM: 22%
----
[worker1-zzh] CPU: 100.00% | MEM: 40%
[worker2-zrt] CPU: 100.00% | MEM: 44%
[worker3-haz] CPU: 19.00% | MEM: 22%
----
[worker1-zzh] CPU: 100.00% | MEM: 40%
[worker2-zrt] CPU: 100.00% | MEM: 49%
[worker3-haz] CPU: 11.00% | MEM: 22%
----
[worker1-zzh] CPU: 100.00% | MEM: 42%
[worker2-zrt] CPU: 100.00% | MEM: 52%
[worker3-haz] CPU: 13.00% | MEM: 22%
----
[worker1-zzh] CPU: 100.00% | MEM: 38%
[worker2-zrt] CPU: 100.00% | MEM: 49%
[worker3-haz] CPU: 13.00% | MEM: 22%
----
[worker1-zzh] CPU: 100.00% | MEM: 45%
[worker2-zrt] CPU: 100.00% | MEM: 44%
[worker3-haz] CPU: 15.00% | MEM: 22%
----
[worker1-zzh] CPU: 100.00% | MEM: 44%
[worker2-zrt] CPU: 100.00% | MEM: 50%
[worker3-haz] CPU: 18.00% | MEM: 22%
----
[worker1-zzh] CPU: 100.00% | MEM: 44%
[worker2-zrt] CPU: 100.00% | MEM: 52%
[worker3-haz] CPU: 16.00% | MEM: 22%
----
[worker1-zzh] CPU: 100.00% | MEM: 43%
[worker2-zrt] CPU: 100.00% | MEM: 55%
[worker3-haz] CPU: 16.00% | MEM: 22%
----
[worker1-zzh] CPU: 100.00% | MEM: 43%
[worker2-zrt] CPU: 100.00% | MEM: 45%
[worker3-haz] CPU: 16.00% | MEM: 22%
----
[worker1-zzh] CPU: 100.00% | MEM: 39%
[worker2-zrt] CPU: 100.00% | MEM: 47%
[worker3-haz] CPU: 16.00% | MEM: 22%
----
[worker1-zzh] CPU: 100.00% | MEM: 42%
[worker2-zrt] CPU: 100.00% | MEM: 51%
[worker3-haz] CPU: 13.00% | MEM: 22%
----
[worker1-zzh] CPU: 100.00% | MEM: 40%
[worker2-zrt] CPU: 100.00% | MEM: 56%
[worker3-haz] CPU: 15.00% | MEM: 22%
----
[worker1-zzh] CPU: 100.00% | MEM: 42%
[worker2-zrt] CPU: 100.00% | MEM: 46%
[worker3-haz] CPU: 14.00% | MEM: 22%
----
[worker1-zzh] CPU: 100.00% | MEM: 46%
[worker2-zrt] CPU: 100.00% | MEM: 47%
[worker3-haz] CPU: 18.00% | MEM: 22%
----
[worker1-zzh] CPU: 100.00% | MEM: 44%
[worker2-zrt] CPU: 100.00% | MEM: 53%
[worker3-haz] CPU: 12.00% | MEM: 22%
----
[worker1-zzh] CPU: 100.00% | MEM: 44%
[worker2-zrt] CPU: 100.00% | MEM: 54%
[worker3-haz] CPU: 13.00% | MEM: 22%
----
[worker1-zzh] CPU: 100.00% | MEM: 42%
[worker2-zrt] CPU: 100.00% | MEM: 45%
[worker3-haz] CPU: 12.00% | MEM: 22%
----
[worker1-zzh] CPU: 100.00% | MEM: 44%
[worker2-zrt] CPU: 100.00% | MEM: 50%
[worker3-haz] CPU: 13.00% | MEM: 22%
----
[worker1-zzh] CPU: 100.00% | MEM: 40%
[worker2-zrt] CPU: 100.00% | MEM: 56%
[worker3-haz] CPU: 13.00% | MEM: 22%
----
[worker1-zzh] CPU: 100.00% | MEM: 42%
[worker2-zrt] CPU: 100.00% | MEM: 54%
[worker3-haz] CPU: 12.00% | MEM: 22%
----
[worker1-zzh] CPU: 100.00% | MEM: 44%
[worker2-zrt] CPU: 100.00% | MEM: 46%
[worker3-haz] CPU: 13.00% | MEM: 22%
----
[worker1-zzh] CPU: 11.00% | MEM: 30%
[worker2-zrt] CPU: 100.00% | MEM: 49%
[worker3-haz] CPU: 13.00% | MEM: 22%
----
[worker1-zzh] CPU: 28.00% | MEM: 30%
[worker2-zrt] CPU: 100.00% | MEM: 51%
[worker3-haz] CPU: 14.00% | MEM: 22%
----
[worker1-zzh] CPU: 12.00% | MEM: 29%
[worker2-zrt] CPU: 100.00% | MEM: 53%
[worker3-haz] CPU: 14.00% | MEM: 22%
----
[worker1-zzh] CPU: 10.00% | MEM: 29%
[worker2-zrt] CPU: 74.00% | MEM: 41%
[worker3-haz] CPU: 17.00% | MEM: 22%
----
[worker1-zzh] CPU: 11.00% | MEM: 29%
[worker2-zrt] CPU: 78.00% | MEM: 42%
[worker3-haz] CPU: 19.00% | MEM: 22%
----
[worker1-zzh] CPU: 12.00% | MEM: 29%
[worker2-zrt] CPU: 74.00% | MEM: 41%
[worker3-haz] CPU: 13.00% | MEM: 22%
----
[worker1-zzh] CPU: 15.00% | MEM: 29%
[worker2-zrt] CPU: 81.00% | MEM: 42%
[worker3-haz] CPU: 17.00% | MEM: 22%
----
[worker1-zzh] CPU: 11.00% | MEM: 29%
[worker2-zrt] CPU: 76.00% | MEM: 36%
[worker3-haz] CPU: 19.00% | MEM: 22%
----
