===== Running MapReduce Job =====
Input : /wiki100mb
Output: /_100mb
Slowstart: 0.5
Date  : 2025年 11月 28日 星期五 13:58:39 CST
=================================
2025-11-28 13:58:44,775 INFO client.DefaultNoHARMFailoverProxyProvider: Connecting to ResourceManager at master-wxl/192.168.10.104:8032
2025-11-28 13:58:45,278 INFO mapreduce.JobResourceUploader: Disabling Erasure Coding for path: /tmp/hadoop-yarn/staging/hadoop/.staging/job_1764264570892_0021
2025-11-28 13:58:46,077 INFO input.FileInputFormat: Total input files to process : 100
2025-11-28 13:58:46,400 INFO mapreduce.JobSubmitter: number of splits:100
2025-11-28 13:58:46,772 INFO mapreduce.JobSubmitter: Submitting tokens for job: job_1764264570892_0021
2025-11-28 13:58:46,772 INFO mapreduce.JobSubmitter: Executing with tokens: []
2025-11-28 13:58:47,056 INFO conf.Configuration: resource-types.xml not found
2025-11-28 13:58:47,056 INFO resource.ResourceUtils: Unable to find 'resource-types.xml'.
2025-11-28 13:58:47,134 INFO impl.YarnClientImpl: Submitted application application_1764264570892_0021
2025-11-28 13:58:47,192 INFO mapreduce.Job: The url to track the job: http://master-wxl:8088/proxy/application_1764264570892_0021/
2025-11-28 13:58:47,193 INFO mapreduce.Job: Running job: job_1764264570892_0021
2025-11-28 13:59:02,932 INFO mapreduce.Job: Job job_1764264570892_0021 running in uber mode : false
2025-11-28 13:59:02,934 INFO mapreduce.Job:  map 0% reduce 0%
2025-11-28 13:59:19,437 INFO mapreduce.Job:  map 2% reduce 0%
2025-11-28 13:59:20,966 INFO mapreduce.Job:  map 10% reduce 0%
2025-11-28 13:59:30,682 INFO mapreduce.Job:  map 11% reduce 0%
2025-11-28 13:59:31,732 INFO mapreduce.Job:  map 12% reduce 0%
2025-11-28 13:59:33,817 INFO mapreduce.Job:  map 14% reduce 0%
2025-11-28 13:59:34,832 INFO mapreduce.Job:  map 20% reduce 0%
2025-11-28 13:59:38,087 INFO mapreduce.Job:  map 22% reduce 0%
2025-11-28 13:59:44,288 INFO mapreduce.Job:  map 23% reduce 0%
2025-11-28 13:59:48,403 INFO mapreduce.Job:  map 28% reduce 0%
2025-11-28 13:59:49,438 INFO mapreduce.Job:  map 30% reduce 0%
2025-11-28 13:59:50,454 INFO mapreduce.Job:  map 32% reduce 0%
2025-11-28 13:59:55,675 INFO mapreduce.Job:  map 33% reduce 0%
2025-11-28 13:59:59,990 INFO mapreduce.Job:  map 35% reduce 0%
2025-11-28 14:00:01,034 INFO mapreduce.Job:  map 37% reduce 0%
2025-11-28 14:00:02,109 INFO mapreduce.Job:  map 38% reduce 0%
2025-11-28 14:00:03,148 INFO mapreduce.Job:  map 42% reduce 0%
2025-11-28 14:00:07,239 INFO mapreduce.Job:  map 43% reduce 0%
2025-11-28 14:00:08,252 INFO mapreduce.Job:  map 44% reduce 0%
2025-11-28 14:00:11,328 INFO mapreduce.Job:  map 46% reduce 0%
2025-11-28 14:00:12,360 INFO mapreduce.Job:  map 49% reduce 0%
2025-11-28 14:00:13,394 INFO mapreduce.Job:  map 52% reduce 0%
2025-11-28 14:00:14,429 INFO mapreduce.Job:  map 53% reduce 0%
2025-11-28 14:00:15,446 INFO mapreduce.Job:  map 56% reduce 0%
2025-11-28 14:00:16,460 INFO mapreduce.Job:  map 57% reduce 0%
2025-11-28 14:00:18,551 INFO mapreduce.Job:  map 59% reduce 0%
2025-11-28 14:00:21,043 INFO mapreduce.Job:  map 60% reduce 0%
2025-11-28 14:00:23,220 INFO mapreduce.Job:  map 61% reduce 0%
2025-11-28 14:00:24,261 INFO mapreduce.Job:  map 63% reduce 0%
2025-11-28 14:00:25,276 INFO mapreduce.Job:  map 65% reduce 0%
2025-11-28 14:00:27,537 INFO mapreduce.Job:  map 68% reduce 0%
2025-11-28 14:00:28,606 INFO mapreduce.Job:  map 70% reduce 0%
2025-11-28 14:00:33,789 INFO mapreduce.Job:  map 71% reduce 0%
2025-11-28 14:00:36,871 INFO mapreduce.Job:  map 72% reduce 0%
2025-11-28 14:00:37,903 INFO mapreduce.Job:  map 73% reduce 0%
2025-11-28 14:00:38,944 INFO mapreduce.Job:  map 75% reduce 0%
2025-11-28 14:00:39,967 INFO mapreduce.Job:  map 77% reduce 0%
2025-11-28 14:00:40,986 INFO mapreduce.Job:  map 80% reduce 0%
2025-11-28 14:00:46,200 INFO mapreduce.Job:  map 81% reduce 0%
2025-11-28 14:00:50,306 INFO mapreduce.Job:  map 83% reduce 0%
2025-11-28 14:00:51,321 INFO mapreduce.Job:  map 84% reduce 0%
2025-11-28 14:00:52,349 INFO mapreduce.Job:  map 85% reduce 0%
2025-11-28 14:00:53,378 INFO mapreduce.Job:  map 88% reduce 0%
2025-11-28 14:00:54,417 INFO mapreduce.Job:  map 91% reduce 0%
2025-11-28 14:00:55,437 INFO mapreduce.Job:  map 93% reduce 0%
2025-11-28 14:01:10,921 INFO mapreduce.Job:  map 94% reduce 0%
2025-11-28 14:01:14,018 INFO mapreduce.Job:  map 94% reduce 31%
2025-11-28 14:01:21,243 INFO mapreduce.Job:  map 95% reduce 31%
2025-11-28 14:01:23,294 INFO mapreduce.Job:  map 96% reduce 31%
2025-11-28 14:01:24,314 INFO mapreduce.Job:  map 97% reduce 31%
2025-11-28 14:01:25,374 INFO mapreduce.Job:  map 98% reduce 31%
2025-11-28 14:01:28,457 INFO mapreduce.Job:  map 98% reduce 32%
2025-11-28 14:01:32,525 INFO mapreduce.Job:  map 99% reduce 32%
2025-11-28 14:01:33,575 INFO mapreduce.Job:  map 100% reduce 32%
2025-11-28 14:01:34,595 INFO mapreduce.Job:  map 100% reduce 33%
2025-11-28 14:01:40,704 INFO mapreduce.Job:  map 100% reduce 68%
2025-11-28 14:01:45,823 INFO mapreduce.Job:  map 100% reduce 100%
2025-11-28 14:01:46,854 INFO mapreduce.Job: Job job_1764264570892_0021 completed successfully
2025-11-28 14:01:47,145 INFO mapreduce.Job: Counters: 55
	File System Counters
		FILE: Number of bytes read=45809982
		FILE: Number of bytes written=119507396
		FILE: Number of read operations=0
		FILE: Number of large read operations=0
		FILE: Number of write operations=0
		HDFS: Number of bytes read=102952540
		HDFS: Number of bytes written=9704043
		HDFS: Number of read operations=305
		HDFS: Number of large read operations=0
		HDFS: Number of write operations=2
		HDFS: Number of bytes read erasure-coded=0
	Job Counters 
		Killed map tasks=3
		Launched map tasks=102
		Launched reduce tasks=1
		Data-local map tasks=102
		Total time spent by all maps in occupied slots (ms)=3990344
		Total time spent by all reduces in occupied slots (ms)=175362
		Total time spent by all map tasks (ms)=1995172
		Total time spent by all reduce tasks (ms)=87681
		Total vcore-milliseconds taken by all map tasks=1995172
		Total vcore-milliseconds taken by all reduce tasks=87681
		Total megabyte-milliseconds taken by all map tasks=2043056128
		Total megabyte-milliseconds taken by all reduce tasks=89785344
	Map-Reduce Framework
		Map input records=325576
		Map output records=16208667
		Map output bytes=167752154
		Map output materialized bytes=45810576
		Input split bytes=10800
		Combine input records=16208667
		Combine output records=3055995
		Reduce input groups=781397
		Reduce shuffle bytes=45810576
		Reduce input records=3055995
		Reduce output records=781397
		Spilled Records=6111990
		Shuffled Maps =100
		Failed Shuffles=0
		Merged Map outputs=100
		GC time elapsed (ms)=35443
		CPU time spent (ms)=125670
		Physical memory (bytes) snapshot=32315281408
		Virtual memory (bytes) snapshot=261792423936
		Total committed heap usage (bytes)=30689722368
		Peak Map Physical memory (bytes)=343416832
		Peak Map Virtual memory (bytes)=2803462144
		Peak Reduce Physical memory (bytes)=281853952
		Peak Reduce Virtual memory (bytes)=2798817280
	Shuffle Errors
		BAD_ID=0
		CONNECTION=0
		IO_ERROR=0
		WRONG_LENGTH=0
		WRONG_MAP=0
		WRONG_REDUCE=0
	File Input Format Counters 
		Bytes Read=102941740
	File Output Format Counters 
		Bytes Written=9704043
