===== Running MapReduce Job =====
Input : /wiki500mb
Output: /_500mb
Slowstart: 0.4
Date  : 2025年 11月 28日 星期五 23:05:38 CST
=================================
2025-11-28 23:05:41,049 INFO client.DefaultNoHARMFailoverProxyProvider: Connecting to ResourceManager at master-wxl/192.168.10.104:8032
2025-11-28 23:05:41,373 INFO mapreduce.JobResourceUploader: Disabling Erasure Coding for path: /tmp/hadoop-yarn/staging/hadoop/.staging/job_1764325814997_0035
2025-11-28 23:05:42,485 INFO input.FileInputFormat: Total input files to process : 500
2025-11-28 23:05:43,777 INFO mapreduce.JobSubmitter: number of splits:500
2025-11-28 23:05:44,129 INFO mapreduce.JobSubmitter: Submitting tokens for job: job_1764325814997_0035
2025-11-28 23:05:44,129 INFO mapreduce.JobSubmitter: Executing with tokens: []
2025-11-28 23:05:44,371 INFO conf.Configuration: resource-types.xml not found
2025-11-28 23:05:44,372 INFO resource.ResourceUtils: Unable to find 'resource-types.xml'.
2025-11-28 23:05:44,446 INFO impl.YarnClientImpl: Submitted application application_1764325814997_0035
2025-11-28 23:05:44,495 INFO mapreduce.Job: The url to track the job: http://master-wxl:8088/proxy/application_1764325814997_0035/
2025-11-28 23:05:44,496 INFO mapreduce.Job: Running job: job_1764325814997_0035
2025-11-28 23:05:55,944 INFO mapreduce.Job: Job job_1764325814997_0035 running in uber mode : false
2025-11-28 23:05:55,946 INFO mapreduce.Job:  map 0% reduce 0%
2025-11-28 23:06:10,818 INFO mapreduce.Job:  map 2% reduce 0%
2025-11-28 23:06:23,315 INFO mapreduce.Job:  map 3% reduce 0%
2025-11-28 23:06:24,369 INFO mapreduce.Job:  map 4% reduce 0%
2025-11-28 23:06:36,745 INFO mapreduce.Job:  map 5% reduce 0%
2025-11-28 23:06:37,768 INFO mapreduce.Job:  map 6% reduce 0%
2025-11-28 23:06:43,897 INFO mapreduce.Job:  map 7% reduce 0%
2025-11-28 23:06:49,002 INFO mapreduce.Job:  map 8% reduce 0%
2025-11-28 23:06:51,040 INFO mapreduce.Job:  map 10% reduce 0%
2025-11-28 23:07:03,465 INFO mapreduce.Job:  map 11% reduce 0%
2025-11-28 23:07:04,499 INFO mapreduce.Job:  map 12% reduce 0%
2025-11-28 23:07:14,808 INFO mapreduce.Job:  map 13% reduce 0%
2025-11-28 23:07:16,873 INFO mapreduce.Job:  map 14% reduce 0%
2025-11-28 23:07:27,299 INFO mapreduce.Job:  map 15% reduce 0%
2025-11-28 23:07:29,433 INFO mapreduce.Job:  map 16% reduce 0%
2025-11-28 23:07:37,643 INFO mapreduce.Job:  map 17% reduce 0%
2025-11-28 23:07:40,695 INFO mapreduce.Job:  map 18% reduce 0%
2025-11-28 23:07:42,736 INFO mapreduce.Job:  map 19% reduce 0%
2025-11-28 23:07:47,842 INFO mapreduce.Job:  map 20% reduce 0%
2025-11-28 23:07:53,053 INFO mapreduce.Job:  map 21% reduce 0%
2025-11-28 23:07:56,117 INFO mapreduce.Job:  map 22% reduce 0%
2025-11-28 23:08:04,338 INFO mapreduce.Job:  map 23% reduce 0%
2025-11-28 23:08:08,493 INFO mapreduce.Job:  map 24% reduce 0%
2025-11-28 23:08:17,719 INFO mapreduce.Job:  map 25% reduce 0%
2025-11-28 23:08:20,804 INFO mapreduce.Job:  map 26% reduce 0%
2025-11-28 23:08:27,955 INFO mapreduce.Job:  map 27% reduce 0%
2025-11-28 23:08:31,047 INFO mapreduce.Job:  map 28% reduce 0%
2025-11-28 23:08:35,135 INFO mapreduce.Job:  map 29% reduce 0%
2025-11-28 23:08:40,391 INFO mapreduce.Job:  map 30% reduce 0%
2025-11-28 23:08:44,507 INFO mapreduce.Job:  map 31% reduce 0%
2025-11-28 23:08:50,701 INFO mapreduce.Job:  map 32% reduce 0%
2025-11-28 23:08:55,866 INFO mapreduce.Job:  map 33% reduce 0%
2025-11-28 23:09:04,030 INFO mapreduce.Job:  map 34% reduce 0%
2025-11-28 23:09:09,168 INFO mapreduce.Job:  map 35% reduce 0%
2025-11-28 23:09:14,325 INFO mapreduce.Job:  map 36% reduce 0%
2025-11-28 23:09:19,430 INFO mapreduce.Job:  map 37% reduce 0%
2025-11-28 23:09:22,490 INFO mapreduce.Job:  map 38% reduce 0%
2025-11-28 23:09:28,643 INFO mapreduce.Job:  map 39% reduce 0%
2025-11-28 23:09:32,725 INFO mapreduce.Job:  map 40% reduce 0%
2025-11-28 23:09:33,756 INFO mapreduce.Job:  map 41% reduce 0%
2025-11-28 23:09:42,076 INFO mapreduce.Job:  map 42% reduce 0%
2025-11-28 23:09:46,206 INFO mapreduce.Job:  map 43% reduce 0%
2025-11-28 23:09:54,452 INFO mapreduce.Job:  map 44% reduce 0%
2025-11-28 23:09:56,518 INFO mapreduce.Job:  map 44% reduce 15%
2025-11-28 23:10:02,696 INFO mapreduce.Job:  map 45% reduce 15%
2025-11-28 23:10:06,766 INFO mapreduce.Job:  map 46% reduce 15%
2025-11-28 23:10:13,930 INFO mapreduce.Job:  map 47% reduce 15%
2025-11-28 23:10:14,950 INFO mapreduce.Job:  map 47% reduce 16%
2025-11-28 23:10:17,013 INFO mapreduce.Job:  map 48% reduce 16%
2025-11-28 23:10:19,072 INFO mapreduce.Job:  map 49% reduce 16%
2025-11-28 23:10:27,264 INFO mapreduce.Job:  map 50% reduce 16%
2025-11-28 23:10:30,352 INFO mapreduce.Job:  map 51% reduce 16%
2025-11-28 23:10:33,401 INFO mapreduce.Job:  map 51% reduce 17%
2025-11-28 23:10:35,455 INFO mapreduce.Job:  map 52% reduce 17%
2025-11-28 23:10:39,572 INFO mapreduce.Job:  map 53% reduce 17%
2025-11-28 23:10:45,705 INFO mapreduce.Job:  map 53% reduce 18%
2025-11-28 23:10:47,763 INFO mapreduce.Job:  map 54% reduce 18%
2025-11-28 23:10:52,926 INFO mapreduce.Job:  map 55% reduce 18%
2025-11-28 23:10:58,045 INFO mapreduce.Job:  map 56% reduce 18%
2025-11-28 23:11:03,180 INFO mapreduce.Job:  map 57% reduce 19%
2025-11-28 23:11:07,276 INFO mapreduce.Job:  map 58% reduce 19%
2025-11-28 23:11:13,434 INFO mapreduce.Job:  map 59% reduce 19%
2025-11-28 23:11:15,478 INFO mapreduce.Job:  map 59% reduce 20%
2025-11-28 23:11:18,546 INFO mapreduce.Job:  map 60% reduce 20%
2025-11-28 23:11:21,618 INFO mapreduce.Job:  map 61% reduce 20%
2025-11-28 23:11:25,664 INFO mapreduce.Job:  map 62% reduce 20%
2025-11-28 23:11:27,709 INFO mapreduce.Job:  map 62% reduce 21%
2025-11-28 23:11:31,824 INFO mapreduce.Job:  map 63% reduce 21%
2025-11-28 23:11:36,929 INFO mapreduce.Job:  map 64% reduce 21%
2025-11-28 23:11:44,114 INFO mapreduce.Job:  map 65% reduce 21%
2025-11-28 23:11:48,183 INFO mapreduce.Job:  map 66% reduce 21%
2025-11-28 23:11:52,277 INFO mapreduce.Job:  map 66% reduce 22%
2025-11-28 23:11:57,429 INFO mapreduce.Job:  map 67% reduce 22%
2025-11-28 23:11:59,476 INFO mapreduce.Job:  map 68% reduce 22%
2025-11-28 23:12:03,623 INFO mapreduce.Job:  map 69% reduce 23%
2025-11-28 23:12:08,768 INFO mapreduce.Job:  map 70% reduce 23%
2025-11-28 23:12:13,915 INFO mapreduce.Job:  map 71% reduce 23%
2025-11-28 23:12:15,969 INFO mapreduce.Job:  map 71% reduce 24%
2025-11-28 23:12:19,040 INFO mapreduce.Job:  map 72% reduce 24%
2025-11-28 23:12:24,173 INFO mapreduce.Job:  map 73% reduce 24%
2025-11-28 23:12:29,275 INFO mapreduce.Job:  map 74% reduce 24%
2025-11-28 23:12:34,386 INFO mapreduce.Job:  map 74% reduce 25%
2025-11-28 23:12:35,408 INFO mapreduce.Job:  map 75% reduce 25%
2025-11-28 23:12:39,489 INFO mapreduce.Job:  map 76% reduce 25%
2025-11-28 23:12:45,615 INFO mapreduce.Job:  map 77% reduce 25%
2025-11-28 23:12:50,737 INFO mapreduce.Job:  map 78% reduce 25%
2025-11-28 23:12:51,751 INFO mapreduce.Job:  map 78% reduce 26%
2025-11-28 23:12:53,817 INFO mapreduce.Job:  map 79% reduce 26%
2025-11-28 23:12:57,894 INFO mapreduce.Job:  map 80% reduce 26%
2025-11-28 23:13:03,037 INFO mapreduce.Job:  map 81% reduce 26%
2025-11-28 23:13:04,057 INFO mapreduce.Job:  map 81% reduce 27%
2025-11-28 23:13:08,121 INFO mapreduce.Job:  map 82% reduce 27%
2025-11-28 23:13:13,251 INFO mapreduce.Job:  map 83% reduce 27%
2025-11-28 23:13:16,310 INFO mapreduce.Job:  map 83% reduce 28%
2025-11-28 23:13:19,374 INFO mapreduce.Job:  map 84% reduce 28%
2025-11-28 23:13:25,547 INFO mapreduce.Job:  map 85% reduce 28%
2025-11-28 23:13:30,202 INFO mapreduce.Job:  map 86% reduce 28%
2025-11-28 23:13:34,337 INFO mapreduce.Job:  map 86% reduce 29%
2025-11-28 23:13:36,389 INFO mapreduce.Job:  map 87% reduce 29%
2025-11-28 23:13:41,547 INFO mapreduce.Job:  map 88% reduce 29%
2025-11-28 23:13:45,658 INFO mapreduce.Job:  map 89% reduce 29%
2025-11-28 23:13:50,756 INFO mapreduce.Job:  map 90% reduce 29%
2025-11-28 23:13:51,781 INFO mapreduce.Job:  map 90% reduce 30%
2025-11-28 23:13:52,823 INFO mapreduce.Job:  map 91% reduce 30%
2025-11-28 23:13:59,963 INFO mapreduce.Job:  map 92% reduce 30%
2025-11-28 23:14:01,985 INFO mapreduce.Job:  map 93% reduce 30%
2025-11-28 23:14:04,031 INFO mapreduce.Job:  map 93% reduce 31%
2025-11-28 23:14:11,154 INFO mapreduce.Job:  map 94% reduce 31%
2025-11-28 23:14:13,339 INFO mapreduce.Job:  map 95% reduce 31%
2025-11-28 23:14:16,431 INFO mapreduce.Job:  map 95% reduce 32%
2025-11-28 23:14:22,599 INFO mapreduce.Job:  map 96% reduce 32%
2025-11-28 23:14:24,650 INFO mapreduce.Job:  map 97% reduce 32%
2025-11-28 23:14:31,771 INFO mapreduce.Job:  map 98% reduce 32%
2025-11-28 23:14:32,799 INFO mapreduce.Job:  map 99% reduce 32%
2025-11-28 23:14:34,833 INFO mapreduce.Job:  map 99% reduce 33%
2025-11-28 23:14:49,182 INFO mapreduce.Job:  map 100% reduce 33%
2025-11-28 23:14:58,339 INFO mapreduce.Job:  map 100% reduce 67%
2025-11-28 23:15:04,940 INFO mapreduce.Job:  map 100% reduce 99%
2025-11-28 23:15:06,044 INFO mapreduce.Job:  map 100% reduce 100%
2025-11-28 23:15:07,162 INFO mapreduce.Job: Job job_1764325814997_0035 completed successfully
2025-11-28 23:15:07,273 INFO mapreduce.Job: Counters: 55
	File System Counters
		FILE: Number of bytes read=251889013
		FILE: Number of bytes written=642111458
		FILE: Number of read operations=0
		FILE: Number of large read operations=0
		FILE: Number of write operations=0
		HDFS: Number of bytes read=519258733
		HDFS: Number of bytes written=47092714
		HDFS: Number of read operations=1505
		HDFS: Number of large read operations=0
		HDFS: Number of write operations=2
		HDFS: Number of bytes read erasure-coded=0
	Job Counters 
		Killed map tasks=2
		Launched map tasks=501
		Launched reduce tasks=1
		Data-local map tasks=501
		Total time spent by all maps in occupied slots (ms)=16758050
		Total time spent by all reduces in occupied slots (ms)=655762
		Total time spent by all map tasks (ms)=8379025
		Total time spent by all reduce tasks (ms)=327881
		Total vcore-milliseconds taken by all map tasks=8379025
		Total vcore-milliseconds taken by all reduce tasks=327881
		Total megabyte-milliseconds taken by all map tasks=8580121600
		Total megabyte-milliseconds taken by all reduce tasks=335750144
	Map-Reduce Framework
		Map input records=2870091
		Map output records=80936717
		Map output bytes=842322768
		Map output materialized bytes=251892007
		Input split bytes=54000
		Combine input records=80936717
		Combine output records=16369856
		Reduce input groups=3027590
		Reduce shuffle bytes=251892007
		Reduce input records=16369856
		Reduce output records=3027590
		Spilled Records=32739712
		Shuffled Maps =500
		Failed Shuffles=0
		Merged Map outputs=500
		GC time elapsed (ms)=147761
		CPU time spent (ms)=614410
		Physical memory (bytes) snapshot=163071647744
		Virtual memory (bytes) snapshot=1300759928832
		Total committed heap usage (bytes)=152162533376
		Peak Map Physical memory (bytes)=486219776
		Peak Map Virtual memory (bytes)=2803707904
		Peak Reduce Physical memory (bytes)=622395392
		Peak Reduce Virtual memory (bytes)=2565808128
	Shuffle Errors
		BAD_ID=0
		CONNECTION=0
		IO_ERROR=0
		WRONG_LENGTH=0
		WRONG_MAP=0
		WRONG_REDUCE=0
	File Input Format Counters 
		Bytes Read=519204733
	File Output Format Counters 
		Bytes Written=47092714
[INFO] MapReduce job finished.
[INFO] Monitor stopped.
