===== Running MapReduce Job =====
Input : /wiki1G/AA/*
Output: /_100mb
Slowstart: 1.0
Date  : 2025年 11月 27日 星期四 23:51:48 CST
=================================
2025-11-27 23:51:51,678 INFO client.DefaultNoHARMFailoverProxyProvider: Connecting to ResourceManager at master-wxl/192.168.10.104:8032
2025-11-27 23:51:52,001 INFO mapreduce.JobResourceUploader: Disabling Erasure Coding for path: /tmp/hadoop-yarn/staging/hadoop/.staging/job_1764252094441_0013
2025-11-27 23:51:52,387 INFO input.FileInputFormat: Total input files to process : 100
2025-11-27 23:51:52,920 INFO mapreduce.JobSubmitter: number of splits:100
2025-11-27 23:51:53,197 INFO mapreduce.JobSubmitter: Submitting tokens for job: job_1764252094441_0013
2025-11-27 23:51:53,197 INFO mapreduce.JobSubmitter: Executing with tokens: []
2025-11-27 23:51:53,384 INFO conf.Configuration: resource-types.xml not found
2025-11-27 23:51:53,384 INFO resource.ResourceUtils: Unable to find 'resource-types.xml'.
2025-11-27 23:51:53,514 INFO impl.YarnClientImpl: Submitted application application_1764252094441_0013
2025-11-27 23:51:53,561 INFO mapreduce.Job: The url to track the job: http://master-wxl:8088/proxy/application_1764252094441_0013/
2025-11-27 23:51:53,562 INFO mapreduce.Job: Running job: job_1764252094441_0013
2025-11-27 23:51:57,614 INFO mapreduce.Job: Job job_1764252094441_0013 running in uber mode : false
2025-11-27 23:51:57,615 INFO mapreduce.Job:  map 0% reduce 0%
2025-11-27 23:52:07,777 INFO mapreduce.Job:  map 1% reduce 0%
2025-11-27 23:52:08,796 INFO mapreduce.Job:  map 8% reduce 0%
2025-11-27 23:52:18,925 INFO mapreduce.Job:  map 16% reduce 0%
2025-11-27 23:52:28,036 INFO mapreduce.Job:  map 22% reduce 0%
2025-11-27 23:52:29,050 INFO mapreduce.Job:  map 24% reduce 0%
2025-11-27 23:52:36,141 INFO mapreduce.Job:  map 25% reduce 0%
2025-11-27 23:52:37,152 INFO mapreduce.Job:  map 26% reduce 0%
2025-11-27 23:52:38,166 INFO mapreduce.Job:  map 30% reduce 0%
2025-11-27 23:52:39,179 INFO mapreduce.Job:  map 32% reduce 0%
2025-11-27 23:52:43,551 INFO mapreduce.Job:  map 33% reduce 0%
2025-11-27 23:52:44,564 INFO mapreduce.Job:  map 34% reduce 0%
2025-11-27 23:52:48,612 INFO mapreduce.Job:  map 38% reduce 0%
2025-11-27 23:52:49,623 INFO mapreduce.Job:  map 40% reduce 0%
2025-11-27 23:52:50,676 INFO mapreduce.Job:  map 46% reduce 0%
2025-11-27 23:52:51,687 INFO mapreduce.Job:  map 47% reduce 0%
2025-11-27 23:52:52,699 INFO mapreduce.Job:  map 49% reduce 0%
2025-11-27 23:52:53,715 INFO mapreduce.Job:  map 53% reduce 0%
2025-11-27 23:52:54,728 INFO mapreduce.Job:  map 54% reduce 0%
2025-11-27 23:52:57,766 INFO mapreduce.Job:  map 58% reduce 0%
2025-11-27 23:52:58,780 INFO mapreduce.Job:  map 62% reduce 0%
2025-11-27 23:52:59,794 INFO mapreduce.Job:  map 64% reduce 0%
2025-11-27 23:53:00,805 INFO mapreduce.Job:  map 65% reduce 0%
2025-11-27 23:53:01,817 INFO mapreduce.Job:  map 66% reduce 0%
2025-11-27 23:53:02,830 INFO mapreduce.Job:  map 67% reduce 0%
2025-11-27 23:53:06,881 INFO mapreduce.Job:  map 69% reduce 0%
2025-11-27 23:53:07,894 INFO mapreduce.Job:  map 71% reduce 0%
2025-11-27 23:53:08,907 INFO mapreduce.Job:  map 73% reduce 0%
2025-11-27 23:53:09,918 INFO mapreduce.Job:  map 74% reduce 0%
2025-11-27 23:53:11,941 INFO mapreduce.Job:  map 75% reduce 0%
2025-11-27 23:53:14,975 INFO mapreduce.Job:  map 76% reduce 0%
2025-11-27 23:53:15,988 INFO mapreduce.Job:  map 78% reduce 0%
2025-11-27 23:53:17,002 INFO mapreduce.Job:  map 80% reduce 0%
2025-11-27 23:53:18,013 INFO mapreduce.Job:  map 82% reduce 0%
2025-11-27 23:53:19,028 INFO mapreduce.Job:  map 83% reduce 0%
2025-11-27 23:53:33,201 INFO mapreduce.Job:  map 84% reduce 0%
2025-11-27 23:53:47,607 INFO mapreduce.Job:  map 85% reduce 0%
2025-11-27 23:53:49,628 INFO mapreduce.Job:  map 86% reduce 0%
2025-11-27 23:53:50,639 INFO mapreduce.Job:  map 87% reduce 0%
2025-11-27 23:53:52,661 INFO mapreduce.Job:  map 89% reduce 0%
2025-11-27 23:53:53,671 INFO mapreduce.Job:  map 92% reduce 0%
2025-11-27 23:53:54,681 INFO mapreduce.Job:  map 93% reduce 0%
2025-11-27 23:53:55,694 INFO mapreduce.Job:  map 94% reduce 0%
2025-11-27 23:53:57,715 INFO mapreduce.Job:  map 97% reduce 0%
2025-11-27 23:53:58,726 INFO mapreduce.Job:  map 98% reduce 0%
2025-11-27 23:53:59,742 INFO mapreduce.Job:  map 100% reduce 0%
2025-11-27 23:54:21,109 INFO mapreduce.Job:  map 100% reduce 100%
2025-11-27 23:54:21,136 INFO mapreduce.Job: Job job_1764252094441_0013 completed successfully
2025-11-27 23:54:21,225 INFO mapreduce.Job: Counters: 55
	File System Counters
		FILE: Number of bytes read=45809982
		FILE: Number of bytes written=119488715
		FILE: Number of read operations=0
		FILE: Number of large read operations=0
		FILE: Number of write operations=0
		HDFS: Number of bytes read=102952240
		HDFS: Number of bytes written=9704043
		HDFS: Number of read operations=305
		HDFS: Number of large read operations=0
		HDFS: Number of write operations=2
		HDFS: Number of bytes read erasure-coded=0
	Job Counters 
		Killed map tasks=3
		Launched map tasks=102
		Launched reduce tasks=1
		Data-local map tasks=102
		Total time spent by all maps in occupied slots (ms)=5021052
		Total time spent by all reduces in occupied slots (ms)=34628
		Total time spent by all map tasks (ms)=2510526
		Total time spent by all reduce tasks (ms)=17314
		Total vcore-milliseconds taken by all map tasks=2510526
		Total vcore-milliseconds taken by all reduce tasks=17314
		Total megabyte-milliseconds taken by all map tasks=2570778624
		Total megabyte-milliseconds taken by all reduce tasks=17729536
	Map-Reduce Framework
		Map input records=325576
		Map output records=16208667
		Map output bytes=167752154
		Map output materialized bytes=45810576
		Input split bytes=10500
		Combine input records=16208667
		Combine output records=3055995
		Reduce input groups=781397
		Reduce shuffle bytes=45810576
		Reduce input records=3055995
		Reduce output records=781397
		Spilled Records=6111990
		Shuffled Maps =100
		Failed Shuffles=0
		Merged Map outputs=100
		GC time elapsed (ms)=39489
		CPU time spent (ms)=173220
		Physical memory (bytes) snapshot=33385115648
		Virtual memory (bytes) snapshot=261566013440
		Total committed heap usage (bytes)=30737432576
		Peak Map Physical memory (bytes)=482717696
		Peak Map Virtual memory (bytes)=2802253824
		Peak Reduce Physical memory (bytes)=257032192
		Peak Reduce Virtual memory (bytes)=2794414080
	Shuffle Errors
		BAD_ID=0
		CONNECTION=0
		IO_ERROR=0
		WRONG_LENGTH=0
		WRONG_MAP=0
		WRONG_REDUCE=0
	File Input Format Counters 
		Bytes Read=102941740
	File Output Format Counters 
		Bytes Written=9704043
