===== Real Performance Monitor Started at 2025年 11月 27日 星期四 23:51:47 CST =====
[worker1-zzh] CPU: 10.00% | MEM: 19%
[worker2-zrt] CPU: 40.00% | MEM: 68%
[worker3-haz] CPU: 24.00% | MEM: 26%
----
[worker1-zzh] CPU: 58.00% | MEM: 27%
[worker2-zrt] CPU: 100.00% | MEM: 72%
[worker3-haz] CPU: 100.00% | MEM: 33%
----
[worker1-zzh] CPU: 100.00% | MEM: 44%
[worker2-zrt] CPU: 100.00% | MEM: 76%
[worker3-haz] CPU: 100.00% | MEM: 36%
----
[worker1-zzh] CPU: 100.00% | MEM: 29%
[worker2-zrt] CPU: 100.00% | MEM: 81%
[worker3-haz] CPU: 100.00% | MEM: 52%
----
[worker1-zzh] CPU: 100.00% | MEM: 40%
[worker2-zrt] CPU: 100.00% | MEM: 95%
[worker3-haz] CPU: 100.00% | MEM: 53%
----
[worker1-zzh] CPU: 100.00% | MEM: 31%
[worker2-zrt] CPU: 100.00% | MEM: 73%
[worker3-haz] CPU: 100.00% | MEM: 33%
----
[worker1-zzh] CPU: 99.00% | MEM: 27%
[worker2-zrt] CPU: 100.00% | MEM: 76%
[worker3-haz] CPU: 100.00% | MEM: 37%
----
[worker1-zzh] CPU: 54.00% | MEM: 24%
[worker2-zrt] CPU: 100.00% | MEM: 80%
[worker3-haz] CPU: 100.00% | MEM: 43%
----
[worker1-zzh] CPU: 10.00% | MEM: 23%
[worker2-zrt] CPU: 100.00% | MEM: 90%
[worker3-haz] CPU: 100.00% | MEM: 49%
----
[worker1-zzh] CPU: 12.00% | MEM: 22%
[worker2-zrt] CPU: 51.00% | MEM: 69%
[worker3-haz] CPU: 26.00% | MEM: 25%
----
[worker1-zzh] CPU: 12.00% | MEM: 23%
[worker2-zrt] CPU: 100.00% | MEM: 71%
[worker3-haz] CPU: 25.00% | MEM: 25%
----
[worker1-zzh] CPU: 10.00% | MEM: 23%
[worker2-zrt] CPU: 95.00% | MEM: 71%
[worker3-haz] CPU: 34.00% | MEM: 25%
----
