===== Running MapReduce Job =====
Input : /wiki500mb
Output: /_500mb
Slowstart: 0.2
Date  : 2025年 11月 28日 星期五 13:02:03 CST
=================================
2025-11-28 13:02:07,754 INFO client.DefaultNoHARMFailoverProxyProvider: Connecting to ResourceManager at master-wxl/192.168.10.104:8032
2025-11-28 13:02:08,148 INFO mapreduce.JobResourceUploader: Disabling Erasure Coding for path: /tmp/hadoop-yarn/staging/hadoop/.staging/job_1764264570892_0016
2025-11-28 13:02:08,968 INFO input.FileInputFormat: Total input files to process : 500
2025-11-28 13:02:09,304 INFO mapreduce.JobSubmitter: number of splits:500
2025-11-28 13:02:09,609 INFO mapreduce.JobSubmitter: Submitting tokens for job: job_1764264570892_0016
2025-11-28 13:02:09,609 INFO mapreduce.JobSubmitter: Executing with tokens: []
2025-11-28 13:02:09,916 INFO conf.Configuration: resource-types.xml not found
2025-11-28 13:02:09,917 INFO resource.ResourceUtils: Unable to find 'resource-types.xml'.
2025-11-28 13:02:10,105 INFO impl.YarnClientImpl: Submitted application application_1764264570892_0016
2025-11-28 13:02:10,178 INFO mapreduce.Job: The url to track the job: http://master-wxl:8088/proxy/application_1764264570892_0016/
2025-11-28 13:02:10,178 INFO mapreduce.Job: Running job: job_1764264570892_0016
2025-11-28 13:02:26,906 INFO mapreduce.Job: Job job_1764264570892_0016 running in uber mode : false
2025-11-28 13:02:26,907 INFO mapreduce.Job:  map 0% reduce 0%
2025-11-28 13:02:45,011 INFO mapreduce.Job:  map 2% reduce 0%
2025-11-28 13:03:00,007 INFO mapreduce.Job:  map 4% reduce 0%
2025-11-28 13:03:11,378 INFO mapreduce.Job:  map 5% reduce 0%
2025-11-28 13:03:14,763 INFO mapreduce.Job:  map 6% reduce 0%
2025-11-28 13:03:24,292 INFO mapreduce.Job:  map 7% reduce 0%
2025-11-28 13:03:27,593 INFO mapreduce.Job:  map 8% reduce 0%
2025-11-28 13:03:38,048 INFO mapreduce.Job:  map 9% reduce 0%
2025-11-28 13:03:42,294 INFO mapreduce.Job:  map 10% reduce 0%
2025-11-28 13:03:50,525 INFO mapreduce.Job:  map 11% reduce 0%
2025-11-28 13:03:54,655 INFO mapreduce.Job:  map 12% reduce 0%
2025-11-28 13:04:03,954 INFO mapreduce.Job:  map 13% reduce 0%
2025-11-28 13:04:07,014 INFO mapreduce.Job:  map 14% reduce 0%
2025-11-28 13:04:16,259 INFO mapreduce.Job:  map 15% reduce 0%
2025-11-28 13:04:19,334 INFO mapreduce.Job:  map 16% reduce 0%
2025-11-28 13:04:20,369 INFO mapreduce.Job:  map 17% reduce 0%
2025-11-28 13:04:25,446 INFO mapreduce.Job:  map 18% reduce 0%
2025-11-28 13:04:32,711 INFO mapreduce.Job:  map 19% reduce 0%
2025-11-28 13:04:34,745 INFO mapreduce.Job:  map 20% reduce 0%
2025-11-28 13:04:46,021 INFO mapreduce.Job:  map 21% reduce 0%
2025-11-28 13:04:48,119 INFO mapreduce.Job:  map 22% reduce 0%
2025-11-28 13:04:58,365 INFO mapreduce.Job:  map 23% reduce 0%
2025-11-28 13:05:02,481 INFO mapreduce.Job:  map 24% reduce 0%
2025-11-28 13:05:05,597 INFO mapreduce.Job:  map 24% reduce 8%
2025-11-28 13:05:10,693 INFO mapreduce.Job:  map 25% reduce 8%
2025-11-28 13:05:19,955 INFO mapreduce.Job:  map 26% reduce 8%
2025-11-28 13:05:24,051 INFO mapreduce.Job:  map 27% reduce 9%
2025-11-28 13:05:25,070 INFO mapreduce.Job:  map 28% reduce 9%
2025-11-28 13:05:34,311 INFO mapreduce.Job:  map 29% reduce 9%
2025-11-28 13:05:36,345 INFO mapreduce.Job:  map 30% reduce 9%
2025-11-28 13:05:40,445 INFO mapreduce.Job:  map 31% reduce 9%
2025-11-28 13:05:42,481 INFO mapreduce.Job:  map 31% reduce 10%
2025-11-28 13:05:48,574 INFO mapreduce.Job:  map 32% reduce 10%
2025-11-28 13:05:51,664 INFO mapreduce.Job:  map 33% reduce 10%
2025-11-28 13:05:54,733 INFO mapreduce.Job:  map 33% reduce 11%
2025-11-28 13:05:59,923 INFO mapreduce.Job:  map 34% reduce 11%
2025-11-28 13:06:06,110 INFO mapreduce.Job:  map 35% reduce 11%
2025-11-28 13:06:12,286 INFO mapreduce.Job:  map 35% reduce 12%
2025-11-28 13:06:13,321 INFO mapreduce.Job:  map 36% reduce 12%
2025-11-28 13:06:20,481 INFO mapreduce.Job:  map 37% reduce 12%
2025-11-28 13:06:26,657 INFO mapreduce.Job:  map 38% reduce 12%
2025-11-28 13:06:30,756 INFO mapreduce.Job:  map 39% reduce 13%
2025-11-28 13:06:40,030 INFO mapreduce.Job:  map 40% reduce 13%
2025-11-28 13:06:41,043 INFO mapreduce.Job:  map 41% reduce 13%
2025-11-28 13:06:43,075 INFO mapreduce.Job:  map 41% reduce 14%
2025-11-28 13:06:47,364 INFO mapreduce.Job:  map 42% reduce 14%
2025-11-28 13:06:53,514 INFO mapreduce.Job:  map 43% reduce 14%
2025-11-28 13:06:56,623 INFO mapreduce.Job:  map 44% reduce 14%
2025-11-28 13:07:00,692 INFO mapreduce.Job:  map 44% reduce 15%
2025-11-28 13:07:04,783 INFO mapreduce.Job:  map 45% reduce 15%
2025-11-28 13:07:08,984 INFO mapreduce.Job:  map 46% reduce 15%
2025-11-28 13:07:17,215 INFO mapreduce.Job:  map 47% reduce 15%
2025-11-28 13:07:18,576 INFO mapreduce.Job:  map 47% reduce 16%
2025-11-28 13:07:26,773 INFO mapreduce.Job:  map 48% reduce 16%
2025-11-28 13:07:29,844 INFO mapreduce.Job:  map 49% reduce 16%
2025-11-28 13:07:40,162 INFO mapreduce.Job:  map 50% reduce 16%
2025-11-28 13:07:43,233 INFO mapreduce.Job:  map 51% reduce 17%
2025-11-28 13:07:50,457 INFO mapreduce.Job:  map 52% reduce 17%
2025-11-28 13:07:56,622 INFO mapreduce.Job:  map 53% reduce 17%
2025-11-28 13:07:57,645 INFO mapreduce.Job:  map 54% reduce 17%
2025-11-28 13:08:01,770 INFO mapreduce.Job:  map 54% reduce 18%
2025-11-28 13:08:03,804 INFO mapreduce.Job:  map 55% reduce 18%
2025-11-28 13:08:08,918 INFO mapreduce.Job:  map 56% reduce 18%
2025-11-28 13:08:13,023 INFO mapreduce.Job:  map 57% reduce 19%
2025-11-28 13:08:22,329 INFO mapreduce.Job:  map 58% reduce 19%
2025-11-28 13:08:24,409 INFO mapreduce.Job:  map 59% reduce 19%
2025-11-28 13:08:25,458 INFO mapreduce.Job:  map 59% reduce 20%
2025-11-28 13:08:33,672 INFO mapreduce.Job:  map 60% reduce 20%
2025-11-28 13:08:42,875 INFO mapreduce.Job:  map 61% reduce 20%
2025-11-28 13:08:45,984 INFO mapreduce.Job:  map 62% reduce 20%
2025-11-28 13:08:49,260 INFO mapreduce.Job:  map 62% reduce 21%
2025-11-28 13:08:54,388 INFO mapreduce.Job:  map 63% reduce 21%
2025-11-28 13:08:58,505 INFO mapreduce.Job:  map 64% reduce 21%
2025-11-28 13:09:04,697 INFO mapreduce.Job:  map 65% reduce 21%
2025-11-28 13:09:07,771 INFO mapreduce.Job:  map 65% reduce 22%
2025-11-28 13:09:10,841 INFO mapreduce.Job:  map 66% reduce 22%
2025-11-28 13:09:11,886 INFO mapreduce.Job:  map 67% reduce 22%
2025-11-28 13:09:18,034 INFO mapreduce.Job:  map 68% reduce 22%
2025-11-28 13:09:23,138 INFO mapreduce.Job:  map 69% reduce 22%
2025-11-28 13:09:26,202 INFO mapreduce.Job:  map 69% reduce 23%
2025-11-28 13:09:29,287 INFO mapreduce.Job:  map 70% reduce 23%
2025-11-28 13:09:34,449 INFO mapreduce.Job:  map 71% reduce 23%
2025-11-28 13:09:37,514 INFO mapreduce.Job:  map 71% reduce 24%
2025-11-28 13:09:40,581 INFO mapreduce.Job:  map 72% reduce 24%
2025-11-28 13:09:46,714 INFO mapreduce.Job:  map 73% reduce 24%
2025-11-28 13:09:56,931 INFO mapreduce.Job:  map 74% reduce 24%
2025-11-28 13:09:59,009 INFO mapreduce.Job:  map 75% reduce 24%
2025-11-28 13:10:02,085 INFO mapreduce.Job:  map 75% reduce 25%
2025-11-28 13:10:07,230 INFO mapreduce.Job:  map 76% reduce 25%
2025-11-28 13:10:13,392 INFO mapreduce.Job:  map 77% reduce 25%
2025-11-28 13:10:14,425 INFO mapreduce.Job:  map 77% reduce 26%
2025-11-28 13:10:15,454 INFO mapreduce.Job:  map 78% reduce 26%
2025-11-28 13:10:21,590 INFO mapreduce.Job:  map 79% reduce 26%
2025-11-28 13:10:24,654 INFO mapreduce.Job:  map 80% reduce 26%
2025-11-28 13:10:25,686 INFO mapreduce.Job:  map 80% reduce 27%
2025-11-28 13:10:33,191 INFO mapreduce.Job:  map 81% reduce 27%
2025-11-28 13:10:35,230 INFO mapreduce.Job:  map 82% reduce 27%
2025-11-28 13:10:44,496 INFO mapreduce.Job:  map 83% reduce 27%
2025-11-28 13:10:47,564 INFO mapreduce.Job:  map 84% reduce 27%
2025-11-28 13:10:49,613 INFO mapreduce.Job:  map 84% reduce 28%
2025-11-28 13:10:56,891 INFO mapreduce.Job:  map 85% reduce 28%
2025-11-28 13:11:02,004 INFO mapreduce.Job:  map 86% reduce 28%
2025-11-28 13:11:08,156 INFO mapreduce.Job:  map 86% reduce 29%
2025-11-28 13:11:10,226 INFO mapreduce.Job:  map 87% reduce 29%
2025-11-28 13:11:15,393 INFO mapreduce.Job:  map 88% reduce 29%
2025-11-28 13:11:21,641 INFO mapreduce.Job:  map 89% reduce 29%
2025-11-28 13:11:25,735 INFO mapreduce.Job:  map 90% reduce 30%
2025-11-28 13:11:33,960 INFO mapreduce.Job:  map 91% reduce 30%
2025-11-28 13:11:37,027 INFO mapreduce.Job:  map 92% reduce 30%
2025-11-28 13:11:41,162 INFO mapreduce.Job:  map 93% reduce 30%
2025-11-28 13:11:44,241 INFO mapreduce.Job:  map 93% reduce 31%
2025-11-28 13:11:48,333 INFO mapreduce.Job:  map 94% reduce 31%
2025-11-28 13:11:52,468 INFO mapreduce.Job:  map 95% reduce 31%
2025-11-28 13:11:56,584 INFO mapreduce.Job:  map 95% reduce 32%
2025-11-28 13:11:58,665 INFO mapreduce.Job:  map 96% reduce 32%
2025-11-28 13:12:05,817 INFO mapreduce.Job:  map 97% reduce 32%
2025-11-28 13:12:08,980 INFO mapreduce.Job:  map 98% reduce 32%
2025-11-28 13:12:15,148 INFO mapreduce.Job:  map 98% reduce 33%
2025-11-28 13:12:26,436 INFO mapreduce.Job:  map 99% reduce 33%
2025-11-28 13:13:00,329 INFO mapreduce.Job:  map 100% reduce 33%
2025-11-28 13:13:08,518 INFO mapreduce.Job:  map 100% reduce 41%
2025-11-28 13:13:14,945 INFO mapreduce.Job:  map 100% reduce 98%
2025-11-28 13:13:15,985 INFO mapreduce.Job:  map 100% reduce 100%
2025-11-28 13:13:17,049 INFO mapreduce.Job: Job job_1764264570892_0016 completed successfully
2025-11-28 13:13:17,297 INFO mapreduce.Job: Counters: 56
	File System Counters
		FILE: Number of bytes read=251889013
		FILE: Number of bytes written=642111458
		FILE: Number of read operations=0
		FILE: Number of large read operations=0
		FILE: Number of write operations=0
		HDFS: Number of bytes read=519258733
		HDFS: Number of bytes written=47092714
		HDFS: Number of read operations=1505
		HDFS: Number of large read operations=0
		HDFS: Number of write operations=2
		HDFS: Number of bytes read erasure-coded=0
	Job Counters 
		Killed map tasks=4
		Launched map tasks=503
		Launched reduce tasks=1
		Data-local map tasks=502
		Rack-local map tasks=1
		Total time spent by all maps in occupied slots (ms)=19286782
		Total time spent by all reduces in occupied slots (ms)=1018290
		Total time spent by all map tasks (ms)=9643391
		Total time spent by all reduce tasks (ms)=509145
		Total vcore-milliseconds taken by all map tasks=9643391
		Total vcore-milliseconds taken by all reduce tasks=509145
		Total megabyte-milliseconds taken by all map tasks=9874832384
		Total megabyte-milliseconds taken by all reduce tasks=521364480
	Map-Reduce Framework
		Map input records=2870091
		Map output records=80936717
		Map output bytes=842322768
		Map output materialized bytes=251892007
		Input split bytes=54000
		Combine input records=80936717
		Combine output records=16369856
		Reduce input groups=3027590
		Reduce shuffle bytes=251892007
		Reduce input records=16369856
		Reduce output records=3027590
		Spilled Records=32739712
		Shuffled Maps =500
		Failed Shuffles=0
		Merged Map outputs=500
		GC time elapsed (ms)=212943
		CPU time spent (ms)=595690
		Physical memory (bytes) snapshot=163312340992
		Virtual memory (bytes) snapshot=1296119263232
		Total committed heap usage (bytes)=153838682112
		Peak Map Physical memory (bytes)=492228608
		Peak Map Virtual memory (bytes)=2803490816
		Peak Reduce Physical memory (bytes)=670588928
		Peak Reduce Virtual memory (bytes)=2560966656
	Shuffle Errors
		BAD_ID=0
		CONNECTION=0
		IO_ERROR=0
		WRONG_LENGTH=0
		WRONG_MAP=0
		WRONG_REDUCE=0
	File Input Format Counters 
		Bytes Read=519204733
	File Output Format Counters 
		Bytes Written=47092714
