===== Running MapReduce Job =====
Input : /wiki500mb
Output: /_500mb
Slowstart: 1.0
Date  : 2025年 11月 28日 星期五 21:36:25 CST
=================================
2025-11-28 21:36:27,770 INFO client.DefaultNoHARMFailoverProxyProvider: Connecting to ResourceManager at master-wxl/192.168.10.104:8032
2025-11-28 21:36:28,063 INFO mapreduce.JobResourceUploader: Disabling Erasure Coding for path: /tmp/hadoop-yarn/staging/hadoop/.staging/job_1764325814997_0031
2025-11-28 21:36:28,884 INFO input.FileInputFormat: Total input files to process : 500
2025-11-28 21:36:29,335 INFO mapreduce.JobSubmitter: number of splits:500
2025-11-28 21:36:29,921 INFO mapreduce.JobSubmitter: Submitting tokens for job: job_1764325814997_0031
2025-11-28 21:36:29,921 INFO mapreduce.JobSubmitter: Executing with tokens: []
2025-11-28 21:36:30,094 INFO conf.Configuration: resource-types.xml not found
2025-11-28 21:36:30,095 INFO resource.ResourceUtils: Unable to find 'resource-types.xml'.
2025-11-28 21:36:30,150 INFO impl.YarnClientImpl: Submitted application application_1764325814997_0031
2025-11-28 21:36:30,182 INFO mapreduce.Job: The url to track the job: http://master-wxl:8088/proxy/application_1764325814997_0031/
2025-11-28 21:36:30,183 INFO mapreduce.Job: Running job: job_1764325814997_0031
2025-11-28 21:36:41,718 INFO mapreduce.Job: Job job_1764325814997_0031 running in uber mode : false
2025-11-28 21:36:41,719 INFO mapreduce.Job:  map 0% reduce 0%
2025-11-28 21:36:56,245 INFO mapreduce.Job:  map 2% reduce 0%
2025-11-28 21:37:08,707 INFO mapreduce.Job:  map 3% reduce 0%
2025-11-28 21:37:09,835 INFO mapreduce.Job:  map 4% reduce 0%
2025-11-28 21:37:19,224 INFO mapreduce.Job:  map 5% reduce 0%
2025-11-28 21:37:22,343 INFO mapreduce.Job:  map 6% reduce 0%
2025-11-28 21:37:31,010 INFO mapreduce.Job:  map 7% reduce 0%
2025-11-28 21:37:32,049 INFO mapreduce.Job:  map 8% reduce 0%
2025-11-28 21:37:34,195 INFO mapreduce.Job:  map 9% reduce 0%
2025-11-28 21:37:38,404 INFO mapreduce.Job:  map 10% reduce 0%
2025-11-28 21:37:43,563 INFO mapreduce.Job:  map 11% reduce 0%
2025-11-28 21:37:45,607 INFO mapreduce.Job:  map 12% reduce 0%
2025-11-28 21:37:57,137 INFO mapreduce.Job:  map 14% reduce 0%
2025-11-28 21:38:09,444 INFO mapreduce.Job:  map 15% reduce 0%
2025-11-28 21:38:10,465 INFO mapreduce.Job:  map 16% reduce 0%
2025-11-28 21:38:19,724 INFO mapreduce.Job:  map 17% reduce 0%
2025-11-28 21:38:21,779 INFO mapreduce.Job:  map 18% reduce 0%
2025-11-28 21:38:26,919 INFO mapreduce.Job:  map 19% reduce 0%
2025-11-28 21:38:31,026 INFO mapreduce.Job:  map 20% reduce 0%
2025-11-28 21:38:34,065 INFO mapreduce.Job:  map 21% reduce 0%
2025-11-28 21:38:42,342 INFO mapreduce.Job:  map 22% reduce 0%
2025-11-28 21:38:45,473 INFO mapreduce.Job:  map 23% reduce 0%
2025-11-28 21:38:53,819 INFO mapreduce.Job:  map 24% reduce 0%
2025-11-28 21:38:57,923 INFO mapreduce.Job:  map 25% reduce 0%
2025-11-28 21:39:05,144 INFO mapreduce.Job:  map 26% reduce 0%
2025-11-28 21:39:08,211 INFO mapreduce.Job:  map 27% reduce 0%
2025-11-28 21:39:12,311 INFO mapreduce.Job:  map 28% reduce 0%
2025-11-28 21:39:18,486 INFO mapreduce.Job:  map 29% reduce 0%
2025-11-28 21:39:21,548 INFO mapreduce.Job:  map 30% reduce 0%
2025-11-28 21:39:23,578 INFO mapreduce.Job:  map 31% reduce 0%
2025-11-28 21:39:29,728 INFO mapreduce.Job:  map 32% reduce 0%
2025-11-28 21:39:35,856 INFO mapreduce.Job:  map 33% reduce 0%
2025-11-28 21:39:41,219 INFO mapreduce.Job:  map 34% reduce 0%
2025-11-28 21:39:48,371 INFO mapreduce.Job:  map 35% reduce 0%
2025-11-28 21:39:53,562 INFO mapreduce.Job:  map 36% reduce 0%
2025-11-28 21:39:59,699 INFO mapreduce.Job:  map 37% reduce 0%
2025-11-28 21:40:06,168 INFO mapreduce.Job:  map 38% reduce 0%
2025-11-28 21:40:08,207 INFO mapreduce.Job:  map 39% reduce 0%
2025-11-28 21:40:12,322 INFO mapreduce.Job:  map 40% reduce 0%
2025-11-28 21:40:18,463 INFO mapreduce.Job:  map 41% reduce 0%
2025-11-28 21:40:21,524 INFO mapreduce.Job:  map 42% reduce 0%
2025-11-28 21:40:25,832 INFO mapreduce.Job:  map 43% reduce 0%
2025-11-28 21:40:30,947 INFO mapreduce.Job:  map 44% reduce 0%
2025-11-28 21:40:38,079 INFO mapreduce.Job:  map 45% reduce 0%
2025-11-28 21:40:43,201 INFO mapreduce.Job:  map 46% reduce 0%
2025-11-28 21:40:48,304 INFO mapreduce.Job:  map 47% reduce 0%
2025-11-28 21:40:54,430 INFO mapreduce.Job:  map 48% reduce 0%
2025-11-28 21:40:59,528 INFO mapreduce.Job:  map 49% reduce 0%
2025-11-28 21:41:03,615 INFO mapreduce.Job:  map 50% reduce 0%
2025-11-28 21:41:06,663 INFO mapreduce.Job:  map 51% reduce 0%
2025-11-28 21:41:11,770 INFO mapreduce.Job:  map 52% reduce 0%
2025-11-28 21:41:18,903 INFO mapreduce.Job:  map 53% reduce 0%
2025-11-28 21:41:22,003 INFO mapreduce.Job:  map 54% reduce 0%
2025-11-28 21:41:28,116 INFO mapreduce.Job:  map 55% reduce 0%
2025-11-28 21:41:33,215 INFO mapreduce.Job:  map 56% reduce 0%
2025-11-28 21:41:40,361 INFO mapreduce.Job:  map 57% reduce 0%
2025-11-28 21:41:44,435 INFO mapreduce.Job:  map 58% reduce 0%
2025-11-28 21:41:51,599 INFO mapreduce.Job:  map 59% reduce 0%
2025-11-28 21:41:55,725 INFO mapreduce.Job:  map 60% reduce 0%
2025-11-28 21:41:56,745 INFO mapreduce.Job:  map 61% reduce 0%
2025-11-28 21:42:03,883 INFO mapreduce.Job:  map 62% reduce 0%
2025-11-28 21:42:08,973 INFO mapreduce.Job:  map 63% reduce 0%
2025-11-28 21:42:10,001 INFO mapreduce.Job:  map 64% reduce 0%
2025-11-28 21:42:19,306 INFO mapreduce.Job:  map 65% reduce 0%
2025-11-28 21:42:22,364 INFO mapreduce.Job:  map 66% reduce 0%
2025-11-28 21:42:30,686 INFO mapreduce.Job:  map 67% reduce 0%
2025-11-28 21:42:33,754 INFO mapreduce.Job:  map 68% reduce 0%
2025-11-28 21:42:40,943 INFO mapreduce.Job:  map 69% reduce 0%
2025-11-28 21:42:45,021 INFO mapreduce.Job:  map 70% reduce 0%
2025-11-28 21:42:47,064 INFO mapreduce.Job:  map 71% reduce 0%
2025-11-28 21:42:54,207 INFO mapreduce.Job:  map 72% reduce 0%
2025-11-28 21:42:57,269 INFO mapreduce.Job:  map 73% reduce 0%
2025-11-28 21:43:01,341 INFO mapreduce.Job:  map 74% reduce 0%
2025-11-28 21:43:08,503 INFO mapreduce.Job:  map 75% reduce 0%
2025-11-28 21:43:13,684 INFO mapreduce.Job:  map 76% reduce 0%
2025-11-28 21:43:19,903 INFO mapreduce.Job:  map 77% reduce 0%
2025-11-28 21:43:24,986 INFO mapreduce.Job:  map 78% reduce 0%
2025-11-28 21:43:32,113 INFO mapreduce.Job:  map 79% reduce 0%
2025-11-28 21:43:35,152 INFO mapreduce.Job:  map 80% reduce 0%
2025-11-28 21:43:39,238 INFO mapreduce.Job:  map 81% reduce 0%
2025-11-28 21:43:44,331 INFO mapreduce.Job:  map 82% reduce 0%
2025-11-28 21:43:47,412 INFO mapreduce.Job:  map 83% reduce 0%
2025-11-28 21:43:53,560 INFO mapreduce.Job:  map 84% reduce 0%
2025-11-28 21:43:56,618 INFO mapreduce.Job:  map 85% reduce 0%
2025-11-28 21:44:02,769 INFO mapreduce.Job:  map 86% reduce 0%
2025-11-28 21:44:08,959 INFO mapreduce.Job:  map 87% reduce 0%
2025-11-28 21:44:14,037 INFO mapreduce.Job:  map 88% reduce 0%
2025-11-28 21:44:21,211 INFO mapreduce.Job:  map 89% reduce 0%
2025-11-28 21:44:25,315 INFO mapreduce.Job:  map 90% reduce 0%
2025-11-28 21:44:31,467 INFO mapreduce.Job:  map 91% reduce 0%
2025-11-28 21:44:34,516 INFO mapreduce.Job:  map 92% reduce 0%
2025-11-28 21:44:37,574 INFO mapreduce.Job:  map 93% reduce 0%
2025-11-28 21:44:45,810 INFO mapreduce.Job:  map 94% reduce 0%
2025-11-28 21:44:47,848 INFO mapreduce.Job:  map 95% reduce 0%
2025-11-28 21:44:54,052 INFO mapreduce.Job:  map 96% reduce 0%
2025-11-28 21:44:59,248 INFO mapreduce.Job:  map 97% reduce 0%
2025-11-28 21:45:04,378 INFO mapreduce.Job:  map 98% reduce 0%
2025-11-28 21:45:10,576 INFO mapreduce.Job:  map 99% reduce 0%
2025-11-28 21:45:30,063 INFO mapreduce.Job:  map 100% reduce 0%
2025-11-28 21:45:50,712 INFO mapreduce.Job:  map 100% reduce 37%
2025-11-28 21:45:56,774 INFO mapreduce.Job:  map 100% reduce 48%
2025-11-28 21:46:03,842 INFO mapreduce.Job:  map 100% reduce 61%
2025-11-28 21:46:08,926 INFO mapreduce.Job:  map 100% reduce 72%
2025-11-28 21:46:15,058 INFO mapreduce.Job:  map 100% reduce 88%
2025-11-28 21:46:20,383 INFO mapreduce.Job:  map 100% reduce 100%
2025-11-28 21:46:21,413 INFO mapreduce.Job: Job job_1764325814997_0031 completed successfully
2025-11-28 21:46:21,526 INFO mapreduce.Job: Counters: 55
	File System Counters
		FILE: Number of bytes read=251889013
		FILE: Number of bytes written=642111458
		FILE: Number of read operations=0
		FILE: Number of large read operations=0
		FILE: Number of write operations=0
		HDFS: Number of bytes read=519258733
		HDFS: Number of bytes written=47092714
		HDFS: Number of read operations=1505
		HDFS: Number of large read operations=0
		HDFS: Number of write operations=2
		HDFS: Number of bytes read erasure-coded=0
	Job Counters 
		Killed map tasks=3
		Launched map tasks=501
		Launched reduce tasks=1
		Data-local map tasks=501
		Total time spent by all maps in occupied slots (ms)=16992036
		Total time spent by all reduces in occupied slots (ms)=90350
		Total time spent by all map tasks (ms)=8496018
		Total time spent by all reduce tasks (ms)=45175
		Total vcore-milliseconds taken by all map tasks=8496018
		Total vcore-milliseconds taken by all reduce tasks=45175
		Total megabyte-milliseconds taken by all map tasks=8699922432
		Total megabyte-milliseconds taken by all reduce tasks=46259200
	Map-Reduce Framework
		Map input records=2870091
		Map output records=80936717
		Map output bytes=842322768
		Map output materialized bytes=251892007
		Input split bytes=54000
		Combine input records=80936717
		Combine output records=16369856
		Reduce input groups=3027590
		Reduce shuffle bytes=251892007
		Reduce input records=16369856
		Reduce output records=3027590
		Spilled Records=32739712
		Shuffled Maps =500
		Failed Shuffles=0
		Merged Map outputs=500
		GC time elapsed (ms)=151485
		CPU time spent (ms)=636840
		Physical memory (bytes) snapshot=163219619840
		Virtual memory (bytes) snapshot=1300682985472
		Total committed heap usage (bytes)=152353374208
		Peak Map Physical memory (bytes)=494178304
		Peak Map Virtual memory (bytes)=2803367936
		Peak Reduce Physical memory (bytes)=634900480
		Peak Reduce Virtual memory (bytes)=2795966464
	Shuffle Errors
		BAD_ID=0
		CONNECTION=0
		IO_ERROR=0
		WRONG_LENGTH=0
		WRONG_MAP=0
		WRONG_REDUCE=0
	File Input Format Counters 
		Bytes Read=519204733
	File Output Format Counters 
		Bytes Written=47092714
[INFO] MapReduce job finished.
[INFO] Monitor stopped.
