===== Real Performance Monitor Started at 2025年 11月 28日 星期五 21:36:24 CST =====
[worker1-zzh] CPU: 10.00% | MEM: 29%
[worker2-zrt] CPU: 41.00% | MEM: 31%
[worker3-haz] CPU: 18.00% | MEM: 21%
----
[worker1-zzh] CPU: 11.00% | MEM: 29%
[worker2-zrt] CPU: 98.00% | MEM: 34%
[worker3-haz] CPU: 13.00% | MEM: 21%
----
[worker1-zzh] CPU: 9.00% | MEM: 29%
[worker2-zrt] CPU: 100.00% | MEM: 38%
[worker3-haz] CPU: 17.00% | MEM: 21%
----
[worker1-zzh] CPU: 100.00% | MEM: 57%
[worker2-zrt] CPU: 100.00% | MEM: 43%
[worker3-haz] CPU: 14.00% | MEM: 21%
----
[worker1-zzh] CPU: 100.00% | MEM: 56%
[worker2-zrt] CPU: 100.00% | MEM: 46%
[worker3-haz] CPU: 12.00% | MEM: 21%
----
[worker1-zzh] CPU: 100.00% | MEM: 44%
[worker2-zrt] CPU: 100.00% | MEM: 58%
[worker3-haz] CPU: 16.00% | MEM: 21%
----
[worker1-zzh] CPU: 100.00% | MEM: 44%
[worker2-zrt] CPU: 100.00% | MEM: 53%
[worker3-haz] CPU: 14.00% | MEM: 21%
----
[worker1-zzh] CPU: 100.00% | MEM: 45%
[worker2-zrt] CPU: 100.00% | MEM: 41%
[worker3-haz] CPU: 14.00% | MEM: 21%
----
[worker1-zzh] CPU: 100.00% | MEM: 57%
[worker2-zrt] CPU: 100.00% | MEM: 45%
[worker3-haz] CPU: 11.00% | MEM: 21%
----
[worker1-zzh] CPU: 100.00% | MEM: 55%
[worker2-zrt] CPU: 100.00% | MEM: 51%
[worker3-haz] CPU: 12.00% | MEM: 21%
----
[worker1-zzh] CPU: 100.00% | MEM: 46%
[worker2-zrt] CPU: 100.00% | MEM: 53%
[worker3-haz] CPU: 14.00% | MEM: 21%
----
[worker1-zzh] CPU: 100.00% | MEM: 47%
[worker2-zrt] CPU: 100.00% | MEM: 39%
[worker3-haz] CPU: 12.00% | MEM: 21%
----
[worker1-zzh] CPU: 100.00% | MEM: 47%
[worker2-zrt] CPU: 100.00% | MEM: 44%
[worker3-haz] CPU: 12.00% | MEM: 21%
----
[worker1-zzh] CPU: 100.00% | MEM: 46%
[worker2-zrt] CPU: 100.00% | MEM: 49%
[worker3-haz] CPU: 11.00% | MEM: 21%
----
[worker1-zzh] CPU: 100.00% | MEM: 44%
[worker2-zrt] CPU: 100.00% | MEM: 58%
[worker3-haz] CPU: 16.00% | MEM: 21%
----
[worker1-zzh] CPU: 100.00% | MEM: 45%
[worker2-zrt] CPU: 100.00% | MEM: 44%
[worker3-haz] CPU: 12.00% | MEM: 21%
----
[worker1-zzh] CPU: 100.00% | MEM: 45%
[worker2-zrt] CPU: 100.00% | MEM: 43%
[worker3-haz] CPU: 15.00% | MEM: 21%
----
[worker1-zzh] CPU: 100.00% | MEM: 47%
[worker2-zrt] CPU: 100.00% | MEM: 47%
[worker3-haz] CPU: 19.00% | MEM: 21%
----
[worker1-zzh] CPU: 100.00% | MEM: 39%
[worker2-zrt] CPU: 100.00% | MEM: 55%
[worker3-haz] CPU: 16.00% | MEM: 21%
----
[worker1-zzh] CPU: 100.00% | MEM: 40%
[worker2-zrt] CPU: 100.00% | MEM: 46%
[worker3-haz] CPU: 18.00% | MEM: 21%
----
[worker1-zzh] CPU: 100.00% | MEM: 39%
[worker2-zrt] CPU: 100.00% | MEM: 41%
[worker3-haz] CPU: 14.00% | MEM: 21%
----
[worker1-zzh] CPU: 100.00% | MEM: 41%
[worker2-zrt] CPU: 100.00% | MEM: 45%
[worker3-haz] CPU: 13.00% | MEM: 21%
----
[worker1-zzh] CPU: 100.00% | MEM: 39%
[worker2-zrt] CPU: 100.00% | MEM: 52%
[worker3-haz] CPU: 11.00% | MEM: 21%
----
[worker1-zzh] CPU: 100.00% | MEM: 43%
[worker2-zrt] CPU: 100.00% | MEM: 48%
[worker3-haz] CPU: 11.00% | MEM: 21%
----
[worker1-zzh] CPU: 100.00% | MEM: 41%
[worker2-zrt] CPU: 100.00% | MEM: 43%
[worker3-haz] CPU: 14.00% | MEM: 21%
----
[worker1-zzh] CPU: 100.00% | MEM: 41%
[worker2-zrt] CPU: 100.00% | MEM: 44%
[worker3-haz] CPU: 12.00% | MEM: 21%
----
[worker1-zzh] CPU: 100.00% | MEM: 43%
[worker2-zrt] CPU: 100.00% | MEM: 52%
[worker3-haz] CPU: 10.00% | MEM: 21%
----
[worker1-zzh] CPU: 100.00% | MEM: 43%
[worker2-zrt] CPU: 100.00% | MEM: 51%
[worker3-haz] CPU: 11.00% | MEM: 21%
----
[worker1-zzh] CPU: 100.00% | MEM: 44%
[worker2-zrt] CPU: 100.00% | MEM: 41%
[worker3-haz] CPU: 13.00% | MEM: 21%
----
[worker1-zzh] CPU: 100.00% | MEM: 45%
[worker2-zrt] CPU: 100.00% | MEM: 43%
[worker3-haz] CPU: 15.00% | MEM: 21%
----
[worker1-zzh] CPU: 100.00% | MEM: 42%
[worker2-zrt] CPU: 100.00% | MEM: 48%
[worker3-haz] CPU: 13.00% | MEM: 21%
----
[worker1-zzh] CPU: 100.00% | MEM: 42%
[worker2-zrt] CPU: 100.00% | MEM: 52%
[worker3-haz] CPU: 15.00% | MEM: 21%
----
[worker1-zzh] CPU: 100.00% | MEM: 40%
[worker2-zrt] CPU: 100.00% | MEM: 44%
[worker3-haz] CPU: 11.00% | MEM: 21%
----
[worker1-zzh] CPU: 100.00% | MEM: 42%
[worker2-zrt] CPU: 100.00% | MEM: 42%
[worker3-haz] CPU: 11.00% | MEM: 21%
----
[worker1-zzh] CPU: 100.00% | MEM: 43%
[worker2-zrt] CPU: 100.00% | MEM: 47%
[worker3-haz] CPU: 15.00% | MEM: 21%
----
[worker1-zzh] CPU: 100.00% | MEM: 45%
[worker2-zrt] CPU: 100.00% | MEM: 54%
[worker3-haz] CPU: 13.00% | MEM: 21%
----
[worker1-zzh] CPU: 100.00% | MEM: 42%
[worker2-zrt] CPU: 100.00% | MEM: 46%
[worker3-haz] CPU: 12.00% | MEM: 21%
----
[worker1-zzh] CPU: 100.00% | MEM: 40%
[worker2-zrt] CPU: 100.00% | MEM: 43%
[worker3-haz] CPU: 11.00% | MEM: 21%
----
[worker1-zzh] CPU: 100.00% | MEM: 41%
[worker2-zrt] CPU: 100.00% | MEM: 44%
[worker3-haz] CPU: 11.00% | MEM: 21%
----
[worker1-zzh] CPU: 100.00% | MEM: 39%
[worker2-zrt] CPU: 100.00% | MEM: 51%
[worker3-haz] CPU: 15.00% | MEM: 21%
----
[worker1-zzh] CPU: 100.00% | MEM: 39%
[worker2-zrt] CPU: 100.00% | MEM: 50%
[worker3-haz] CPU: 10.00% | MEM: 21%
----
[worker1-zzh] CPU: 100.00% | MEM: 40%
[worker2-zrt] CPU: 100.00% | MEM: 47%
[worker3-haz] CPU: 11.00% | MEM: 21%
----
[worker1-zzh] CPU: 100.00% | MEM: 41%
[worker2-zrt] CPU: 100.00% | MEM: 45%
[worker3-haz] CPU: 15.00% | MEM: 21%
----
[worker1-zzh] CPU: 100.00% | MEM: 41%
[worker2-zrt] CPU: 100.00% | MEM: 48%
[worker3-haz] CPU: 13.00% | MEM: 21%
----
[worker1-zzh] CPU: 10.00% | MEM: 29%
[worker2-zrt] CPU: 100.00% | MEM: 50%
[worker3-haz] CPU: 11.00% | MEM: 21%
----
[worker1-zzh] CPU: 9.00% | MEM: 29%
[worker2-zrt] CPU: 100.00% | MEM: 52%
[worker3-haz] CPU: 11.00% | MEM: 21%
----
[worker1-zzh] CPU: 9.00% | MEM: 29%
[worker2-zrt] CPU: 27.00% | MEM: 36%
[worker3-haz] CPU: 12.00% | MEM: 21%
----
[worker1-zzh] CPU: 10.00% | MEM: 29%
[worker2-zrt] CPU: 50.00% | MEM: 39%
[worker3-haz] CPU: 15.00% | MEM: 21%
----
[worker1-zzh] CPU: 16.00% | MEM: 29%
[worker2-zrt] CPU: 75.00% | MEM: 41%
[worker3-haz] CPU: 12.00% | MEM: 21%
----
[worker1-zzh] CPU: 12.00% | MEM: 29%
[worker2-zrt] CPU: 75.00% | MEM: 41%
[worker3-haz] CPU: 11.00% | MEM: 21%
----
[worker1-zzh] CPU: 11.00% | MEM: 29%
[worker2-zrt] CPU: 72.00% | MEM: 41%
[worker3-haz] CPU: 11.00% | MEM: 21%
----
[worker1-zzh] CPU: 15.00% | MEM: 29%
[worker2-zrt] CPU: 84.00% | MEM: 42%
[worker3-haz] CPU: 15.00% | MEM: 21%
----
[worker1-zzh] CPU: 12.00% | MEM: 29%
[worker2-zrt] CPU: 60.00% | MEM: 36%
[worker3-haz] CPU: 13.00% | MEM: 21%
----
