===== Running MapReduce Job =====
Input : /wiki100mb
Output: /_100mb
Slowstart: 1.0
Date  : 2025年 11月 28日 星期五 19:37:44 CST
=================================
2025-11-28 19:37:46,904 INFO client.DefaultNoHARMFailoverProxyProvider: Connecting to ResourceManager at master-wxl/192.168.10.104:8032
2025-11-28 19:37:47,202 INFO mapreduce.JobResourceUploader: Disabling Erasure Coding for path: /tmp/hadoop-yarn/staging/hadoop/.staging/job_1764325814997_0018
2025-11-28 19:37:47,746 INFO input.FileInputFormat: Total input files to process : 100
2025-11-28 19:37:47,926 INFO mapreduce.JobSubmitter: number of splits:100
2025-11-28 19:37:48,130 INFO mapreduce.JobSubmitter: Submitting tokens for job: job_1764325814997_0018
2025-11-28 19:37:48,130 INFO mapreduce.JobSubmitter: Executing with tokens: []
2025-11-28 19:37:48,319 INFO conf.Configuration: resource-types.xml not found
2025-11-28 19:37:48,320 INFO resource.ResourceUtils: Unable to find 'resource-types.xml'.
2025-11-28 19:37:48,381 INFO impl.YarnClientImpl: Submitted application application_1764325814997_0018
2025-11-28 19:37:48,434 INFO mapreduce.Job: The url to track the job: http://master-wxl:8088/proxy/application_1764325814997_0018/
2025-11-28 19:37:48,435 INFO mapreduce.Job: Running job: job_1764325814997_0018
2025-11-28 19:38:01,061 INFO mapreduce.Job: Job job_1764325814997_0018 running in uber mode : false
2025-11-28 19:38:01,062 INFO mapreduce.Job:  map 0% reduce 0%
2025-11-28 19:38:14,012 INFO mapreduce.Job:  map 2% reduce 0%
2025-11-28 19:38:15,032 INFO mapreduce.Job:  map 7% reduce 0%
2025-11-28 19:38:16,067 INFO mapreduce.Job:  map 10% reduce 0%
2025-11-28 19:38:19,238 INFO mapreduce.Job:  map 11% reduce 0%
2025-11-28 19:38:23,583 INFO mapreduce.Job:  map 12% reduce 0%
2025-11-28 19:38:27,975 INFO mapreduce.Job:  map 16% reduce 0%
2025-11-28 19:38:29,032 INFO mapreduce.Job:  map 20% reduce 0%
2025-11-28 19:38:30,146 INFO mapreduce.Job:  map 21% reduce 0%
2025-11-28 19:38:32,207 INFO mapreduce.Job:  map 22% reduce 0%
2025-11-28 19:38:37,406 INFO mapreduce.Job:  map 24% reduce 0%
2025-11-28 19:38:41,549 INFO mapreduce.Job:  map 26% reduce 0%
2025-11-28 19:38:42,616 INFO mapreduce.Job:  map 31% reduce 0%
2025-11-28 19:38:43,639 INFO mapreduce.Job:  map 32% reduce 0%
2025-11-28 19:38:46,844 INFO mapreduce.Job:  map 33% reduce 0%
2025-11-28 19:38:47,859 INFO mapreduce.Job:  map 34% reduce 0%
2025-11-28 19:38:53,093 INFO mapreduce.Job:  map 37% reduce 0%
2025-11-28 19:38:54,147 INFO mapreduce.Job:  map 41% reduce 0%
2025-11-28 19:38:55,177 INFO mapreduce.Job:  map 43% reduce 0%
2025-11-28 19:38:57,272 INFO mapreduce.Job:  map 45% reduce 0%
2025-11-28 19:38:58,296 INFO mapreduce.Job:  map 47% reduce 0%
2025-11-28 19:39:00,407 INFO mapreduce.Job:  map 48% reduce 0%
2025-11-28 19:39:01,460 INFO mapreduce.Job:  map 50% reduce 0%
2025-11-28 19:39:02,492 INFO mapreduce.Job:  map 51% reduce 0%
2025-11-28 19:39:03,517 INFO mapreduce.Job:  map 52% reduce 0%
2025-11-28 19:39:04,536 INFO mapreduce.Job:  map 55% reduce 0%
2025-11-28 19:39:06,570 INFO mapreduce.Job:  map 60% reduce 0%
2025-11-28 19:39:08,642 INFO mapreduce.Job:  map 61% reduce 0%
2025-11-28 19:39:09,659 INFO mapreduce.Job:  map 62% reduce 0%
2025-11-28 19:39:15,011 INFO mapreduce.Job:  map 65% reduce 0%
2025-11-28 19:39:17,153 INFO mapreduce.Job:  map 66% reduce 0%
2025-11-28 19:39:18,170 INFO mapreduce.Job:  map 68% reduce 0%
2025-11-28 19:39:19,192 INFO mapreduce.Job:  map 70% reduce 0%
2025-11-28 19:39:20,220 INFO mapreduce.Job:  map 71% reduce 0%
2025-11-28 19:39:21,240 INFO mapreduce.Job:  map 72% reduce 0%
2025-11-28 19:39:25,354 INFO mapreduce.Job:  map 73% reduce 0%
2025-11-28 19:39:26,394 INFO mapreduce.Job:  map 75% reduce 0%
2025-11-28 19:39:29,454 INFO mapreduce.Job:  map 78% reduce 0%
2025-11-28 19:39:30,489 INFO mapreduce.Job:  map 80% reduce 0%
2025-11-28 19:39:32,578 INFO mapreduce.Job:  map 82% reduce 0%
2025-11-28 19:39:36,798 INFO mapreduce.Job:  map 85% reduce 0%
2025-11-28 19:39:40,911 INFO mapreduce.Job:  map 91% reduce 0%
2025-11-28 19:39:41,934 INFO mapreduce.Job:  map 92% reduce 0%
2025-11-28 19:39:53,295 INFO mapreduce.Job:  map 94% reduce 0%
2025-11-28 19:39:57,601 INFO mapreduce.Job:  map 95% reduce 0%
2025-11-28 19:39:58,632 INFO mapreduce.Job:  map 96% reduce 0%
2025-11-28 19:39:59,728 INFO mapreduce.Job:  map 97% reduce 0%
2025-11-28 19:40:04,068 INFO mapreduce.Job:  map 98% reduce 0%
2025-11-28 19:40:06,144 INFO mapreduce.Job:  map 99% reduce 0%
2025-11-28 19:40:07,153 INFO mapreduce.Job:  map 100% reduce 0%
2025-11-28 19:40:13,690 INFO mapreduce.Job:  map 100% reduce 100%
2025-11-28 19:40:14,721 INFO mapreduce.Job: Job job_1764325814997_0018 completed successfully
2025-11-28 19:40:14,857 INFO mapreduce.Job: Counters: 55
	File System Counters
		FILE: Number of bytes read=45809982
		FILE: Number of bytes written=119507396
		FILE: Number of read operations=0
		FILE: Number of large read operations=0
		FILE: Number of write operations=0
		HDFS: Number of bytes read=102952540
		HDFS: Number of bytes written=9704043
		HDFS: Number of read operations=305
		HDFS: Number of large read operations=0
		HDFS: Number of write operations=2
		HDFS: Number of bytes read erasure-coded=0
	Job Counters 
		Killed map tasks=3
		Launched map tasks=102
		Launched reduce tasks=1
		Data-local map tasks=102
		Total time spent by all maps in occupied slots (ms)=3545860
		Total time spent by all reduces in occupied slots (ms)=7774
		Total time spent by all map tasks (ms)=1772930
		Total time spent by all reduce tasks (ms)=3887
		Total vcore-milliseconds taken by all map tasks=1772930
		Total vcore-milliseconds taken by all reduce tasks=3887
		Total megabyte-milliseconds taken by all map tasks=1815480320
		Total megabyte-milliseconds taken by all reduce tasks=3980288
	Map-Reduce Framework
		Map input records=325576
		Map output records=16208667
		Map output bytes=167752154
		Map output materialized bytes=45810576
		Input split bytes=10800
		Combine input records=16208667
		Combine output records=3055995
		Reduce input groups=781397
		Reduce shuffle bytes=45810576
		Reduce input records=3055995
		Reduce output records=781397
		Spilled Records=6111990
		Shuffled Maps =100
		Failed Shuffles=0
		Merged Map outputs=100
		GC time elapsed (ms)=30996
		CPU time spent (ms)=118870
		Physical memory (bytes) snapshot=32636903424
		Virtual memory (bytes) snapshot=261732556800
		Total committed heap usage (bytes)=30679236608
		Peak Map Physical memory (bytes)=475340800
		Peak Map Virtual memory (bytes)=2803056640
		Peak Reduce Physical memory (bytes)=294502400
		Peak Reduce Virtual memory (bytes)=2561089536
	Shuffle Errors
		BAD_ID=0
		CONNECTION=0
		IO_ERROR=0
		WRONG_LENGTH=0
		WRONG_MAP=0
		WRONG_REDUCE=0
	File Input Format Counters 
		Bytes Read=102941740
	File Output Format Counters 
		Bytes Written=9704043
[INFO] MapReduce job finished.
[INFO] Monitor stopped.
