===== Real Performance Monitor Started at 2025年 11月 28日 星期五 19:37:43 CST =====
[worker1-zzh] CPU: 10.00% | MEM: 25%
[worker2-zrt] CPU: 44.00% | MEM: 26%
[worker3-haz] CPU: 11.00% | MEM: 20%
----
[worker1-zzh] CPU: 11.00% | MEM: 21%
[worker2-zrt] CPU: 97.00% | MEM: 29%
[worker3-haz] CPU: 11.00% | MEM: 20%
----
[worker1-zzh] CPU: 9.00% | MEM: 21%
[worker2-zrt] CPU: 98.00% | MEM: 32%
[worker3-haz] CPU: 14.00% | MEM: 20%
----
[worker1-zzh] CPU: 100.00% | MEM: 48%
[worker2-zrt] CPU: 100.00% | MEM: 37%
[worker3-haz] CPU: 17.00% | MEM: 20%
----
[worker1-zzh] CPU: 100.00% | MEM: 45%
[worker2-zrt] CPU: 100.00% | MEM: 39%
[worker3-haz] CPU: 11.00% | MEM: 20%
----
[worker1-zzh] CPU: 100.00% | MEM: 38%
[worker2-zrt] CPU: 100.00% | MEM: 44%
[worker3-haz] CPU: 12.00% | MEM: 20%
----
[worker1-zzh] CPU: 100.00% | MEM: 40%
[worker2-zrt] CPU: 100.00% | MEM: 53%
[worker3-haz] CPU: 14.00% | MEM: 20%
----
[worker1-zzh] CPU: 100.00% | MEM: 41%
[worker2-zrt] CPU: 100.00% | MEM: 32%
[worker3-haz] CPU: 15.00% | MEM: 20%
----
[worker1-zzh] CPU: 100.00% | MEM: 37%
[worker2-zrt] CPU: 100.00% | MEM: 37%
[worker3-haz] CPU: 13.00% | MEM: 20%
----
[worker1-zzh] CPU: 100.00% | MEM: 40%
[worker2-zrt] CPU: 100.00% | MEM: 40%
[worker3-haz] CPU: 16.00% | MEM: 20%
----
[worker1-zzh] CPU: 100.00% | MEM: 32%
[worker2-zrt] CPU: 100.00% | MEM: 46%
[worker3-haz] CPU: 15.00% | MEM: 20%
----
[worker1-zzh] CPU: 13.00% | MEM: 22%
[worker2-zrt] CPU: 100.00% | MEM: 50%
[worker3-haz] CPU: 18.00% | MEM: 20%
----
[worker1-zzh] CPU: 10.00% | MEM: 22%
[worker2-zrt] CPU: 100.00% | MEM: 39%
[worker3-haz] CPU: 15.00% | MEM: 20%
----
[worker1-zzh] CPU: 54.00% | MEM: 23%
[worker2-zrt] CPU: 31.00% | MEM: 30%
[worker3-haz] CPU: 15.00% | MEM: 20%
----
