===== Running MapReduce Job =====
Input : /wiki500mb
Output: /_500mb
Slowstart: 0.3
Date  : 2025年 11月 28日 星期五 22:36:10 CST
=================================
2025-11-28 22:36:13,690 INFO client.DefaultNoHARMFailoverProxyProvider: Connecting to ResourceManager at master-wxl/192.168.10.104:8032
2025-11-28 22:36:14,112 INFO mapreduce.JobResourceUploader: Disabling Erasure Coding for path: /tmp/hadoop-yarn/staging/hadoop/.staging/job_1764325814997_0032
2025-11-28 22:36:14,972 INFO input.FileInputFormat: Total input files to process : 500
2025-11-28 22:36:15,406 INFO mapreduce.JobSubmitter: number of splits:500
2025-11-28 22:36:15,728 INFO mapreduce.JobSubmitter: Submitting tokens for job: job_1764325814997_0032
2025-11-28 22:36:15,729 INFO mapreduce.JobSubmitter: Executing with tokens: []
2025-11-28 22:36:15,998 INFO conf.Configuration: resource-types.xml not found
2025-11-28 22:36:15,998 INFO resource.ResourceUtils: Unable to find 'resource-types.xml'.
2025-11-28 22:36:16,062 INFO impl.YarnClientImpl: Submitted application application_1764325814997_0032
2025-11-28 22:36:16,094 INFO mapreduce.Job: The url to track the job: http://master-wxl:8088/proxy/application_1764325814997_0032/
2025-11-28 22:36:16,095 INFO mapreduce.Job: Running job: job_1764325814997_0032
2025-11-28 22:36:20,158 INFO mapreduce.Job: Job job_1764325814997_0032 running in uber mode : false
2025-11-28 22:36:20,159 INFO mapreduce.Job:  map 0% reduce 0%
2025-11-28 22:36:30,347 INFO mapreduce.Job:  map 1% reduce 0%
2025-11-28 22:36:31,360 INFO mapreduce.Job:  map 2% reduce 0%
2025-11-28 22:36:40,524 INFO mapreduce.Job:  map 3% reduce 0%
2025-11-28 22:36:50,663 INFO mapreduce.Job:  map 4% reduce 0%
2025-11-28 22:36:51,678 INFO mapreduce.Job:  map 5% reduce 0%
2025-11-28 22:37:00,782 INFO mapreduce.Job:  map 6% reduce 0%
2025-11-28 22:37:10,909 INFO mapreduce.Job:  map 8% reduce 0%
2025-11-28 22:37:19,009 INFO mapreduce.Job:  map 9% reduce 0%
2025-11-28 22:37:21,032 INFO mapreduce.Job:  map 10% reduce 0%
2025-11-28 22:37:22,045 INFO mapreduce.Job:  map 11% reduce 0%
2025-11-28 22:37:27,112 INFO mapreduce.Job:  map 12% reduce 0%
2025-11-28 22:37:31,155 INFO mapreduce.Job:  map 13% reduce 0%
2025-11-28 22:37:35,200 INFO mapreduce.Job:  map 14% reduce 0%
2025-11-28 22:37:41,286 INFO mapreduce.Job:  map 15% reduce 0%
2025-11-28 22:37:51,398 INFO mapreduce.Job:  map 17% reduce 0%
2025-11-28 22:38:01,519 INFO mapreduce.Job:  map 19% reduce 0%
2025-11-28 22:38:11,660 INFO mapreduce.Job:  map 20% reduce 0%
2025-11-28 22:38:16,713 INFO mapreduce.Job:  map 21% reduce 0%
2025-11-28 22:38:20,758 INFO mapreduce.Job:  map 22% reduce 0%
2025-11-28 22:38:21,769 INFO mapreduce.Job:  map 23% reduce 0%
2025-11-28 22:38:28,853 INFO mapreduce.Job:  map 24% reduce 0%
2025-11-28 22:38:31,898 INFO mapreduce.Job:  map 25% reduce 0%
2025-11-28 22:38:34,933 INFO mapreduce.Job:  map 26% reduce 0%
2025-11-28 22:38:42,018 INFO mapreduce.Job:  map 27% reduce 0%
2025-11-28 22:38:47,075 INFO mapreduce.Job:  map 28% reduce 0%
2025-11-28 22:38:52,135 INFO mapreduce.Job:  map 29% reduce 0%
2025-11-28 22:39:01,243 INFO mapreduce.Job:  map 30% reduce 0%
2025-11-28 22:39:03,270 INFO mapreduce.Job:  map 31% reduce 0%
2025-11-28 22:39:11,361 INFO mapreduce.Job:  map 32% reduce 0%
2025-11-28 22:39:18,450 INFO mapreduce.Job:  map 33% reduce 0%
2025-11-28 22:39:20,471 INFO mapreduce.Job:  map 34% reduce 0%
2025-11-28 22:39:22,491 INFO mapreduce.Job:  map 34% reduce 11%
2025-11-28 22:39:26,535 INFO mapreduce.Job:  map 35% reduce 11%
2025-11-28 22:39:29,568 INFO mapreduce.Job:  map 36% reduce 11%
2025-11-28 22:39:33,615 INFO mapreduce.Job:  map 37% reduce 11%
2025-11-28 22:39:34,626 INFO mapreduce.Job:  map 37% reduce 12%
2025-11-28 22:39:36,649 INFO mapreduce.Job:  map 38% reduce 12%
2025-11-28 22:39:40,691 INFO mapreduce.Job:  map 39% reduce 13%
2025-11-28 22:39:46,758 INFO mapreduce.Job:  map 40% reduce 13%
2025-11-28 22:39:53,848 INFO mapreduce.Job:  map 41% reduce 13%
2025-11-28 22:39:58,908 INFO mapreduce.Job:  map 42% reduce 14%
2025-11-28 22:40:03,964 INFO mapreduce.Job:  map 43% reduce 14%
2025-11-28 22:40:10,039 INFO mapreduce.Job:  map 44% reduce 14%
2025-11-28 22:40:16,105 INFO mapreduce.Job:  map 45% reduce 15%
2025-11-28 22:40:22,170 INFO mapreduce.Job:  map 46% reduce 15%
2025-11-28 22:40:25,201 INFO mapreduce.Job:  map 47% reduce 15%
2025-11-28 22:40:31,267 INFO mapreduce.Job:  map 48% reduce 15%
2025-11-28 22:40:33,307 INFO mapreduce.Job:  map 49% reduce 15%
2025-11-28 22:40:34,317 INFO mapreduce.Job:  map 49% reduce 16%
2025-11-28 22:40:37,350 INFO mapreduce.Job:  map 50% reduce 16%
2025-11-28 22:40:41,404 INFO mapreduce.Job:  map 51% reduce 16%
2025-11-28 22:40:45,455 INFO mapreduce.Job:  map 52% reduce 16%
2025-11-28 22:40:46,466 INFO mapreduce.Job:  map 52% reduce 17%
2025-11-28 22:40:52,531 INFO mapreduce.Job:  map 53% reduce 17%
2025-11-28 22:40:57,591 INFO mapreduce.Job:  map 54% reduce 17%
2025-11-28 22:40:58,602 INFO mapreduce.Job:  map 54% reduce 18%
2025-11-28 22:41:02,648 INFO mapreduce.Job:  map 55% reduce 18%
2025-11-28 22:41:08,716 INFO mapreduce.Job:  map 56% reduce 18%
2025-11-28 22:41:10,737 INFO mapreduce.Job:  map 56% reduce 19%
2025-11-28 22:41:15,792 INFO mapreduce.Job:  map 57% reduce 19%
2025-11-28 22:41:20,849 INFO mapreduce.Job:  map 58% reduce 19%
2025-11-28 22:41:26,914 INFO mapreduce.Job:  map 59% reduce 19%
2025-11-28 22:41:28,934 INFO mapreduce.Job:  map 59% reduce 20%
2025-11-28 22:41:31,968 INFO mapreduce.Job:  map 60% reduce 20%
2025-11-28 22:41:34,997 INFO mapreduce.Job:  map 61% reduce 20%
2025-11-28 22:41:38,035 INFO mapreduce.Job:  map 62% reduce 20%
2025-11-28 22:41:43,084 INFO mapreduce.Job:  map 63% reduce 20%
2025-11-28 22:41:46,117 INFO mapreduce.Job:  map 64% reduce 20%
2025-11-28 22:41:47,131 INFO mapreduce.Job:  map 64% reduce 21%
2025-11-28 22:41:52,183 INFO mapreduce.Job:  map 65% reduce 21%
2025-11-28 22:41:56,225 INFO mapreduce.Job:  map 66% reduce 21%
2025-11-28 22:41:59,257 INFO mapreduce.Job:  map 66% reduce 22%
2025-11-28 22:42:01,283 INFO mapreduce.Job:  map 67% reduce 22%
2025-11-28 22:42:09,381 INFO mapreduce.Job:  map 68% reduce 22%
2025-11-28 22:42:10,399 INFO mapreduce.Job:  map 68% reduce 23%
2025-11-28 22:42:13,443 INFO mapreduce.Job:  map 69% reduce 23%
2025-11-28 22:42:18,498 INFO mapreduce.Job:  map 70% reduce 23%
2025-11-28 22:42:26,584 INFO mapreduce.Job:  map 71% reduce 23%
2025-11-28 22:42:28,609 INFO mapreduce.Job:  map 72% reduce 24%
2025-11-28 22:42:35,685 INFO mapreduce.Job:  map 73% reduce 24%
2025-11-28 22:42:43,779 INFO mapreduce.Job:  map 74% reduce 24%
2025-11-28 22:42:44,793 INFO mapreduce.Job:  map 75% reduce 24%
2025-11-28 22:42:46,816 INFO mapreduce.Job:  map 75% reduce 25%
2025-11-28 22:42:50,864 INFO mapreduce.Job:  map 76% reduce 25%
2025-11-28 22:42:54,905 INFO mapreduce.Job:  map 77% reduce 25%
2025-11-28 22:42:58,946 INFO mapreduce.Job:  map 77% reduce 26%
2025-11-28 22:42:59,957 INFO mapreduce.Job:  map 78% reduce 26%
2025-11-28 22:43:01,979 INFO mapreduce.Job:  map 79% reduce 26%
2025-11-28 22:43:07,039 INFO mapreduce.Job:  map 80% reduce 26%
2025-11-28 22:43:11,083 INFO mapreduce.Job:  map 81% reduce 27%
2025-11-28 22:43:19,171 INFO mapreduce.Job:  map 82% reduce 27%
2025-11-28 22:43:23,215 INFO mapreduce.Job:  map 83% reduce 27%
2025-11-28 22:43:28,272 INFO mapreduce.Job:  map 84% reduce 27%
2025-11-28 22:43:29,282 INFO mapreduce.Job:  map 84% reduce 28%
2025-11-28 22:43:35,348 INFO mapreduce.Job:  map 85% reduce 28%
2025-11-28 22:43:41,409 INFO mapreduce.Job:  map 86% reduce 28%
2025-11-28 22:43:45,454 INFO mapreduce.Job:  map 87% reduce 28%
2025-11-28 22:43:47,475 INFO mapreduce.Job:  map 87% reduce 29%
2025-11-28 22:43:53,536 INFO mapreduce.Job:  map 88% reduce 29%
2025-11-28 22:43:54,546 INFO mapreduce.Job:  map 89% reduce 29%
2025-11-28 22:43:59,604 INFO mapreduce.Job:  map 89% reduce 30%
2025-11-28 22:44:01,625 INFO mapreduce.Job:  map 90% reduce 30%
2025-11-28 22:44:04,659 INFO mapreduce.Job:  map 91% reduce 30%
2025-11-28 22:44:10,725 INFO mapreduce.Job:  map 92% reduce 30%
2025-11-28 22:44:11,744 INFO mapreduce.Job:  map 92% reduce 31%
2025-11-28 22:44:12,760 INFO mapreduce.Job:  map 93% reduce 31%
2025-11-28 22:44:19,837 INFO mapreduce.Job:  map 94% reduce 31%
2025-11-28 22:44:21,858 INFO mapreduce.Job:  map 95% reduce 31%
2025-11-28 22:44:22,869 INFO mapreduce.Job:  map 95% reduce 32%
2025-11-28 22:44:27,921 INFO mapreduce.Job:  map 96% reduce 32%
2025-11-28 22:44:37,015 INFO mapreduce.Job:  map 97% reduce 32%
2025-11-28 22:44:38,026 INFO mapreduce.Job:  map 98% reduce 32%
2025-11-28 22:44:41,058 INFO mapreduce.Job:  map 98% reduce 33%
2025-11-28 22:44:57,239 INFO mapreduce.Job:  map 99% reduce 33%
2025-11-28 22:45:13,428 INFO mapreduce.Job:  map 100% reduce 33%
2025-11-28 22:45:17,477 INFO mapreduce.Job:  map 100% reduce 40%
2025-11-28 22:45:23,738 INFO mapreduce.Job:  map 100% reduce 100%
2025-11-28 22:45:24,774 INFO mapreduce.Job: Job job_1764325814997_0032 completed successfully
2025-11-28 22:45:24,833 INFO mapreduce.Job: Counters: 55
	File System Counters
		FILE: Number of bytes read=251889013
		FILE: Number of bytes written=642111458
		FILE: Number of read operations=0
		FILE: Number of large read operations=0
		FILE: Number of write operations=0
		HDFS: Number of bytes read=519258733
		HDFS: Number of bytes written=47092714
		HDFS: Number of read operations=1505
		HDFS: Number of large read operations=0
		HDFS: Number of write operations=2
		HDFS: Number of bytes read erasure-coded=0
	Job Counters 
		Killed map tasks=3
		Launched map tasks=502
		Launched reduce tasks=1
		Data-local map tasks=502
		Total time spent by all maps in occupied slots (ms)=16678706
		Total time spent by all reduces in occupied slots (ms)=757756
		Total time spent by all map tasks (ms)=8339353
		Total time spent by all reduce tasks (ms)=378878
		Total vcore-milliseconds taken by all map tasks=8339353
		Total vcore-milliseconds taken by all reduce tasks=378878
		Total megabyte-milliseconds taken by all map tasks=8539497472
		Total megabyte-milliseconds taken by all reduce tasks=387971072
	Map-Reduce Framework
		Map input records=2870091
		Map output records=80936717
		Map output bytes=842322768
		Map output materialized bytes=251892007
		Input split bytes=54000
		Combine input records=80936717
		Combine output records=16369856
		Reduce input groups=3027590
		Reduce shuffle bytes=251892007
		Reduce input records=16369856
		Reduce output records=3027590
		Spilled Records=32739712
		Shuffled Maps =500
		Failed Shuffles=0
		Merged Map outputs=500
		GC time elapsed (ms)=139305
		CPU time spent (ms)=608950
		Physical memory (bytes) snapshot=163784593408
		Virtual memory (bytes) snapshot=1300122337280
		Total committed heap usage (bytes)=152711462912
		Peak Map Physical memory (bytes)=496451584
		Peak Map Virtual memory (bytes)=2803879936
		Peak Reduce Physical memory (bytes)=615256064
		Peak Reduce Virtual memory (bytes)=2568556544
	Shuffle Errors
		BAD_ID=0
		CONNECTION=0
		IO_ERROR=0
		WRONG_LENGTH=0
		WRONG_MAP=0
		WRONG_REDUCE=0
	File Input Format Counters 
		Bytes Read=519204733
	File Output Format Counters 
		Bytes Written=47092714
[INFO] MapReduce job finished.
[INFO] Monitor stopped.
