===== Running MapReduce Job =====
Input : /wiki100mb
Output: /_100mb
Slowstart: 0.8
Date  : 2025年 11月 28日 星期五 19:32:08 CST
=================================
2025-11-28 19:32:11,603 INFO client.DefaultNoHARMFailoverProxyProvider: Connecting to ResourceManager at master-wxl/192.168.10.104:8032
2025-11-28 19:32:11,921 INFO mapreduce.JobResourceUploader: Disabling Erasure Coding for path: /tmp/hadoop-yarn/staging/hadoop/.staging/job_1764325814997_0016
2025-11-28 19:32:12,299 INFO input.FileInputFormat: Total input files to process : 100
2025-11-28 19:32:12,462 INFO mapreduce.JobSubmitter: number of splits:100
2025-11-28 19:32:12,652 INFO mapreduce.JobSubmitter: Submitting tokens for job: job_1764325814997_0016
2025-11-28 19:32:12,652 INFO mapreduce.JobSubmitter: Executing with tokens: []
2025-11-28 19:32:12,825 INFO conf.Configuration: resource-types.xml not found
2025-11-28 19:32:12,825 INFO resource.ResourceUtils: Unable to find 'resource-types.xml'.
2025-11-28 19:32:12,885 INFO impl.YarnClientImpl: Submitted application application_1764325814997_0016
2025-11-28 19:32:12,937 INFO mapreduce.Job: The url to track the job: http://master-wxl:8088/proxy/application_1764325814997_0016/
2025-11-28 19:32:12,938 INFO mapreduce.Job: Running job: job_1764325814997_0016
2025-11-28 19:32:26,240 INFO mapreduce.Job: Job job_1764325814997_0016 running in uber mode : false
2025-11-28 19:32:26,241 INFO mapreduce.Job:  map 0% reduce 0%
2025-11-28 19:32:38,970 INFO mapreduce.Job:  map 1% reduce 0%
2025-11-28 19:32:40,066 INFO mapreduce.Job:  map 6% reduce 0%
2025-11-28 19:32:41,091 INFO mapreduce.Job:  map 10% reduce 0%
2025-11-28 19:32:50,791 INFO mapreduce.Job:  map 13% reduce 0%
2025-11-28 19:32:51,823 INFO mapreduce.Job:  map 16% reduce 0%
2025-11-28 19:32:52,851 INFO mapreduce.Job:  map 18% reduce 0%
2025-11-28 19:32:53,866 INFO mapreduce.Job:  map 20% reduce 0%
2025-11-28 19:33:00,099 INFO mapreduce.Job:  map 21% reduce 0%
2025-11-28 19:33:01,222 INFO mapreduce.Job:  map 22% reduce 0%
2025-11-28 19:33:02,257 INFO mapreduce.Job:  map 24% reduce 0%
2025-11-28 19:33:03,289 INFO mapreduce.Job:  map 26% reduce 0%
2025-11-28 19:33:04,304 INFO mapreduce.Job:  map 27% reduce 0%
2025-11-28 19:33:06,365 INFO mapreduce.Job:  map 30% reduce 0%
2025-11-28 19:33:12,605 INFO mapreduce.Job:  map 32% reduce 0%
2025-11-28 19:33:13,715 INFO mapreduce.Job:  map 33% reduce 0%
2025-11-28 19:33:14,802 INFO mapreduce.Job:  map 36% reduce 0%
2025-11-28 19:33:15,826 INFO mapreduce.Job:  map 37% reduce 0%
2025-11-28 19:33:17,884 INFO mapreduce.Job:  map 39% reduce 0%
2025-11-28 19:33:18,901 INFO mapreduce.Job:  map 40% reduce 0%
2025-11-28 19:33:20,982 INFO mapreduce.Job:  map 41% reduce 0%
2025-11-28 19:33:23,101 INFO mapreduce.Job:  map 42% reduce 0%
2025-11-28 19:33:24,155 INFO mapreduce.Job:  map 45% reduce 0%
2025-11-28 19:33:25,190 INFO mapreduce.Job:  map 49% reduce 0%
2025-11-28 19:33:26,226 INFO mapreduce.Job:  map 51% reduce 0%
2025-11-28 19:33:27,267 INFO mapreduce.Job:  map 52% reduce 0%
2025-11-28 19:33:28,292 INFO mapreduce.Job:  map 53% reduce 0%
2025-11-28 19:33:29,322 INFO mapreduce.Job:  map 55% reduce 0%
2025-11-28 19:33:30,382 INFO mapreduce.Job:  map 56% reduce 0%
2025-11-28 19:33:31,405 INFO mapreduce.Job:  map 57% reduce 0%
2025-11-28 19:33:33,453 INFO mapreduce.Job:  map 58% reduce 0%
2025-11-28 19:33:35,688 INFO mapreduce.Job:  map 59% reduce 0%
2025-11-28 19:33:36,717 INFO mapreduce.Job:  map 61% reduce 0%
2025-11-28 19:33:37,787 INFO mapreduce.Job:  map 65% reduce 0%
2025-11-28 19:33:38,876 INFO mapreduce.Job:  map 66% reduce 0%
2025-11-28 19:33:39,889 INFO mapreduce.Job:  map 68% reduce 0%
2025-11-28 19:33:47,295 INFO mapreduce.Job:  map 71% reduce 0%
2025-11-28 19:33:48,354 INFO mapreduce.Job:  map 73% reduce 0%
2025-11-28 19:33:49,398 INFO mapreduce.Job:  map 75% reduce 0%
2025-11-28 19:33:50,421 INFO mapreduce.Job:  map 76% reduce 0%
2025-11-28 19:33:51,444 INFO mapreduce.Job:  map 78% reduce 0%
2025-11-28 19:33:59,638 INFO mapreduce.Job:  map 81% reduce 0%
2025-11-28 19:34:00,703 INFO mapreduce.Job:  map 85% reduce 0%
2025-11-28 19:34:01,727 INFO mapreduce.Job:  map 88% reduce 0%
2025-11-28 19:34:05,835 INFO mapreduce.Job:  map 90% reduce 0%
2025-11-28 19:34:06,859 INFO mapreduce.Job:  map 92% reduce 0%
2025-11-28 19:34:17,534 INFO mapreduce.Job:  map 93% reduce 31%
2025-11-28 19:34:23,966 INFO mapreduce.Job:  map 94% reduce 31%
2025-11-28 19:34:26,008 INFO mapreduce.Job:  map 95% reduce 31%
2025-11-28 19:34:30,243 INFO mapreduce.Job:  map 96% reduce 31%
2025-11-28 19:34:34,420 INFO mapreduce.Job:  map 97% reduce 31%
2025-11-28 19:34:36,455 INFO mapreduce.Job:  map 99% reduce 32%
2025-11-28 19:34:37,468 INFO mapreduce.Job:  map 100% reduce 32%
2025-11-28 19:34:40,789 INFO mapreduce.Job:  map 100% reduce 100%
2025-11-28 19:34:40,817 INFO mapreduce.Job: Job job_1764325814997_0016 completed successfully
2025-11-28 19:34:40,935 INFO mapreduce.Job: Counters: 55
	File System Counters
		FILE: Number of bytes read=45809982
		FILE: Number of bytes written=119507396
		FILE: Number of read operations=0
		FILE: Number of large read operations=0
		FILE: Number of write operations=0
		HDFS: Number of bytes read=102952540
		HDFS: Number of bytes written=9704043
		HDFS: Number of read operations=305
		HDFS: Number of large read operations=0
		HDFS: Number of write operations=2
		HDFS: Number of bytes read erasure-coded=0
	Job Counters 
		Killed map tasks=3
		Launched map tasks=102
		Launched reduce tasks=1
		Data-local map tasks=102
		Total time spent by all maps in occupied slots (ms)=3628562
		Total time spent by all reduces in occupied slots (ms)=76672
		Total time spent by all map tasks (ms)=1814281
		Total time spent by all reduce tasks (ms)=38336
		Total vcore-milliseconds taken by all map tasks=1814281
		Total vcore-milliseconds taken by all reduce tasks=38336
		Total megabyte-milliseconds taken by all map tasks=1857823744
		Total megabyte-milliseconds taken by all reduce tasks=39256064
	Map-Reduce Framework
		Map input records=325576
		Map output records=16208667
		Map output bytes=167752154
		Map output materialized bytes=45810576
		Input split bytes=10800
		Combine input records=16208667
		Combine output records=3055995
		Reduce input groups=781397
		Reduce shuffle bytes=45810576
		Reduce input records=3055995
		Reduce output records=781397
		Spilled Records=6111990
		Shuffled Maps =100
		Failed Shuffles=0
		Merged Map outputs=100
		GC time elapsed (ms)=30119
		CPU time spent (ms)=122290
		Physical memory (bytes) snapshot=32434515968
		Virtual memory (bytes) snapshot=261694967808
		Total committed heap usage (bytes)=30435966976
		Peak Map Physical memory (bytes)=354058240
		Peak Map Virtual memory (bytes)=2803175424
		Peak Reduce Physical memory (bytes)=282218496
		Peak Reduce Virtual memory (bytes)=2550964224
	Shuffle Errors
		BAD_ID=0
		CONNECTION=0
		IO_ERROR=0
		WRONG_LENGTH=0
		WRONG_MAP=0
		WRONG_REDUCE=0
	File Input Format Counters 
		Bytes Read=102941740
	File Output Format Counters 
		Bytes Written=9704043
[INFO] MapReduce job finished.
[INFO] Monitor stopped.
