===== Real Performance Monitor Started at 2025年 11月 28日 星期五 19:32:07 CST =====
[worker1-zzh] CPU: 8.00% | MEM: 20%
[worker2-zrt] CPU: 51.00% | MEM: 27%
[worker3-haz] CPU: 12.00% | MEM: 20%
----
[worker1-zzh] CPU: 10.00% | MEM: 21%
[worker2-zrt] CPU: 96.00% | MEM: 29%
[worker3-haz] CPU: 12.00% | MEM: 20%
----
[worker1-zzh] CPU: 10.00% | MEM: 21%
[worker2-zrt] CPU: 100.00% | MEM: 33%
[worker3-haz] CPU: 11.00% | MEM: 20%
----
[worker1-zzh] CPU: 100.00% | MEM: 48%
[worker2-zrt] CPU: 100.00% | MEM: 37%
[worker3-haz] CPU: 15.00% | MEM: 20%
----
[worker1-zzh] CPU: 100.00% | MEM: 35%
[worker2-zrt] CPU: 100.00% | MEM: 40%
[worker3-haz] CPU: 15.00% | MEM: 20%
----
[worker1-zzh] CPU: 100.00% | MEM: 34%
[worker2-zrt] CPU: 100.00% | MEM: 44%
[worker3-haz] CPU: 13.00% | MEM: 20%
----
[worker1-zzh] CPU: 100.00% | MEM: 32%
[worker2-zrt] CPU: 100.00% | MEM: 54%
[worker3-haz] CPU: 13.00% | MEM: 20%
----
[worker1-zzh] CPU: 100.00% | MEM: 29%
[worker2-zrt] CPU: 100.00% | MEM: 32%
[worker3-haz] CPU: 13.00% | MEM: 20%
----
[worker1-zzh] CPU: 100.00% | MEM: 28%
[worker2-zrt] CPU: 100.00% | MEM: 37%
[worker3-haz] CPU: 15.00% | MEM: 20%
----
[worker1-zzh] CPU: 100.00% | MEM: 31%
[worker2-zrt] CPU: 100.00% | MEM: 40%
[worker3-haz] CPU: 11.00% | MEM: 20%
----
[worker1-zzh] CPU: 91.00% | MEM: 22%
[worker2-zrt] CPU: 100.00% | MEM: 45%
[worker3-haz] CPU: 11.00% | MEM: 20%
----
[worker1-zzh] CPU: 13.00% | MEM: 22%
[worker2-zrt] CPU: 100.00% | MEM: 50%
[worker3-haz] CPU: 13.00% | MEM: 20%
----
[worker1-zzh] CPU: 10.00% | MEM: 23%
[worker2-zrt] CPU: 100.00% | MEM: 42%
[worker3-haz] CPU: 12.00% | MEM: 20%
----
[worker1-zzh] CPU: 28.00% | MEM: 23%
