===== Running MapReduce Job =====
Input : /wiki100mb
Output: /_100mb
Slowstart: 0.2
Date  : 2025年 11月 28日 星期五 19:13:51 CST
=================================
2025-11-28 19:13:54,443 INFO client.DefaultNoHARMFailoverProxyProvider: Connecting to ResourceManager at master-wxl/192.168.10.104:8032
2025-11-28 19:13:54,784 INFO mapreduce.JobResourceUploader: Disabling Erasure Coding for path: /tmp/hadoop-yarn/staging/hadoop/.staging/job_1764325814997_0009
2025-11-28 19:13:55,346 INFO input.FileInputFormat: Total input files to process : 100
2025-11-28 19:13:55,502 INFO mapreduce.JobSubmitter: number of splits:100
2025-11-28 19:13:55,761 INFO mapreduce.JobSubmitter: Submitting tokens for job: job_1764325814997_0009
2025-11-28 19:13:55,761 INFO mapreduce.JobSubmitter: Executing with tokens: []
2025-11-28 19:13:55,930 INFO conf.Configuration: resource-types.xml not found
2025-11-28 19:13:55,931 INFO resource.ResourceUtils: Unable to find 'resource-types.xml'.
2025-11-28 19:13:56,003 INFO impl.YarnClientImpl: Submitted application application_1764325814997_0009
2025-11-28 19:13:56,071 INFO mapreduce.Job: The url to track the job: http://master-wxl:8088/proxy/application_1764325814997_0009/
2025-11-28 19:13:56,072 INFO mapreduce.Job: Running job: job_1764325814997_0009
2025-11-28 19:14:09,626 INFO mapreduce.Job: Job job_1764325814997_0009 running in uber mode : false
2025-11-28 19:14:09,627 INFO mapreduce.Job:  map 0% reduce 0%
2025-11-28 19:14:22,387 INFO mapreduce.Job:  map 2% reduce 0%
2025-11-28 19:14:23,441 INFO mapreduce.Job:  map 6% reduce 0%
2025-11-28 19:14:24,858 INFO mapreduce.Job:  map 10% reduce 0%
2025-11-28 19:14:32,269 INFO mapreduce.Job:  map 12% reduce 0%
2025-11-28 19:14:35,510 INFO mapreduce.Job:  map 13% reduce 0%
2025-11-28 19:14:36,563 INFO mapreduce.Job:  map 18% reduce 0%
2025-11-28 19:14:37,597 INFO mapreduce.Job:  map 20% reduce 0%
2025-11-28 19:14:42,931 INFO mapreduce.Job:  map 22% reduce 0%
2025-11-28 19:14:44,031 INFO mapreduce.Job:  map 23% reduce 0%
2025-11-28 19:14:47,236 INFO mapreduce.Job:  map 25% reduce 0%
2025-11-28 19:14:48,329 INFO mapreduce.Job:  map 26% reduce 0%
2025-11-28 19:14:49,410 INFO mapreduce.Job:  map 30% reduce 0%
2025-11-28 19:14:54,807 INFO mapreduce.Job:  map 31% reduce 0%
2025-11-28 19:14:55,829 INFO mapreduce.Job:  map 32% reduce 0%
2025-11-28 19:14:56,882 INFO mapreduce.Job:  map 33% reduce 0%
2025-11-28 19:14:57,908 INFO mapreduce.Job:  map 34% reduce 0%
2025-11-28 19:14:59,939 INFO mapreduce.Job:  map 37% reduce 0%
2025-11-28 19:15:01,049 INFO mapreduce.Job:  map 39% reduce 0%
2025-11-28 19:15:03,095 INFO mapreduce.Job:  map 39% reduce 13%
2025-11-28 19:15:04,150 INFO mapreduce.Job:  map 40% reduce 13%
2025-11-28 19:15:05,163 INFO mapreduce.Job:  map 41% reduce 13%
2025-11-28 19:15:07,236 INFO mapreduce.Job:  map 46% reduce 13%
2025-11-28 19:15:09,304 INFO mapreduce.Job:  map 48% reduce 14%
2025-11-28 19:15:10,331 INFO mapreduce.Job:  map 50% reduce 14%
2025-11-28 19:15:11,561 INFO mapreduce.Job:  map 53% reduce 14%
2025-11-28 19:15:14,609 INFO mapreduce.Job:  map 54% reduce 16%
2025-11-28 19:15:15,718 INFO mapreduce.Job:  map 55% reduce 16%
2025-11-28 19:15:16,737 INFO mapreduce.Job:  map 56% reduce 16%
2025-11-28 19:15:17,751 INFO mapreduce.Job:  map 58% reduce 16%
2025-11-28 19:15:18,768 INFO mapreduce.Job:  map 59% reduce 16%
2025-11-28 19:15:20,855 INFO mapreduce.Job:  map 61% reduce 19%
2025-11-28 19:15:21,872 INFO mapreduce.Job:  map 64% reduce 19%
2025-11-28 19:15:22,927 INFO mapreduce.Job:  map 65% reduce 19%
2025-11-28 19:15:24,975 INFO mapreduce.Job:  map 66% reduce 19%
2025-11-28 19:15:26,104 INFO mapreduce.Job:  map 67% reduce 19%
2025-11-28 19:15:27,166 INFO mapreduce.Job:  map 67% reduce 22%
2025-11-28 19:15:28,218 INFO mapreduce.Job:  map 68% reduce 22%
2025-11-28 19:15:29,245 INFO mapreduce.Job:  map 69% reduce 22%
2025-11-28 19:15:31,336 INFO mapreduce.Job:  map 70% reduce 22%
2025-11-28 19:15:32,390 INFO mapreduce.Job:  map 71% reduce 22%
2025-11-28 19:15:33,408 INFO mapreduce.Job:  map 73% reduce 24%
2025-11-28 19:15:34,441 INFO mapreduce.Job:  map 74% reduce 24%
2025-11-28 19:15:35,470 INFO mapreduce.Job:  map 76% reduce 24%
2025-11-28 19:15:37,507 INFO mapreduce.Job:  map 77% reduce 24%
2025-11-28 19:15:38,532 INFO mapreduce.Job:  map 78% reduce 26%
2025-11-28 19:15:41,633 INFO mapreduce.Job:  map 79% reduce 26%
2025-11-28 19:15:42,651 INFO mapreduce.Job:  map 81% reduce 26%
2025-11-28 19:15:44,715 INFO mapreduce.Job:  map 84% reduce 27%
2025-11-28 19:15:45,728 INFO mapreduce.Job:  map 85% reduce 27%
2025-11-28 19:15:47,790 INFO mapreduce.Job:  map 87% reduce 27%
2025-11-28 19:15:49,815 INFO mapreduce.Job:  map 88% reduce 27%
2025-11-28 19:15:50,922 INFO mapreduce.Job:  map 92% reduce 29%
2025-11-28 19:15:57,472 INFO mapreduce.Job:  map 92% reduce 31%
2025-11-28 19:16:06,232 INFO mapreduce.Job:  map 93% reduce 31%
2025-11-28 19:16:08,318 INFO mapreduce.Job:  map 94% reduce 31%
2025-11-28 19:16:12,418 INFO mapreduce.Job:  map 95% reduce 31%
2025-11-28 19:16:16,533 INFO mapreduce.Job:  map 96% reduce 31%
2025-11-28 19:16:19,683 INFO mapreduce.Job:  map 97% reduce 31%
2025-11-28 19:16:20,705 INFO mapreduce.Job:  map 98% reduce 31%
2025-11-28 19:16:21,746 INFO mapreduce.Job:  map 100% reduce 32%
2025-11-28 19:16:25,941 INFO mapreduce.Job:  map 100% reduce 100%
2025-11-28 19:16:25,964 INFO mapreduce.Job: Job job_1764325814997_0009 completed successfully
2025-11-28 19:16:26,102 INFO mapreduce.Job: Counters: 55
	File System Counters
		FILE: Number of bytes read=45809982
		FILE: Number of bytes written=119507396
		FILE: Number of read operations=0
		FILE: Number of large read operations=0
		FILE: Number of write operations=0
		HDFS: Number of bytes read=102952540
		HDFS: Number of bytes written=9704043
		HDFS: Number of read operations=305
		HDFS: Number of large read operations=0
		HDFS: Number of write operations=2
		HDFS: Number of bytes read erasure-coded=0
	Job Counters 
		Killed map tasks=3
		Launched map tasks=102
		Launched reduce tasks=1
		Data-local map tasks=102
		Total time spent by all maps in occupied slots (ms)=3580518
		Total time spent by all reduces in occupied slots (ms)=202260
		Total time spent by all map tasks (ms)=1790259
		Total time spent by all reduce tasks (ms)=101130
		Total vcore-milliseconds taken by all map tasks=1790259
		Total vcore-milliseconds taken by all reduce tasks=101130
		Total megabyte-milliseconds taken by all map tasks=1833225216
		Total megabyte-milliseconds taken by all reduce tasks=103557120
	Map-Reduce Framework
		Map input records=325576
		Map output records=16208667
		Map output bytes=167752154
		Map output materialized bytes=45810576
		Input split bytes=10800
		Combine input records=16208667
		Combine output records=3055995
		Reduce input groups=781397
		Reduce shuffle bytes=45810576
		Reduce input records=3055995
		Reduce output records=781397
		Spilled Records=6111990
		Shuffled Maps =100
		Failed Shuffles=0
		Merged Map outputs=100
		GC time elapsed (ms)=30449
		CPU time spent (ms)=126940
		Physical memory (bytes) snapshot=32574021632
		Virtual memory (bytes) snapshot=261840297984
		Total committed heap usage (bytes)=30693392384
		Peak Map Physical memory (bytes)=356724736
		Peak Map Virtual memory (bytes)=2802921472
		Peak Reduce Physical memory (bytes)=358666240
		Peak Reduce Virtual memory (bytes)=2564063232
	Shuffle Errors
		BAD_ID=0
		CONNECTION=0
		IO_ERROR=0
		WRONG_LENGTH=0
		WRONG_MAP=0
		WRONG_REDUCE=0
	File Input Format Counters 
		Bytes Read=102941740
	File Output Format Counters 
		Bytes Written=9704043
[INFO] MapReduce job finished.
[INFO] Monitor stopped.
