===== Real Performance Monitor Started at 2025年 11月 28日 星期五 19:13:50 CST =====
[worker1-zzh] CPU: 12.00% | MEM: 23%
[worker2-zrt] CPU: 41.00% | MEM: 28%
[worker3-haz] CPU: 11.00% | MEM: 19%
----
[worker1-zzh] CPU: 11.00% | MEM: 23%
[worker2-zrt] CPU: 92.00% | MEM: 30%
[worker3-haz] CPU: 17.00% | MEM: 19%
----
[worker1-zzh] CPU: 10.00% | MEM: 23%
[worker2-zrt] CPU: 99.00% | MEM: 32%
[worker3-haz] CPU: 16.00% | MEM: 19%
----
[worker1-zzh] CPU: 100.00% | MEM: 44%
[worker2-zrt] CPU: 100.00% | MEM: 38%
[worker3-haz] CPU: 17.00% | MEM: 19%
----
[worker1-zzh] CPU: 100.00% | MEM: 46%
[worker2-zrt] CPU: 100.00% | MEM: 40%
[worker3-haz] CPU: 12.00% | MEM: 19%
----
[worker1-zzh] CPU: 100.00% | MEM: 40%
[worker2-zrt] CPU: 100.00% | MEM: 44%
[worker3-haz] CPU: 13.00% | MEM: 19%
----
[worker1-zzh] CPU: 100.00% | MEM: 29%
[worker2-zrt] CPU: 100.00% | MEM: 55%
[worker3-haz] CPU: 13.00% | MEM: 19%
----
[worker1-zzh] CPU: 100.00% | MEM: 36%
[worker2-zrt] CPU: 100.00% | MEM: 40%
[worker3-haz] CPU: 13.00% | MEM: 19%
----
[worker1-zzh] CPU: 100.00% | MEM: 35%
[worker2-zrt] CPU: 100.00% | MEM: 37%
[worker3-haz] CPU: 21.00% | MEM: 19%
----
[worker1-zzh] CPU: 100.00% | MEM: 38%
[worker2-zrt] CPU: 100.00% | MEM: 40%
[worker3-haz] CPU: 17.00% | MEM: 19%
----
[worker1-zzh] CPU: 12.00% | MEM: 25%
[worker2-zrt] CPU: 100.00% | MEM: 44%
[worker3-haz] CPU: 12.00% | MEM: 19%
----
[worker1-zzh] CPU: 13.00% | MEM: 25%
[worker2-zrt] CPU: 100.00% | MEM: 50%
[worker3-haz] CPU: 13.00% | MEM: 19%
----
[worker1-zzh] CPU: 11.00% | MEM: 25%
[worker2-zrt] CPU: 100.00% | MEM: 43%
[worker3-haz] CPU: 12.00% | MEM: 19%
----
[worker1-zzh] CPU: 42.00% | MEM: 26%
