===== Running MapReduce Job =====
Input : /wiki1G/*
Output: /_1G
Slowstart: 0.8
Date  : 2025年 11月 28日 星期五 02:21:48 CST
=================================
2025-11-28 02:21:52,873 INFO client.DefaultNoHARMFailoverProxyProvider: Connecting to ResourceManager at master-wxl/192.168.10.104:8032
2025-11-28 02:21:53,242 INFO mapreduce.JobResourceUploader: Disabling Erasure Coding for path: /tmp/hadoop-yarn/staging/hadoop/.staging/job_1764264570892_0007
2025-11-28 02:21:54,727 INFO input.FileInputFormat: Total input files to process : 1000
2025-11-28 02:21:56,075 INFO mapreduce.JobSubmitter: number of splits:1000
2025-11-28 02:21:56,664 INFO mapreduce.JobSubmitter: Submitting tokens for job: job_1764264570892_0007
2025-11-28 02:21:56,664 INFO mapreduce.JobSubmitter: Executing with tokens: []
2025-11-28 02:21:56,960 INFO conf.Configuration: resource-types.xml not found
2025-11-28 02:21:56,962 INFO resource.ResourceUtils: Unable to find 'resource-types.xml'.
2025-11-28 02:21:57,127 INFO impl.YarnClientImpl: Submitted application application_1764264570892_0007
2025-11-28 02:21:57,198 INFO mapreduce.Job: The url to track the job: http://master-wxl:8088/proxy/application_1764264570892_0007/
2025-11-28 02:21:57,200 INFO mapreduce.Job: Running job: job_1764264570892_0007
2025-11-28 02:22:09,907 INFO mapreduce.Job: Job job_1764264570892_0007 running in uber mode : false
2025-11-28 02:22:09,909 INFO mapreduce.Job:  map 0% reduce 0%
2025-11-28 02:22:26,670 INFO mapreduce.Job:  map 1% reduce 0%
2025-11-28 02:22:40,340 INFO mapreduce.Job:  map 2% reduce 0%
2025-11-28 02:22:52,964 INFO mapreduce.Job:  map 3% reduce 0%
2025-11-28 02:22:59,223 INFO mapreduce.Job:  map 4% reduce 0%
2025-11-28 02:23:03,315 INFO mapreduce.Job:  map 5% reduce 0%
2025-11-28 02:23:07,617 INFO mapreduce.Job:  map 6% reduce 0%
2025-11-28 02:23:18,827 INFO mapreduce.Job:  map 7% reduce 0%
2025-11-28 02:23:30,117 INFO mapreduce.Job:  map 8% reduce 0%
2025-11-28 02:23:33,197 INFO mapreduce.Job:  map 9% reduce 0%
2025-11-28 02:23:43,440 INFO mapreduce.Job:  map 10% reduce 0%
2025-11-28 02:23:55,938 INFO mapreduce.Job:  map 11% reduce 0%
2025-11-28 02:24:03,102 INFO mapreduce.Job:  map 12% reduce 0%
2025-11-28 02:24:06,173 INFO mapreduce.Job:  map 13% reduce 0%
2025-11-28 02:24:11,305 INFO mapreduce.Job:  map 14% reduce 0%
2025-11-28 02:24:23,616 INFO mapreduce.Job:  map 15% reduce 0%
2025-11-28 02:24:34,974 INFO mapreduce.Job:  map 16% reduce 0%
2025-11-28 02:24:39,098 INFO mapreduce.Job:  map 17% reduce 0%
2025-11-28 02:24:49,440 INFO mapreduce.Job:  map 18% reduce 0%
2025-11-28 02:24:57,625 INFO mapreduce.Job:  map 19% reduce 0%
2025-11-28 02:25:04,783 INFO mapreduce.Job:  map 20% reduce 0%
2025-11-28 02:25:08,909 INFO mapreduce.Job:  map 21% reduce 0%
2025-11-28 02:25:14,036 INFO mapreduce.Job:  map 22% reduce 0%
2025-11-28 02:25:27,379 INFO mapreduce.Job:  map 23% reduce 0%
2025-11-28 02:25:39,009 INFO mapreduce.Job:  map 24% reduce 0%
2025-11-28 02:25:47,196 INFO mapreduce.Job:  map 25% reduce 0%
2025-11-28 02:25:51,280 INFO mapreduce.Job:  map 26% reduce 0%
2025-11-28 02:25:58,437 INFO mapreduce.Job:  map 27% reduce 0%
2025-11-28 02:26:07,616 INFO mapreduce.Job:  map 28% reduce 0%
2025-11-28 02:26:17,978 INFO mapreduce.Job:  map 29% reduce 0%
2025-11-28 02:26:22,098 INFO mapreduce.Job:  map 30% reduce 0%
2025-11-28 02:26:30,266 INFO mapreduce.Job:  map 31% reduce 0%
2025-11-28 02:26:41,610 INFO mapreduce.Job:  map 32% reduce 0%
2025-11-28 02:26:49,802 INFO mapreduce.Job:  map 33% reduce 0%
2025-11-28 02:26:51,838 INFO mapreduce.Job:  map 34% reduce 0%
2025-11-28 02:27:01,134 INFO mapreduce.Job:  map 35% reduce 0%
2025-11-28 02:27:13,650 INFO mapreduce.Job:  map 36% reduce 0%
2025-11-28 02:27:21,889 INFO mapreduce.Job:  map 37% reduce 0%
2025-11-28 02:27:28,286 INFO mapreduce.Job:  map 38% reduce 0%
2025-11-28 02:27:35,420 INFO mapreduce.Job:  map 39% reduce 0%
2025-11-28 02:27:40,558 INFO mapreduce.Job:  map 40% reduce 0%
2025-11-28 02:27:51,782 INFO mapreduce.Job:  map 41% reduce 0%
2025-11-28 02:28:01,067 INFO mapreduce.Job:  map 42% reduce 0%
2025-11-28 02:28:06,199 INFO mapreduce.Job:  map 43% reduce 0%
2025-11-28 02:28:13,463 INFO mapreduce.Job:  map 44% reduce 0%
2025-11-28 02:28:25,906 INFO mapreduce.Job:  map 45% reduce 0%
2025-11-28 02:28:33,107 INFO mapreduce.Job:  map 46% reduce 0%
2025-11-28 02:28:37,193 INFO mapreduce.Job:  map 47% reduce 0%
2025-11-28 02:28:43,428 INFO mapreduce.Job:  map 48% reduce 0%
2025-11-28 02:28:52,607 INFO mapreduce.Job:  map 49% reduce 0%
2025-11-28 02:29:03,931 INFO mapreduce.Job:  map 50% reduce 0%
2025-11-28 02:29:08,077 INFO mapreduce.Job:  map 51% reduce 0%
2025-11-28 02:29:18,387 INFO mapreduce.Job:  map 52% reduce 0%
2025-11-28 02:29:27,643 INFO mapreduce.Job:  map 53% reduce 0%
2025-11-28 02:29:34,832 INFO mapreduce.Job:  map 54% reduce 0%
2025-11-28 02:29:39,923 INFO mapreduce.Job:  map 55% reduce 0%
2025-11-28 02:29:45,043 INFO mapreduce.Job:  map 56% reduce 0%
2025-11-28 02:29:55,283 INFO mapreduce.Job:  map 57% reduce 0%
2025-11-28 02:30:06,532 INFO mapreduce.Job:  map 58% reduce 0%
2025-11-28 02:30:16,784 INFO mapreduce.Job:  map 59% reduce 0%
2025-11-28 02:30:19,843 INFO mapreduce.Job:  map 60% reduce 0%
2025-11-28 02:30:29,130 INFO mapreduce.Job:  map 61% reduce 0%
2025-11-28 02:30:38,410 INFO mapreduce.Job:  map 62% reduce 0%
2025-11-28 02:30:44,777 INFO mapreduce.Job:  map 63% reduce 0%
2025-11-28 02:30:52,935 INFO mapreduce.Job:  map 64% reduce 0%
2025-11-28 02:30:59,280 INFO mapreduce.Job:  map 65% reduce 0%
2025-11-28 02:31:09,541 INFO mapreduce.Job:  map 66% reduce 0%
2025-11-28 02:31:19,991 INFO mapreduce.Job:  map 67% reduce 0%
2025-11-28 02:31:23,057 INFO mapreduce.Job:  map 68% reduce 0%
2025-11-28 02:31:30,217 INFO mapreduce.Job:  map 69% reduce 0%
2025-11-28 02:31:40,510 INFO mapreduce.Job:  map 70% reduce 0%
2025-11-28 02:31:52,926 INFO mapreduce.Job:  map 71% reduce 0%
2025-11-28 02:32:01,216 INFO mapreduce.Job:  map 72% reduce 0%
2025-11-28 02:32:07,371 INFO mapreduce.Job:  map 73% reduce 0%
2025-11-28 02:32:12,484 INFO mapreduce.Job:  map 74% reduce 0%
2025-11-28 02:32:21,457 INFO mapreduce.Job:  map 75% reduce 0%
2025-11-28 02:32:29,810 INFO mapreduce.Job:  map 76% reduce 0%
2025-11-28 02:32:36,989 INFO mapreduce.Job:  map 77% reduce 0%
2025-11-28 02:32:42,105 INFO mapreduce.Job:  map 78% reduce 0%
2025-11-28 02:32:54,684 INFO mapreduce.Job:  map 79% reduce 0%
2025-11-28 02:33:05,988 INFO mapreduce.Job:  map 80% reduce 0%
2025-11-28 02:33:10,203 INFO mapreduce.Job:  map 81% reduce 0%
2025-11-28 02:33:14,265 INFO mapreduce.Job:  map 82% reduce 0%
2025-11-28 02:33:24,113 INFO mapreduce.Job:  map 83% reduce 0%
2025-11-28 02:33:33,405 INFO mapreduce.Job:  map 84% reduce 0%
2025-11-28 02:33:41,809 INFO mapreduce.Job:  map 85% reduce 0%
2025-11-28 02:33:46,021 INFO mapreduce.Job:  map 85% reduce 20%
2025-11-28 02:33:49,159 INFO mapreduce.Job:  map 86% reduce 20%
2025-11-28 02:33:52,294 INFO mapreduce.Job:  map 86% reduce 28%
2025-11-28 02:33:59,529 INFO mapreduce.Job:  map 87% reduce 28%
2025-11-28 02:34:10,055 INFO mapreduce.Job:  map 88% reduce 28%
2025-11-28 02:34:16,204 INFO mapreduce.Job:  map 89% reduce 28%
2025-11-28 02:34:23,352 INFO mapreduce.Job:  map 90% reduce 28%
2025-11-28 02:34:27,437 INFO mapreduce.Job:  map 91% reduce 28%
2025-11-28 02:34:39,702 INFO mapreduce.Job:  map 92% reduce 28%
2025-11-28 02:34:52,276 INFO mapreduce.Job:  map 93% reduce 28%
2025-11-28 02:34:59,509 INFO mapreduce.Job:  map 94% reduce 28%
2025-11-28 02:35:05,651 INFO mapreduce.Job:  map 95% reduce 28%
2025-11-28 02:35:11,838 INFO mapreduce.Job:  map 96% reduce 28%
2025-11-28 02:35:21,093 INFO mapreduce.Job:  map 97% reduce 28%
2025-11-28 02:35:28,261 INFO mapreduce.Job:  map 98% reduce 28%
2025-11-28 02:35:33,410 INFO mapreduce.Job:  map 99% reduce 28%
2025-11-28 02:35:40,746 INFO mapreduce.Job:  map 99% reduce 33%
2025-11-28 02:36:02,330 INFO mapreduce.Job:  map 100% reduce 33%
2025-11-28 02:36:17,569 INFO mapreduce.Job:  map 100% reduce 54%
2025-11-28 02:36:23,683 INFO mapreduce.Job:  map 100% reduce 81%
2025-11-28 02:36:29,095 INFO mapreduce.Job:  map 100% reduce 100%
2025-11-28 02:36:30,149 INFO mapreduce.Job: Job job_1764264570892_0007 completed successfully
2025-11-28 02:36:30,275 INFO mapreduce.Job: Counters: 55
	File System Counters
		FILE: Number of bytes read=463624734
		FILE: Number of bytes written=1203451209
		FILE: Number of read operations=0
		FILE: Number of large read operations=0
		FILE: Number of write operations=0
		HDFS: Number of bytes read=1037852969
		HDFS: Number of bytes written=72865185
		HDFS: Number of read operations=3005
		HDFS: Number of large read operations=0
		HDFS: Number of write operations=2
		HDFS: Number of bytes read erasure-coded=0
	Job Counters 
		Killed map tasks=4
		Launched map tasks=1003
		Launched reduce tasks=1
		Data-local map tasks=1003
		Total time spent by all maps in occupied slots (ms)=42206742
		Total time spent by all reduces in occupied slots (ms)=396066
		Total time spent by all map tasks (ms)=21103371
		Total time spent by all reduce tasks (ms)=198033
		Total vcore-milliseconds taken by all map tasks=21103371
		Total vcore-milliseconds taken by all reduce tasks=198033
		Total megabyte-milliseconds taken by all map tasks=21609851904
		Total megabyte-milliseconds taken by all reduce tasks=202785792
	Map-Reduce Framework
		Map input records=5343981
		Map output records=164399722
		Map output bytes=1694378495
		Map output materialized bytes=463630722
		Input split bytes=105000
		Combine input records=164399722
		Combine output records=30510871
		Reduce input groups=4642162
		Reduce shuffle bytes=463630722
		Reduce input records=30510871
		Reduce output records=4642162
		Spilled Records=61021742
		Shuffled Maps =1000
		Failed Shuffles=0
		Merged Map outputs=1000
		GC time elapsed (ms)=383300
		CPU time spent (ms)=1372600
		Physical memory (bytes) snapshot=329231949824
		Virtual memory (bytes) snapshot=2588466286592
		Total committed heap usage (bytes)=306101878784
		Peak Map Physical memory (bytes)=499007488
		Peak Map Virtual memory (bytes)=2804056064
		Peak Reduce Physical memory (bytes)=794517504
		Peak Reduce Virtual memory (bytes)=2570354688
	Shuffle Errors
		BAD_ID=0
		CONNECTION=0
		IO_ERROR=0
		WRONG_LENGTH=0
		WRONG_MAP=0
		WRONG_REDUCE=0
	File Input Format Counters 
		Bytes Read=1037747969
	File Output Format Counters 
		Bytes Written=72865185
