===== Running MapReduce Job =====
Input : /wiki500mb
Output: /_500mb
Slowstart: 1.0
Date  : 2025年 11月 28日 星期五 13:35:45 CST
=================================
2025-11-28 13:35:51,943 INFO client.DefaultNoHARMFailoverProxyProvider: Connecting to ResourceManager at master-wxl/192.168.10.104:8032
2025-11-28 13:35:53,372 INFO mapreduce.JobResourceUploader: Disabling Erasure Coding for path: /tmp/hadoop-yarn/staging/hadoop/.staging/job_1764264570892_0019
2025-11-28 13:35:54,776 INFO input.FileInputFormat: Total input files to process : 500
2025-11-28 13:35:55,170 INFO mapreduce.JobSubmitter: number of splits:500
2025-11-28 13:35:55,487 INFO mapreduce.JobSubmitter: Submitting tokens for job: job_1764264570892_0019
2025-11-28 13:35:55,487 INFO mapreduce.JobSubmitter: Executing with tokens: []
2025-11-28 13:35:55,781 INFO conf.Configuration: resource-types.xml not found
2025-11-28 13:35:55,782 INFO resource.ResourceUtils: Unable to find 'resource-types.xml'.
2025-11-28 13:35:55,855 INFO impl.YarnClientImpl: Submitted application application_1764264570892_0019
2025-11-28 13:35:55,910 INFO mapreduce.Job: The url to track the job: http://master-wxl:8088/proxy/application_1764264570892_0019/
2025-11-28 13:35:55,912 INFO mapreduce.Job: Running job: job_1764264570892_0019
2025-11-28 13:35:59,974 INFO mapreduce.Job: Job job_1764264570892_0019 running in uber mode : false
2025-11-28 13:35:59,975 INFO mapreduce.Job:  map 0% reduce 0%
2025-11-28 13:36:12,184 INFO mapreduce.Job:  map 2% reduce 0%
2025-11-28 13:36:21,450 INFO mapreduce.Job:  map 3% reduce 0%
2025-11-28 13:36:32,808 INFO mapreduce.Job:  map 4% reduce 0%
2025-11-28 13:36:33,828 INFO mapreduce.Job:  map 5% reduce 0%
2025-11-28 13:36:45,115 INFO mapreduce.Job:  map 6% reduce 0%
2025-11-28 13:36:50,210 INFO mapreduce.Job:  map 7% reduce 0%
2025-11-28 13:36:55,685 INFO mapreduce.Job:  map 8% reduce 0%
2025-11-28 13:37:04,801 INFO mapreduce.Job:  map 9% reduce 0%
2025-11-28 13:37:06,833 INFO mapreduce.Job:  map 10% reduce 0%
2025-11-28 13:37:15,962 INFO mapreduce.Job:  map 11% reduce 0%
2025-11-28 13:37:21,026 INFO mapreduce.Job:  map 12% reduce 0%
2025-11-28 13:37:26,086 INFO mapreduce.Job:  map 13% reduce 0%
2025-11-28 13:37:27,099 INFO mapreduce.Job:  map 14% reduce 0%
2025-11-28 13:37:31,148 INFO mapreduce.Job:  map 15% reduce 0%
2025-11-28 13:37:37,221 INFO mapreduce.Job:  map 16% reduce 0%
2025-11-28 13:37:41,329 INFO mapreduce.Job:  map 17% reduce 0%
2025-11-28 13:37:46,412 INFO mapreduce.Job:  map 18% reduce 0%
2025-11-28 13:37:55,789 INFO mapreduce.Job:  map 19% reduce 0%
2025-11-28 13:37:57,813 INFO mapreduce.Job:  map 20% reduce 0%
2025-11-28 13:38:07,938 INFO mapreduce.Job:  map 21% reduce 0%
2025-11-28 13:38:12,999 INFO mapreduce.Job:  map 22% reduce 0%
2025-11-28 13:38:19,072 INFO mapreduce.Job:  map 23% reduce 0%
2025-11-28 13:38:27,162 INFO mapreduce.Job:  map 24% reduce 0%
2025-11-28 13:38:34,250 INFO mapreduce.Job:  map 25% reduce 0%
2025-11-28 13:38:38,300 INFO mapreduce.Job:  map 26% reduce 0%
2025-11-28 13:38:45,384 INFO mapreduce.Job:  map 27% reduce 0%
2025-11-28 13:38:49,429 INFO mapreduce.Job:  map 28% reduce 0%
2025-11-28 13:38:56,517 INFO mapreduce.Job:  map 29% reduce 0%
2025-11-28 13:38:58,543 INFO mapreduce.Job:  map 30% reduce 0%
2025-11-28 13:39:05,638 INFO mapreduce.Job:  map 31% reduce 0%
2025-11-28 13:39:09,687 INFO mapreduce.Job:  map 32% reduce 0%
2025-11-28 13:39:14,763 INFO mapreduce.Job:  map 33% reduce 0%
2025-11-28 13:39:18,815 INFO mapreduce.Job:  map 34% reduce 0%
2025-11-28 13:39:24,892 INFO mapreduce.Job:  map 35% reduce 0%
2025-11-28 13:39:29,954 INFO mapreduce.Job:  map 36% reduce 0%
2025-11-28 13:39:39,064 INFO mapreduce.Job:  map 37% reduce 0%
2025-11-28 13:39:41,140 INFO mapreduce.Job:  map 38% reduce 0%
2025-11-28 13:39:51,273 INFO mapreduce.Job:  map 39% reduce 0%
2025-11-28 13:39:57,617 INFO mapreduce.Job:  map 40% reduce 0%
2025-11-28 13:40:01,679 INFO mapreduce.Job:  map 41% reduce 0%
2025-11-28 13:40:11,797 INFO mapreduce.Job:  map 42% reduce 0%
2025-11-28 13:40:15,845 INFO mapreduce.Job:  map 43% reduce 0%
2025-11-28 13:40:21,909 INFO mapreduce.Job:  map 44% reduce 0%
2025-11-28 13:40:27,983 INFO mapreduce.Job:  map 45% reduce 0%
2025-11-28 13:40:33,038 INFO mapreduce.Job:  map 46% reduce 0%
2025-11-28 13:40:39,107 INFO mapreduce.Job:  map 47% reduce 0%
2025-11-28 13:40:42,144 INFO mapreduce.Job:  map 48% reduce 0%
2025-11-28 13:40:46,190 INFO mapreduce.Job:  map 49% reduce 0%
2025-11-28 13:40:54,285 INFO mapreduce.Job:  map 50% reduce 0%
2025-11-28 13:40:56,449 INFO mapreduce.Job:  map 51% reduce 0%
2025-11-28 13:41:04,551 INFO mapreduce.Job:  map 52% reduce 0%
2025-11-28 13:41:07,591 INFO mapreduce.Job:  map 53% reduce 0%
2025-11-28 13:41:14,684 INFO mapreduce.Job:  map 54% reduce 0%
2025-11-28 13:41:25,809 INFO mapreduce.Job:  map 55% reduce 0%
2025-11-28 13:41:26,821 INFO mapreduce.Job:  map 56% reduce 0%
2025-11-28 13:41:36,994 INFO mapreduce.Job:  map 57% reduce 0%
2025-11-28 13:41:41,045 INFO mapreduce.Job:  map 58% reduce 0%
2025-11-28 13:41:47,113 INFO mapreduce.Job:  map 59% reduce 0%
2025-11-28 13:41:58,276 INFO mapreduce.Job:  map 61% reduce 0%
2025-11-28 13:42:04,369 INFO mapreduce.Job:  map 62% reduce 0%
2025-11-28 13:42:09,434 INFO mapreduce.Job:  map 63% reduce 0%
2025-11-28 13:42:12,470 INFO mapreduce.Job:  map 64% reduce 0%
2025-11-28 13:42:18,536 INFO mapreduce.Job:  map 65% reduce 0%
2025-11-28 13:42:20,559 INFO mapreduce.Job:  map 66% reduce 0%
2025-11-28 13:42:28,654 INFO mapreduce.Job:  map 67% reduce 0%
2025-11-28 13:42:30,677 INFO mapreduce.Job:  map 68% reduce 0%
2025-11-28 13:42:40,796 INFO mapreduce.Job:  map 69% reduce 0%
2025-11-28 13:42:50,911 INFO mapreduce.Job:  map 70% reduce 0%
2025-11-28 13:42:51,923 INFO mapreduce.Job:  map 71% reduce 0%
2025-11-28 13:43:02,536 INFO mapreduce.Job:  map 72% reduce 0%
2025-11-28 13:43:07,597 INFO mapreduce.Job:  map 73% reduce 0%
2025-11-28 13:43:12,659 INFO mapreduce.Job:  map 74% reduce 0%
2025-11-28 13:43:21,758 INFO mapreduce.Job:  map 75% reduce 0%
2025-11-28 13:43:23,781 INFO mapreduce.Job:  map 76% reduce 0%
2025-11-28 13:43:33,900 INFO mapreduce.Job:  map 78% reduce 0%
2025-11-28 13:43:45,038 INFO mapreduce.Job:  map 79% reduce 0%
2025-11-28 13:43:46,051 INFO mapreduce.Job:  map 80% reduce 0%
2025-11-28 13:43:52,153 INFO mapreduce.Job:  map 81% reduce 0%
2025-11-28 13:43:56,199 INFO mapreduce.Job:  map 82% reduce 0%
2025-11-28 13:44:00,244 INFO mapreduce.Job:  map 83% reduce 0%
2025-11-28 13:44:07,316 INFO mapreduce.Job:  map 84% reduce 0%
2025-11-28 13:44:16,421 INFO mapreduce.Job:  map 85% reduce 0%
2025-11-28 13:44:18,440 INFO mapreduce.Job:  map 86% reduce 0%
2025-11-28 13:44:27,542 INFO mapreduce.Job:  map 87% reduce 0%
2025-11-28 13:44:30,573 INFO mapreduce.Job:  map 88% reduce 0%
2025-11-28 13:44:39,662 INFO mapreduce.Job:  map 89% reduce 0%
2025-11-28 13:44:47,751 INFO mapreduce.Job:  map 90% reduce 0%
2025-11-28 13:44:50,782 INFO mapreduce.Job:  map 91% reduce 0%
2025-11-28 13:44:58,869 INFO mapreduce.Job:  map 92% reduce 0%
2025-11-28 13:45:01,927 INFO mapreduce.Job:  map 93% reduce 0%
2025-11-28 13:45:09,010 INFO mapreduce.Job:  map 94% reduce 0%
2025-11-28 13:45:13,056 INFO mapreduce.Job:  map 95% reduce 0%
2025-11-28 13:45:19,124 INFO mapreduce.Job:  map 96% reduce 0%
2025-11-28 13:45:24,175 INFO mapreduce.Job:  map 97% reduce 0%
2025-11-28 13:45:30,240 INFO mapreduce.Job:  map 98% reduce 0%
2025-11-28 13:45:33,272 INFO mapreduce.Job:  map 99% reduce 0%
2025-11-28 13:46:14,975 INFO mapreduce.Job:  map 100% reduce 0%
2025-11-28 13:46:32,358 INFO mapreduce.Job:  map 100% reduce 100%
2025-11-28 13:46:33,394 INFO mapreduce.Job: Job job_1764264570892_0019 completed successfully
2025-11-28 13:46:33,466 INFO mapreduce.Job: Counters: 55
	File System Counters
		FILE: Number of bytes read=251889013
		FILE: Number of bytes written=642111458
		FILE: Number of read operations=0
		FILE: Number of large read operations=0
		FILE: Number of write operations=0
		HDFS: Number of bytes read=519258733
		HDFS: Number of bytes written=47092714
		HDFS: Number of read operations=1505
		HDFS: Number of large read operations=0
		HDFS: Number of write operations=2
		HDFS: Number of bytes read erasure-coded=0
	Job Counters 
		Killed map tasks=4
		Launched map tasks=504
		Launched reduce tasks=1
		Data-local map tasks=504
		Total time spent by all maps in occupied slots (ms)=19826216
		Total time spent by all reduces in occupied slots (ms)=24658
		Total time spent by all map tasks (ms)=9913108
		Total time spent by all reduce tasks (ms)=12329
		Total vcore-milliseconds taken by all map tasks=9913108
		Total vcore-milliseconds taken by all reduce tasks=12329
		Total megabyte-milliseconds taken by all map tasks=10151022592
		Total megabyte-milliseconds taken by all reduce tasks=12624896
	Map-Reduce Framework
		Map input records=2870091
		Map output records=80936717
		Map output bytes=842322768
		Map output materialized bytes=251892007
		Input split bytes=54000
		Combine input records=80936717
		Combine output records=16369856
		Reduce input groups=3027590
		Reduce shuffle bytes=251892007
		Reduce input records=16369856
		Reduce output records=3027590
		Spilled Records=32739712
		Shuffled Maps =500
		Failed Shuffles=0
		Merged Map outputs=500
		GC time elapsed (ms)=164599
		CPU time spent (ms)=584480
		Physical memory (bytes) snapshot=162495574016
		Virtual memory (bytes) snapshot=1296325894144
		Total committed heap usage (bytes)=152976752640
		Peak Map Physical memory (bytes)=490061824
		Peak Map Virtual memory (bytes)=2803576832
		Peak Reduce Physical memory (bytes)=630374400
		Peak Reduce Virtual memory (bytes)=2559242240
	Shuffle Errors
		BAD_ID=0
		CONNECTION=0
		IO_ERROR=0
		WRONG_LENGTH=0
		WRONG_MAP=0
		WRONG_REDUCE=0
	File Input Format Counters 
		Bytes Read=519204733
	File Output Format Counters 
		Bytes Written=47092714
