===== Running MapReduce Job =====
Input : /wiki100mb
Output: /_100mb
Slowstart: 0.5
Date  : 2025年 11月 28日 星期五 19:19:03 CST
=================================
2025-11-28 19:19:06,172 INFO client.DefaultNoHARMFailoverProxyProvider: Connecting to ResourceManager at master-wxl/192.168.10.104:8032
2025-11-28 19:19:06,488 INFO mapreduce.JobResourceUploader: Disabling Erasure Coding for path: /tmp/hadoop-yarn/staging/hadoop/.staging/job_1764325814997_0011
2025-11-28 19:19:06,919 INFO input.FileInputFormat: Total input files to process : 100
2025-11-28 19:19:07,111 INFO mapreduce.JobSubmitter: number of splits:100
2025-11-28 19:19:07,361 INFO mapreduce.JobSubmitter: Submitting tokens for job: job_1764325814997_0011
2025-11-28 19:19:07,361 INFO mapreduce.JobSubmitter: Executing with tokens: []
2025-11-28 19:19:07,511 INFO conf.Configuration: resource-types.xml not found
2025-11-28 19:19:07,512 INFO resource.ResourceUtils: Unable to find 'resource-types.xml'.
2025-11-28 19:19:07,580 INFO impl.YarnClientImpl: Submitted application application_1764325814997_0011
2025-11-28 19:19:07,632 INFO mapreduce.Job: The url to track the job: http://master-wxl:8088/proxy/application_1764325814997_0011/
2025-11-28 19:19:07,633 INFO mapreduce.Job: Running job: job_1764325814997_0011
2025-11-28 19:19:21,015 INFO mapreduce.Job: Job job_1764325814997_0011 running in uber mode : false
2025-11-28 19:19:21,016 INFO mapreduce.Job:  map 0% reduce 0%
2025-11-28 19:19:33,466 INFO mapreduce.Job:  map 1% reduce 0%
2025-11-28 19:19:34,538 INFO mapreduce.Job:  map 8% reduce 0%
2025-11-28 19:19:35,578 INFO mapreduce.Job:  map 10% reduce 0%
2025-11-28 19:19:41,765 INFO mapreduce.Job:  map 11% reduce 0%
2025-11-28 19:19:44,889 INFO mapreduce.Job:  map 12% reduce 0%
2025-11-28 19:19:45,934 INFO mapreduce.Job:  map 15% reduce 0%
2025-11-28 19:19:46,972 INFO mapreduce.Job:  map 17% reduce 0%
2025-11-28 19:19:47,986 INFO mapreduce.Job:  map 20% reduce 0%
2025-11-28 19:19:50,215 INFO mapreduce.Job:  map 21% reduce 0%
2025-11-28 19:19:55,448 INFO mapreduce.Job:  map 22% reduce 0%
2025-11-28 19:19:56,473 INFO mapreduce.Job:  map 24% reduce 0%
2025-11-28 19:19:57,506 INFO mapreduce.Job:  map 26% reduce 0%
2025-11-28 19:19:59,576 INFO mapreduce.Job:  map 29% reduce 0%
2025-11-28 19:20:00,594 INFO mapreduce.Job:  map 30% reduce 0%
2025-11-28 19:20:01,611 INFO mapreduce.Job:  map 31% reduce 0%
2025-11-28 19:20:06,781 INFO mapreduce.Job:  map 32% reduce 0%
2025-11-28 19:20:07,806 INFO mapreduce.Job:  map 33% reduce 0%
2025-11-28 19:20:08,823 INFO mapreduce.Job:  map 34% reduce 0%
2025-11-28 19:20:09,850 INFO mapreduce.Job:  map 36% reduce 0%
2025-11-28 19:20:11,935 INFO mapreduce.Job:  map 39% reduce 0%
2025-11-28 19:20:12,946 INFO mapreduce.Job:  map 41% reduce 0%
2025-11-28 19:20:16,121 INFO mapreduce.Job:  map 42% reduce 0%
2025-11-28 19:20:18,179 INFO mapreduce.Job:  map 44% reduce 0%
2025-11-28 19:20:19,202 INFO mapreduce.Job:  map 47% reduce 0%
2025-11-28 19:20:20,305 INFO mapreduce.Job:  map 50% reduce 0%
2025-11-28 19:20:21,441 INFO mapreduce.Job:  map 51% reduce 0%
2025-11-28 19:20:23,505 INFO mapreduce.Job:  map 55% reduce 0%
2025-11-28 19:20:24,545 INFO mapreduce.Job:  map 57% reduce 0%
2025-11-28 19:20:26,581 INFO mapreduce.Job:  map 58% reduce 0%
2025-11-28 19:20:29,650 INFO mapreduce.Job:  map 59% reduce 0%
2025-11-28 19:20:30,738 INFO mapreduce.Job:  map 62% reduce 0%
2025-11-28 19:20:31,760 INFO mapreduce.Job:  map 63% reduce 0%
2025-11-28 19:20:32,771 INFO mapreduce.Job:  map 64% reduce 0%
2025-11-28 19:20:33,784 INFO mapreduce.Job:  map 65% reduce 0%
2025-11-28 19:20:34,800 INFO mapreduce.Job:  map 66% reduce 0%
2025-11-28 19:20:35,834 INFO mapreduce.Job:  map 69% reduce 0%
2025-11-28 19:20:42,110 INFO mapreduce.Job:  map 71% reduce 0%
2025-11-28 19:20:43,127 INFO mapreduce.Job:  map 73% reduce 0%
2025-11-28 19:20:44,162 INFO mapreduce.Job:  map 74% reduce 0%
2025-11-28 19:20:46,210 INFO mapreduce.Job:  map 76% reduce 0%
2025-11-28 19:20:47,369 INFO mapreduce.Job:  map 79% reduce 0%
2025-11-28 19:20:53,535 INFO mapreduce.Job:  map 83% reduce 0%
2025-11-28 19:20:54,550 INFO mapreduce.Job:  map 84% reduce 0%
2025-11-28 19:20:56,578 INFO mapreduce.Job:  map 86% reduce 0%
2025-11-28 19:20:57,592 INFO mapreduce.Job:  map 88% reduce 0%
2025-11-28 19:20:58,608 INFO mapreduce.Job:  map 89% reduce 0%
2025-11-28 19:21:00,658 INFO mapreduce.Job:  map 91% reduce 0%
2025-11-28 19:21:01,770 INFO mapreduce.Job:  map 93% reduce 0%
2025-11-28 19:21:14,527 INFO mapreduce.Job:  map 94% reduce 0%
2025-11-28 19:21:17,668 INFO mapreduce.Job:  map 95% reduce 0%
2025-11-28 19:21:19,732 INFO mapreduce.Job:  map 95% reduce 31%
2025-11-28 19:21:21,794 INFO mapreduce.Job:  map 96% reduce 31%
2025-11-28 19:21:25,016 INFO mapreduce.Job:  map 97% reduce 31%
2025-11-28 19:21:26,062 INFO mapreduce.Job:  map 98% reduce 32%
2025-11-28 19:21:29,148 INFO mapreduce.Job:  map 99% reduce 32%
2025-11-28 19:21:30,162 INFO mapreduce.Job:  map 100% reduce 32%
2025-11-28 19:21:32,278 INFO mapreduce.Job:  map 100% reduce 46%
2025-11-28 19:21:38,537 INFO mapreduce.Job:  map 100% reduce 90%
2025-11-28 19:21:39,548 INFO mapreduce.Job:  map 100% reduce 100%
2025-11-28 19:21:39,573 INFO mapreduce.Job: Job job_1764325814997_0011 completed successfully
2025-11-28 19:21:39,701 INFO mapreduce.Job: Counters: 55
	File System Counters
		FILE: Number of bytes read=45809982
		FILE: Number of bytes written=119507396
		FILE: Number of read operations=0
		FILE: Number of large read operations=0
		FILE: Number of write operations=0
		HDFS: Number of bytes read=102952540
		HDFS: Number of bytes written=9704043
		HDFS: Number of read operations=305
		HDFS: Number of large read operations=0
		HDFS: Number of write operations=2
		HDFS: Number of bytes read erasure-coded=0
	Job Counters 
		Killed map tasks=3
		Launched map tasks=103
		Launched reduce tasks=1
		Data-local map tasks=103
		Total time spent by all maps in occupied slots (ms)=3514852
		Total time spent by all reduces in occupied slots (ms)=145084
		Total time spent by all map tasks (ms)=1757426
		Total time spent by all reduce tasks (ms)=72542
		Total vcore-milliseconds taken by all map tasks=1757426
		Total vcore-milliseconds taken by all reduce tasks=72542
		Total megabyte-milliseconds taken by all map tasks=1799604224
		Total megabyte-milliseconds taken by all reduce tasks=74283008
	Map-Reduce Framework
		Map input records=325576
		Map output records=16208667
		Map output bytes=167752154
		Map output materialized bytes=45810576
		Input split bytes=10800
		Combine input records=16208667
		Combine output records=3055995
		Reduce input groups=781397
		Reduce shuffle bytes=45810576
		Reduce input records=3055995
		Reduce output records=781397
		Spilled Records=6111990
		Shuffled Maps =100
		Failed Shuffles=0
		Merged Map outputs=100
		GC time elapsed (ms)=29294
		CPU time spent (ms)=128610
		Physical memory (bytes) snapshot=32781127680
		Virtual memory (bytes) snapshot=261468405760
		Total committed heap usage (bytes)=31021596672
		Peak Map Physical memory (bytes)=479424512
		Peak Map Virtual memory (bytes)=2803486720
		Peak Reduce Physical memory (bytes)=275337216
		Peak Reduce Virtual memory (bytes)=2795642880
	Shuffle Errors
		BAD_ID=0
		CONNECTION=0
		IO_ERROR=0
		WRONG_LENGTH=0
		WRONG_MAP=0
		WRONG_REDUCE=0
	File Input Format Counters 
		Bytes Read=102941740
	File Output Format Counters 
		Bytes Written=9704043
[INFO] MapReduce job finished.
[INFO] Monitor stopped.
