===== Real Performance Monitor Started at 2025年 11月 28日 星期五 19:19:02 CST =====
[worker1-zzh] CPU: 10.00% | MEM: 22%
[worker2-zrt] CPU: 35.00% | MEM: 28%
[worker3-haz] CPU: 13.00% | MEM: 19%
----
[worker1-zzh] CPU: 11.00% | MEM: 22%
[worker2-zrt] CPU: 93.00% | MEM: 30%
[worker3-haz] CPU: 13.00% | MEM: 19%
----
[worker1-zzh] CPU: 11.00% | MEM: 22%
[worker2-zrt] CPU: 96.00% | MEM: 33%
[worker3-haz] CPU: 15.00% | MEM: 20%
----
[worker1-zzh] CPU: 100.00% | MEM: 48%
[worker2-zrt] CPU: 100.00% | MEM: 38%
[worker3-haz] CPU: 13.00% | MEM: 19%
----
[worker1-zzh] CPU: 100.00% | MEM: 46%
[worker2-zrt] CPU: 100.00% | MEM: 40%
[worker3-haz] CPU: 11.00% | MEM: 19%
----
[worker1-zzh] CPU: 100.00% | MEM: 36%
[worker2-zrt] CPU: 100.00% | MEM: 45%
[worker3-haz] CPU: 15.00% | MEM: 20%
----
[worker1-zzh] CPU: 100.00% | MEM: 38%
[worker2-zrt] CPU: 100.00% | MEM: 55%
[worker3-haz] CPU: 13.00% | MEM: 19%
----
[worker1-zzh] CPU: 100.00% | MEM: 32%
[worker2-zrt] CPU: 100.00% | MEM: 41%
[worker3-haz] CPU: 15.00% | MEM: 20%
----
[worker1-zzh] CPU: 100.00% | MEM: 34%
[worker2-zrt] CPU: 100.00% | MEM: 37%
[worker3-haz] CPU: 13.00% | MEM: 19%
----
[worker1-zzh] CPU: 100.00% | MEM: 28%
[worker2-zrt] CPU: 100.00% | MEM: 40%
[worker3-haz] CPU: 15.00% | MEM: 20%
----
[worker1-zzh] CPU: 100.00% | MEM: 35%
[worker2-zrt] CPU: 100.00% | MEM: 43%
[worker3-haz] CPU: 15.00% | MEM: 20%
----
[worker1-zzh] CPU: 14.00% | MEM: 22%
[worker2-zrt] CPU: 100.00% | MEM: 48%
[worker3-haz] CPU: 15.00% | MEM: 19%
----
[worker1-zzh] CPU: 11.00% | MEM: 22%
[worker2-zrt] CPU: 100.00% | MEM: 48%
[worker3-haz] CPU: 15.00% | MEM: 20%
----
[worker1-zzh] CPU: 9.00% | MEM: 21%
[worker2-zrt] CPU: 81.00% | MEM: 34%
[worker3-haz] CPU: 16.00% | MEM: 20%
----
[worker1-zzh] CPU: 10.00% | MEM: 22%
