===== Running MapReduce Job =====
Input : /wiki1G/*
Output: /_1G
Slowstart: 0.2
Date  : 2025年 11月 28日 星期五 01:52:35 CST
=================================
2025-11-28 01:52:38,237 INFO client.DefaultNoHARMFailoverProxyProvider: Connecting to ResourceManager at master-wxl/192.168.10.104:8032
2025-11-28 01:52:38,563 INFO mapreduce.JobResourceUploader: Disabling Erasure Coding for path: /tmp/hadoop-yarn/staging/hadoop/.staging/job_1764264570892_0005
2025-11-28 01:52:39,367 INFO input.FileInputFormat: Total input files to process : 1000
2025-11-28 01:52:39,775 INFO mapreduce.JobSubmitter: number of splits:1000
2025-11-28 01:52:40,137 INFO mapreduce.JobSubmitter: Submitting tokens for job: job_1764264570892_0005
2025-11-28 01:52:40,137 INFO mapreduce.JobSubmitter: Executing with tokens: []
2025-11-28 01:52:40,527 INFO conf.Configuration: resource-types.xml not found
2025-11-28 01:52:40,527 INFO resource.ResourceUtils: Unable to find 'resource-types.xml'.
2025-11-28 01:52:40,623 INFO impl.YarnClientImpl: Submitted application application_1764264570892_0005
2025-11-28 01:52:40,700 INFO mapreduce.Job: The url to track the job: http://master-wxl:8088/proxy/application_1764264570892_0005/
2025-11-28 01:52:40,700 INFO mapreduce.Job: Running job: job_1764264570892_0005
2025-11-28 01:52:44,759 INFO mapreduce.Job: Job job_1764264570892_0005 running in uber mode : false
2025-11-28 01:52:44,760 INFO mapreduce.Job:  map 0% reduce 0%
2025-11-28 01:52:57,022 INFO mapreduce.Job:  map 1% reduce 0%
2025-11-28 01:53:07,156 INFO mapreduce.Job:  map 2% reduce 0%
2025-11-28 01:53:21,345 INFO mapreduce.Job:  map 3% reduce 0%
2025-11-28 01:53:23,377 INFO mapreduce.Job:  map 4% reduce 0%
2025-11-28 01:53:35,527 INFO mapreduce.Job:  map 5% reduce 0%
2025-11-28 01:53:45,656 INFO mapreduce.Job:  map 6% reduce 0%
2025-11-28 01:53:49,702 INFO mapreduce.Job:  map 7% reduce 0%
2025-11-28 01:53:56,785 INFO mapreduce.Job:  map 8% reduce 0%
2025-11-28 01:54:00,832 INFO mapreduce.Job:  map 9% reduce 0%
2025-11-28 01:54:11,972 INFO mapreduce.Job:  map 10% reduce 0%
2025-11-28 01:54:22,093 INFO mapreduce.Job:  map 11% reduce 0%
2025-11-28 01:54:30,214 INFO mapreduce.Job:  map 12% reduce 0%
2025-11-28 01:54:40,382 INFO mapreduce.Job:  map 13% reduce 0%
2025-11-28 01:54:49,513 INFO mapreduce.Job:  map 14% reduce 0%
2025-11-28 01:54:56,596 INFO mapreduce.Job:  map 15% reduce 0%
2025-11-28 01:55:02,667 INFO mapreduce.Job:  map 16% reduce 0%
2025-11-28 01:55:05,701 INFO mapreduce.Job:  map 17% reduce 0%
2025-11-28 01:55:15,809 INFO mapreduce.Job:  map 18% reduce 0%
2025-11-28 01:55:27,942 INFO mapreduce.Job:  map 19% reduce 0%
2025-11-28 01:55:35,028 INFO mapreduce.Job:  map 20% reduce 0%
2025-11-28 01:55:43,427 INFO mapreduce.Job:  map 21% reduce 0%
2025-11-28 01:55:52,537 INFO mapreduce.Job:  map 22% reduce 0%
2025-11-28 01:56:04,685 INFO mapreduce.Job:  map 23% reduce 0%
2025-11-28 01:56:08,750 INFO mapreduce.Job:  map 24% reduce 0%
2025-11-28 01:56:14,872 INFO mapreduce.Job:  map 25% reduce 0%
2025-11-28 01:56:15,883 INFO mapreduce.Job:  map 25% reduce 8%
2025-11-28 01:56:20,939 INFO mapreduce.Job:  map 26% reduce 8%
2025-11-28 01:56:28,062 INFO mapreduce.Job:  map 26% reduce 9%
2025-11-28 01:56:34,129 INFO mapreduce.Job:  map 27% reduce 9%
2025-11-28 01:56:43,580 INFO mapreduce.Job:  map 28% reduce 9%
2025-11-28 01:56:48,637 INFO mapreduce.Job:  map 29% reduce 9%
2025-11-28 01:56:52,685 INFO mapreduce.Job:  map 29% reduce 10%
2025-11-28 01:56:55,719 INFO mapreduce.Job:  map 30% reduce 10%
2025-11-28 01:57:05,833 INFO mapreduce.Job:  map 31% reduce 10%
2025-11-28 01:57:15,944 INFO mapreduce.Job:  map 32% reduce 10%
2025-11-28 01:57:17,965 INFO mapreduce.Job:  map 32% reduce 11%
2025-11-28 01:57:23,038 INFO mapreduce.Job:  map 33% reduce 11%
2025-11-28 01:57:27,127 INFO mapreduce.Job:  map 34% reduce 11%
2025-11-28 01:57:35,248 INFO mapreduce.Job:  map 35% reduce 11%
2025-11-28 01:57:37,279 INFO mapreduce.Job:  map 35% reduce 12%
2025-11-28 01:57:46,410 INFO mapreduce.Job:  map 36% reduce 12%
2025-11-28 01:57:57,549 INFO mapreduce.Job:  map 37% reduce 12%
2025-11-28 01:58:04,621 INFO mapreduce.Job:  map 38% reduce 12%
2025-11-28 01:58:08,661 INFO mapreduce.Job:  map 38% reduce 13%
2025-11-28 01:58:13,713 INFO mapreduce.Job:  map 39% reduce 13%
2025-11-28 01:58:22,808 INFO mapreduce.Job:  map 40% reduce 13%
2025-11-28 01:58:31,917 INFO mapreduce.Job:  map 41% reduce 13%
2025-11-28 01:58:33,937 INFO mapreduce.Job:  map 41% reduce 14%
2025-11-28 01:58:40,198 INFO mapreduce.Job:  map 42% reduce 14%
2025-11-28 01:58:45,248 INFO mapreduce.Job:  map 43% reduce 14%
2025-11-28 01:58:52,326 INFO mapreduce.Job:  map 44% reduce 14%
2025-11-28 01:58:58,398 INFO mapreduce.Job:  map 44% reduce 15%
2025-11-28 01:59:05,476 INFO mapreduce.Job:  map 45% reduce 15%
2025-11-28 01:59:12,567 INFO mapreduce.Job:  map 46% reduce 15%
2025-11-28 01:59:17,622 INFO mapreduce.Job:  map 47% reduce 15%
2025-11-28 01:59:23,695 INFO mapreduce.Job:  map 47% reduce 16%
2025-11-28 01:59:27,735 INFO mapreduce.Job:  map 48% reduce 16%
2025-11-28 01:59:38,852 INFO mapreduce.Job:  map 49% reduce 16%
2025-11-28 01:59:45,046 INFO mapreduce.Job:  map 50% reduce 16%
2025-11-28 01:59:48,087 INFO mapreduce.Job:  map 50% reduce 17%
2025-11-28 01:59:49,097 INFO mapreduce.Job:  map 51% reduce 17%
2025-11-28 01:59:59,250 INFO mapreduce.Job:  map 52% reduce 17%
2025-11-28 02:00:10,382 INFO mapreduce.Job:  map 53% reduce 17%
2025-11-28 02:00:12,403 INFO mapreduce.Job:  map 53% reduce 18%
2025-11-28 02:00:15,434 INFO mapreduce.Job:  map 54% reduce 18%
2025-11-28 02:00:25,552 INFO mapreduce.Job:  map 55% reduce 18%
2025-11-28 02:00:34,653 INFO mapreduce.Job:  map 56% reduce 18%
2025-11-28 02:00:37,702 INFO mapreduce.Job:  map 56% reduce 19%
2025-11-28 02:00:40,740 INFO mapreduce.Job:  map 57% reduce 19%
2025-11-28 02:00:48,083 INFO mapreduce.Job:  map 58% reduce 19%
2025-11-28 02:00:57,178 INFO mapreduce.Job:  map 59% reduce 19%
2025-11-28 02:01:01,218 INFO mapreduce.Job:  map 59% reduce 20%
2025-11-28 02:01:05,262 INFO mapreduce.Job:  map 60% reduce 20%
2025-11-28 02:01:12,346 INFO mapreduce.Job:  map 61% reduce 20%
2025-11-28 02:01:18,410 INFO mapreduce.Job:  map 62% reduce 20%
2025-11-28 02:01:20,430 INFO mapreduce.Job:  map 62% reduce 21%
2025-11-28 02:01:30,544 INFO mapreduce.Job:  map 63% reduce 21%
2025-11-28 02:01:39,985 INFO mapreduce.Job:  map 64% reduce 21%
2025-11-28 02:01:47,230 INFO mapreduce.Job:  map 65% reduce 21%
2025-11-28 02:01:51,272 INFO mapreduce.Job:  map 65% reduce 22%
2025-11-28 02:01:53,291 INFO mapreduce.Job:  map 66% reduce 22%
2025-11-28 02:02:03,402 INFO mapreduce.Job:  map 67% reduce 22%
2025-11-28 02:02:12,501 INFO mapreduce.Job:  map 68% reduce 22%
2025-11-28 02:02:15,534 INFO mapreduce.Job:  map 68% reduce 23%
2025-11-28 02:02:19,579 INFO mapreduce.Job:  map 69% reduce 23%
2025-11-28 02:02:23,624 INFO mapreduce.Job:  map 70% reduce 23%
2025-11-28 02:02:35,754 INFO mapreduce.Job:  map 71% reduce 23%
2025-11-28 02:02:39,798 INFO mapreduce.Job:  map 71% reduce 24%
2025-11-28 02:02:44,864 INFO mapreduce.Job:  map 72% reduce 24%
2025-11-28 02:02:50,972 INFO mapreduce.Job:  map 73% reduce 24%
2025-11-28 02:02:58,058 INFO mapreduce.Job:  map 74% reduce 24%
2025-11-28 02:02:59,071 INFO mapreduce.Job:  map 74% reduce 25%
2025-11-28 02:03:10,211 INFO mapreduce.Job:  map 75% reduce 25%
2025-11-28 02:03:17,285 INFO mapreduce.Job:  map 76% reduce 25%
2025-11-28 02:03:23,348 INFO mapreduce.Job:  map 77% reduce 25%
2025-11-28 02:03:29,431 INFO mapreduce.Job:  map 77% reduce 26%
2025-11-28 02:03:30,442 INFO mapreduce.Job:  map 78% reduce 26%
2025-11-28 02:03:39,563 INFO mapreduce.Job:  map 79% reduce 26%
2025-11-28 02:03:49,675 INFO mapreduce.Job:  map 80% reduce 26%
2025-11-28 02:03:56,754 INFO mapreduce.Job:  map 81% reduce 26%
2025-11-28 02:04:03,826 INFO mapreduce.Job:  map 82% reduce 26%
2025-11-28 02:04:12,926 INFO mapreduce.Job:  map 83% reduce 26%
2025-11-28 02:04:22,021 INFO mapreduce.Job:  map 84% reduce 26%
2025-11-28 02:04:29,092 INFO mapreduce.Job:  map 85% reduce 26%
2025-11-28 02:04:37,358 INFO mapreduce.Job:  map 86% reduce 26%
2025-11-28 02:04:42,410 INFO mapreduce.Job:  map 87% reduce 26%
2025-11-28 02:04:57,800 INFO mapreduce.Job:  map 88% reduce 26%
2025-11-28 02:05:06,896 INFO mapreduce.Job:  map 89% reduce 26%
2025-11-28 02:05:16,006 INFO mapreduce.Job:  map 90% reduce 26%
2025-11-28 02:05:22,085 INFO mapreduce.Job:  map 91% reduce 26%
2025-11-28 02:05:30,225 INFO mapreduce.Job:  map 92% reduce 26%
2025-11-28 02:05:31,251 INFO mapreduce.Job:  map 92% reduce 30%
2025-11-28 02:05:36,358 INFO mapreduce.Job:  map 92% reduce 31%
2025-11-28 02:05:39,402 INFO mapreduce.Job:  map 93% reduce 31%
2025-11-28 02:05:47,672 INFO mapreduce.Job:  map 94% reduce 31%
2025-11-28 02:05:59,804 INFO mapreduce.Job:  map 95% reduce 31%
2025-11-28 02:06:01,829 INFO mapreduce.Job:  map 95% reduce 32%
2025-11-28 02:06:06,916 INFO mapreduce.Job:  map 96% reduce 32%
2025-11-28 02:06:15,006 INFO mapreduce.Job:  map 97% reduce 32%
2025-11-28 02:06:21,074 INFO mapreduce.Job:  map 98% reduce 32%
2025-11-28 02:06:28,147 INFO mapreduce.Job:  map 98% reduce 33%
2025-11-28 02:06:32,187 INFO mapreduce.Job:  map 99% reduce 33%
2025-11-28 02:06:47,531 INFO mapreduce.Job:  map 100% reduce 33%
2025-11-28 02:06:52,642 INFO mapreduce.Job:  map 100% reduce 61%
2025-11-28 02:06:57,753 INFO mapreduce.Job:  map 100% reduce 84%
2025-11-28 02:07:04,093 INFO mapreduce.Job:  map 100% reduce 100%
2025-11-28 02:07:05,162 INFO mapreduce.Job: Job job_1764264570892_0005 completed successfully
2025-11-28 02:07:05,431 INFO mapreduce.Job: Counters: 55
	File System Counters
		FILE: Number of bytes read=463624734
		FILE: Number of bytes written=1203451209
		FILE: Number of read operations=0
		FILE: Number of large read operations=0
		FILE: Number of write operations=0
		HDFS: Number of bytes read=1037852969
		HDFS: Number of bytes written=72865185
		HDFS: Number of read operations=3005
		HDFS: Number of large read operations=0
		HDFS: Number of write operations=2
		HDFS: Number of bytes read erasure-coded=0
	Job Counters 
		Killed map tasks=2
		Launched map tasks=1001
		Launched reduce tasks=1
		Data-local map tasks=1001
		Total time spent by all maps in occupied slots (ms)=42577042
		Total time spent by all reduces in occupied slots (ms)=1367128
		Total time spent by all map tasks (ms)=21288521
		Total time spent by all reduce tasks (ms)=683564
		Total vcore-milliseconds taken by all map tasks=21288521
		Total vcore-milliseconds taken by all reduce tasks=683564
		Total megabyte-milliseconds taken by all map tasks=21799445504
		Total megabyte-milliseconds taken by all reduce tasks=699969536
	Map-Reduce Framework
		Map input records=5343981
		Map output records=164399722
		Map output bytes=1694378495
		Map output materialized bytes=463630722
		Input split bytes=105000
		Combine input records=164399722
		Combine output records=30510871
		Reduce input groups=4642162
		Reduce shuffle bytes=463630722
		Reduce input records=30510871
		Reduce output records=4642162
		Spilled Records=61021742
		Shuffled Maps =1000
		Failed Shuffles=0
		Merged Map outputs=1000
		GC time elapsed (ms)=368831
		CPU time spent (ms)=1418430
		Physical memory (bytes) snapshot=329750605824
		Virtual memory (bytes) snapshot=2589404332032
		Total committed heap usage (bytes)=306822250496
		Peak Map Physical memory (bytes)=490283008
		Peak Map Virtual memory (bytes)=2804682752
		Peak Reduce Physical memory (bytes)=773042176
		Peak Reduce Virtual memory (bytes)=2562203648
	Shuffle Errors
		BAD_ID=0
		CONNECTION=0
		IO_ERROR=0
		WRONG_LENGTH=0
		WRONG_MAP=0
		WRONG_REDUCE=0
	File Input Format Counters 
		Bytes Read=1037747969
	File Output Format Counters 
		Bytes Written=72865185
