===== Real Performance Monitor Started at 2025年 11月 28日 星期五 01:52:34 CST =====
[worker1-zzh] CPU: 8.00% | MEM: 20%
[worker2-zrt] CPU: 25.00% | MEM: 28%
[worker3-haz] CPU: 14.00% | MEM: 26%
----
[worker1-zzh] CPU: 42.00% | MEM: 23%
[worker2-zrt] CPU: 87.00% | MEM: 28%
[worker3-haz] CPU: 100.00% | MEM: 31%
----
[worker1-zzh] CPU: 100.00% | MEM: 40%
[worker2-zrt] CPU: 100.00% | MEM: 36%
[worker3-haz] CPU: 100.00% | MEM: 41%
----
[worker1-zzh] CPU: 100.00% | MEM: 34%
[worker2-zrt] CPU: 100.00% | MEM: 39%
[worker3-haz] CPU: 100.00% | MEM: 51%
----
[worker1-zzh] CPU: 100.00% | MEM: 42%
[worker2-zrt] CPU: 100.00% | MEM: 45%
[worker3-haz] CPU: 100.00% | MEM: 35%
----
[worker1-zzh] CPU: 100.00% | MEM: 29%
[worker2-zrt] CPU: 100.00% | MEM: 56%
[worker3-haz] CPU: 100.00% | MEM: 51%
----
[worker1-zzh] CPU: 100.00% | MEM: 35%
[worker2-zrt] CPU: 100.00% | MEM: 32%
[worker3-haz] CPU: 100.00% | MEM: 32%
----
[worker1-zzh] CPU: 100.00% | MEM: 34%
[worker2-zrt] CPU: 100.00% | MEM: 35%
[worker3-haz] CPU: 100.00% | MEM: 43%
----
[worker1-zzh] CPU: 100.00% | MEM: 45%
[worker2-zrt] CPU: 100.00% | MEM: 40%
[worker3-haz] CPU: 100.00% | MEM: 31%
----
[worker1-zzh] CPU: 100.00% | MEM: 31%
[worker2-zrt] CPU: 100.00% | MEM: 47%
[worker3-haz] CPU: 100.00% | MEM: 38%
----
[worker1-zzh] CPU: 100.00% | MEM: 37%
[worker2-zrt] CPU: 100.00% | MEM: 51%
[worker3-haz] CPU: 100.00% | MEM: 48%
----
[worker1-zzh] CPU: 100.00% | MEM: 39%
[worker2-zrt] CPU: 100.00% | MEM: 45%
[worker3-haz] CPU: 100.00% | MEM: 35%
----
[worker1-zzh] CPU: 100.00% | MEM: 34%
[worker2-zrt] CPU: 100.00% | MEM: 34%
[worker3-haz] CPU: 100.00% | MEM: 48%
----
[worker1-zzh] CPU: 100.00% | MEM: 32%
[worker2-zrt] CPU: 100.00% | MEM: 39%
[worker3-haz] CPU: 100.00% | MEM: 32%
----
[worker1-zzh] CPU: 100.00% | MEM: 38%
[worker2-zrt] CPU: 100.00% | MEM: 46%
[worker3-haz] CPU: 100.00% | MEM: 43%
----
[worker1-zzh] CPU: 100.00% | MEM: 31%
[worker2-zrt] CPU: 100.00% | MEM: 48%
[worker3-haz] CPU: 100.00% | MEM: 48%
----
[worker1-zzh] CPU: 100.00% | MEM: 39%
[worker2-zrt] CPU: 100.00% | MEM: 45%
[worker3-haz] CPU: 100.00% | MEM: 36%
----
[worker1-zzh] CPU: 100.00% | MEM: 33%
[worker2-zrt] CPU: 100.00% | MEM: 36%
[worker3-haz] CPU: 100.00% | MEM: 47%
----
[worker1-zzh] CPU: 100.00% | MEM: 36%
[worker2-zrt] CPU: 100.00% | MEM: 42%
[worker3-haz] CPU: 100.00% | MEM: 34%
----
[worker1-zzh] CPU: 100.00% | MEM: 32%
[worker2-zrt] CPU: 100.00% | MEM: 44%
[worker3-haz] CPU: 100.00% | MEM: 44%
----
[worker1-zzh] CPU: 100.00% | MEM: 33%
[worker2-zrt] CPU: 100.00% | MEM: 47%
[worker3-haz] CPU: 100.00% | MEM: 43%
----
[worker1-zzh] CPU: 100.00% | MEM: 38%
[worker2-zrt] CPU: 100.00% | MEM: 41%
[worker3-haz] CPU: 100.00% | MEM: 39%
----
[worker1-zzh] CPU: 100.00% | MEM: 35%
[worker2-zrt] CPU: 100.00% | MEM: 39%
[worker3-haz] CPU: 100.00% | MEM: 50%
----
[worker1-zzh] CPU: 100.00% | MEM: 33%
[worker2-zrt] CPU: 100.00% | MEM: 45%
[worker3-haz] CPU: 100.00% | MEM: 37%
----
[worker1-zzh] CPU: 100.00% | MEM: 34%
[worker2-zrt] CPU: 100.00% | MEM: 44%
[worker3-haz] CPU: 100.00% | MEM: 40%
----
[worker1-zzh] CPU: 100.00% | MEM: 40%
[worker2-zrt] CPU: 100.00% | MEM: 47%
[worker3-haz] CPU: 100.00% | MEM: 52%
----
[worker1-zzh] CPU: 100.00% | MEM: 34%
[worker2-zrt] CPU: 100.00% | MEM: 33%
[worker3-haz] CPU: 100.00% | MEM: 36%
----
[worker1-zzh] CPU: 100.00% | MEM: 37%
[worker2-zrt] CPU: 100.00% | MEM: 39%
[worker3-haz] CPU: 100.00% | MEM: 48%
----
[worker1-zzh] CPU: 100.00% | MEM: 33%
[worker2-zrt] CPU: 100.00% | MEM: 45%
[worker3-haz] CPU: 100.00% | MEM: 40%
----
[worker1-zzh] CPU: 100.00% | MEM: 32%
[worker2-zrt] CPU: 100.00% | MEM: 45%
[worker3-haz] CPU: 100.00% | MEM: 44%
----
[worker1-zzh] CPU: 100.00% | MEM: 37%
[worker2-zrt] CPU: 100.00% | MEM: 48%
[worker3-haz] CPU: 100.00% | MEM: 36%
----
[worker1-zzh] CPU: 100.00% | MEM: 32%
[worker2-zrt] CPU: 100.00% | MEM: 42%
[worker3-haz] CPU: 100.00% | MEM: 42%
----
[worker1-zzh] CPU: 100.00% | MEM: 37%
[worker2-zrt] CPU: 100.00% | MEM: 38%
[worker3-haz] CPU: 100.00% | MEM: 47%
----
[worker1-zzh] CPU: 100.00% | MEM: 33%
[worker2-zrt] CPU: 100.00% | MEM: 45%
[worker3-haz] CPU: 100.00% | MEM: 42%
----
[worker1-zzh] CPU: 100.00% | MEM: 31%
[worker2-zrt] CPU: 100.00% | MEM: 43%
[worker3-haz] CPU: 100.00% | MEM: 50%
----
[worker1-zzh] CPU: 100.00% | MEM: 35%
[worker2-zrt] CPU: 100.00% | MEM: 45%
[worker3-haz] CPU: 100.00% | MEM: 43%
----
[worker1-zzh] CPU: 100.00% | MEM: 35%
[worker2-zrt] CPU: 100.00% | MEM: 44%
[worker3-haz] CPU: 100.00% | MEM: 48%
----
[worker1-zzh] CPU: 100.00% | MEM: 33%
[worker2-zrt] CPU: 100.00% | MEM: 38%
[worker3-haz] CPU: 100.00% | MEM: 41%
----
[worker1-zzh] CPU: 100.00% | MEM: 36%
[worker2-zrt] CPU: 100.00% | MEM: 44%
[worker3-haz] CPU: 100.00% | MEM: 48%
----
[worker1-zzh] CPU: 100.00% | MEM: 31%
[worker2-zrt] CPU: 100.00% | MEM: 44%
[worker3-haz] CPU: 100.00% | MEM: 37%
----
[worker1-zzh] CPU: 100.00% | MEM: 34%
[worker2-zrt] CPU: 100.00% | MEM: 45%
[worker3-haz] CPU: 100.00% | MEM: 46%
----
[worker1-zzh] CPU: 100.00% | MEM: 33%
[worker2-zrt] CPU: 100.00% | MEM: 41%
[worker3-haz] CPU: 100.00% | MEM: 47%
----
[worker1-zzh] CPU: 100.00% | MEM: 32%
[worker2-zrt] CPU: 100.00% | MEM: 37%
[worker3-haz] CPU: 100.00% | MEM: 43%
----
[worker1-zzh] CPU: 100.00% | MEM: 33%
[worker2-zrt] CPU: 100.00% | MEM: 44%
[worker3-haz] CPU: 100.00% | MEM: 48%
----
[worker1-zzh] CPU: 100.00% | MEM: 35%
[worker2-zrt] CPU: 100.00% | MEM: 42%
[worker3-haz] CPU: 100.00% | MEM: 40%
----
[worker1-zzh] CPU: 100.00% | MEM: 36%
[worker2-zrt] CPU: 100.00% | MEM: 44%
[worker3-haz] CPU: 100.00% | MEM: 49%
----
[worker1-zzh] CPU: 100.00% | MEM: 36%
[worker2-zrt] CPU: 100.00% | MEM: 41%
[worker3-haz] CPU: 100.00% | MEM: 44%
----
[worker1-zzh] CPU: 100.00% | MEM: 32%
[worker2-zrt] CPU: 100.00% | MEM: 37%
[worker3-haz] CPU: 100.00% | MEM: 47%
----
[worker1-zzh] CPU: 100.00% | MEM: 38%
[worker2-zrt] CPU: 100.00% | MEM: 44%
[worker3-haz] CPU: 100.00% | MEM: 45%
----
[worker1-zzh] CPU: 100.00% | MEM: 32%
[worker2-zrt] CPU: 100.00% | MEM: 45%
[worker3-haz] CPU: 100.00% | MEM: 46%
----
[worker1-zzh] CPU: 100.00% | MEM: 38%
[worker2-zrt] CPU: 100.00% | MEM: 45%
[worker3-haz] CPU: 100.00% | MEM: 51%
----
[worker1-zzh] CPU: 100.00% | MEM: 32%
[worker2-zrt] CPU: 100.00% | MEM: 38%
[worker3-haz] CPU: 100.00% | MEM: 38%
----
[worker1-zzh] CPU: 100.00% | MEM: 39%
[worker2-zrt] CPU: 100.00% | MEM: 42%
[worker3-haz] CPU: 100.00% | MEM: 46%
----
[worker1-zzh] CPU: 100.00% | MEM: 33%
[worker2-zrt] CPU: 100.00% | MEM: 45%
[worker3-haz] CPU: 100.00% | MEM: 51%
----
[worker1-zzh] CPU: 100.00% | MEM: 34%
[worker2-zrt] CPU: 100.00% | MEM: 44%
[worker3-haz] CPU: 100.00% | MEM: 45%
----
[worker1-zzh] CPU: 100.00% | MEM: 35%
[worker2-zrt] CPU: 100.00% | MEM: 40%
[worker3-haz] CPU: 100.00% | MEM: 44%
----
[worker1-zzh] CPU: 100.00% | MEM: 33%
[worker2-zrt] CPU: 100.00% | MEM: 37%
[worker3-haz] CPU: 100.00% | MEM: 50%
----
[worker1-zzh] CPU: 100.00% | MEM: 41%
[worker2-zrt] CPU: 100.00% | MEM: 43%
[worker3-haz] CPU: 100.00% | MEM: 41%
----
[worker1-zzh] CPU: 100.00% | MEM: 33%
[worker2-zrt] CPU: 100.00% | MEM: 47%
[worker3-haz] CPU: 100.00% | MEM: 43%
----
[worker1-zzh] CPU: 20.00% | MEM: 24%
[worker2-zrt] CPU: 58.00% | MEM: 28%
[worker3-haz] CPU: 75.00% | MEM: 33%
----
[worker1-zzh] CPU: 29.00% | MEM: 24%
[worker2-zrt] CPU: 50.00% | MEM: 28%
[worker3-haz] CPU: 81.00% | MEM: 32%
----
