===== Real Performance Monitor Started at 2025年 11月 28日 星期五 21:16:58 CST =====
[worker1-zzh] CPU: 11.00% | MEM: 31%
[worker2-zrt] CPU: 45.00% | MEM: 31%
[worker3-haz] CPU: 20.00% | MEM: 20%
----
[worker1-zzh] CPU: 12.00% | MEM: 32%
[worker2-zrt] CPU: 99.00% | MEM: 33%
[worker3-haz] CPU: 14.00% | MEM: 20%
----
[worker1-zzh] CPU: 99.00% | MEM: 33%
[worker2-zrt] CPU: 100.00% | MEM: 39%
[worker3-haz] CPU: 13.00% | MEM: 20%
----
[worker1-zzh] CPU: 100.00% | MEM: 39%
[worker2-zrt] CPU: 100.00% | MEM: 42%
[worker3-haz] CPU: 13.00% | MEM: 20%
----
[worker1-zzh] CPU: 100.00% | MEM: 48%
[worker2-zrt] CPU: 100.00% | MEM: 47%
[worker3-haz] CPU: 12.00% | MEM: 20%
----
[worker1-zzh] CPU: 100.00% | MEM: 53%
[worker2-zrt] CPU: 100.00% | MEM: 59%
[worker3-haz] CPU: 15.00% | MEM: 20%
----
[worker1-zzh] CPU: 100.00% | MEM: 36%
[worker2-zrt] CPU: 100.00% | MEM: 49%
[worker3-haz] CPU: 19.00% | MEM: 20%
----
[worker1-zzh] CPU: 100.00% | MEM: 40%
[worker2-zrt] CPU: 100.00% | MEM: 37%
[worker3-haz] CPU: 11.00% | MEM: 20%
----
[worker1-zzh] CPU: 100.00% | MEM: 54%
[worker2-zrt] CPU: 100.00% | MEM: 41%
[worker3-haz] CPU: 15.00% | MEM: 20%
----
[worker1-zzh] CPU: 100.00% | MEM: 40%
[worker2-zrt] CPU: 100.00% | MEM: 46%
[worker3-haz] CPU: 12.00% | MEM: 20%
----
[worker1-zzh] CPU: 100.00% | MEM: 41%
[worker2-zrt] CPU: 100.00% | MEM: 52%
[worker3-haz] CPU: 11.00% | MEM: 20%
----
[worker1-zzh] CPU: 100.00% | MEM: 49%
[worker2-zrt] CPU: 100.00% | MEM: 52%
[worker3-haz] CPU: 15.00% | MEM: 20%
----
[worker1-zzh] CPU: 100.00% | MEM: 46%
[worker2-zrt] CPU: 100.00% | MEM: 35%
[worker3-haz] CPU: 12.00% | MEM: 20%
----
[worker1-zzh] CPU: 100.00% | MEM: 41%
[worker2-zrt] CPU: 100.00% | MEM: 40%
[worker3-haz] CPU: 12.00% | MEM: 20%
----
[worker1-zzh] CPU: 100.00% | MEM: 44%
[worker2-zrt] CPU: 100.00% | MEM: 45%
[worker3-haz] CPU: 11.00% | MEM: 20%
----
[worker1-zzh] CPU: 100.00% | MEM: 47%
[worker2-zrt] CPU: 100.00% | MEM: 51%
[worker3-haz] CPU: 11.00% | MEM: 20%
----
[worker1-zzh] CPU: 100.00% | MEM: 41%
[worker2-zrt] CPU: 100.00% | MEM: 53%
[worker3-haz] CPU: 17.00% | MEM: 20%
----
[worker1-zzh] CPU: 100.00% | MEM: 42%
[worker2-zrt] CPU: 100.00% | MEM: 42%
[worker3-haz] CPU: 18.00% | MEM: 20%
----
[worker1-zzh] CPU: 100.00% | MEM: 43%
[worker2-zrt] CPU: 100.00% | MEM: 37%
[worker3-haz] CPU: 12.00% | MEM: 20%
----
[worker1-zzh] CPU: 100.00% | MEM: 43%
[worker2-zrt] CPU: 100.00% | MEM: 43%
[worker3-haz] CPU: 12.00% | MEM: 20%
----
[worker1-zzh] CPU: 100.00% | MEM: 51%
[worker2-zrt] CPU: 100.00% | MEM: 47%
[worker3-haz] CPU: 12.00% | MEM: 20%
----
[worker1-zzh] CPU: 100.00% | MEM: 39%
[worker2-zrt] CPU: 100.00% | MEM: 49%
[worker3-haz] CPU: 14.00% | MEM: 20%
----
[worker1-zzh] CPU: 100.00% | MEM: 40%
[worker2-zrt] CPU: 100.00% | MEM: 50%
[worker3-haz] CPU: 15.00% | MEM: 20%
----
[worker1-zzh] CPU: 100.00% | MEM: 43%
[worker2-zrt] CPU: 100.00% | MEM: 38%
[worker3-haz] CPU: 15.00% | MEM: 20%
----
[worker1-zzh] CPU: 100.00% | MEM: 52%
[worker2-zrt] CPU: 100.00% | MEM: 41%
[worker3-haz] CPU: 17.00% | MEM: 20%
----
[worker1-zzh] CPU: 100.00% | MEM: 40%
[worker2-zrt] CPU: 100.00% | MEM: 46%
[worker3-haz] CPU: 14.00% | MEM: 20%
----
[worker1-zzh] CPU: 100.00% | MEM: 40%
[worker2-zrt] CPU: 100.00% | MEM: 46%
[worker3-haz] CPU: 12.00% | MEM: 20%
----
[worker1-zzh] CPU: 100.00% | MEM: 48%
[worker2-zrt] CPU: 100.00% | MEM: 51%
[worker3-haz] CPU: 13.00% | MEM: 20%
----
[worker1-zzh] CPU: 100.00% | MEM: 41%
[worker2-zrt] CPU: 100.00% | MEM: 43%
[worker3-haz] CPU: 14.00% | MEM: 20%
----
[worker1-zzh] CPU: 100.00% | MEM: 40%
[worker2-zrt] CPU: 100.00% | MEM: 38%
[worker3-haz] CPU: 12.00% | MEM: 20%
----
[worker1-zzh] CPU: 100.00% | MEM: 41%
[worker2-zrt] CPU: 100.00% | MEM: 45%
[worker3-haz] CPU: 13.00% | MEM: 20%
----
[worker1-zzh] CPU: 100.00% | MEM: 47%
[worker2-zrt] CPU: 100.00% | MEM: 49%
[worker3-haz] CPU: 12.00% | MEM: 20%
----
[worker1-zzh] CPU: 100.00% | MEM: 51%
[worker2-zrt] CPU: 100.00% | MEM: 51%
[worker3-haz] CPU: 14.00% | MEM: 20%
----
[worker1-zzh] CPU: 100.00% | MEM: 55%
[worker2-zrt] CPU: 100.00% | MEM: 52%
[worker3-haz] CPU: 12.00% | MEM: 20%
----
[worker1-zzh] CPU: 100.00% | MEM: 39%
[worker2-zrt] CPU: 100.00% | MEM: 36%
[worker3-haz] CPU: 12.00% | MEM: 20%
----
[worker1-zzh] CPU: 100.00% | MEM: 41%
[worker2-zrt] CPU: 100.00% | MEM: 43%
[worker3-haz] CPU: 13.00% | MEM: 20%
----
[worker1-zzh] CPU: 100.00% | MEM: 47%
[worker2-zrt] CPU: 100.00% | MEM: 49%
[worker3-haz] CPU: 12.00% | MEM: 20%
----
[worker1-zzh] CPU: 100.00% | MEM: 56%
[worker2-zrt] CPU: 100.00% | MEM: 47%
[worker3-haz] CPU: 13.00% | MEM: 20%
----
[worker1-zzh] CPU: 100.00% | MEM: 37%
[worker2-zrt] CPU: 100.00% | MEM: 51%
[worker3-haz] CPU: 13.00% | MEM: 20%
----
[worker1-zzh] CPU: 100.00% | MEM: 40%
[worker2-zrt] CPU: 100.00% | MEM: 44%
[worker3-haz] CPU: 13.00% | MEM: 20%
----
[worker1-zzh] CPU: 100.00% | MEM: 46%
[worker2-zrt] CPU: 100.00% | MEM: 41%
[worker3-haz] CPU: 13.00% | MEM: 20%
----
[worker1-zzh] CPU: 100.00% | MEM: 49%
[worker2-zrt] CPU: 100.00% | MEM: 46%
[worker3-haz] CPU: 11.00% | MEM: 20%
----
[worker1-zzh] CPU: 100.00% | MEM: 41%
[worker2-zrt] CPU: 100.00% | MEM: 46%
[worker3-haz] CPU: 14.00% | MEM: 20%
----
[worker1-zzh] CPU: 11.00% | MEM: 34%
[worker2-zrt] CPU: 100.00% | MEM: 42%
[worker3-haz] CPU: 14.00% | MEM: 20%
----
[worker1-zzh] CPU: 10.00% | MEM: 34%
[worker2-zrt] CPU: 44.00% | MEM: 31%
[worker3-haz] CPU: 14.00% | MEM: 20%
----
[worker1-zzh] CPU: 19.00% | MEM: 39%
[worker2-zrt] CPU: 22.00% | MEM: 31%
[worker3-haz] CPU: 22.00% | MEM: 20%
----
[worker1-zzh] CPU: 27.00% | MEM: 34%
