===== Running MapReduce Job =====
Input : /wiki100mb
Output: /_100mb
Slowstart: 0.2
Date  : 2025年 11月 28日 星期五 19:11:10 CST
=================================
2025-11-28 19:11:13,464 INFO client.DefaultNoHARMFailoverProxyProvider: Connecting to ResourceManager at master-wxl/192.168.10.104:8032
2025-11-28 19:11:13,949 INFO mapreduce.JobResourceUploader: Disabling Erasure Coding for path: /tmp/hadoop-yarn/staging/hadoop/.staging/job_1764325814997_0008
2025-11-28 19:11:14,417 INFO input.FileInputFormat: Total input files to process : 100
2025-11-28 19:11:14,640 INFO mapreduce.JobSubmitter: number of splits:100
2025-11-28 19:11:14,958 INFO mapreduce.JobSubmitter: Submitting tokens for job: job_1764325814997_0008
2025-11-28 19:11:14,958 INFO mapreduce.JobSubmitter: Executing with tokens: []
2025-11-28 19:11:15,128 INFO conf.Configuration: resource-types.xml not found
2025-11-28 19:11:15,128 INFO resource.ResourceUtils: Unable to find 'resource-types.xml'.
2025-11-28 19:11:15,198 INFO impl.YarnClientImpl: Submitted application application_1764325814997_0008
2025-11-28 19:11:15,258 INFO mapreduce.Job: The url to track the job: http://master-wxl:8088/proxy/application_1764325814997_0008/
2025-11-28 19:11:15,258 INFO mapreduce.Job: Running job: job_1764325814997_0008
2025-11-28 19:11:29,625 INFO mapreduce.Job: Job job_1764325814997_0008 running in uber mode : false
2025-11-28 19:11:29,626 INFO mapreduce.Job:  map 0% reduce 0%
2025-11-28 19:11:43,550 INFO mapreduce.Job:  map 8% reduce 0%
2025-11-28 19:11:44,589 INFO mapreduce.Job:  map 10% reduce 0%
2025-11-28 19:11:52,956 INFO mapreduce.Job:  map 11% reduce 0%
2025-11-28 19:11:54,011 INFO mapreduce.Job:  map 13% reduce 0%
2025-11-28 19:11:56,339 INFO mapreduce.Job:  map 14% reduce 0%
2025-11-28 19:11:57,355 INFO mapreduce.Job:  map 20% reduce 0%
2025-11-28 19:12:01,728 INFO mapreduce.Job:  map 21% reduce 0%
2025-11-28 19:12:02,755 INFO mapreduce.Job:  map 23% reduce 0%
2025-11-28 19:12:03,877 INFO mapreduce.Job:  map 24% reduce 0%
2025-11-28 19:12:09,157 INFO mapreduce.Job:  map 26% reduce 0%
2025-11-28 19:12:10,187 INFO mapreduce.Job:  map 30% reduce 0%
2025-11-28 19:12:13,256 INFO mapreduce.Job:  map 31% reduce 0%
2025-11-28 19:12:14,353 INFO mapreduce.Job:  map 32% reduce 0%
2025-11-28 19:12:15,377 INFO mapreduce.Job:  map 33% reduce 0%
2025-11-28 19:12:18,499 INFO mapreduce.Job:  map 34% reduce 0%
2025-11-28 19:12:19,533 INFO mapreduce.Job:  map 35% reduce 0%
2025-11-28 19:12:20,552 INFO mapreduce.Job:  map 37% reduce 0%
2025-11-28 19:12:21,781 INFO mapreduce.Job:  map 39% reduce 0%
2025-11-28 19:12:22,807 INFO mapreduce.Job:  map 39% reduce 13%
2025-11-28 19:12:23,839 INFO mapreduce.Job:  map 41% reduce 13%
2025-11-28 19:12:24,934 INFO mapreduce.Job:  map 42% reduce 13%
2025-11-28 19:12:27,981 INFO mapreduce.Job:  map 42% reduce 14%
2025-11-28 19:12:29,019 INFO mapreduce.Job:  map 45% reduce 14%
2025-11-28 19:12:30,063 INFO mapreduce.Job:  map 49% reduce 14%
2025-11-28 19:12:31,083 INFO mapreduce.Job:  map 53% reduce 14%
2025-11-28 19:12:34,165 INFO mapreduce.Job:  map 55% reduce 17%
2025-11-28 19:12:35,188 INFO mapreduce.Job:  map 56% reduce 17%
2025-11-28 19:12:37,227 INFO mapreduce.Job:  map 57% reduce 17%
2025-11-28 19:12:38,251 INFO mapreduce.Job:  map 58% reduce 17%
2025-11-28 19:12:39,275 INFO mapreduce.Job:  map 59% reduce 17%
2025-11-28 19:12:40,304 INFO mapreduce.Job:  map 61% reduce 19%
2025-11-28 19:12:41,351 INFO mapreduce.Job:  map 62% reduce 19%
2025-11-28 19:12:42,375 INFO mapreduce.Job:  map 65% reduce 19%
2025-11-28 19:12:44,427 INFO mapreduce.Job:  map 67% reduce 19%
2025-11-28 19:12:46,457 INFO mapreduce.Job:  map 68% reduce 22%
2025-11-28 19:12:49,743 INFO mapreduce.Job:  map 71% reduce 22%
2025-11-28 19:12:51,809 INFO mapreduce.Job:  map 72% reduce 24%
2025-11-28 19:12:52,831 INFO mapreduce.Job:  map 74% reduce 24%
2025-11-28 19:12:53,852 INFO mapreduce.Job:  map 76% reduce 24%
2025-11-28 19:12:55,926 INFO mapreduce.Job:  map 77% reduce 24%
2025-11-28 19:12:58,019 INFO mapreduce.Job:  map 77% reduce 26%
2025-11-28 19:12:59,068 INFO mapreduce.Job:  map 78% reduce 26%
2025-11-28 19:13:01,119 INFO mapreduce.Job:  map 79% reduce 26%
2025-11-28 19:13:03,216 INFO mapreduce.Job:  map 83% reduce 26%
2025-11-28 19:13:04,242 INFO mapreduce.Job:  map 85% reduce 28%
2025-11-28 19:13:05,278 INFO mapreduce.Job:  map 86% reduce 28%
2025-11-28 19:13:07,342 INFO mapreduce.Job:  map 87% reduce 28%
2025-11-28 19:13:08,507 INFO mapreduce.Job:  map 88% reduce 28%
2025-11-28 19:13:09,580 INFO mapreduce.Job:  map 92% reduce 28%
2025-11-28 19:13:10,609 INFO mapreduce.Job:  map 92% reduce 31%
2025-11-28 19:13:23,692 INFO mapreduce.Job:  map 93% reduce 31%
2025-11-28 19:13:31,149 INFO mapreduce.Job:  map 94% reduce 31%
2025-11-28 19:13:33,360 INFO mapreduce.Job:  map 95% reduce 31%
2025-11-28 19:13:36,422 INFO mapreduce.Job:  map 96% reduce 31%
2025-11-28 19:13:38,476 INFO mapreduce.Job:  map 97% reduce 31%
2025-11-28 19:13:40,639 INFO mapreduce.Job:  map 99% reduce 32%
2025-11-28 19:13:44,821 INFO mapreduce.Job:  map 100% reduce 32%
2025-11-28 19:13:46,863 INFO mapreduce.Job:  map 100% reduce 100%
2025-11-28 19:13:47,893 INFO mapreduce.Job: Job job_1764325814997_0008 completed successfully
2025-11-28 19:13:48,019 INFO mapreduce.Job: Counters: 55
	File System Counters
		FILE: Number of bytes read=45809982
		FILE: Number of bytes written=119507396
		FILE: Number of read operations=0
		FILE: Number of large read operations=0
		FILE: Number of write operations=0
		HDFS: Number of bytes read=102952540
		HDFS: Number of bytes written=9704043
		HDFS: Number of read operations=305
		HDFS: Number of large read operations=0
		HDFS: Number of write operations=2
		HDFS: Number of bytes read erasure-coded=0
	Job Counters 
		Killed map tasks=3
		Launched map tasks=102
		Launched reduce tasks=1
		Data-local map tasks=102
		Total time spent by all maps in occupied slots (ms)=3514916
		Total time spent by all reduces in occupied slots (ms)=209160
		Total time spent by all map tasks (ms)=1757458
		Total time spent by all reduce tasks (ms)=104580
		Total vcore-milliseconds taken by all map tasks=1757458
		Total vcore-milliseconds taken by all reduce tasks=104580
		Total megabyte-milliseconds taken by all map tasks=1799636992
		Total megabyte-milliseconds taken by all reduce tasks=107089920
	Map-Reduce Framework
		Map input records=325576
		Map output records=16208667
		Map output bytes=167752154
		Map output materialized bytes=45810576
		Input split bytes=10800
		Combine input records=16208667
		Combine output records=3055995
		Reduce input groups=781397
		Reduce shuffle bytes=45810576
		Reduce input records=3055995
		Reduce output records=781397
		Spilled Records=6111990
		Shuffled Maps =100
		Failed Shuffles=0
		Merged Map outputs=100
		GC time elapsed (ms)=29419
		CPU time spent (ms)=124100
		Physical memory (bytes) snapshot=32444051456
		Virtual memory (bytes) snapshot=261619044352
		Total committed heap usage (bytes)=30578573312
		Peak Map Physical memory (bytes)=354496512
		Peak Map Virtual memory (bytes)=2802270208
		Peak Reduce Physical memory (bytes)=329277440
		Peak Reduce Virtual memory (bytes)=2559582208
	Shuffle Errors
		BAD_ID=0
		CONNECTION=0
		IO_ERROR=0
		WRONG_LENGTH=0
		WRONG_MAP=0
		WRONG_REDUCE=0
	File Input Format Counters 
		Bytes Read=102941740
	File Output Format Counters 
		Bytes Written=9704043
[INFO] MapReduce job finished.
[INFO] Monitor stopped.
